
                      Design Compiler Graphical
                            DC Ultra (TM)
                             DFTMAX (TM)
                         Power Compiler (TM)
                           DesignWare (R)
                           DC Expert (TM)
                         Design Vision (TM)
                          HDL Compiler (TM)
                         VHDL Compiler (TM)
                            DFT Compiler
                        Library Compiler (TM)
                         Design Compiler(R)

         Version J-2014.09-SP5-2 for RHEL64 -- Jul 11, 2015
               Copyright (c) 1988-2015 Synopsys, Inc.

This software and the associated documentation are confidential and 
proprietary to Synopsys, Inc. Your use or disclosure of this software 
is subject to the terms and conditions of a written license agreement 
between you, or your company, and Synopsys, Inc.

Initializing...
##############################################
# Setup: fill out the following parameters: name of clock signal, clock period (ns),
# reset signal name (if used), name of top-level module, name of source file
set CLK_NAME "clk";
clk
set CLK_PERIOD 0.94
0.94
set RST_NAME "reset";
reset
set TOP_MOD_NAME "conv_128_32";
conv_128_32
set SRC_FILE [list "../rtl_files/conv_128_32.sv" "../rtl_files/ctrl_mem_write.sv" "../rtl_files/ctrl_conv_output.sv" "../rtl_files/memory.sv"];
../rtl_files/conv_128_32.sv ../rtl_files/ctrl_mem_write.sv ../rtl_files/ctrl_conv_output.sv ../rtl_files/memory.sv
# If you have multiple source files, change the line above to list them all like this:
# set SRC_FILE [list "file1.sv" "file2.sv"];
###############################################
source setupdc.tcl
NangateOpenCellLibrary_typical.db dw_foundation.sldb
file mkdir work_synth
define_design_lib WORK -path work_synth
1
analyze $SRC_FILE -format sverilog
Running PRESTO HDLC
Compiling source file ../rtl_files/conv_128_32.sv
Compiling source file ../rtl_files/ctrl_mem_write.sv
Compiling source file ../rtl_files/ctrl_conv_output.sv
Warning:  ../rtl_files/ctrl_conv_output.sv:32: Using default enum base size of 32. (VER-533)
Compiling source file ../rtl_files/memory.sv
Presto compilation completed successfully.
Loading db file '/home/home4/pmilder/ese507/synthesis/lib/NangateOpenCellLibrary_typical.db'
Loading db file '/usr/local/synopsys/syn/libraries/syn/dw_foundation.sldb'
1
elaborate -work WORK $TOP_MOD_NAME
Loading db file '/usr/local/synopsys/syn/libraries/syn/gtech.db'
Loading db file '/usr/local/synopsys/syn/libraries/syn/standard.sldb'
  Loading link library 'NangateOpenCellLibrary'
  Loading link library 'gtech'
Running PRESTO HDLC

Inferred memory devices in process
	in routine conv_128_32 line 160 in file
		'../rtl_files/conv_128_32.sv'.
===============================================================================
|    Register Name    |   Type    | Width | Bus | MB | AR | AS | SR | SS | ST |
===============================================================================
|  xmem_data_int_reg  | Flip-flop |   8   |  Y  | N  | N  | N  | N  | N  | N  |
|  xmem_data_int_reg  | Flip-flop |   8   |  Y  | N  | N  | N  | N  | N  | N  |
|  xmem_data_int_reg  | Flip-flop |   8   |  Y  | N  | N  | N  | N  | N  | N  |
|  xmem_data_int_reg  | Flip-flop |   8   |  Y  | N  | N  | N  | N  | N  | N  |
|  xmem_data_int_reg  | Flip-flop |   8   |  Y  | N  | N  | N  | N  | N  | N  |
|  xmem_data_int_reg  | Flip-flop |   8   |  Y  | N  | N  | N  | N  | N  | N  |
|  xmem_data_int_reg  | Flip-flop |   8   |  Y  | N  | N  | N  | N  | N  | N  |
|  xmem_data_int_reg  | Flip-flop |   8   |  Y  | N  | N  | N  | N  | N  | N  |
|  xmem_data_int_reg  | Flip-flop |   8   |  Y  | N  | N  | N  | N  | N  | N  |
|  xmem_data_int_reg  | Flip-flop |   8   |  Y  | N  | N  | N  | N  | N  | N  |
|  xmem_data_int_reg  | Flip-flop |   8   |  Y  | N  | N  | N  | N  | N  | N  |
|  xmem_data_int_reg  | Flip-flop |   8   |  Y  | N  | N  | N  | N  | N  | N  |
|  xmem_data_int_reg  | Flip-flop |   8   |  Y  | N  | N  | N  | N  | N  | N  |
|  xmem_data_int_reg  | Flip-flop |   8   |  Y  | N  | N  | N  | N  | N  | N  |
|  xmem_data_int_reg  | Flip-flop |   8   |  Y  | N  | N  | N  | N  | N  | N  |
|  xmem_data_int_reg  | Flip-flop |   8   |  Y  | N  | N  | N  | N  | N  | N  |
|  xmem_data_int_reg  | Flip-flop |   8   |  Y  | N  | N  | N  | N  | N  | N  |
|  xmem_data_int_reg  | Flip-flop |   8   |  Y  | N  | N  | N  | N  | N  | N  |
|  xmem_data_int_reg  | Flip-flop |   8   |  Y  | N  | N  | N  | N  | N  | N  |
|  xmem_data_int_reg  | Flip-flop |   8   |  Y  | N  | N  | N  | N  | N  | N  |
|  xmem_data_int_reg  | Flip-flop |   8   |  Y  | N  | N  | N  | N  | N  | N  |
|  xmem_data_int_reg  | Flip-flop |   8   |  Y  | N  | N  | N  | N  | N  | N  |
|  xmem_data_int_reg  | Flip-flop |   8   |  Y  | N  | N  | N  | N  | N  | N  |
|  xmem_data_int_reg  | Flip-flop |   8   |  Y  | N  | N  | N  | N  | N  | N  |
|  xmem_data_int_reg  | Flip-flop |   8   |  Y  | N  | N  | N  | N  | N  | N  |
|  xmem_data_int_reg  | Flip-flop |   8   |  Y  | N  | N  | N  | N  | N  | N  |
|  xmem_data_int_reg  | Flip-flop |   8   |  Y  | N  | N  | N  | N  | N  | N  |
|  xmem_data_int_reg  | Flip-flop |   8   |  Y  | N  | N  | N  | N  | N  | N  |
|  xmem_data_int_reg  | Flip-flop |   8   |  Y  | N  | N  | N  | N  | N  | N  |
|  xmem_data_int_reg  | Flip-flop |   8   |  Y  | N  | N  | N  | N  | N  | N  |
|  xmem_data_int_reg  | Flip-flop |   8   |  Y  | N  | N  | N  | N  | N  | N  |
|  xmem_data_int_reg  | Flip-flop |   8   |  Y  | N  | N  | N  | N  | N  | N  |
===============================================================================

Inferred memory devices in process
	in routine conv_128_32 line 170 in file
		'../rtl_files/conv_128_32.sv'.
===============================================================================
|    Register Name    |   Type    | Width | Bus | MB | AR | AS | SR | SS | ST |
===============================================================================
|    x_mult_f_reg     | Flip-flop |  16   |  Y  | N  | N  | N  | N  | N  | N  |
|    x_mult_f_reg     | Flip-flop |  16   |  Y  | N  | N  | N  | N  | N  | N  |
|    x_mult_f_reg     | Flip-flop |  16   |  Y  | N  | N  | N  | N  | N  | N  |
|    x_mult_f_reg     | Flip-flop |  16   |  Y  | N  | N  | N  | N  | N  | N  |
|    x_mult_f_reg     | Flip-flop |  16   |  Y  | N  | N  | N  | N  | N  | N  |
|    x_mult_f_reg     | Flip-flop |  16   |  Y  | N  | N  | N  | N  | N  | N  |
|    x_mult_f_reg     | Flip-flop |  16   |  Y  | N  | N  | N  | N  | N  | N  |
|    x_mult_f_reg     | Flip-flop |  16   |  Y  | N  | N  | N  | N  | N  | N  |
|    x_mult_f_reg     | Flip-flop |  16   |  Y  | N  | N  | N  | N  | N  | N  |
|    x_mult_f_reg     | Flip-flop |  16   |  Y  | N  | N  | N  | N  | N  | N  |
|    x_mult_f_reg     | Flip-flop |  16   |  Y  | N  | N  | N  | N  | N  | N  |
|    x_mult_f_reg     | Flip-flop |  16   |  Y  | N  | N  | N  | N  | N  | N  |
|    x_mult_f_reg     | Flip-flop |  16   |  Y  | N  | N  | N  | N  | N  | N  |
|    x_mult_f_reg     | Flip-flop |  16   |  Y  | N  | N  | N  | N  | N  | N  |
|    x_mult_f_reg     | Flip-flop |  16   |  Y  | N  | N  | N  | N  | N  | N  |
|    x_mult_f_reg     | Flip-flop |  16   |  Y  | N  | N  | N  | N  | N  | N  |
|    x_mult_f_reg     | Flip-flop |  16   |  Y  | N  | N  | N  | N  | N  | N  |
|    x_mult_f_reg     | Flip-flop |  16   |  Y  | N  | N  | N  | N  | N  | N  |
|    x_mult_f_reg     | Flip-flop |  16   |  Y  | N  | N  | N  | N  | N  | N  |
|    x_mult_f_reg     | Flip-flop |  16   |  Y  | N  | N  | N  | N  | N  | N  |
|    x_mult_f_reg     | Flip-flop |  16   |  Y  | N  | N  | N  | N  | N  | N  |
|    x_mult_f_reg     | Flip-flop |  16   |  Y  | N  | N  | N  | N  | N  | N  |
|    x_mult_f_reg     | Flip-flop |  16   |  Y  | N  | N  | N  | N  | N  | N  |
|    x_mult_f_reg     | Flip-flop |  16   |  Y  | N  | N  | N  | N  | N  | N  |
|    x_mult_f_reg     | Flip-flop |  16   |  Y  | N  | N  | N  | N  | N  | N  |
|    x_mult_f_reg     | Flip-flop |  16   |  Y  | N  | N  | N  | N  | N  | N  |
|    x_mult_f_reg     | Flip-flop |  16   |  Y  | N  | N  | N  | N  | N  | N  |
|    x_mult_f_reg     | Flip-flop |  16   |  Y  | N  | N  | N  | N  | N  | N  |
|    x_mult_f_reg     | Flip-flop |  16   |  Y  | N  | N  | N  | N  | N  | N  |
|    x_mult_f_reg     | Flip-flop |  16   |  Y  | N  | N  | N  | N  | N  | N  |
|    x_mult_f_reg     | Flip-flop |  16   |  Y  | N  | N  | N  | N  | N  | N  |
|    x_mult_f_reg     | Flip-flop |  16   |  Y  | N  | N  | N  | N  | N  | N  |
===============================================================================

Inferred memory devices in process
	in routine conv_128_32 line 189 in file
		'../rtl_files/conv_128_32.sv'.
===============================================================================
|    Register Name    |   Type    | Width | Bus | MB | AR | AS | SR | SS | ST |
===============================================================================
|  adder_stage1_reg   | Flip-flop |  21   |  Y  | N  | N  | N  | N  | N  | N  |
|  adder_stage1_reg   | Flip-flop |  21   |  Y  | N  | N  | N  | N  | N  | N  |
|  adder_stage1_reg   | Flip-flop |  21   |  Y  | N  | N  | N  | N  | N  | N  |
|  adder_stage1_reg   | Flip-flop |  21   |  Y  | N  | N  | N  | N  | N  | N  |
|  adder_stage1_reg   | Flip-flop |  21   |  Y  | N  | N  | N  | N  | N  | N  |
|  adder_stage1_reg   | Flip-flop |  21   |  Y  | N  | N  | N  | N  | N  | N  |
|  adder_stage1_reg   | Flip-flop |  21   |  Y  | N  | N  | N  | N  | N  | N  |
|  adder_stage1_reg   | Flip-flop |  21   |  Y  | N  | N  | N  | N  | N  | N  |
|  adder_stage1_reg   | Flip-flop |  21   |  Y  | N  | N  | N  | N  | N  | N  |
|  adder_stage1_reg   | Flip-flop |  21   |  Y  | N  | N  | N  | N  | N  | N  |
|  adder_stage1_reg   | Flip-flop |  21   |  Y  | N  | N  | N  | N  | N  | N  |
|  adder_stage1_reg   | Flip-flop |  21   |  Y  | N  | N  | N  | N  | N  | N  |
|  adder_stage1_reg   | Flip-flop |  21   |  Y  | N  | N  | N  | N  | N  | N  |
|  adder_stage1_reg   | Flip-flop |  21   |  Y  | N  | N  | N  | N  | N  | N  |
|  adder_stage1_reg   | Flip-flop |  21   |  Y  | N  | N  | N  | N  | N  | N  |
|  adder_stage1_reg   | Flip-flop |  21   |  Y  | N  | N  | N  | N  | N  | N  |
===============================================================================

Inferred memory devices in process
	in routine conv_128_32 line 202 in file
		'../rtl_files/conv_128_32.sv'.
===============================================================================
|    Register Name    |   Type    | Width | Bus | MB | AR | AS | SR | SS | ST |
===============================================================================
|  adder_stage2_reg   | Flip-flop |  21   |  Y  | N  | N  | N  | N  | N  | N  |
|  adder_stage2_reg   | Flip-flop |  21   |  Y  | N  | N  | N  | N  | N  | N  |
|  adder_stage2_reg   | Flip-flop |  21   |  Y  | N  | N  | N  | N  | N  | N  |
|  adder_stage2_reg   | Flip-flop |  21   |  Y  | N  | N  | N  | N  | N  | N  |
|  adder_stage2_reg   | Flip-flop |  21   |  Y  | N  | N  | N  | N  | N  | N  |
|  adder_stage2_reg   | Flip-flop |  21   |  Y  | N  | N  | N  | N  | N  | N  |
|  adder_stage2_reg   | Flip-flop |  21   |  Y  | N  | N  | N  | N  | N  | N  |
|  adder_stage2_reg   | Flip-flop |  21   |  Y  | N  | N  | N  | N  | N  | N  |
===============================================================================

Inferred memory devices in process
	in routine conv_128_32 line 214 in file
		'../rtl_files/conv_128_32.sv'.
===============================================================================
|    Register Name    |   Type    | Width | Bus | MB | AR | AS | SR | SS | ST |
===============================================================================
|  adder_stage3_reg   | Flip-flop |  21   |  Y  | N  | N  | N  | N  | N  | N  |
|  adder_stage3_reg   | Flip-flop |  21   |  Y  | N  | N  | N  | N  | N  | N  |
|  adder_stage3_reg   | Flip-flop |  21   |  Y  | N  | N  | N  | N  | N  | N  |
|  adder_stage3_reg   | Flip-flop |  21   |  Y  | N  | N  | N  | N  | N  | N  |
===============================================================================

Inferred memory devices in process
	in routine conv_128_32 line 226 in file
		'../rtl_files/conv_128_32.sv'.
===============================================================================
|    Register Name    |   Type    | Width | Bus | MB | AR | AS | SR | SS | ST |
===============================================================================
|  adder_stage4_reg   | Flip-flop |  21   |  Y  | N  | N  | N  | N  | N  | N  |
|  adder_stage4_reg   | Flip-flop |  21   |  Y  | N  | N  | N  | N  | N  | N  |
===============================================================================
Statistics for MUX_OPs
===========================================================
| block name/line  | Inputs | Outputs | # sel inputs | MB |
===========================================================
| conv_128_32/165  |  128   |    8    |      7       | N  |
| conv_128_32/165  |  128   |    8    |      7       | N  |
| conv_128_32/165  |  128   |    8    |      7       | N  |
| conv_128_32/165  |  128   |    8    |      7       | N  |
| conv_128_32/165  |  128   |    8    |      7       | N  |
| conv_128_32/165  |  128   |    8    |      7       | N  |
| conv_128_32/165  |  128   |    8    |      7       | N  |
| conv_128_32/165  |  128   |    8    |      7       | N  |
| conv_128_32/165  |  128   |    8    |      7       | N  |
| conv_128_32/165  |  128   |    8    |      7       | N  |
| conv_128_32/165  |  128   |    8    |      7       | N  |
| conv_128_32/165  |  128   |    8    |      7       | N  |
| conv_128_32/165  |  128   |    8    |      7       | N  |
| conv_128_32/165  |  128   |    8    |      7       | N  |
| conv_128_32/165  |  128   |    8    |      7       | N  |
| conv_128_32/165  |  128   |    8    |      7       | N  |
| conv_128_32/165  |  128   |    8    |      7       | N  |
| conv_128_32/165  |  128   |    8    |      7       | N  |
| conv_128_32/165  |  128   |    8    |      7       | N  |
| conv_128_32/165  |  128   |    8    |      7       | N  |
| conv_128_32/165  |  128   |    8    |      7       | N  |
| conv_128_32/165  |  128   |    8    |      7       | N  |
| conv_128_32/165  |  128   |    8    |      7       | N  |
| conv_128_32/165  |  128   |    8    |      7       | N  |
| conv_128_32/165  |  128   |    8    |      7       | N  |
| conv_128_32/165  |  128   |    8    |      7       | N  |
| conv_128_32/165  |  128   |    8    |      7       | N  |
| conv_128_32/165  |  128   |    8    |      7       | N  |
| conv_128_32/165  |  128   |    8    |      7       | N  |
| conv_128_32/165  |  128   |    8    |      7       | N  |
| conv_128_32/165  |  128   |    8    |      7       | N  |
| conv_128_32/165  |  128   |    8    |      7       | N  |
===========================================================
Presto compilation completed successfully.
Elaborated 1 design.
Current design is now 'conv_128_32'.
Information: Building the design 'ctrl_mem_write' instantiated from design 'conv_128_32' with
	the parameters "MEM_ADDR_WIDTH=7,MEM_SIZE=128". (HDL-193)

Inferred memory devices in process
	in routine ctrl_mem_write_MEM_ADDR_WIDTH7_MEM_SIZE128 line 19 in file
		'../rtl_files/ctrl_mem_write.sv'.
===============================================================================
|    Register Name    |   Type    | Width | Bus | MB | AR | AS | SR | SS | ST |
===============================================================================
|    mem_addr_reg     | Flip-flop |   7   |  Y  | N  | N  | N  | N  | N  | N  |
|     s_ready_reg     | Flip-flop |   1   |  N  | N  | N  | N  | N  | N  | N  |
===============================================================================
Presto compilation completed successfully.
Information: Building the design 'memory' instantiated from design 'conv_128_32' with
	the parameters "WIDTH=8,SIZE=128,LOGSIZE=7". (HDL-193)

Inferred memory devices in process
	in routine memory_WIDTH8_SIZE128_LOGSIZE7 line 18 in file
		'../rtl_files/memory.sv'.
===============================================================================
|    Register Name    |   Type    | Width | Bus | MB | AR | AS | SR | SS | ST |
===============================================================================
|       mem_reg       | Flip-flop |   8   |  Y  | N  | N  | N  | N  | N  | N  |
|       mem_reg       | Flip-flop |   8   |  Y  | N  | N  | N  | N  | N  | N  |
|       mem_reg       | Flip-flop |   8   |  Y  | N  | N  | N  | N  | N  | N  |
|       mem_reg       | Flip-flop |   8   |  Y  | N  | N  | N  | N  | N  | N  |
|       mem_reg       | Flip-flop |   8   |  Y  | N  | N  | N  | N  | N  | N  |
|       mem_reg       | Flip-flop |   8   |  Y  | N  | N  | N  | N  | N  | N  |
|       mem_reg       | Flip-flop |   8   |  Y  | N  | N  | N  | N  | N  | N  |
|       mem_reg       | Flip-flop |   8   |  Y  | N  | N  | N  | N  | N  | N  |
|       mem_reg       | Flip-flop |   8   |  Y  | N  | N  | N  | N  | N  | N  |
|       mem_reg       | Flip-flop |   8   |  Y  | N  | N  | N  | N  | N  | N  |
|       mem_reg       | Flip-flop |   8   |  Y  | N  | N  | N  | N  | N  | N  |
|       mem_reg       | Flip-flop |   8   |  Y  | N  | N  | N  | N  | N  | N  |
|       mem_reg       | Flip-flop |   8   |  Y  | N  | N  | N  | N  | N  | N  |
|       mem_reg       | Flip-flop |   8   |  Y  | N  | N  | N  | N  | N  | N  |
|       mem_reg       | Flip-flop |   8   |  Y  | N  | N  | N  | N  | N  | N  |
|       mem_reg       | Flip-flop |   8   |  Y  | N  | N  | N  | N  | N  | N  |
|       mem_reg       | Flip-flop |   8   |  Y  | N  | N  | N  | N  | N  | N  |
|       mem_reg       | Flip-flop |   8   |  Y  | N  | N  | N  | N  | N  | N  |
|       mem_reg       | Flip-flop |   8   |  Y  | N  | N  | N  | N  | N  | N  |
|       mem_reg       | Flip-flop |   8   |  Y  | N  | N  | N  | N  | N  | N  |
|       mem_reg       | Flip-flop |   8   |  Y  | N  | N  | N  | N  | N  | N  |
|       mem_reg       | Flip-flop |   8   |  Y  | N  | N  | N  | N  | N  | N  |
|       mem_reg       | Flip-flop |   8   |  Y  | N  | N  | N  | N  | N  | N  |
|       mem_reg       | Flip-flop |   8   |  Y  | N  | N  | N  | N  | N  | N  |
|       mem_reg       | Flip-flop |   8   |  Y  | N  | N  | N  | N  | N  | N  |
|       mem_reg       | Flip-flop |   8   |  Y  | N  | N  | N  | N  | N  | N  |
|       mem_reg       | Flip-flop |   8   |  Y  | N  | N  | N  | N  | N  | N  |
|       mem_reg       | Flip-flop |   8   |  Y  | N  | N  | N  | N  | N  | N  |
|       mem_reg       | Flip-flop |   8   |  Y  | N  | N  | N  | N  | N  | N  |
|       mem_reg       | Flip-flop |   8   |  Y  | N  | N  | N  | N  | N  | N  |
|       mem_reg       | Flip-flop |   8   |  Y  | N  | N  | N  | N  | N  | N  |
|       mem_reg       | Flip-flop |   8   |  Y  | N  | N  | N  | N  | N  | N  |
|       mem_reg       | Flip-flop |   8   |  Y  | N  | N  | N  | N  | N  | N  |
|       mem_reg       | Flip-flop |   8   |  Y  | N  | N  | N  | N  | N  | N  |
|       mem_reg       | Flip-flop |   8   |  Y  | N  | N  | N  | N  | N  | N  |
|       mem_reg       | Flip-flop |   8   |  Y  | N  | N  | N  | N  | N  | N  |
|       mem_reg       | Flip-flop |   8   |  Y  | N  | N  | N  | N  | N  | N  |
|       mem_reg       | Flip-flop |   8   |  Y  | N  | N  | N  | N  | N  | N  |
|       mem_reg       | Flip-flop |   8   |  Y  | N  | N  | N  | N  | N  | N  |
|       mem_reg       | Flip-flop |   8   |  Y  | N  | N  | N  | N  | N  | N  |
|       mem_reg       | Flip-flop |   8   |  Y  | N  | N  | N  | N  | N  | N  |
|       mem_reg       | Flip-flop |   8   |  Y  | N  | N  | N  | N  | N  | N  |
|       mem_reg       | Flip-flop |   8   |  Y  | N  | N  | N  | N  | N  | N  |
|       mem_reg       | Flip-flop |   8   |  Y  | N  | N  | N  | N  | N  | N  |
|       mem_reg       | Flip-flop |   8   |  Y  | N  | N  | N  | N  | N  | N  |
|       mem_reg       | Flip-flop |   8   |  Y  | N  | N  | N  | N  | N  | N  |
|       mem_reg       | Flip-flop |   8   |  Y  | N  | N  | N  | N  | N  | N  |
|       mem_reg       | Flip-flop |   8   |  Y  | N  | N  | N  | N  | N  | N  |
|       mem_reg       | Flip-flop |   8   |  Y  | N  | N  | N  | N  | N  | N  |
|       mem_reg       | Flip-flop |   8   |  Y  | N  | N  | N  | N  | N  | N  |
|       mem_reg       | Flip-flop |   8   |  Y  | N  | N  | N  | N  | N  | N  |
|       mem_reg       | Flip-flop |   8   |  Y  | N  | N  | N  | N  | N  | N  |
|       mem_reg       | Flip-flop |   8   |  Y  | N  | N  | N  | N  | N  | N  |
|       mem_reg       | Flip-flop |   8   |  Y  | N  | N  | N  | N  | N  | N  |
|       mem_reg       | Flip-flop |   8   |  Y  | N  | N  | N  | N  | N  | N  |
|       mem_reg       | Flip-flop |   8   |  Y  | N  | N  | N  | N  | N  | N  |
|       mem_reg       | Flip-flop |   8   |  Y  | N  | N  | N  | N  | N  | N  |
|       mem_reg       | Flip-flop |   8   |  Y  | N  | N  | N  | N  | N  | N  |
|       mem_reg       | Flip-flop |   8   |  Y  | N  | N  | N  | N  | N  | N  |
|       mem_reg       | Flip-flop |   8   |  Y  | N  | N  | N  | N  | N  | N  |
|       mem_reg       | Flip-flop |   8   |  Y  | N  | N  | N  | N  | N  | N  |
|       mem_reg       | Flip-flop |   8   |  Y  | N  | N  | N  | N  | N  | N  |
|       mem_reg       | Flip-flop |   8   |  Y  | N  | N  | N  | N  | N  | N  |
|       mem_reg       | Flip-flop |   8   |  Y  | N  | N  | N  | N  | N  | N  |
|       mem_reg       | Flip-flop |   8   |  Y  | N  | N  | N  | N  | N  | N  |
|       mem_reg       | Flip-flop |   8   |  Y  | N  | N  | N  | N  | N  | N  |
|       mem_reg       | Flip-flop |   8   |  Y  | N  | N  | N  | N  | N  | N  |
|       mem_reg       | Flip-flop |   8   |  Y  | N  | N  | N  | N  | N  | N  |
|       mem_reg       | Flip-flop |   8   |  Y  | N  | N  | N  | N  | N  | N  |
|       mem_reg       | Flip-flop |   8   |  Y  | N  | N  | N  | N  | N  | N  |
|       mem_reg       | Flip-flop |   8   |  Y  | N  | N  | N  | N  | N  | N  |
|       mem_reg       | Flip-flop |   8   |  Y  | N  | N  | N  | N  | N  | N  |
|       mem_reg       | Flip-flop |   8   |  Y  | N  | N  | N  | N  | N  | N  |
|       mem_reg       | Flip-flop |   8   |  Y  | N  | N  | N  | N  | N  | N  |
|       mem_reg       | Flip-flop |   8   |  Y  | N  | N  | N  | N  | N  | N  |
|       mem_reg       | Flip-flop |   8   |  Y  | N  | N  | N  | N  | N  | N  |
|       mem_reg       | Flip-flop |   8   |  Y  | N  | N  | N  | N  | N  | N  |
|       mem_reg       | Flip-flop |   8   |  Y  | N  | N  | N  | N  | N  | N  |
|       mem_reg       | Flip-flop |   8   |  Y  | N  | N  | N  | N  | N  | N  |
|       mem_reg       | Flip-flop |   8   |  Y  | N  | N  | N  | N  | N  | N  |
|       mem_reg       | Flip-flop |   8   |  Y  | N  | N  | N  | N  | N  | N  |
|       mem_reg       | Flip-flop |   8   |  Y  | N  | N  | N  | N  | N  | N  |
|       mem_reg       | Flip-flop |   8   |  Y  | N  | N  | N  | N  | N  | N  |
|       mem_reg       | Flip-flop |   8   |  Y  | N  | N  | N  | N  | N  | N  |
|       mem_reg       | Flip-flop |   8   |  Y  | N  | N  | N  | N  | N  | N  |
|       mem_reg       | Flip-flop |   8   |  Y  | N  | N  | N  | N  | N  | N  |
|       mem_reg       | Flip-flop |   8   |  Y  | N  | N  | N  | N  | N  | N  |
|       mem_reg       | Flip-flop |   8   |  Y  | N  | N  | N  | N  | N  | N  |
|       mem_reg       | Flip-flop |   8   |  Y  | N  | N  | N  | N  | N  | N  |
|       mem_reg       | Flip-flop |   8   |  Y  | N  | N  | N  | N  | N  | N  |
|       mem_reg       | Flip-flop |   8   |  Y  | N  | N  | N  | N  | N  | N  |
|       mem_reg       | Flip-flop |   8   |  Y  | N  | N  | N  | N  | N  | N  |
|       mem_reg       | Flip-flop |   8   |  Y  | N  | N  | N  | N  | N  | N  |
|       mem_reg       | Flip-flop |   8   |  Y  | N  | N  | N  | N  | N  | N  |
|       mem_reg       | Flip-flop |   8   |  Y  | N  | N  | N  | N  | N  | N  |
|       mem_reg       | Flip-flop |   8   |  Y  | N  | N  | N  | N  | N  | N  |
|       mem_reg       | Flip-flop |   8   |  Y  | N  | N  | N  | N  | N  | N  |
|       mem_reg       | Flip-flop |   8   |  Y  | N  | N  | N  | N  | N  | N  |
|       mem_reg       | Flip-flop |   8   |  Y  | N  | N  | N  | N  | N  | N  |
|       mem_reg       | Flip-flop |   8   |  Y  | N  | N  | N  | N  | N  | N  |
|       mem_reg       | Flip-flop |   8   |  Y  | N  | N  | N  | N  | N  | N  |
|       mem_reg       | Flip-flop |   8   |  Y  | N  | N  | N  | N  | N  | N  |
|       mem_reg       | Flip-flop |   8   |  Y  | N  | N  | N  | N  | N  | N  |
|       mem_reg       | Flip-flop |   8   |  Y  | N  | N  | N  | N  | N  | N  |
|       mem_reg       | Flip-flop |   8   |  Y  | N  | N  | N  | N  | N  | N  |
|       mem_reg       | Flip-flop |   8   |  Y  | N  | N  | N  | N  | N  | N  |
|       mem_reg       | Flip-flop |   8   |  Y  | N  | N  | N  | N  | N  | N  |
|       mem_reg       | Flip-flop |   8   |  Y  | N  | N  | N  | N  | N  | N  |
|       mem_reg       | Flip-flop |   8   |  Y  | N  | N  | N  | N  | N  | N  |
|       mem_reg       | Flip-flop |   8   |  Y  | N  | N  | N  | N  | N  | N  |
|       mem_reg       | Flip-flop |   8   |  Y  | N  | N  | N  | N  | N  | N  |
|       mem_reg       | Flip-flop |   8   |  Y  | N  | N  | N  | N  | N  | N  |
|       mem_reg       | Flip-flop |   8   |  Y  | N  | N  | N  | N  | N  | N  |
|       mem_reg       | Flip-flop |   8   |  Y  | N  | N  | N  | N  | N  | N  |
|       mem_reg       | Flip-flop |   8   |  Y  | N  | N  | N  | N  | N  | N  |
|       mem_reg       | Flip-flop |   8   |  Y  | N  | N  | N  | N  | N  | N  |
|       mem_reg       | Flip-flop |   8   |  Y  | N  | N  | N  | N  | N  | N  |
|       mem_reg       | Flip-flop |   8   |  Y  | N  | N  | N  | N  | N  | N  |
|       mem_reg       | Flip-flop |   8   |  Y  | N  | N  | N  | N  | N  | N  |
|       mem_reg       | Flip-flop |   8   |  Y  | N  | N  | N  | N  | N  | N  |
|       mem_reg       | Flip-flop |   8   |  Y  | N  | N  | N  | N  | N  | N  |
|       mem_reg       | Flip-flop |   8   |  Y  | N  | N  | N  | N  | N  | N  |
|       mem_reg       | Flip-flop |   8   |  Y  | N  | N  | N  | N  | N  | N  |
|       mem_reg       | Flip-flop |   8   |  Y  | N  | N  | N  | N  | N  | N  |
|       mem_reg       | Flip-flop |   8   |  Y  | N  | N  | N  | N  | N  | N  |
|       mem_reg       | Flip-flop |   8   |  Y  | N  | N  | N  | N  | N  | N  |
|       mem_reg       | Flip-flop |   8   |  Y  | N  | N  | N  | N  | N  | N  |
|       mem_reg       | Flip-flop |   8   |  Y  | N  | N  | N  | N  | N  | N  |
===============================================================================
Presto compilation completed successfully.
Information: Building the design 'ctrl_mem_write' instantiated from design 'conv_128_32' with
	the parameters "MEM_ADDR_WIDTH=5,MEM_SIZE=32". (HDL-193)

Inferred memory devices in process
	in routine ctrl_mem_write_MEM_ADDR_WIDTH5_MEM_SIZE32 line 19 in file
		'../rtl_files/ctrl_mem_write.sv'.
===============================================================================
|    Register Name    |   Type    | Width | Bus | MB | AR | AS | SR | SS | ST |
===============================================================================
|    mem_addr_reg     | Flip-flop |   5   |  Y  | N  | N  | N  | N  | N  | N  |
|     s_ready_reg     | Flip-flop |   1   |  N  | N  | N  | N  | N  | N  | N  |
===============================================================================
Presto compilation completed successfully.
Information: Building the design 'memory' instantiated from design 'conv_128_32' with
	the parameters "WIDTH=8,SIZE=32,LOGSIZE=5". (HDL-193)

Inferred memory devices in process
	in routine memory_WIDTH8_SIZE32_LOGSIZE5 line 18 in file
		'../rtl_files/memory.sv'.
===============================================================================
|    Register Name    |   Type    | Width | Bus | MB | AR | AS | SR | SS | ST |
===============================================================================
|       mem_reg       | Flip-flop |   8   |  Y  | N  | N  | N  | N  | N  | N  |
|       mem_reg       | Flip-flop |   8   |  Y  | N  | N  | N  | N  | N  | N  |
|       mem_reg       | Flip-flop |   8   |  Y  | N  | N  | N  | N  | N  | N  |
|       mem_reg       | Flip-flop |   8   |  Y  | N  | N  | N  | N  | N  | N  |
|       mem_reg       | Flip-flop |   8   |  Y  | N  | N  | N  | N  | N  | N  |
|       mem_reg       | Flip-flop |   8   |  Y  | N  | N  | N  | N  | N  | N  |
|       mem_reg       | Flip-flop |   8   |  Y  | N  | N  | N  | N  | N  | N  |
|       mem_reg       | Flip-flop |   8   |  Y  | N  | N  | N  | N  | N  | N  |
|       mem_reg       | Flip-flop |   8   |  Y  | N  | N  | N  | N  | N  | N  |
|       mem_reg       | Flip-flop |   8   |  Y  | N  | N  | N  | N  | N  | N  |
|       mem_reg       | Flip-flop |   8   |  Y  | N  | N  | N  | N  | N  | N  |
|       mem_reg       | Flip-flop |   8   |  Y  | N  | N  | N  | N  | N  | N  |
|       mem_reg       | Flip-flop |   8   |  Y  | N  | N  | N  | N  | N  | N  |
|       mem_reg       | Flip-flop |   8   |  Y  | N  | N  | N  | N  | N  | N  |
|       mem_reg       | Flip-flop |   8   |  Y  | N  | N  | N  | N  | N  | N  |
|       mem_reg       | Flip-flop |   8   |  Y  | N  | N  | N  | N  | N  | N  |
|       mem_reg       | Flip-flop |   8   |  Y  | N  | N  | N  | N  | N  | N  |
|       mem_reg       | Flip-flop |   8   |  Y  | N  | N  | N  | N  | N  | N  |
|       mem_reg       | Flip-flop |   8   |  Y  | N  | N  | N  | N  | N  | N  |
|       mem_reg       | Flip-flop |   8   |  Y  | N  | N  | N  | N  | N  | N  |
|       mem_reg       | Flip-flop |   8   |  Y  | N  | N  | N  | N  | N  | N  |
|       mem_reg       | Flip-flop |   8   |  Y  | N  | N  | N  | N  | N  | N  |
|       mem_reg       | Flip-flop |   8   |  Y  | N  | N  | N  | N  | N  | N  |
|       mem_reg       | Flip-flop |   8   |  Y  | N  | N  | N  | N  | N  | N  |
|       mem_reg       | Flip-flop |   8   |  Y  | N  | N  | N  | N  | N  | N  |
|       mem_reg       | Flip-flop |   8   |  Y  | N  | N  | N  | N  | N  | N  |
|       mem_reg       | Flip-flop |   8   |  Y  | N  | N  | N  | N  | N  | N  |
|       mem_reg       | Flip-flop |   8   |  Y  | N  | N  | N  | N  | N  | N  |
|       mem_reg       | Flip-flop |   8   |  Y  | N  | N  | N  | N  | N  | N  |
|       mem_reg       | Flip-flop |   8   |  Y  | N  | N  | N  | N  | N  | N  |
|       mem_reg       | Flip-flop |   8   |  Y  | N  | N  | N  | N  | N  | N  |
|       mem_reg       | Flip-flop |   8   |  Y  | N  | N  | N  | N  | N  | N  |
===============================================================================
Presto compilation completed successfully.
Information: Building the design 'ctrl_conv_output' instantiated from design 'conv_128_32' with
	the parameters "F_MEM_SIZE=32,X_MEM_SIZE=128,X_MEM_ADDR_WIDTH=7,F_MEM_ADDR_WIDTH=5,PLINE_STAGES=6". (HDL-193)

Statistics for case statements in always block at line 39 in file
	'../rtl_files/ctrl_conv_output.sv'
===============================================
|           Line           |  full/ parallel  |
===============================================
|            49            |    auto/auto     |
===============================================

Inferred memory devices in process
	in routine ctrl_conv_output_F_MEM_SIZE32_X_MEM_SIZE128_X_MEM_ADDR_WIDTH7_PLINE_STAGES6_F_MEM_ADDR_WIDTH5 line 39 in file
		'../rtl_files/ctrl_conv_output.sv'.
===============================================================================
|    Register Name    |   Type    | Width | Bus | MB | AR | AS | SR | SS | ST |
===============================================================================
|      state_reg      | Flip-flop |  32   |  Y  | N  | N  | N  | N  | N  | N  |
|    m_valid_y_reg    | Flip-flop |   1   |  N  | N  | N  | N  | N  | N  | N  |
|  en_pline_fsm_reg   | Flip-flop |   1   |  N  | N  | N  | N  | N  | N  | N  |
|    init_cntr_reg    | Flip-flop |   3   |  Y  | N  | N  | N  | N  | N  | N  |
| load_xaddr_val_reg  | Flip-flop |   7   |  Y  | N  | N  | N  | N  | N  | N  |
|    conv_done_reg    | Flip-flop |   1   |  N  | N  | N  | N  | N  | N  | N  |
===============================================================================
Presto compilation completed successfully.
1
###### CLOCKS AND PORTS #######
set CLK_PORT [get_ports $CLK_NAME]
{clk}
set TMP1 [remove_from_collection [all_inputs] $CLK_PORT]
{reset s_valid_x s_valid_f m_ready_y s_data_in_x[7] s_data_in_x[6] s_data_in_x[5] s_data_in_x[4] s_data_in_x[3] s_data_in_x[2] s_data_in_x[1] s_data_in_x[0] s_data_in_f[7] s_data_in_f[6] s_data_in_f[5] s_data_in_f[4] s_data_in_f[3] s_data_in_f[2] s_data_in_f[1] s_data_in_f[0]}
set INPUTS [remove_from_collection $TMP1 $RST_NAME]
{s_valid_x s_valid_f m_ready_y s_data_in_x[7] s_data_in_x[6] s_data_in_x[5] s_data_in_x[4] s_data_in_x[3] s_data_in_x[2] s_data_in_x[1] s_data_in_x[0] s_data_in_f[7] s_data_in_f[6] s_data_in_f[5] s_data_in_f[4] s_data_in_f[3] s_data_in_f[2] s_data_in_f[1] s_data_in_f[0]}
create_clock -period $CLK_PERIOD [get_ports clk]
1
# set delay for inputs to be 0.2ns
set_input_delay 0.2 -max -clock clk $INPUTS
1
set_output_delay 0.2 -max -clock clk [all_outputs]
1
###### OPTIMIZATION #######
set_max_area 0 
1
###### RUN #####
compile_ultra
Information: Performing power optimization. (PWR-850)
Alib files are up-to-date.
Information: Evaluating DesignWare library utilization. (UISN-27)

============================================================================
| DesignWare Building Block Library  |         Version         | Available |
============================================================================
| Basic DW Building Blocks           | J-2014.09-DWBB_201409.5.2 |   *     |
| Licensed DW Building Blocks        | J-2014.09-DWBB_201409.5.2 |   *     |
============================================================================

Information: Sequential output inversion is enabled.  SVF file must be used for formal verification. (OPT-1208)

Information: There are 67 potential problems in your design. Please run 'check_design' for more information. (LINT-99)


Loaded alib file './alib-52/NangateOpenCellLibrary_typical.db.alib'
  Building model 'DW01_NAND2'
Information: Ungrouping hierarchy ctrl_xmem_write_inst before Pass 1 (OPT-776)
Information: Ungrouping hierarchy xmem_inst before Pass 1 (OPT-776)
Information: Ungrouping hierarchy ctrl_fmem_write_inst before Pass 1 (OPT-776)
Information: Ungrouping hierarchy fmem_inst before Pass 1 (OPT-776)
Information: Ungrouping hierarchy ctrl_conv_output_inst before Pass 1 (OPT-776)
Information: Ungrouping 5 of 6 hierarchies before Pass 1 (OPT-775)
Information: State dependent leakage is now switched from on to off.

  Beginning Pass 1 Mapping
  ------------------------
  Processing 'conv_128_32'
Information: Added key list 'DesignWare' to design 'conv_128_32'. (DDB-72)
Information: The register 'ctrl_conv_output_inst/state_reg[31]' is a constant and will be removed. (OPT-1206)
Information: The register 'ctrl_conv_output_inst/state_reg[30]' is a constant and will be removed. (OPT-1206)
Information: The register 'ctrl_conv_output_inst/state_reg[29]' is a constant and will be removed. (OPT-1206)
Information: The register 'ctrl_conv_output_inst/state_reg[28]' is a constant and will be removed. (OPT-1206)
Information: The register 'ctrl_conv_output_inst/state_reg[27]' is a constant and will be removed. (OPT-1206)
Information: The register 'ctrl_conv_output_inst/state_reg[26]' is a constant and will be removed. (OPT-1206)
Information: The register 'ctrl_conv_output_inst/state_reg[25]' is a constant and will be removed. (OPT-1206)
Information: The register 'ctrl_conv_output_inst/state_reg[24]' is a constant and will be removed. (OPT-1206)
Information: The register 'ctrl_conv_output_inst/state_reg[23]' is a constant and will be removed. (OPT-1206)
Information: The register 'ctrl_conv_output_inst/state_reg[22]' is a constant and will be removed. (OPT-1206)
Information: The register 'ctrl_conv_output_inst/state_reg[21]' is a constant and will be removed. (OPT-1206)
Information: The register 'ctrl_conv_output_inst/state_reg[20]' is a constant and will be removed. (OPT-1206)
Information: The register 'ctrl_conv_output_inst/state_reg[19]' is a constant and will be removed. (OPT-1206)
Information: The register 'ctrl_conv_output_inst/state_reg[18]' is a constant and will be removed. (OPT-1206)
Information: The register 'ctrl_conv_output_inst/state_reg[17]' is a constant and will be removed. (OPT-1206)
Information: The register 'ctrl_conv_output_inst/state_reg[16]' is a constant and will be removed. (OPT-1206)
Information: The register 'ctrl_conv_output_inst/state_reg[15]' is a constant and will be removed. (OPT-1206)
Information: The register 'ctrl_conv_output_inst/state_reg[14]' is a constant and will be removed. (OPT-1206)
Information: The register 'ctrl_conv_output_inst/state_reg[13]' is a constant and will be removed. (OPT-1206)
Information: The register 'ctrl_conv_output_inst/state_reg[12]' is a constant and will be removed. (OPT-1206)
Information: The register 'ctrl_conv_output_inst/state_reg[11]' is a constant and will be removed. (OPT-1206)
Information: The register 'ctrl_conv_output_inst/state_reg[10]' is a constant and will be removed. (OPT-1206)
Information: The register 'ctrl_conv_output_inst/state_reg[9]' is a constant and will be removed. (OPT-1206)
Information: The register 'ctrl_conv_output_inst/state_reg[8]' is a constant and will be removed. (OPT-1206)
Information: The register 'ctrl_conv_output_inst/state_reg[7]' is a constant and will be removed. (OPT-1206)
Information: The register 'ctrl_conv_output_inst/state_reg[6]' is a constant and will be removed. (OPT-1206)
Information: The register 'ctrl_conv_output_inst/state_reg[5]' is a constant and will be removed. (OPT-1206)
Information: The register 'ctrl_conv_output_inst/state_reg[4]' is a constant and will be removed. (OPT-1206)
Information: The register 'ctrl_conv_output_inst/state_reg[3]' is a constant and will be removed. (OPT-1206)
Information: The register 'ctrl_conv_output_inst/state_reg[2]' is a constant and will be removed. (OPT-1206)
Information: In design 'conv_128_32', the register 'adder_stage1_reg[15][19]' is removed because it is merged to 'adder_stage1_reg[15][20]'. (OPT-1215)
Information: In design 'conv_128_32', the register 'adder_stage1_reg[15][18]' is removed because it is merged to 'adder_stage1_reg[15][20]'. (OPT-1215)
Information: In design 'conv_128_32', the register 'adder_stage1_reg[15][17]' is removed because it is merged to 'adder_stage1_reg[15][20]'. (OPT-1215)
Information: In design 'conv_128_32', the register 'adder_stage1_reg[15][16]' is removed because it is merged to 'adder_stage1_reg[15][20]'. (OPT-1215)
Information: In design 'conv_128_32', the register 'adder_stage1_reg[14][19]' is removed because it is merged to 'adder_stage1_reg[14][20]'. (OPT-1215)
Information: In design 'conv_128_32', the register 'adder_stage1_reg[14][18]' is removed because it is merged to 'adder_stage1_reg[14][20]'. (OPT-1215)
Information: In design 'conv_128_32', the register 'adder_stage1_reg[14][17]' is removed because it is merged to 'adder_stage1_reg[14][20]'. (OPT-1215)
Information: In design 'conv_128_32', the register 'adder_stage1_reg[14][16]' is removed because it is merged to 'adder_stage1_reg[14][20]'. (OPT-1215)
Information: In design 'conv_128_32', the register 'adder_stage1_reg[13][19]' is removed because it is merged to 'adder_stage1_reg[13][20]'. (OPT-1215)
Information: In design 'conv_128_32', the register 'adder_stage1_reg[13][18]' is removed because it is merged to 'adder_stage1_reg[13][20]'. (OPT-1215)
Information: In design 'conv_128_32', the register 'adder_stage1_reg[13][17]' is removed because it is merged to 'adder_stage1_reg[13][20]'. (OPT-1215)
Information: In design 'conv_128_32', the register 'adder_stage1_reg[13][16]' is removed because it is merged to 'adder_stage1_reg[13][20]'. (OPT-1215)
Information: In design 'conv_128_32', the register 'adder_stage1_reg[12][19]' is removed because it is merged to 'adder_stage1_reg[12][20]'. (OPT-1215)
Information: In design 'conv_128_32', the register 'adder_stage1_reg[12][18]' is removed because it is merged to 'adder_stage1_reg[12][20]'. (OPT-1215)
Information: In design 'conv_128_32', the register 'adder_stage1_reg[12][17]' is removed because it is merged to 'adder_stage1_reg[12][20]'. (OPT-1215)
Information: In design 'conv_128_32', the register 'adder_stage1_reg[12][16]' is removed because it is merged to 'adder_stage1_reg[12][20]'. (OPT-1215)
Information: In design 'conv_128_32', the register 'adder_stage1_reg[11][19]' is removed because it is merged to 'adder_stage1_reg[11][20]'. (OPT-1215)
Information: In design 'conv_128_32', the register 'adder_stage1_reg[11][18]' is removed because it is merged to 'adder_stage1_reg[11][20]'. (OPT-1215)
Information: In design 'conv_128_32', the register 'adder_stage1_reg[11][17]' is removed because it is merged to 'adder_stage1_reg[11][20]'. (OPT-1215)
Information: In design 'conv_128_32', the register 'adder_stage1_reg[11][16]' is removed because it is merged to 'adder_stage1_reg[11][20]'. (OPT-1215)
Information: In design 'conv_128_32', the register 'adder_stage1_reg[10][19]' is removed because it is merged to 'adder_stage1_reg[10][20]'. (OPT-1215)
Information: In design 'conv_128_32', the register 'adder_stage1_reg[10][18]' is removed because it is merged to 'adder_stage1_reg[10][20]'. (OPT-1215)
Information: In design 'conv_128_32', the register 'adder_stage1_reg[10][17]' is removed because it is merged to 'adder_stage1_reg[10][20]'. (OPT-1215)
Information: In design 'conv_128_32', the register 'adder_stage1_reg[10][16]' is removed because it is merged to 'adder_stage1_reg[10][20]'. (OPT-1215)
Information: In design 'conv_128_32', the register 'adder_stage1_reg[9][19]' is removed because it is merged to 'adder_stage1_reg[9][20]'. (OPT-1215)
Information: In design 'conv_128_32', the register 'adder_stage1_reg[9][18]' is removed because it is merged to 'adder_stage1_reg[9][20]'. (OPT-1215)
Information: In design 'conv_128_32', the register 'adder_stage1_reg[9][17]' is removed because it is merged to 'adder_stage1_reg[9][20]'. (OPT-1215)
Information: In design 'conv_128_32', the register 'adder_stage1_reg[9][16]' is removed because it is merged to 'adder_stage1_reg[9][20]'. (OPT-1215)
Information: In design 'conv_128_32', the register 'adder_stage1_reg[8][19]' is removed because it is merged to 'adder_stage1_reg[8][20]'. (OPT-1215)
Information: In design 'conv_128_32', the register 'adder_stage1_reg[8][18]' is removed because it is merged to 'adder_stage1_reg[8][20]'. (OPT-1215)
Information: In design 'conv_128_32', the register 'adder_stage1_reg[8][17]' is removed because it is merged to 'adder_stage1_reg[8][20]'. (OPT-1215)
Information: In design 'conv_128_32', the register 'adder_stage1_reg[8][16]' is removed because it is merged to 'adder_stage1_reg[8][20]'. (OPT-1215)
Information: In design 'conv_128_32', the register 'adder_stage1_reg[7][19]' is removed because it is merged to 'adder_stage1_reg[7][20]'. (OPT-1215)
Information: In design 'conv_128_32', the register 'adder_stage1_reg[7][18]' is removed because it is merged to 'adder_stage1_reg[7][20]'. (OPT-1215)
Information: In design 'conv_128_32', the register 'adder_stage1_reg[7][17]' is removed because it is merged to 'adder_stage1_reg[7][20]'. (OPT-1215)
Information: In design 'conv_128_32', the register 'adder_stage1_reg[7][16]' is removed because it is merged to 'adder_stage1_reg[7][20]'. (OPT-1215)
Information: In design 'conv_128_32', the register 'adder_stage1_reg[6][19]' is removed because it is merged to 'adder_stage1_reg[6][20]'. (OPT-1215)
Information: In design 'conv_128_32', the register 'adder_stage1_reg[6][18]' is removed because it is merged to 'adder_stage1_reg[6][20]'. (OPT-1215)
Information: In design 'conv_128_32', the register 'adder_stage1_reg[6][17]' is removed because it is merged to 'adder_stage1_reg[6][20]'. (OPT-1215)
Information: In design 'conv_128_32', the register 'adder_stage1_reg[6][16]' is removed because it is merged to 'adder_stage1_reg[6][20]'. (OPT-1215)
Information: In design 'conv_128_32', the register 'adder_stage1_reg[5][19]' is removed because it is merged to 'adder_stage1_reg[5][20]'. (OPT-1215)
Information: In design 'conv_128_32', the register 'adder_stage1_reg[5][18]' is removed because it is merged to 'adder_stage1_reg[5][20]'. (OPT-1215)
Information: In design 'conv_128_32', the register 'adder_stage1_reg[5][17]' is removed because it is merged to 'adder_stage1_reg[5][20]'. (OPT-1215)
Information: In design 'conv_128_32', the register 'adder_stage1_reg[5][16]' is removed because it is merged to 'adder_stage1_reg[5][20]'. (OPT-1215)
Information: In design 'conv_128_32', the register 'adder_stage1_reg[4][19]' is removed because it is merged to 'adder_stage1_reg[4][20]'. (OPT-1215)
Information: In design 'conv_128_32', the register 'adder_stage1_reg[4][18]' is removed because it is merged to 'adder_stage1_reg[4][20]'. (OPT-1215)
Information: In design 'conv_128_32', the register 'adder_stage1_reg[4][17]' is removed because it is merged to 'adder_stage1_reg[4][20]'. (OPT-1215)
Information: In design 'conv_128_32', the register 'adder_stage1_reg[4][16]' is removed because it is merged to 'adder_stage1_reg[4][20]'. (OPT-1215)
Information: In design 'conv_128_32', the register 'adder_stage1_reg[3][19]' is removed because it is merged to 'adder_stage1_reg[3][20]'. (OPT-1215)
Information: In design 'conv_128_32', the register 'adder_stage1_reg[3][18]' is removed because it is merged to 'adder_stage1_reg[3][20]'. (OPT-1215)
Information: In design 'conv_128_32', the register 'adder_stage1_reg[3][17]' is removed because it is merged to 'adder_stage1_reg[3][20]'. (OPT-1215)
Information: In design 'conv_128_32', the register 'adder_stage1_reg[3][16]' is removed because it is merged to 'adder_stage1_reg[3][20]'. (OPT-1215)
Information: In design 'conv_128_32', the register 'adder_stage1_reg[2][19]' is removed because it is merged to 'adder_stage1_reg[2][20]'. (OPT-1215)
Information: In design 'conv_128_32', the register 'adder_stage1_reg[2][18]' is removed because it is merged to 'adder_stage1_reg[2][20]'. (OPT-1215)
Information: In design 'conv_128_32', the register 'adder_stage1_reg[2][17]' is removed because it is merged to 'adder_stage1_reg[2][20]'. (OPT-1215)
Information: In design 'conv_128_32', the register 'adder_stage1_reg[2][16]' is removed because it is merged to 'adder_stage1_reg[2][20]'. (OPT-1215)
Information: In design 'conv_128_32', the register 'adder_stage1_reg[1][19]' is removed because it is merged to 'adder_stage1_reg[1][20]'. (OPT-1215)
Information: In design 'conv_128_32', the register 'adder_stage1_reg[1][18]' is removed because it is merged to 'adder_stage1_reg[1][20]'. (OPT-1215)
Information: In design 'conv_128_32', the register 'adder_stage1_reg[1][17]' is removed because it is merged to 'adder_stage1_reg[1][20]'. (OPT-1215)
Information: In design 'conv_128_32', the register 'adder_stage1_reg[1][16]' is removed because it is merged to 'adder_stage1_reg[1][20]'. (OPT-1215)
Information: In design 'conv_128_32', the register 'adder_stage1_reg[0][19]' is removed because it is merged to 'adder_stage1_reg[0][20]'. (OPT-1215)
Information: In design 'conv_128_32', the register 'adder_stage1_reg[0][18]' is removed because it is merged to 'adder_stage1_reg[0][20]'. (OPT-1215)
Information: In design 'conv_128_32', the register 'adder_stage1_reg[0][17]' is removed because it is merged to 'adder_stage1_reg[0][20]'. (OPT-1215)
Information: In design 'conv_128_32', the register 'adder_stage1_reg[0][16]' is removed because it is merged to 'adder_stage1_reg[0][20]'. (OPT-1215)
 Implement Synthetic for 'conv_128_32'.

  Updating timing information
Information: Updating design information... (UID-85)

  Beginning Mapping Optimizations  (Ultra High effort)
  -------------------------------
  Mapping Optimization (Phase 1)
  Mapping Optimization (Phase 2)

                                  TOTAL                                                
   ELAPSED            WORST NEG   SETUP    DESIGN                              LEAKAGE 
    TIME      AREA      SLACK     COST    RULE COST         ENDPOINT            POWER  
  --------- --------- --------- --------- --------- ------------------------- ---------
    0:01:38   75734.5      0.87     316.5    5142.8                           1892868.5000
    0:01:38   75734.5      0.87     316.5    5142.8                           1892868.5000
    0:01:38   75734.5      0.87     316.5    5142.8                           1892868.5000
    0:01:38   75735.0      0.86     314.8    5142.8                           1892904.5000
  Re-synthesis Optimization (Phase 1)
  Re-synthesis Optimization (Phase 2)
  Global Optimization (Phase 1)
  Global Optimization (Phase 2)
  Global Optimization (Phase 3)
  Global Optimization (Phase 4)
  Global Optimization (Phase 5)
  Global Optimization (Phase 6)
  Global Optimization (Phase 7)
  Global Optimization (Phase 8)
  Global Optimization (Phase 9)
  Global Optimization (Phase 10)
  Global Optimization (Phase 11)
  Global Optimization (Phase 12)
  Global Optimization (Phase 13)
  Global Optimization (Phase 14)
  Global Optimization (Phase 15)
  Global Optimization (Phase 16)
  Global Optimization (Phase 17)
  Global Optimization (Phase 18)
  Global Optimization (Phase 19)
  Global Optimization (Phase 20)
  Global Optimization (Phase 21)
  Global Optimization (Phase 22)
  Global Optimization (Phase 23)
  Global Optimization (Phase 24)
  Global Optimization (Phase 25)
  Global Optimization (Phase 26)
  Global Optimization (Phase 27)
  Global Optimization (Phase 28)
  Global Optimization (Phase 29)
  Global Optimization (Phase 30)
  Global Optimization (Phase 31)
  Global Optimization (Phase 32)
  Mapping 'conv_128_32_DW_mult_tc_32'
    0:02:07   62763.5      0.18     122.2   18971.1                           1377850.8750



  Beginning Delay Optimization Phase
  ----------------------------------

                                  TOTAL                                                
   ELAPSED            WORST NEG   SETUP    DESIGN                              LEAKAGE 
    TIME      AREA      SLACK     COST    RULE COST         ENDPOINT            POWER  
  --------- --------- --------- --------- --------- ------------------------- ---------
    0:02:07   62763.5      0.18     122.2   18971.1                           1377850.8750
    0:02:07   62763.5      0.18     122.2   18971.1                           1377850.8750
    0:02:09   62753.4      0.18     122.9   18971.1                           1376661.2500
    0:02:09   62753.4      0.18     122.9   18971.1                           1376661.2500
    0:02:18   63587.0      0.14     108.6   18977.2                           1402187.8750
    0:02:18   63587.0      0.14     108.6   18977.2                           1402187.8750
    0:02:18   63587.0      0.14     108.6   18977.2                           1402187.8750
    0:02:18   63587.0      0.14     108.6   18977.2                           1402187.8750
    0:02:18   63587.0      0.14     108.6   18977.2                           1402187.8750
    0:02:18   63587.0      0.14     108.6   18977.2                           1402187.8750
    0:02:31   64637.7      0.08      34.2   19031.1                           1439789.2500
    0:02:31   64637.7      0.08      34.2   19031.1                           1439789.2500
    0:02:32   64680.8      0.08      34.0   19031.1                           1441133.2500

  Beginning Delay Optimization
  ----------------------------
    0:02:32   64680.8      0.08      34.0   19031.1                           1441133.2500
    0:02:33   64731.9      0.08      33.6   19027.7                           1442931.7500
    0:02:33   64731.9      0.08      33.6   19027.7                           1442931.7500
    0:02:35   64806.6      0.08      33.0   19032.2                           1444832.1250
    0:02:35   64807.2      0.08      33.0   19032.2                           1444889.7500
    0:02:43   64964.9      0.08      30.7   18945.7                           1450624.0000
    0:02:43   64964.9      0.08      30.7   18945.7                           1450624.0000
    0:02:46   65110.7      0.08      30.3   18945.9                           1454747.6250
    0:02:46   65111.2      0.08      30.0   18945.9                           1454762.0000


  Beginning Design Rule Fixing  (max_capacitance)
  ----------------------------

                                  TOTAL                                                
   ELAPSED            WORST NEG   SETUP    DESIGN                              LEAKAGE 
    TIME      AREA      SLACK     COST    RULE COST         ENDPOINT            POWER  
  --------- --------- --------- --------- --------- ------------------------- ---------
    0:02:46   65111.2      0.08      30.0   18945.9                           1454762.0000
  Global Optimization (Phase 33)
  Global Optimization (Phase 34)
  Global Optimization (Phase 35)
    0:02:51   65654.4      0.07      26.7      60.9 x_mult_f_reg[30][13]/D    1490819.5000
    0:02:52   65655.7      0.07      26.0      60.9                           1490902.8750
    0:02:53   65709.2      0.07      25.7      71.2                           1492365.7500

                                  TOTAL                                                
   ELAPSED            WORST NEG   SETUP    DESIGN                              LEAKAGE 
    TIME      AREA      SLACK     COST    RULE COST         ENDPOINT            POWER  
  --------- --------- --------- --------- --------- ------------------------- ---------
    0:02:53   65709.2      0.07      25.7      71.2                           1492365.7500
    0:02:54   65662.9      0.07      25.2      71.2                           1490879.0000


  Beginning Leakage Power Optimization  (max_leakage_power 0)
  ------------------------------------

                                  TOTAL                                                
   ELAPSED            WORST NEG   SETUP    DESIGN                              LEAKAGE 
    TIME      AREA      SLACK     COST    RULE COST         ENDPOINT            POWER  
  --------- --------- --------- --------- --------- ------------------------- ---------
    0:02:59   65661.8      0.07      25.2      71.2                           1490845.7500
  Global Optimization (Phase 36)
  Global Optimization (Phase 37)
  Global Optimization (Phase 38)
  Global Optimization (Phase 39)
  Global Optimization (Phase 40)
  Global Optimization (Phase 41)
  Global Optimization (Phase 42)
  Global Optimization (Phase 43)
  Global Optimization (Phase 44)
  Global Optimization (Phase 45)
  Global Optimization (Phase 46)
  Global Optimization (Phase 47)
  Global Optimization (Phase 48)
  Global Optimization (Phase 49)
  Global Optimization (Phase 50)
  Global Optimization (Phase 51)
  Global Optimization (Phase 52)
  Global Optimization (Phase 53)
  Global Optimization (Phase 54)
  Global Optimization (Phase 55)
  Global Optimization (Phase 56)
  Global Optimization (Phase 57)
  Global Optimization (Phase 58)
  Global Optimization (Phase 59)
  Global Optimization (Phase 60)
  Global Optimization (Phase 61)
  Global Optimization (Phase 62)
  Global Optimization (Phase 63)
  Global Optimization (Phase 64)
  Global Optimization (Phase 65)
  Global Optimization (Phase 66)
  Global Optimization (Phase 67)
    0:03:49   63550.3      0.03      11.5       0.0 xmem_data_int_reg[7][6]/D 1421056.2500
    0:03:50   63606.7      0.03       8.6       0.0 x_mult_f_reg[29][10]/D    1423092.7500
    0:03:51   63630.9      0.03       7.9       0.0                           1423881.8750
    0:03:54   63719.0      0.03       6.7       0.0                           1426485.7500
    0:03:54   63719.0      0.03       6.7       0.0                           1426485.7500
    0:03:57   63676.9      0.02       6.6       0.0                           1424101.8750
    0:03:57   63676.9      0.02       6.6       0.0                           1424101.8750
    0:03:59   63752.0      0.02       6.3       0.0                           1426166.1250
    0:03:59   63752.0      0.02       6.3       0.0                           1426166.1250
    0:03:59   63752.0      0.02       6.3       0.0                           1426166.1250
    0:03:59   63752.0      0.02       6.3       0.0                           1426166.1250
    0:03:59   63752.0      0.02       6.3       0.0                           1426166.1250
    0:03:59   63752.0      0.02       6.3       0.0                           1426166.1250
    0:04:03   64051.2      0.02       4.3       2.0                           1436444.7500
    0:04:03   64051.2      0.02       4.3       2.0                           1436444.7500
    0:04:06   64091.4      0.01       3.9       2.0                           1437123.7500
    0:04:06   64091.4      0.01       3.9       2.0                           1437123.7500
    0:04:08   64092.2      0.01       3.9       2.0                           1437135.1250
    0:04:08   64092.2      0.01       3.9       2.0                           1437135.1250
    0:04:09   64092.2      0.01       3.9       2.0                           1437135.1250
    0:04:09   64092.2      0.01       3.9       2.0                           1437135.1250
    0:04:11   64092.2      0.01       3.9       2.0                           1437135.1250
    0:04:11   64092.2      0.01       3.9       2.0                           1437135.1250
    0:04:11   64092.2      0.01       3.9       2.0                           1437135.1250

                                  TOTAL                                                
   ELAPSED            WORST NEG   SETUP    DESIGN                              LEAKAGE 
    TIME      AREA      SLACK     COST    RULE COST         ENDPOINT            POWER  
  --------- --------- --------- --------- --------- ------------------------- ---------
    0:04:12   64092.2      0.01       3.9       2.0                           1437135.1250
    0:04:15   63631.7      0.02       4.2       0.0                           1416052.5000
    0:04:16   63659.7      0.02       3.8       0.0                           1417154.3750
    0:04:16   63659.7      0.02       3.8       0.0                           1417154.3750
    0:04:19   63677.7      0.02       3.4       0.0                           1418289.3750
    0:04:28   63482.8      0.02       2.9       0.0                           1412639.0000
    0:04:32   63372.9      0.01       2.8       0.0                           1409232.6250
    0:04:33   63463.3      0.01       1.3       8.3                           1412747.6250
    0:04:37   63407.0      0.01       1.2       0.0                           1410246.0000
Loading db file '/home/home4/pmilder/ese507/synthesis/lib/NangateOpenCellLibrary_typical.db'


Note: Symbol # after min delay cost means estimated hold TNS across all active scenarios 


  Optimization Complete
  ---------------------
Warning: Design 'conv_128_32' contains 1 high-fanout nets. A fanout number of 1000 will be used for delay calculations involving these nets. (TIM-134)
     Net 'clk': 2643 load(s), 1 driver(s)
Information: State dependent leakage is now switched from off to on.
Information: Propagating switching activity (low effort zero delay simulation). (PWR-6)
1
report_area
 
****************************************
Report : area
Design : conv_128_32
Version: J-2014.09-SP5-2
Date   : Wed Oct 30 02:32:08 2019
****************************************

Information: Updating design information... (UID-85)
Warning: Design 'conv_128_32' contains 1 high-fanout nets. A fanout number of 1000 will be used for delay calculations involving these nets. (TIM-134)
Library(s) Used:

    NangateOpenCellLibrary (File: /home/home4/pmilder/ese507/synthesis/lib/NangateOpenCellLibrary_typical.db)

Number of ports:                           45
Number of nets:                         45803
Number of cells:                        45031
Number of combinational cells:          42388
Number of sequential cells:              2643
Number of macros/black boxes:               0
Number of buf/inv:                       5942
Number of references:                      49

Combinational area:              50892.982763
Buf/Inv area:                     3744.215990
Noncombinational area:           12513.969635
Macro/Black Box area:                0.000000
Net Interconnect area:      undefined  (Wire load has zero net area)

Total cell area:                 63406.952398
Total area:                 undefined
1
report_power
 
****************************************
Report : power
        -analysis_effort low
Design : conv_128_32
Version: J-2014.09-SP5-2
Date   : Wed Oct 30 02:32:09 2019
****************************************


Library(s) Used:

    NangateOpenCellLibrary (File: /home/home4/pmilder/ese507/synthesis/lib/NangateOpenCellLibrary_typical.db)


Operating Conditions: typical   Library: NangateOpenCellLibrary
Wire Load Model Mode: top

Design        Wire Load Model            Library
------------------------------------------------
conv_128_32            5K_hvratio_1_1    NangateOpenCellLibrary


Global Operating Voltage = 1.1  
Power-specific unit information :
    Voltage Units = 1V
    Capacitance Units = 1.000000ff
    Time Units = 1ns
    Dynamic Power Units = 1uW    (derived from V,C,T units)
    Leakage Power Units = 1nW


  Cell Internal Power  =  18.4950 mW   (95%)
  Net Switching Power  = 950.9186 uW    (5%)
                         ---------
Total Dynamic Power    =  19.4459 mW  (100%)

Cell Leakage Power     =   1.2575 mW


                 Internal         Switching           Leakage            Total
Power Group      Power            Power               Power              Power   (   %    )  Attrs
--------------------------------------------------------------------------------------------------
io_pad             0.0000            0.0000            0.0000            0.0000  (   0.00%)
memory             0.0000            0.0000            0.0000            0.0000  (   0.00%)
black_box          0.0000            0.0000            0.0000            0.0000  (   0.00%)
clock_network      0.0000            0.0000            0.0000            0.0000  (   0.00%)
register       1.7854e+04          182.1368        2.3917e+05        1.8275e+04  (  88.27%)
sequential         0.0000            0.0000            0.0000            0.0000  (   0.00%)
combinational    641.5868          768.7801        1.0184e+06        2.4287e+03  (  11.73%)
--------------------------------------------------------------------------------------------------
Total          1.8495e+04 uW       950.9169 uW     1.2575e+06 nW     2.0704e+04 uW
1
report_timing
 
****************************************
Report : timing
        -path full
        -delay max
        -max_paths 1
Design : conv_128_32
Version: J-2014.09-SP5-2
Date   : Wed Oct 30 02:32:09 2019
****************************************

 # A fanout number of 1000 was used for high fanout net computations.

Operating Conditions: typical   Library: NangateOpenCellLibrary
Wire Load Model Mode: top

  Startpoint: xmem_data_int_reg[22][3]
              (rising edge-triggered flip-flop clocked by clk)
  Endpoint: x_mult_f_reg[22][13]
            (rising edge-triggered flip-flop clocked by clk)
  Path Group: clk
  Path Type: max

  Des/Clust/Port     Wire Load Model       Library
  ------------------------------------------------
  conv_128_32        5K_hvratio_1_1        NangateOpenCellLibrary

  Point                                                   Incr       Path
  --------------------------------------------------------------------------
  clock clk (rise edge)                                   0.00       0.00
  clock network delay (ideal)                             0.00       0.00
  xmem_data_int_reg[22][3]/CK (DFF_X1)                    0.00 #     0.00 r
  xmem_data_int_reg[22][3]/QN (DFF_X1)                    0.08       0.08 f
  U7376/ZN (XNOR2_X2)                                     0.13       0.20 r
  U7375/ZN (NAND2_X2)                                     0.08       0.28 f
  U12472/ZN (OAI22_X1)                                    0.06       0.34 r
  U12480/S (FA_X1)                                        0.13       0.47 f
  U12481/S (FA_X1)                                        0.14       0.61 r
  U7482/ZN (NOR2_X1)                                      0.03       0.64 f
  U7481/ZN (NOR2_X1)                                      0.05       0.69 r
  U23688/ZN (INV_X1)                                      0.02       0.71 f
  U7667/ZN (OAI21_X1)                                     0.06       0.77 r
  U23704/ZN (AOI21_X1)                                    0.04       0.81 f
  U23707/ZN (XNOR2_X1)                                    0.06       0.87 f
  U23709/ZN (OAI21_X1)                                    0.04       0.91 r
  x_mult_f_reg[22][13]/D (DFF_X1)                         0.01       0.92 r
  data arrival time                                                  0.92

  clock clk (rise edge)                                   0.94       0.94
  clock network delay (ideal)                             0.00       0.94
  x_mult_f_reg[22][13]/CK (DFF_X1)                        0.00       0.94 r
  library setup time                                     -0.03       0.91
  data required time                                                 0.91
  --------------------------------------------------------------------------
  data required time                                                 0.91
  data arrival time                                                 -0.92
  --------------------------------------------------------------------------
  slack (VIOLATED)                                                  -0.01


1
write -f verilog $TOP_MOD_NAME -output gates.v -hierarchy
Writing verilog file '/home/home5/pjain/ese507_workspace/ese507_proj2/part3/parallel_pipelining/synthesis/gates.v'.
1
quit

Thank you...
