
                      Design Compiler Graphical
                            DC Ultra (TM)
                             DFTMAX (TM)
                         Power Compiler (TM)
                           DesignWare (R)
                           DC Expert (TM)
                         Design Vision (TM)
                          HDL Compiler (TM)
                         VHDL Compiler (TM)
                            DFT Compiler
                        Library Compiler (TM)
                         Design Compiler(R)

         Version J-2014.09-SP5-2 for RHEL64 -- Jul 11, 2015
               Copyright (c) 1988-2015 Synopsys, Inc.

This software and the associated documentation are confidential and 
proprietary to Synopsys, Inc. Your use or disclosure of this software 
is subject to the terms and conditions of a written license agreement 
between you, or your company, and Synopsys, Inc.

Initializing...
##############################################
# Setup: fill out the following parameters: name of clock signal, clock period (ns),
# reset signal name (if used), name of top-level module, name of source file
set CLK_NAME "clk";
clk
set CLK_PERIOD 0.83;
0.83
set RST_NAME "reset";
reset
set TOP_MOD_NAME "conv_128_32";
conv_128_32
set SRC_FILE [list "../rtl_files/ctrl_mem_write.sv" "../rtl_files/ctrl_xmem_plus_output.sv" "../rtl_files/memory.sv" "../rtl_files/x_memory.sv" "/usr/local/synopsys/syn/dw/sim_ver/DW02_mult.v" "/usr/local/synopsys/syn/dw/sim_ver/DW_mult_pipe.v" "../rtl_files/conv_128_32.sv" ];
../rtl_files/ctrl_mem_write.sv ../rtl_files/ctrl_xmem_plus_output.sv ../rtl_files/memory.sv ../rtl_files/x_memory.sv /usr/local/synopsys/syn/dw/sim_ver/DW02_mult.v /usr/local/synopsys/syn/dw/sim_ver/DW_mult_pipe.v ../rtl_files/conv_128_32.sv
# If you have multiple source files, change the line above to list them all like this:
# set SRC_FILE [list "file1.sv" "file2.sv"];
###############################################
source setupdc.tcl
NangateOpenCellLibrary_typical.db dw_foundation.sldb
file mkdir work_synth
define_design_lib WORK -path work_synth
1
analyze $SRC_FILE -format sverilog
Running PRESTO HDLC
Compiling source file ../rtl_files/ctrl_mem_write.sv
Compiling source file ../rtl_files/ctrl_xmem_plus_output.sv
Compiling source file ../rtl_files/memory.sv
Compiling source file ../rtl_files/x_memory.sv
Compiling source file /usr/local/synopsys/syn/dw/sim_ver/DW02_mult.v
Compiling source file /usr/local/synopsys/syn/dw/sim_ver/DW_mult_pipe.v
Compiling source file ../rtl_files/conv_128_32.sv
Presto compilation completed successfully.
Loading db file '/home/home4/pmilder/ese507/synthesis/lib/NangateOpenCellLibrary_typical.db'
Loading db file '/usr/local/synopsys/syn/libraries/syn/dw_foundation.sldb'
1
elaborate -work WORK $TOP_MOD_NAME
Loading db file '/usr/local/synopsys/syn/libraries/syn/gtech.db'
Loading db file '/usr/local/synopsys/syn/libraries/syn/standard.sldb'
  Loading link library 'NangateOpenCellLibrary'
  Loading link library 'gtech'
Running PRESTO HDLC

Inferred memory devices in process
	in routine conv_128_32 line 160 in file
		'../rtl_files/conv_128_32.sv'.
===============================================================================
|    Register Name    |   Type    | Width | Bus | MB | AR | AS | SR | SS | ST |
===============================================================================
|    x_mult_f_reg     | Flip-flop |  16   |  Y  | N  | N  | N  | N  | N  | N  |
|    x_mult_f_reg     | Flip-flop |  16   |  Y  | N  | N  | N  | N  | N  | N  |
|    x_mult_f_reg     | Flip-flop |  16   |  Y  | N  | N  | N  | N  | N  | N  |
|    x_mult_f_reg     | Flip-flop |  16   |  Y  | N  | N  | N  | N  | N  | N  |
|    x_mult_f_reg     | Flip-flop |  16   |  Y  | N  | N  | N  | N  | N  | N  |
|    x_mult_f_reg     | Flip-flop |  16   |  Y  | N  | N  | N  | N  | N  | N  |
|    x_mult_f_reg     | Flip-flop |  16   |  Y  | N  | N  | N  | N  | N  | N  |
|    x_mult_f_reg     | Flip-flop |  16   |  Y  | N  | N  | N  | N  | N  | N  |
|    x_mult_f_reg     | Flip-flop |  16   |  Y  | N  | N  | N  | N  | N  | N  |
|    x_mult_f_reg     | Flip-flop |  16   |  Y  | N  | N  | N  | N  | N  | N  |
|    x_mult_f_reg     | Flip-flop |  16   |  Y  | N  | N  | N  | N  | N  | N  |
|    x_mult_f_reg     | Flip-flop |  16   |  Y  | N  | N  | N  | N  | N  | N  |
|    x_mult_f_reg     | Flip-flop |  16   |  Y  | N  | N  | N  | N  | N  | N  |
|    x_mult_f_reg     | Flip-flop |  16   |  Y  | N  | N  | N  | N  | N  | N  |
|    x_mult_f_reg     | Flip-flop |  16   |  Y  | N  | N  | N  | N  | N  | N  |
|    x_mult_f_reg     | Flip-flop |  16   |  Y  | N  | N  | N  | N  | N  | N  |
|    x_mult_f_reg     | Flip-flop |  16   |  Y  | N  | N  | N  | N  | N  | N  |
|    x_mult_f_reg     | Flip-flop |  16   |  Y  | N  | N  | N  | N  | N  | N  |
|    x_mult_f_reg     | Flip-flop |  16   |  Y  | N  | N  | N  | N  | N  | N  |
|    x_mult_f_reg     | Flip-flop |  16   |  Y  | N  | N  | N  | N  | N  | N  |
|    x_mult_f_reg     | Flip-flop |  16   |  Y  | N  | N  | N  | N  | N  | N  |
|    x_mult_f_reg     | Flip-flop |  16   |  Y  | N  | N  | N  | N  | N  | N  |
|    x_mult_f_reg     | Flip-flop |  16   |  Y  | N  | N  | N  | N  | N  | N  |
|    x_mult_f_reg     | Flip-flop |  16   |  Y  | N  | N  | N  | N  | N  | N  |
|    x_mult_f_reg     | Flip-flop |  16   |  Y  | N  | N  | N  | N  | N  | N  |
|    x_mult_f_reg     | Flip-flop |  16   |  Y  | N  | N  | N  | N  | N  | N  |
|    x_mult_f_reg     | Flip-flop |  16   |  Y  | N  | N  | N  | N  | N  | N  |
|    x_mult_f_reg     | Flip-flop |  16   |  Y  | N  | N  | N  | N  | N  | N  |
|    x_mult_f_reg     | Flip-flop |  16   |  Y  | N  | N  | N  | N  | N  | N  |
|    x_mult_f_reg     | Flip-flop |  16   |  Y  | N  | N  | N  | N  | N  | N  |
|    x_mult_f_reg     | Flip-flop |  16   |  Y  | N  | N  | N  | N  | N  | N  |
|    x_mult_f_reg     | Flip-flop |  16   |  Y  | N  | N  | N  | N  | N  | N  |
===============================================================================

Inferred memory devices in process
	in routine conv_128_32 line 179 in file
		'../rtl_files/conv_128_32.sv'.
===============================================================================
|    Register Name    |   Type    | Width | Bus | MB | AR | AS | SR | SS | ST |
===============================================================================
|  adder_stage1_reg   | Flip-flop |  21   |  Y  | N  | N  | N  | N  | N  | N  |
|  adder_stage1_reg   | Flip-flop |  21   |  Y  | N  | N  | N  | N  | N  | N  |
|  adder_stage1_reg   | Flip-flop |  21   |  Y  | N  | N  | N  | N  | N  | N  |
|  adder_stage1_reg   | Flip-flop |  21   |  Y  | N  | N  | N  | N  | N  | N  |
|  adder_stage1_reg   | Flip-flop |  21   |  Y  | N  | N  | N  | N  | N  | N  |
|  adder_stage1_reg   | Flip-flop |  21   |  Y  | N  | N  | N  | N  | N  | N  |
|  adder_stage1_reg   | Flip-flop |  21   |  Y  | N  | N  | N  | N  | N  | N  |
|  adder_stage1_reg   | Flip-flop |  21   |  Y  | N  | N  | N  | N  | N  | N  |
|  adder_stage1_reg   | Flip-flop |  21   |  Y  | N  | N  | N  | N  | N  | N  |
|  adder_stage1_reg   | Flip-flop |  21   |  Y  | N  | N  | N  | N  | N  | N  |
|  adder_stage1_reg   | Flip-flop |  21   |  Y  | N  | N  | N  | N  | N  | N  |
|  adder_stage1_reg   | Flip-flop |  21   |  Y  | N  | N  | N  | N  | N  | N  |
|  adder_stage1_reg   | Flip-flop |  21   |  Y  | N  | N  | N  | N  | N  | N  |
|  adder_stage1_reg   | Flip-flop |  21   |  Y  | N  | N  | N  | N  | N  | N  |
|  adder_stage1_reg   | Flip-flop |  21   |  Y  | N  | N  | N  | N  | N  | N  |
|  adder_stage1_reg   | Flip-flop |  21   |  Y  | N  | N  | N  | N  | N  | N  |
===============================================================================

Inferred memory devices in process
	in routine conv_128_32 line 194 in file
		'../rtl_files/conv_128_32.sv'.
===============================================================================
|    Register Name    |   Type    | Width | Bus | MB | AR | AS | SR | SS | ST |
===============================================================================
|  adder_stage2_reg   | Flip-flop |  21   |  Y  | N  | N  | N  | N  | N  | N  |
|  adder_stage2_reg   | Flip-flop |  21   |  Y  | N  | N  | N  | N  | N  | N  |
|  adder_stage2_reg   | Flip-flop |  21   |  Y  | N  | N  | N  | N  | N  | N  |
|  adder_stage2_reg   | Flip-flop |  21   |  Y  | N  | N  | N  | N  | N  | N  |
|  adder_stage2_reg   | Flip-flop |  21   |  Y  | N  | N  | N  | N  | N  | N  |
|  adder_stage2_reg   | Flip-flop |  21   |  Y  | N  | N  | N  | N  | N  | N  |
|  adder_stage2_reg   | Flip-flop |  21   |  Y  | N  | N  | N  | N  | N  | N  |
|  adder_stage2_reg   | Flip-flop |  21   |  Y  | N  | N  | N  | N  | N  | N  |
===============================================================================

Inferred memory devices in process
	in routine conv_128_32 line 207 in file
		'../rtl_files/conv_128_32.sv'.
===============================================================================
|    Register Name    |   Type    | Width | Bus | MB | AR | AS | SR | SS | ST |
===============================================================================
|  adder_stage3_reg   | Flip-flop |  21   |  Y  | N  | N  | N  | N  | N  | N  |
|  adder_stage3_reg   | Flip-flop |  21   |  Y  | N  | N  | N  | N  | N  | N  |
|  adder_stage3_reg   | Flip-flop |  21   |  Y  | N  | N  | N  | N  | N  | N  |
|  adder_stage3_reg   | Flip-flop |  21   |  Y  | N  | N  | N  | N  | N  | N  |
===============================================================================

Inferred memory devices in process
	in routine conv_128_32 line 220 in file
		'../rtl_files/conv_128_32.sv'.
===============================================================================
|    Register Name    |   Type    | Width | Bus | MB | AR | AS | SR | SS | ST |
===============================================================================
|  adder_stage4_reg   | Flip-flop |  21   |  Y  | N  | N  | N  | N  | N  | N  |
|  adder_stage4_reg   | Flip-flop |  21   |  Y  | N  | N  | N  | N  | N  | N  |
===============================================================================
Presto compilation completed successfully.
Elaborated 1 design.
Current design is now 'conv_128_32'.
Information: Building the design 'ctrl_xmem_plus_output' instantiated from design 'conv_128_32' with
	the parameters "X_MEM_ADDR_WIDTH=7,X_SIZE=128,F_SIZE=32,PLINE_STAGES=7". (HDL-193)

Statistics for case statements in always block at line 39 in file
	'../rtl_files/ctrl_xmem_plus_output.sv'
===============================================
|           Line           |  full/ parallel  |
===============================================
|            49            |     no/auto      |
===============================================

Inferred memory devices in process
	in routine ctrl_xmem_plus_output_X_MEM_ADDR_WIDTH7_X_SIZE128_F_SIZE32_PLINE_STAGES7 line 39 in file
		'../rtl_files/ctrl_xmem_plus_output.sv'.
===============================================================================
|    Register Name    |   Type    | Width | Bus | MB | AR | AS | SR | SS | ST |
===============================================================================
|   pline_cntr_reg    | Flip-flop |   3   |  Y  | N  | N  | N  | N  | N  | N  |
|   s_ready_fsm_reg   | Flip-flop |   1   |  N  | N  | N  | N  | N  | N  | N  |
|      state_reg      | Flip-flop |   3   |  Y  | N  | N  | N  | N  | N  | N  |
|     m_valid_reg     | Flip-flop |   1   |  N  | N  | N  | N  | N  | N  | N  |
|    conv_done_reg    | Flip-flop |   1   |  N  | N  | N  | N  | N  | N  | N  |
|    xmem_full_reg    | Flip-flop |   1   |  N  | N  | N  | N  | N  | N  | N  |
===============================================================================

Inferred memory devices in process
	in routine ctrl_xmem_plus_output_X_MEM_ADDR_WIDTH7_X_SIZE128_F_SIZE32_PLINE_STAGES7 line 131 in file
		'../rtl_files/ctrl_xmem_plus_output.sv'.
===============================================================================
|    Register Name    |   Type    | Width | Bus | MB | AR | AS | SR | SS | ST |
===============================================================================
|  xmem_tracker_reg   | Flip-flop |   7   |  Y  | N  | N  | N  | N  | N  | N  |
===============================================================================
Presto compilation completed successfully.
Information: Building the design 'x_memory' instantiated from design 'conv_128_32' with
	the parameters "WIDTH=8,SIZE=32,LOGSIZE=5". (HDL-193)

Inferred memory devices in process
	in routine x_memory_WIDTH8_SIZE32_LOGSIZE5 line 20 in file
		'../rtl_files/x_memory.sv'.
===============================================================================
|    Register Name    |   Type    | Width | Bus | MB | AR | AS | SR | SS | ST |
===============================================================================
|       mem_reg       | Flip-flop |  256  |  Y  | N  | N  | N  | N  | N  | N  |
===============================================================================
Presto compilation completed successfully.
Information: Building the design 'ctrl_mem_write' instantiated from design 'conv_128_32' with
	the parameters "MEM_ADDR_WIDTH=5,MEM_SIZE=32". (HDL-193)

Inferred memory devices in process
	in routine ctrl_mem_write_MEM_ADDR_WIDTH5_MEM_SIZE32 line 19 in file
		'../rtl_files/ctrl_mem_write.sv'.
===============================================================================
|    Register Name    |   Type    | Width | Bus | MB | AR | AS | SR | SS | ST |
===============================================================================
|    mem_addr_reg     | Flip-flop |   5   |  Y  | N  | N  | N  | N  | N  | N  |
|     s_ready_reg     | Flip-flop |   1   |  N  | N  | N  | N  | N  | N  | N  |
===============================================================================
Presto compilation completed successfully.
Information: Building the design 'memory' instantiated from design 'conv_128_32' with
	the parameters "WIDTH=8,SIZE=32,LOGSIZE=5". (HDL-193)
Warning:  ../rtl_files/memory.sv:20: unsigned to signed assignment occurs. (VER-318)

Inferred memory devices in process
	in routine memory_WIDTH8_SIZE32_LOGSIZE5 line 18 in file
		'../rtl_files/memory.sv'.
===============================================================================
|    Register Name    |   Type    | Width | Bus | MB | AR | AS | SR | SS | ST |
===============================================================================
|       mem_reg       | Flip-flop |   8   |  Y  | N  | N  | N  | N  | N  | N  |
|       mem_reg       | Flip-flop |   8   |  Y  | N  | N  | N  | N  | N  | N  |
|       mem_reg       | Flip-flop |   8   |  Y  | N  | N  | N  | N  | N  | N  |
|       mem_reg       | Flip-flop |   8   |  Y  | N  | N  | N  | N  | N  | N  |
|       mem_reg       | Flip-flop |   8   |  Y  | N  | N  | N  | N  | N  | N  |
|       mem_reg       | Flip-flop |   8   |  Y  | N  | N  | N  | N  | N  | N  |
|       mem_reg       | Flip-flop |   8   |  Y  | N  | N  | N  | N  | N  | N  |
|       mem_reg       | Flip-flop |   8   |  Y  | N  | N  | N  | N  | N  | N  |
|       mem_reg       | Flip-flop |   8   |  Y  | N  | N  | N  | N  | N  | N  |
|       mem_reg       | Flip-flop |   8   |  Y  | N  | N  | N  | N  | N  | N  |
|       mem_reg       | Flip-flop |   8   |  Y  | N  | N  | N  | N  | N  | N  |
|       mem_reg       | Flip-flop |   8   |  Y  | N  | N  | N  | N  | N  | N  |
|       mem_reg       | Flip-flop |   8   |  Y  | N  | N  | N  | N  | N  | N  |
|       mem_reg       | Flip-flop |   8   |  Y  | N  | N  | N  | N  | N  | N  |
|       mem_reg       | Flip-flop |   8   |  Y  | N  | N  | N  | N  | N  | N  |
|       mem_reg       | Flip-flop |   8   |  Y  | N  | N  | N  | N  | N  | N  |
|       mem_reg       | Flip-flop |   8   |  Y  | N  | N  | N  | N  | N  | N  |
|       mem_reg       | Flip-flop |   8   |  Y  | N  | N  | N  | N  | N  | N  |
|       mem_reg       | Flip-flop |   8   |  Y  | N  | N  | N  | N  | N  | N  |
|       mem_reg       | Flip-flop |   8   |  Y  | N  | N  | N  | N  | N  | N  |
|       mem_reg       | Flip-flop |   8   |  Y  | N  | N  | N  | N  | N  | N  |
|       mem_reg       | Flip-flop |   8   |  Y  | N  | N  | N  | N  | N  | N  |
|       mem_reg       | Flip-flop |   8   |  Y  | N  | N  | N  | N  | N  | N  |
|       mem_reg       | Flip-flop |   8   |  Y  | N  | N  | N  | N  | N  | N  |
|       mem_reg       | Flip-flop |   8   |  Y  | N  | N  | N  | N  | N  | N  |
|       mem_reg       | Flip-flop |   8   |  Y  | N  | N  | N  | N  | N  | N  |
|       mem_reg       | Flip-flop |   8   |  Y  | N  | N  | N  | N  | N  | N  |
|       mem_reg       | Flip-flop |   8   |  Y  | N  | N  | N  | N  | N  | N  |
|       mem_reg       | Flip-flop |   8   |  Y  | N  | N  | N  | N  | N  | N  |
|       mem_reg       | Flip-flop |   8   |  Y  | N  | N  | N  | N  | N  | N  |
|       mem_reg       | Flip-flop |   8   |  Y  | N  | N  | N  | N  | N  | N  |
|       mem_reg       | Flip-flop |   8   |  Y  | N  | N  | N  | N  | N  | N  |
===============================================================================
Presto compilation completed successfully.
1
###### CLOCKS AND PORTS #######
set CLK_PORT [get_ports $CLK_NAME]
{clk}
set TMP1 [remove_from_collection [all_inputs] $CLK_PORT]
{reset s_valid_x s_valid_f m_ready_y s_data_in_x[7] s_data_in_x[6] s_data_in_x[5] s_data_in_x[4] s_data_in_x[3] s_data_in_x[2] s_data_in_x[1] s_data_in_x[0] s_data_in_f[7] s_data_in_f[6] s_data_in_f[5] s_data_in_f[4] s_data_in_f[3] s_data_in_f[2] s_data_in_f[1] s_data_in_f[0]}
set INPUTS [remove_from_collection $TMP1 $RST_NAME]
{s_valid_x s_valid_f m_ready_y s_data_in_x[7] s_data_in_x[6] s_data_in_x[5] s_data_in_x[4] s_data_in_x[3] s_data_in_x[2] s_data_in_x[1] s_data_in_x[0] s_data_in_f[7] s_data_in_f[6] s_data_in_f[5] s_data_in_f[4] s_data_in_f[3] s_data_in_f[2] s_data_in_f[1] s_data_in_f[0]}
create_clock -period $CLK_PERIOD [get_ports clk]
1
# set delay for inputs to be 0.2ns
set_input_delay 0.2 -max -clock clk $INPUTS
1
set_output_delay 0.2 -max -clock clk [all_outputs]
1
###### OPTIMIZATION #######
set_max_area 0 
1
###### RUN #####
compile_ultra
Information: Performing power optimization. (PWR-850)
Alib files are up-to-date.
Information: Evaluating DesignWare library utilization. (UISN-27)

============================================================================
| DesignWare Building Block Library  |         Version         | Available |
============================================================================
| Basic DW Building Blocks           | J-2014.09-DWBB_201409.5.2 |   *     |
| Licensed DW Building Blocks        | J-2014.09-DWBB_201409.5.2 |   *     |
============================================================================

Information: Sequential output inversion is enabled.  SVF file must be used for formal verification. (OPT-1208)

Information: There are 34 potential problems in your design. Please run 'check_design' for more information. (LINT-99)


Loaded alib file './alib-52/NangateOpenCellLibrary_typical.db.alib'
  Building model 'DW01_NAND2'
Information: Ungrouping hierarchy ctrl_inst before Pass 1 (OPT-776)
Information: Ungrouping hierarchy xmem_inst before Pass 1 (OPT-776)
Information: Ungrouping hierarchy ctrl_fmem_write_inst before Pass 1 (OPT-776)
Information: Ungrouping hierarchy fmem_inst before Pass 1 (OPT-776)
Information: Ungrouping 4 of 5 hierarchies before Pass 1 (OPT-775)
Information: State dependent leakage is now switched from on to off.

  Beginning Pass 1 Mapping
  ------------------------
  Processing 'conv_128_32'
Information: Added key list 'DesignWare' to design 'conv_128_32'. (DDB-72)
Information: In design 'conv_128_32', the register 'adder_stage1_reg[15][19]' is removed because it is merged to 'adder_stage1_reg[15][20]'. (OPT-1215)
Information: In design 'conv_128_32', the register 'adder_stage1_reg[15][18]' is removed because it is merged to 'adder_stage1_reg[15][20]'. (OPT-1215)
Information: In design 'conv_128_32', the register 'adder_stage1_reg[15][17]' is removed because it is merged to 'adder_stage1_reg[15][20]'. (OPT-1215)
Information: In design 'conv_128_32', the register 'adder_stage1_reg[15][16]' is removed because it is merged to 'adder_stage1_reg[15][20]'. (OPT-1215)
Information: In design 'conv_128_32', the register 'adder_stage1_reg[14][19]' is removed because it is merged to 'adder_stage1_reg[14][20]'. (OPT-1215)
Information: In design 'conv_128_32', the register 'adder_stage1_reg[14][18]' is removed because it is merged to 'adder_stage1_reg[14][20]'. (OPT-1215)
Information: In design 'conv_128_32', the register 'adder_stage1_reg[14][17]' is removed because it is merged to 'adder_stage1_reg[14][20]'. (OPT-1215)
Information: In design 'conv_128_32', the register 'adder_stage1_reg[14][16]' is removed because it is merged to 'adder_stage1_reg[14][20]'. (OPT-1215)
Information: In design 'conv_128_32', the register 'adder_stage1_reg[13][19]' is removed because it is merged to 'adder_stage1_reg[13][20]'. (OPT-1215)
Information: In design 'conv_128_32', the register 'adder_stage1_reg[13][18]' is removed because it is merged to 'adder_stage1_reg[13][20]'. (OPT-1215)
Information: In design 'conv_128_32', the register 'adder_stage1_reg[13][17]' is removed because it is merged to 'adder_stage1_reg[13][20]'. (OPT-1215)
Information: In design 'conv_128_32', the register 'adder_stage1_reg[13][16]' is removed because it is merged to 'adder_stage1_reg[13][20]'. (OPT-1215)
Information: In design 'conv_128_32', the register 'adder_stage1_reg[12][19]' is removed because it is merged to 'adder_stage1_reg[12][20]'. (OPT-1215)
Information: In design 'conv_128_32', the register 'adder_stage1_reg[12][18]' is removed because it is merged to 'adder_stage1_reg[12][20]'. (OPT-1215)
Information: In design 'conv_128_32', the register 'adder_stage1_reg[12][17]' is removed because it is merged to 'adder_stage1_reg[12][20]'. (OPT-1215)
Information: In design 'conv_128_32', the register 'adder_stage1_reg[12][16]' is removed because it is merged to 'adder_stage1_reg[12][20]'. (OPT-1215)
Information: In design 'conv_128_32', the register 'adder_stage1_reg[11][19]' is removed because it is merged to 'adder_stage1_reg[11][20]'. (OPT-1215)
Information: In design 'conv_128_32', the register 'adder_stage1_reg[11][18]' is removed because it is merged to 'adder_stage1_reg[11][20]'. (OPT-1215)
Information: In design 'conv_128_32', the register 'adder_stage1_reg[11][17]' is removed because it is merged to 'adder_stage1_reg[11][20]'. (OPT-1215)
Information: In design 'conv_128_32', the register 'adder_stage1_reg[11][16]' is removed because it is merged to 'adder_stage1_reg[11][20]'. (OPT-1215)
Information: In design 'conv_128_32', the register 'adder_stage1_reg[10][19]' is removed because it is merged to 'adder_stage1_reg[10][20]'. (OPT-1215)
Information: In design 'conv_128_32', the register 'adder_stage1_reg[10][18]' is removed because it is merged to 'adder_stage1_reg[10][20]'. (OPT-1215)
Information: In design 'conv_128_32', the register 'adder_stage1_reg[10][17]' is removed because it is merged to 'adder_stage1_reg[10][20]'. (OPT-1215)
Information: In design 'conv_128_32', the register 'adder_stage1_reg[10][16]' is removed because it is merged to 'adder_stage1_reg[10][20]'. (OPT-1215)
Information: In design 'conv_128_32', the register 'adder_stage1_reg[9][19]' is removed because it is merged to 'adder_stage1_reg[9][20]'. (OPT-1215)
Information: In design 'conv_128_32', the register 'adder_stage1_reg[9][18]' is removed because it is merged to 'adder_stage1_reg[9][20]'. (OPT-1215)
Information: In design 'conv_128_32', the register 'adder_stage1_reg[9][17]' is removed because it is merged to 'adder_stage1_reg[9][20]'. (OPT-1215)
Information: In design 'conv_128_32', the register 'adder_stage1_reg[9][16]' is removed because it is merged to 'adder_stage1_reg[9][20]'. (OPT-1215)
Information: In design 'conv_128_32', the register 'adder_stage1_reg[8][19]' is removed because it is merged to 'adder_stage1_reg[8][20]'. (OPT-1215)
Information: In design 'conv_128_32', the register 'adder_stage1_reg[8][18]' is removed because it is merged to 'adder_stage1_reg[8][20]'. (OPT-1215)
Information: In design 'conv_128_32', the register 'adder_stage1_reg[8][17]' is removed because it is merged to 'adder_stage1_reg[8][20]'. (OPT-1215)
Information: In design 'conv_128_32', the register 'adder_stage1_reg[8][16]' is removed because it is merged to 'adder_stage1_reg[8][20]'. (OPT-1215)
Information: In design 'conv_128_32', the register 'adder_stage1_reg[7][19]' is removed because it is merged to 'adder_stage1_reg[7][20]'. (OPT-1215)
Information: In design 'conv_128_32', the register 'adder_stage1_reg[7][18]' is removed because it is merged to 'adder_stage1_reg[7][20]'. (OPT-1215)
Information: In design 'conv_128_32', the register 'adder_stage1_reg[7][17]' is removed because it is merged to 'adder_stage1_reg[7][20]'. (OPT-1215)
Information: In design 'conv_128_32', the register 'adder_stage1_reg[7][16]' is removed because it is merged to 'adder_stage1_reg[7][20]'. (OPT-1215)
Information: In design 'conv_128_32', the register 'adder_stage1_reg[6][19]' is removed because it is merged to 'adder_stage1_reg[6][20]'. (OPT-1215)
Information: In design 'conv_128_32', the register 'adder_stage1_reg[6][18]' is removed because it is merged to 'adder_stage1_reg[6][20]'. (OPT-1215)
Information: In design 'conv_128_32', the register 'adder_stage1_reg[6][17]' is removed because it is merged to 'adder_stage1_reg[6][20]'. (OPT-1215)
Information: In design 'conv_128_32', the register 'adder_stage1_reg[6][16]' is removed because it is merged to 'adder_stage1_reg[6][20]'. (OPT-1215)
Information: In design 'conv_128_32', the register 'adder_stage1_reg[5][19]' is removed because it is merged to 'adder_stage1_reg[5][20]'. (OPT-1215)
Information: In design 'conv_128_32', the register 'adder_stage1_reg[5][18]' is removed because it is merged to 'adder_stage1_reg[5][20]'. (OPT-1215)
Information: In design 'conv_128_32', the register 'adder_stage1_reg[5][17]' is removed because it is merged to 'adder_stage1_reg[5][20]'. (OPT-1215)
Information: In design 'conv_128_32', the register 'adder_stage1_reg[5][16]' is removed because it is merged to 'adder_stage1_reg[5][20]'. (OPT-1215)
Information: In design 'conv_128_32', the register 'adder_stage1_reg[4][19]' is removed because it is merged to 'adder_stage1_reg[4][20]'. (OPT-1215)
Information: In design 'conv_128_32', the register 'adder_stage1_reg[4][18]' is removed because it is merged to 'adder_stage1_reg[4][20]'. (OPT-1215)
Information: In design 'conv_128_32', the register 'adder_stage1_reg[4][17]' is removed because it is merged to 'adder_stage1_reg[4][20]'. (OPT-1215)
Information: In design 'conv_128_32', the register 'adder_stage1_reg[4][16]' is removed because it is merged to 'adder_stage1_reg[4][20]'. (OPT-1215)
Information: In design 'conv_128_32', the register 'adder_stage1_reg[3][19]' is removed because it is merged to 'adder_stage1_reg[3][20]'. (OPT-1215)
Information: In design 'conv_128_32', the register 'adder_stage1_reg[3][18]' is removed because it is merged to 'adder_stage1_reg[3][20]'. (OPT-1215)
Information: In design 'conv_128_32', the register 'adder_stage1_reg[3][17]' is removed because it is merged to 'adder_stage1_reg[3][20]'. (OPT-1215)
Information: In design 'conv_128_32', the register 'adder_stage1_reg[3][16]' is removed because it is merged to 'adder_stage1_reg[3][20]'. (OPT-1215)
Information: In design 'conv_128_32', the register 'adder_stage1_reg[2][19]' is removed because it is merged to 'adder_stage1_reg[2][20]'. (OPT-1215)
Information: In design 'conv_128_32', the register 'adder_stage1_reg[2][18]' is removed because it is merged to 'adder_stage1_reg[2][20]'. (OPT-1215)
Information: In design 'conv_128_32', the register 'adder_stage1_reg[2][17]' is removed because it is merged to 'adder_stage1_reg[2][20]'. (OPT-1215)
Information: In design 'conv_128_32', the register 'adder_stage1_reg[2][16]' is removed because it is merged to 'adder_stage1_reg[2][20]'. (OPT-1215)
Information: In design 'conv_128_32', the register 'adder_stage1_reg[1][19]' is removed because it is merged to 'adder_stage1_reg[1][20]'. (OPT-1215)
Information: In design 'conv_128_32', the register 'adder_stage1_reg[1][18]' is removed because it is merged to 'adder_stage1_reg[1][20]'. (OPT-1215)
Information: In design 'conv_128_32', the register 'adder_stage1_reg[1][17]' is removed because it is merged to 'adder_stage1_reg[1][20]'. (OPT-1215)
Information: In design 'conv_128_32', the register 'adder_stage1_reg[1][16]' is removed because it is merged to 'adder_stage1_reg[1][20]'. (OPT-1215)
Information: In design 'conv_128_32', the register 'adder_stage1_reg[0][19]' is removed because it is merged to 'adder_stage1_reg[0][20]'. (OPT-1215)
Information: In design 'conv_128_32', the register 'adder_stage1_reg[0][18]' is removed because it is merged to 'adder_stage1_reg[0][20]'. (OPT-1215)
Information: In design 'conv_128_32', the register 'adder_stage1_reg[0][17]' is removed because it is merged to 'adder_stage1_reg[0][20]'. (OPT-1215)
Information: In design 'conv_128_32', the register 'adder_stage1_reg[0][16]' is removed because it is merged to 'adder_stage1_reg[0][20]'. (OPT-1215)
 Implement Synthetic for 'conv_128_32'.
  Processing 'conv_128_32_DW_mult_pipe_J1_0'
  Processing 'conv_128_32_DW_mult_pipe_J1_1'
  Processing 'conv_128_32_DW_mult_pipe_J1_2'
  Processing 'conv_128_32_DW_mult_pipe_J1_3'
  Processing 'conv_128_32_DW_mult_pipe_J1_4'
  Processing 'conv_128_32_DW_mult_pipe_J1_5'
  Processing 'conv_128_32_DW_mult_pipe_J1_6'
  Processing 'conv_128_32_DW_mult_pipe_J1_7'
  Processing 'conv_128_32_DW_mult_pipe_J1_8'
  Processing 'conv_128_32_DW_mult_pipe_J1_9'
  Processing 'conv_128_32_DW_mult_pipe_J1_10'
  Processing 'conv_128_32_DW_mult_pipe_J1_11'
  Processing 'conv_128_32_DW_mult_pipe_J1_12'
  Processing 'conv_128_32_DW_mult_pipe_J1_13'
  Processing 'conv_128_32_DW_mult_pipe_J1_14'
  Processing 'conv_128_32_DW_mult_pipe_J1_15'
  Processing 'conv_128_32_DW_mult_pipe_J1_16'
  Processing 'conv_128_32_DW_mult_pipe_J1_17'
  Processing 'conv_128_32_DW_mult_pipe_J1_18'
  Processing 'conv_128_32_DW_mult_pipe_J1_19'
  Processing 'conv_128_32_DW_mult_pipe_J1_20'
  Processing 'conv_128_32_DW_mult_pipe_J1_21'
  Processing 'conv_128_32_DW_mult_pipe_J1_22'
  Processing 'conv_128_32_DW_mult_pipe_J1_23'
  Processing 'conv_128_32_DW_mult_pipe_J1_24'
  Processing 'conv_128_32_DW_mult_pipe_J1_25'
  Processing 'conv_128_32_DW_mult_pipe_J1_26'
  Processing 'conv_128_32_DW_mult_pipe_J1_27'
  Processing 'conv_128_32_DW_mult_pipe_J1_28'
  Processing 'conv_128_32_DW_mult_pipe_J1_29'
  Processing 'conv_128_32_DW_mult_pipe_J1_30'
  Processing 'conv_128_32_DW_mult_pipe_J1_31'

  Updating timing information
Information: Updating design information... (UID-85)

  Beginning Mapping Optimizations  (Ultra High effort)
  -------------------------------
Information: Checking pipeline property of cell multiplier[31].x_f_mult_inst (design conv_128_32_DW_mult_pipe_J1_0). (RTDC-137)
Information: cell multiplier[31].x_f_mult_inst (design conv_128_32_DW_mult_pipe_J1_0) is a pipeline. (RTDC-139)
Information: Checking pipeline property of cell multiplier[30].x_f_mult_inst (design conv_128_32_DW_mult_pipe_J1_1). (RTDC-137)
Information: cell multiplier[30].x_f_mult_inst (design conv_128_32_DW_mult_pipe_J1_1) is a pipeline. (RTDC-139)
Information: Checking pipeline property of cell multiplier[29].x_f_mult_inst (design conv_128_32_DW_mult_pipe_J1_2). (RTDC-137)
Information: cell multiplier[29].x_f_mult_inst (design conv_128_32_DW_mult_pipe_J1_2) is a pipeline. (RTDC-139)
Information: Checking pipeline property of cell multiplier[28].x_f_mult_inst (design conv_128_32_DW_mult_pipe_J1_3). (RTDC-137)
Information: cell multiplier[28].x_f_mult_inst (design conv_128_32_DW_mult_pipe_J1_3) is a pipeline. (RTDC-139)
Information: Checking pipeline property of cell multiplier[27].x_f_mult_inst (design conv_128_32_DW_mult_pipe_J1_4). (RTDC-137)
Information: cell multiplier[27].x_f_mult_inst (design conv_128_32_DW_mult_pipe_J1_4) is a pipeline. (RTDC-139)
Information: Checking pipeline property of cell multiplier[26].x_f_mult_inst (design conv_128_32_DW_mult_pipe_J1_5). (RTDC-137)
Information: cell multiplier[26].x_f_mult_inst (design conv_128_32_DW_mult_pipe_J1_5) is a pipeline. (RTDC-139)
Information: Checking pipeline property of cell multiplier[25].x_f_mult_inst (design conv_128_32_DW_mult_pipe_J1_6). (RTDC-137)
Information: cell multiplier[25].x_f_mult_inst (design conv_128_32_DW_mult_pipe_J1_6) is a pipeline. (RTDC-139)
Information: Checking pipeline property of cell multiplier[24].x_f_mult_inst (design conv_128_32_DW_mult_pipe_J1_7). (RTDC-137)
Information: cell multiplier[24].x_f_mult_inst (design conv_128_32_DW_mult_pipe_J1_7) is a pipeline. (RTDC-139)
Information: Checking pipeline property of cell multiplier[23].x_f_mult_inst (design conv_128_32_DW_mult_pipe_J1_8). (RTDC-137)
Information: cell multiplier[23].x_f_mult_inst (design conv_128_32_DW_mult_pipe_J1_8) is a pipeline. (RTDC-139)
Information: Checking pipeline property of cell multiplier[22].x_f_mult_inst (design conv_128_32_DW_mult_pipe_J1_9). (RTDC-137)
Information: cell multiplier[22].x_f_mult_inst (design conv_128_32_DW_mult_pipe_J1_9) is a pipeline. (RTDC-139)
Information: Checking pipeline property of cell multiplier[21].x_f_mult_inst (design conv_128_32_DW_mult_pipe_J1_10). (RTDC-137)
Information: cell multiplier[21].x_f_mult_inst (design conv_128_32_DW_mult_pipe_J1_10) is a pipeline. (RTDC-139)
Information: Checking pipeline property of cell multiplier[20].x_f_mult_inst (design conv_128_32_DW_mult_pipe_J1_11). (RTDC-137)
Information: cell multiplier[20].x_f_mult_inst (design conv_128_32_DW_mult_pipe_J1_11) is a pipeline. (RTDC-139)
Information: Checking pipeline property of cell multiplier[19].x_f_mult_inst (design conv_128_32_DW_mult_pipe_J1_12). (RTDC-137)
Information: cell multiplier[19].x_f_mult_inst (design conv_128_32_DW_mult_pipe_J1_12) is a pipeline. (RTDC-139)
Information: Checking pipeline property of cell multiplier[18].x_f_mult_inst (design conv_128_32_DW_mult_pipe_J1_13). (RTDC-137)
Information: cell multiplier[18].x_f_mult_inst (design conv_128_32_DW_mult_pipe_J1_13) is a pipeline. (RTDC-139)
Information: Checking pipeline property of cell multiplier[17].x_f_mult_inst (design conv_128_32_DW_mult_pipe_J1_14). (RTDC-137)
Information: cell multiplier[17].x_f_mult_inst (design conv_128_32_DW_mult_pipe_J1_14) is a pipeline. (RTDC-139)
Information: Checking pipeline property of cell multiplier[16].x_f_mult_inst (design conv_128_32_DW_mult_pipe_J1_15). (RTDC-137)
Information: cell multiplier[16].x_f_mult_inst (design conv_128_32_DW_mult_pipe_J1_15) is a pipeline. (RTDC-139)
Information: Checking pipeline property of cell multiplier[15].x_f_mult_inst (design conv_128_32_DW_mult_pipe_J1_16). (RTDC-137)
Information: cell multiplier[15].x_f_mult_inst (design conv_128_32_DW_mult_pipe_J1_16) is a pipeline. (RTDC-139)
Information: Checking pipeline property of cell multiplier[14].x_f_mult_inst (design conv_128_32_DW_mult_pipe_J1_17). (RTDC-137)
Information: cell multiplier[14].x_f_mult_inst (design conv_128_32_DW_mult_pipe_J1_17) is a pipeline. (RTDC-139)
Information: Checking pipeline property of cell multiplier[13].x_f_mult_inst (design conv_128_32_DW_mult_pipe_J1_18). (RTDC-137)
Information: cell multiplier[13].x_f_mult_inst (design conv_128_32_DW_mult_pipe_J1_18) is a pipeline. (RTDC-139)
Information: Checking pipeline property of cell multiplier[12].x_f_mult_inst (design conv_128_32_DW_mult_pipe_J1_19). (RTDC-137)
Information: cell multiplier[12].x_f_mult_inst (design conv_128_32_DW_mult_pipe_J1_19) is a pipeline. (RTDC-139)
Information: Checking pipeline property of cell multiplier[11].x_f_mult_inst (design conv_128_32_DW_mult_pipe_J1_20). (RTDC-137)
Information: cell multiplier[11].x_f_mult_inst (design conv_128_32_DW_mult_pipe_J1_20) is a pipeline. (RTDC-139)
Information: Checking pipeline property of cell multiplier[10].x_f_mult_inst (design conv_128_32_DW_mult_pipe_J1_21). (RTDC-137)
Information: cell multiplier[10].x_f_mult_inst (design conv_128_32_DW_mult_pipe_J1_21) is a pipeline. (RTDC-139)
Information: Checking pipeline property of cell multiplier[9].x_f_mult_inst (design conv_128_32_DW_mult_pipe_J1_22). (RTDC-137)
Information: cell multiplier[9].x_f_mult_inst (design conv_128_32_DW_mult_pipe_J1_22) is a pipeline. (RTDC-139)
Information: Checking pipeline property of cell multiplier[8].x_f_mult_inst (design conv_128_32_DW_mult_pipe_J1_23). (RTDC-137)
Information: cell multiplier[8].x_f_mult_inst (design conv_128_32_DW_mult_pipe_J1_23) is a pipeline. (RTDC-139)
Information: Checking pipeline property of cell multiplier[7].x_f_mult_inst (design conv_128_32_DW_mult_pipe_J1_24). (RTDC-137)
Information: cell multiplier[7].x_f_mult_inst (design conv_128_32_DW_mult_pipe_J1_24) is a pipeline. (RTDC-139)
Information: Checking pipeline property of cell multiplier[6].x_f_mult_inst (design conv_128_32_DW_mult_pipe_J1_25). (RTDC-137)
Information: cell multiplier[6].x_f_mult_inst (design conv_128_32_DW_mult_pipe_J1_25) is a pipeline. (RTDC-139)
Information: Checking pipeline property of cell multiplier[5].x_f_mult_inst (design conv_128_32_DW_mult_pipe_J1_26). (RTDC-137)
Information: cell multiplier[5].x_f_mult_inst (design conv_128_32_DW_mult_pipe_J1_26) is a pipeline. (RTDC-139)
Information: Checking pipeline property of cell multiplier[4].x_f_mult_inst (design conv_128_32_DW_mult_pipe_J1_27). (RTDC-137)
Information: cell multiplier[4].x_f_mult_inst (design conv_128_32_DW_mult_pipe_J1_27) is a pipeline. (RTDC-139)
Information: Checking pipeline property of cell multiplier[3].x_f_mult_inst (design conv_128_32_DW_mult_pipe_J1_28). (RTDC-137)
Information: cell multiplier[3].x_f_mult_inst (design conv_128_32_DW_mult_pipe_J1_28) is a pipeline. (RTDC-139)
Information: Checking pipeline property of cell multiplier[2].x_f_mult_inst (design conv_128_32_DW_mult_pipe_J1_29). (RTDC-137)
Information: cell multiplier[2].x_f_mult_inst (design conv_128_32_DW_mult_pipe_J1_29) is a pipeline. (RTDC-139)
Information: Checking pipeline property of cell multiplier[1].x_f_mult_inst (design conv_128_32_DW_mult_pipe_J1_30). (RTDC-137)
Information: cell multiplier[1].x_f_mult_inst (design conv_128_32_DW_mult_pipe_J1_30) is a pipeline. (RTDC-139)
Information: Checking pipeline property of cell multiplier[0].x_f_mult_inst (design conv_128_32_DW_mult_pipe_J1_31). (RTDC-137)
Information: cell multiplier[0].x_f_mult_inst (design conv_128_32_DW_mult_pipe_J1_31) is a pipeline. (RTDC-139)
  Mapping Optimization (Phase 1)
  Retiming conv_128_32_DW_mult_pipe_J1_0 (multiplier[31].x_f_mult_inst)
  Preferred flip-flop is DFFS_X1 with setup = 0.04


  Retiming base-clock clk, rising edge.
  Beginning minimum period retiming ...
  ... minimum period retiming done.
  Beginning minimum area retiming step 1 ...
  ... minimum area retiming step 1 done.
  Beginning minimum area retiming step 2 ...
  5% 10% 15% 20% 25% 30% 35% 40% 45% 50% 55% 60% 65% 70% 75% 80% 85% 90% 95% 100% 
  ... minimum area retiming step 2 done.
  Beginning minimum area retiming step 3 ...
  10% 20% 30% 40% 50% ... 100% 
  ... minimum area retiming step 3 done.
  Beginning final register move ...
  ... final register move done.
  Lower bound estimate = 0.83
  Critical path length = 0.83
  Clock correction = 0.13 (clock-to-Q delay = 0.09, setup = 0.04, uncertainty = 0.00)
  Retiming conv_128_32_DW_mult_pipe_J1_1 (multiplier[30].x_f_mult_inst)
  Preferred flip-flop is DFFS_X1 with setup = 0.04


  Retiming base-clock clk, rising edge.
  Beginning minimum period retiming ...
  ... minimum period retiming done.
  Beginning minimum area retiming step 1 ...
  ... minimum area retiming step 1 done.
  Beginning minimum area retiming step 2 ...
  5% 10% 15% 20% 25% 30% 35% 40% 45% 50% 55% 60% 65% 70% 75% 80% 85% 90% 95% 100% 
  ... minimum area retiming step 2 done.
  Beginning minimum area retiming step 3 ...
  10% 20% 30% 40% 50% ... 100% 
  ... minimum area retiming step 3 done.
  Beginning final register move ...
  ... final register move done.
  Lower bound estimate = 0.83
  Critical path length = 0.83
  Clock correction = 0.13 (clock-to-Q delay = 0.09, setup = 0.04, uncertainty = 0.00)
  Retiming conv_128_32_DW_mult_pipe_J1_2 (multiplier[29].x_f_mult_inst)
  Preferred flip-flop is DFFS_X1 with setup = 0.04


  Retiming base-clock clk, rising edge.
  Beginning minimum period retiming ...
  ... minimum period retiming done.
  Beginning minimum area retiming step 1 ...
  ... minimum area retiming step 1 done.
  Beginning minimum area retiming step 2 ...
  5% 10% 15% 20% 25% 30% 35% 40% 45% 50% 55% 60% 65% 70% 75% 80% 85% 90% 95% 100% 
  ... minimum area retiming step 2 done.
  Beginning minimum area retiming step 3 ...
  10% 20% 30% 40% 50% ... 100% 
  ... minimum area retiming step 3 done.
  Beginning final register move ...
  ... final register move done.
  Lower bound estimate = 0.75
  Critical path length = 0.75
  Clock correction = 0.13 (clock-to-Q delay = 0.09, setup = 0.04, uncertainty = 0.00)
  Retiming conv_128_32_DW_mult_pipe_J1_3 (multiplier[28].x_f_mult_inst)
  Preferred flip-flop is DFFS_X1 with setup = 0.04


  Retiming base-clock clk, rising edge.
  Beginning minimum period retiming ...
  ... minimum period retiming done.
  Beginning minimum area retiming step 1 ...
  ... minimum area retiming step 1 done.
  Beginning minimum area retiming step 2 ...
  5% 10% 15% 20% 25% 30% 35% 40% 45% 50% 55% 60% 65% 70% 75% 80% 85% 90% 95% 100% 
  ... minimum area retiming step 2 done.
  Beginning minimum area retiming step 3 ...
  10% 20% 30% 40% 50% ... 100% 
  ... minimum area retiming step 3 done.
  Beginning final register move ...
  ... final register move done.
  Lower bound estimate = 0.75
  Critical path length = 0.75
  Clock correction = 0.13 (clock-to-Q delay = 0.09, setup = 0.04, uncertainty = 0.00)
  Retiming conv_128_32_DW_mult_pipe_J1_4 (multiplier[27].x_f_mult_inst)
  Preferred flip-flop is DFFS_X1 with setup = 0.04


  Retiming base-clock clk, rising edge.
  Beginning minimum period retiming ...
  ... minimum period retiming done.
  Beginning minimum area retiming step 1 ...
  ... minimum area retiming step 1 done.
  Beginning minimum area retiming step 2 ...
  5% 10% 15% 20% 25% 30% 35% 40% 45% 50% 55% 60% 65% 70% 75% 80% 85% 90% 95% 100% 
  ... minimum area retiming step 2 done.
  Beginning minimum area retiming step 3 ...
  10% 20% 30% 40% 50% ... 100% 
  ... minimum area retiming step 3 done.
  Beginning final register move ...
  ... final register move done.
  Lower bound estimate = 0.83
  Critical path length = 0.83
  Clock correction = 0.13 (clock-to-Q delay = 0.09, setup = 0.04, uncertainty = 0.00)
  Retiming conv_128_32_DW_mult_pipe_J1_5 (multiplier[26].x_f_mult_inst)
  Preferred flip-flop is DFFS_X1 with setup = 0.04


  Retiming base-clock clk, rising edge.
  Beginning minimum period retiming ...
  ... minimum period retiming done.
  Beginning minimum area retiming step 1 ...
  ... minimum area retiming step 1 done.
  Beginning minimum area retiming step 2 ...
  5% 10% 15% 20% 25% 30% 35% 40% 45% 50% 55% 60% 65% 70% 75% 80% 85% 90% 95% 100% 
  ... minimum area retiming step 2 done.
  Beginning minimum area retiming step 3 ...
  10% 20% 30% 40% 50% ... 100% 
  ... minimum area retiming step 3 done.
  Beginning final register move ...
  ... final register move done.
  Lower bound estimate = 0.87
  Critical path length = 0.87
  Clock correction = 0.13 (clock-to-Q delay = 0.09, setup = 0.04, uncertainty = 0.00)
  Retiming conv_128_32_DW_mult_pipe_J1_6 (multiplier[25].x_f_mult_inst)
  Preferred flip-flop is DFFS_X1 with setup = 0.04


  Retiming base-clock clk, rising edge.
  Beginning minimum period retiming ...
  ... minimum period retiming done.
  Beginning minimum area retiming step 1 ...
  ... minimum area retiming step 1 done.
  Beginning minimum area retiming step 2 ...
  5% 10% 15% 20% 25% 30% 35% 40% 45% 50% 55% 60% 65% 70% 75% 80% 85% 90% 95% 100% 
  ... minimum area retiming step 2 done.
  Beginning minimum area retiming step 3 ...
  10% 20% 30% 40% 50% ... 100% 
  ... minimum area retiming step 3 done.
  Beginning final register move ...
  ... final register move done.
  Lower bound estimate = 0.86
  Critical path length = 0.86
  Clock correction = 0.13 (clock-to-Q delay = 0.09, setup = 0.04, uncertainty = 0.00)
  Retiming conv_128_32_DW_mult_pipe_J1_7 (multiplier[24].x_f_mult_inst)
  Preferred flip-flop is DFFS_X1 with setup = 0.04


  Retiming base-clock clk, rising edge.
  Beginning minimum period retiming ...
  ... minimum period retiming done.
  Beginning minimum area retiming step 1 ...
  ... minimum area retiming step 1 done.
  Beginning minimum area retiming step 2 ...
  5% 10% 15% 20% 25% 30% 35% 40% 45% 50% 55% 60% 65% 70% 75% 80% 85% 90% 95% 100% 
  ... minimum area retiming step 2 done.
  Beginning minimum area retiming step 3 ...
  10% 20% 30% 40% 50% ... 100% 
  ... minimum area retiming step 3 done.
  Beginning final register move ...
  ... final register move done.
  Lower bound estimate = 0.87
  Critical path length = 0.87
  Clock correction = 0.13 (clock-to-Q delay = 0.09, setup = 0.04, uncertainty = 0.00)
  Retiming conv_128_32_DW_mult_pipe_J1_8 (multiplier[23].x_f_mult_inst)
  Preferred flip-flop is DFFS_X1 with setup = 0.04


  Retiming base-clock clk, rising edge.
  Beginning minimum period retiming ...
  ... minimum period retiming done.
  Beginning minimum area retiming step 1 ...
  ... minimum area retiming step 1 done.
  Beginning minimum area retiming step 2 ...
  5% 10% 15% 20% 25% 30% 35% 40% 45% 50% 55% 60% 65% 70% 75% 80% 85% 90% 95% 100% 
  ... minimum area retiming step 2 done.
  Beginning minimum area retiming step 3 ...
  10% 20% 30% 40% 50% ... 100% 
  ... minimum area retiming step 3 done.
  Beginning final register move ...
  ... final register move done.
  Lower bound estimate = 0.86
  Critical path length = 0.86
  Clock correction = 0.13 (clock-to-Q delay = 0.09, setup = 0.04, uncertainty = 0.00)
  Retiming conv_128_32_DW_mult_pipe_J1_9 (multiplier[22].x_f_mult_inst)
  Preferred flip-flop is DFFS_X1 with setup = 0.04


  Retiming base-clock clk, rising edge.
  Beginning minimum period retiming ...
  ... minimum period retiming done.
  Beginning minimum area retiming step 1 ...
  ... minimum area retiming step 1 done.
  Beginning minimum area retiming step 2 ...
  5% 10% 15% 20% 25% 30% 35% 40% 45% 50% 55% 60% 65% 70% 75% 80% 85% 90% 95% 100% 
  ... minimum area retiming step 2 done.
  Beginning minimum area retiming step 3 ...
  10% 20% 30% 40% 50% ... 100% 
  ... minimum area retiming step 3 done.
  Beginning final register move ...
  ... final register move done.
  Lower bound estimate = 0.82
  Critical path length = 0.82
  Clock correction = 0.13 (clock-to-Q delay = 0.09, setup = 0.04, uncertainty = 0.00)
  Retiming conv_128_32_DW_mult_pipe_J1_10 (multiplier[21].x_f_mult_inst)
  Preferred flip-flop is DFFS_X1 with setup = 0.04


  Retiming base-clock clk, rising edge.
  Beginning minimum period retiming ...
  ... minimum period retiming done.
  Beginning minimum area retiming step 1 ...
  ... minimum area retiming step 1 done.
  Beginning minimum area retiming step 2 ...
  5% 10% 15% 20% 25% 30% 35% 40% 45% 50% 55% 60% 65% 70% 75% 80% 85% 90% 95% 100% 
  ... minimum area retiming step 2 done.
  Beginning minimum area retiming step 3 ...
  10% 20% 30% 40% 50% ... 100% 
  ... minimum area retiming step 3 done.
  Beginning final register move ...
  ... final register move done.
  Lower bound estimate = 0.87
  Critical path length = 0.87
  Clock correction = 0.13 (clock-to-Q delay = 0.09, setup = 0.04, uncertainty = 0.00)
  Retiming conv_128_32_DW_mult_pipe_J1_11 (multiplier[20].x_f_mult_inst)
  Preferred flip-flop is DFFS_X1 with setup = 0.04


  Retiming base-clock clk, rising edge.
  Beginning minimum period retiming ...
  ... minimum period retiming done.
  Beginning minimum area retiming step 1 ...
  ... minimum area retiming step 1 done.
  Beginning minimum area retiming step 2 ...
  5% 10% 15% 20% 25% 30% 35% 40% 45% 50% 55% 60% 65% 70% 75% 80% 85% 90% 95% 100% 
  ... minimum area retiming step 2 done.
  Beginning minimum area retiming step 3 ...
  10% 20% 30% 40% 50% ... 100% 
  ... minimum area retiming step 3 done.
  Beginning final register move ...
  ... final register move done.
  Lower bound estimate = 0.86
  Critical path length = 0.86
  Clock correction = 0.13 (clock-to-Q delay = 0.09, setup = 0.04, uncertainty = 0.00)
  Retiming conv_128_32_DW_mult_pipe_J1_12 (multiplier[19].x_f_mult_inst)
  Preferred flip-flop is DFFS_X1 with setup = 0.04


  Retiming base-clock clk, rising edge.
  Beginning minimum period retiming ...
  ... minimum period retiming done.
  Beginning minimum area retiming step 1 ...
  ... minimum area retiming step 1 done.
  Beginning minimum area retiming step 2 ...
  5% 10% 15% 20% 25% 30% 35% 40% 45% 50% 55% 60% 65% 70% 75% 80% 85% 90% 95% 100% 
  ... minimum area retiming step 2 done.
  Beginning minimum area retiming step 3 ...
  10% 20% 30% 40% 50% ... 100% 
  ... minimum area retiming step 3 done.
  Beginning final register move ...
  ... final register move done.
  Lower bound estimate = 0.83
  Critical path length = 0.83
  Clock correction = 0.13 (clock-to-Q delay = 0.09, setup = 0.04, uncertainty = 0.00)
  Retiming conv_128_32_DW_mult_pipe_J1_13 (multiplier[18].x_f_mult_inst)
  Preferred flip-flop is DFFS_X1 with setup = 0.04


  Retiming base-clock clk, rising edge.
  Beginning minimum period retiming ...
  ... minimum period retiming done.
  Beginning minimum area retiming step 1 ...
  ... minimum area retiming step 1 done.
  Beginning minimum area retiming step 2 ...
  5% 10% 15% 20% 25% 30% 35% 40% 45% 50% 55% 60% 65% 70% 75% 80% 85% 90% 95% 100% 
  ... minimum area retiming step 2 done.
  Beginning minimum area retiming step 3 ...
  10% 20% 30% 40% 50% ... 100% 
  ... minimum area retiming step 3 done.
  Beginning final register move ...
  ... final register move done.
  Lower bound estimate = 0.87
  Critical path length = 0.87
  Clock correction = 0.13 (clock-to-Q delay = 0.09, setup = 0.04, uncertainty = 0.00)
  Retiming conv_128_32_DW_mult_pipe_J1_14 (multiplier[17].x_f_mult_inst)
  Preferred flip-flop is DFFS_X1 with setup = 0.04


  Retiming base-clock clk, rising edge.
  Beginning minimum period retiming ...
  ... minimum period retiming done.
  Beginning minimum area retiming step 1 ...
  ... minimum area retiming step 1 done.
  Beginning minimum area retiming step 2 ...
  5% 10% 15% 20% 25% 30% 35% 40% 45% 50% 55% 60% 65% 70% 75% 80% 85% 90% 95% 100% 
  ... minimum area retiming step 2 done.
  Beginning minimum area retiming step 3 ...
  10% 20% 30% 40% 50% ... 100% 
  ... minimum area retiming step 3 done.
  Beginning final register move ...
  ... final register move done.
  Lower bound estimate = 0.86
  Critical path length = 0.86
  Clock correction = 0.13 (clock-to-Q delay = 0.09, setup = 0.04, uncertainty = 0.00)
  Retiming conv_128_32_DW_mult_pipe_J1_15 (multiplier[16].x_f_mult_inst)
  Preferred flip-flop is DFFS_X1 with setup = 0.04


  Retiming base-clock clk, rising edge.
  Beginning minimum period retiming ...
  ... minimum period retiming done.
  Beginning minimum area retiming step 1 ...
  ... minimum area retiming step 1 done.
  Beginning minimum area retiming step 2 ...
  5% 10% 15% 20% 25% 30% 35% 40% 45% 50% 55% 60% 65% 70% 75% 80% 85% 90% 95% 100% 
  ... minimum area retiming step 2 done.
  Beginning minimum area retiming step 3 ...
  10% 20% 30% 40% 50% ... 100% 
  ... minimum area retiming step 3 done.
  Beginning final register move ...
  ... final register move done.
  Lower bound estimate = 0.83
  Critical path length = 0.83
  Clock correction = 0.13 (clock-to-Q delay = 0.09, setup = 0.04, uncertainty = 0.00)
  Retiming conv_128_32_DW_mult_pipe_J1_16 (multiplier[15].x_f_mult_inst)
  Preferred flip-flop is DFFS_X1 with setup = 0.04


  Retiming base-clock clk, rising edge.
  Beginning minimum period retiming ...
  ... minimum period retiming done.
  Beginning minimum area retiming step 1 ...
  ... minimum area retiming step 1 done.
  Beginning minimum area retiming step 2 ...
  5% 10% 15% 20% 25% 30% 35% 40% 45% 50% 55% 60% 65% 70% 75% 80% 85% 90% 95% 100% 
  ... minimum area retiming step 2 done.
  Beginning minimum area retiming step 3 ...
  10% 20% 30% 40% 50% ... 100% 
  ... minimum area retiming step 3 done.
  Beginning final register move ...
  ... final register move done.
  Lower bound estimate = 0.87
  Critical path length = 0.87
  Clock correction = 0.13 (clock-to-Q delay = 0.09, setup = 0.04, uncertainty = 0.00)
  Retiming conv_128_32_DW_mult_pipe_J1_17 (multiplier[14].x_f_mult_inst)
  Preferred flip-flop is DFFS_X1 with setup = 0.04


  Retiming base-clock clk, rising edge.
  Beginning minimum period retiming ...
  ... minimum period retiming done.
  Beginning minimum area retiming step 1 ...
  ... minimum area retiming step 1 done.
  Beginning minimum area retiming step 2 ...
  5% 10% 15% 20% 25% 30% 35% 40% 45% 50% 55% 60% 65% 70% 75% 80% 85% 90% 95% 100% 
  ... minimum area retiming step 2 done.
  Beginning minimum area retiming step 3 ...
  10% 20% 30% 40% 50% ... 100% 
  ... minimum area retiming step 3 done.
  Beginning final register move ...
  ... final register move done.
  Lower bound estimate = 0.82
  Critical path length = 0.82
  Clock correction = 0.13 (clock-to-Q delay = 0.09, setup = 0.04, uncertainty = 0.00)
  Retiming conv_128_32_DW_mult_pipe_J1_18 (multiplier[13].x_f_mult_inst)
  Preferred flip-flop is DFFS_X1 with setup = 0.04


  Retiming base-clock clk, rising edge.
  Beginning minimum period retiming ...
  ... minimum period retiming done.
  Beginning minimum area retiming step 1 ...
  ... minimum area retiming step 1 done.
  Beginning minimum area retiming step 2 ...
  5% 10% 15% 20% 25% 30% 35% 40% 45% 50% 55% 60% 65% 70% 75% 80% 85% 90% 95% 100% 
  ... minimum area retiming step 2 done.
  Beginning minimum area retiming step 3 ...
  10% 20% 30% 40% 50% ... 100% 
  ... minimum area retiming step 3 done.
  Beginning final register move ...
  ... final register move done.
  Lower bound estimate = 0.87
  Critical path length = 0.87
  Clock correction = 0.13 (clock-to-Q delay = 0.09, setup = 0.04, uncertainty = 0.00)
  Retiming conv_128_32_DW_mult_pipe_J1_19 (multiplier[12].x_f_mult_inst)
  Preferred flip-flop is DFFS_X1 with setup = 0.04


  Retiming base-clock clk, rising edge.
  Beginning minimum period retiming ...
  ... minimum period retiming done.
  Beginning minimum area retiming step 1 ...
  ... minimum area retiming step 1 done.
  Beginning minimum area retiming step 2 ...
  5% 10% 15% 20% 25% 30% 35% 40% 45% 50% 55% 60% 65% 70% 75% 80% 85% 90% 95% 100% 
  ... minimum area retiming step 2 done.
  Beginning minimum area retiming step 3 ...
  10% 20% 30% 40% 50% ... 100% 
  ... minimum area retiming step 3 done.
  Beginning final register move ...
  ... final register move done.
  Lower bound estimate = 0.86
  Critical path length = 0.86
  Clock correction = 0.13 (clock-to-Q delay = 0.09, setup = 0.04, uncertainty = 0.00)
  Retiming conv_128_32_DW_mult_pipe_J1_20 (multiplier[11].x_f_mult_inst)
  Preferred flip-flop is DFFS_X1 with setup = 0.04


  Retiming base-clock clk, rising edge.
  Beginning minimum period retiming ...
  ... minimum period retiming done.
  Beginning minimum area retiming step 1 ...
  ... minimum area retiming step 1 done.
  Beginning minimum area retiming step 2 ...
  5% 10% 15% 20% 25% 30% 35% 40% 45% 50% 55% 60% 65% 70% 75% 80% 85% 90% 95% 100% 
  ... minimum area retiming step 2 done.
  Beginning minimum area retiming step 3 ...
  10% 20% 30% 40% 50% ... 100% 
  ... minimum area retiming step 3 done.
  Beginning final register move ...
  ... final register move done.
  Lower bound estimate = 0.83
  Critical path length = 0.83
  Clock correction = 0.13 (clock-to-Q delay = 0.09, setup = 0.04, uncertainty = 0.00)
  Retiming conv_128_32_DW_mult_pipe_J1_21 (multiplier[10].x_f_mult_inst)
  Preferred flip-flop is DFFS_X1 with setup = 0.04


  Retiming base-clock clk, rising edge.
  Beginning minimum period retiming ...
  ... minimum period retiming done.
  Beginning minimum area retiming step 1 ...
  ... minimum area retiming step 1 done.
  Beginning minimum area retiming step 2 ...
  5% 10% 15% 20% 25% 30% 35% 40% 45% 50% 55% 60% 65% 70% 75% 80% 85% 90% 95% 100% 
  ... minimum area retiming step 2 done.
  Beginning minimum area retiming step 3 ...
  10% 20% 30% 40% 50% ... 100% 
  ... minimum area retiming step 3 done.
  Beginning final register move ...
  ... final register move done.
  Lower bound estimate = 0.87
  Critical path length = 0.87
  Clock correction = 0.13 (clock-to-Q delay = 0.09, setup = 0.04, uncertainty = 0.00)
  Retiming conv_128_32_DW_mult_pipe_J1_22 (multiplier[9].x_f_mult_inst)
  Preferred flip-flop is DFFS_X1 with setup = 0.04


  Retiming base-clock clk, rising edge.
  Beginning minimum period retiming ...
  ... minimum period retiming done.
  Beginning minimum area retiming step 1 ...
  ... minimum area retiming step 1 done.
  Beginning minimum area retiming step 2 ...
  5% 10% 15% 20% 25% 30% 35% 40% 45% 50% 55% 60% 65% 70% 75% 80% 85% 90% 95% 100% 
  ... minimum area retiming step 2 done.
  Beginning minimum area retiming step 3 ...
  10% 20% 30% 40% 50% ... 100% 
  ... minimum area retiming step 3 done.
  Beginning final register move ...
  ... final register move done.
  Lower bound estimate = 0.86
  Critical path length = 0.86
  Clock correction = 0.13 (clock-to-Q delay = 0.09, setup = 0.04, uncertainty = 0.00)
  Retiming conv_128_32_DW_mult_pipe_J1_23 (multiplier[8].x_f_mult_inst)
  Preferred flip-flop is DFFS_X1 with setup = 0.04


  Retiming base-clock clk, rising edge.
  Beginning minimum period retiming ...
  ... minimum period retiming done.
  Beginning minimum area retiming step 1 ...
  ... minimum area retiming step 1 done.
  Beginning minimum area retiming step 2 ...
  5% 10% 15% 20% 25% 30% 35% 40% 45% 50% 55% 60% 65% 70% 75% 80% 85% 90% 95% 100% 
  ... minimum area retiming step 2 done.
  Beginning minimum area retiming step 3 ...
  10% 20% 30% 40% 50% ... 100% 
  ... minimum area retiming step 3 done.
  Beginning final register move ...
  ... final register move done.
  Lower bound estimate = 0.83
  Critical path length = 0.83
  Clock correction = 0.13 (clock-to-Q delay = 0.09, setup = 0.04, uncertainty = 0.00)
  Retiming conv_128_32_DW_mult_pipe_J1_24 (multiplier[7].x_f_mult_inst)
  Preferred flip-flop is DFFS_X1 with setup = 0.04


  Retiming base-clock clk, rising edge.
  Beginning minimum period retiming ...
  ... minimum period retiming done.
  Beginning minimum area retiming step 1 ...
  ... minimum area retiming step 1 done.
  Beginning minimum area retiming step 2 ...
  5% 10% 15% 20% 25% 30% 35% 40% 45% 50% 55% 60% 65% 70% 75% 80% 85% 90% 95% 100% 
  ... minimum area retiming step 2 done.
  Beginning minimum area retiming step 3 ...
  10% 20% 30% 40% 50% ... 100% 
  ... minimum area retiming step 3 done.
  Beginning final register move ...
  ... final register move done.
  Lower bound estimate = 0.87
  Critical path length = 0.87
  Clock correction = 0.13 (clock-to-Q delay = 0.09, setup = 0.04, uncertainty = 0.00)
  Retiming conv_128_32_DW_mult_pipe_J1_25 (multiplier[6].x_f_mult_inst)
  Preferred flip-flop is DFFS_X1 with setup = 0.04


  Retiming base-clock clk, rising edge.
  Beginning minimum period retiming ...
  ... minimum period retiming done.
  Beginning minimum area retiming step 1 ...
  ... minimum area retiming step 1 done.
  Beginning minimum area retiming step 2 ...
  5% 10% 15% 20% 25% 30% 35% 40% 45% 50% 55% 60% 65% 70% 75% 80% 85% 90% 95% 100% 
  ... minimum area retiming step 2 done.
  Beginning minimum area retiming step 3 ...
  10% 20% 30% 40% 50% ... 100% 
  ... minimum area retiming step 3 done.
  Beginning final register move ...
  ... final register move done.
  Lower bound estimate = 0.86
  Critical path length = 0.86
  Clock correction = 0.13 (clock-to-Q delay = 0.09, setup = 0.04, uncertainty = 0.00)
  Retiming conv_128_32_DW_mult_pipe_J1_26 (multiplier[5].x_f_mult_inst)
  Preferred flip-flop is DFFS_X1 with setup = 0.04


  Retiming base-clock clk, rising edge.
  Beginning minimum period retiming ...
  ... minimum period retiming done.
  Beginning minimum area retiming step 1 ...
  ... minimum area retiming step 1 done.
  Beginning minimum area retiming step 2 ...
  5% 10% 15% 20% 25% 30% 35% 40% 45% 50% 55% 60% 65% 70% 75% 80% 85% 90% 95% 100% 
  ... minimum area retiming step 2 done.
  Beginning minimum area retiming step 3 ...
  10% 20% 30% 40% 50% ... 100% 
  ... minimum area retiming step 3 done.
  Beginning final register move ...
  ... final register move done.
  Lower bound estimate = 0.86
  Critical path length = 0.86
  Clock correction = 0.13 (clock-to-Q delay = 0.09, setup = 0.04, uncertainty = 0.00)
  Retiming conv_128_32_DW_mult_pipe_J1_27 (multiplier[4].x_f_mult_inst)
  Preferred flip-flop is DFFS_X1 with setup = 0.04


  Retiming base-clock clk, rising edge.
  Beginning minimum period retiming ...
  ... minimum period retiming done.
  Beginning minimum area retiming step 1 ...
  ... minimum area retiming step 1 done.
  Beginning minimum area retiming step 2 ...
  5% 10% 15% 20% 25% 30% 35% 40% 45% 50% 55% 60% 65% 70% 75% 80% 85% 90% 95% 100% 
  ... minimum area retiming step 2 done.
  Beginning minimum area retiming step 3 ...
  10% 20% 30% 40% 50% ... 100% 
  ... minimum area retiming step 3 done.
  Beginning final register move ...
  ... final register move done.
  Lower bound estimate = 0.83
  Critical path length = 0.83
  Clock correction = 0.13 (clock-to-Q delay = 0.09, setup = 0.04, uncertainty = 0.00)
  Retiming conv_128_32_DW_mult_pipe_J1_28 (multiplier[3].x_f_mult_inst)
  Preferred flip-flop is DFFS_X1 with setup = 0.04


  Retiming base-clock clk, rising edge.
  Beginning minimum period retiming ...
  ... minimum period retiming done.
  Beginning minimum area retiming step 1 ...
  ... minimum area retiming step 1 done.
  Beginning minimum area retiming step 2 ...
  5% 10% 15% 20% 25% 30% 35% 40% 45% 50% 55% 60% 65% 70% 75% 80% 85% 90% 95% 100% 
  ... minimum area retiming step 2 done.
  Beginning minimum area retiming step 3 ...
  10% 20% 30% 40% 50% ... 100% 
  ... minimum area retiming step 3 done.
  Beginning final register move ...
  ... final register move done.
  Lower bound estimate = 0.87
  Critical path length = 0.87
  Clock correction = 0.13 (clock-to-Q delay = 0.09, setup = 0.04, uncertainty = 0.00)
  Retiming conv_128_32_DW_mult_pipe_J1_29 (multiplier[2].x_f_mult_inst)
  Preferred flip-flop is DFFS_X1 with setup = 0.04


  Retiming base-clock clk, rising edge.
  Beginning minimum period retiming ...
  ... minimum period retiming done.
  Beginning minimum area retiming step 1 ...
  ... minimum area retiming step 1 done.
  Beginning minimum area retiming step 2 ...
  5% 10% 15% 20% 25% 30% 35% 40% 45% 50% 55% 60% 65% 70% 75% 80% 85% 90% 95% 100% 
  ... minimum area retiming step 2 done.
  Beginning minimum area retiming step 3 ...
  10% 20% 30% 40% 50% ... 100% 
  ... minimum area retiming step 3 done.
  Beginning final register move ...
  ... final register move done.
  Lower bound estimate = 0.86
  Critical path length = 0.86
  Clock correction = 0.13 (clock-to-Q delay = 0.09, setup = 0.04, uncertainty = 0.00)
  Retiming conv_128_32_DW_mult_pipe_J1_30 (multiplier[1].x_f_mult_inst)
  Preferred flip-flop is DFFS_X1 with setup = 0.04


  Retiming base-clock clk, rising edge.
  Beginning minimum period retiming ...
  ... minimum period retiming done.
  Beginning minimum area retiming step 1 ...
  ... minimum area retiming step 1 done.
  Beginning minimum area retiming step 2 ...
  5% 10% 15% 20% 25% 30% 35% 40% 45% 50% 55% 60% 65% 70% 75% 80% 85% 90% 95% 100% 
  ... minimum area retiming step 2 done.
  Beginning minimum area retiming step 3 ...
  10% 20% 30% 40% 50% ... 100% 
  ... minimum area retiming step 3 done.
  Beginning final register move ...
  ... final register move done.
  Lower bound estimate = 0.87
  Critical path length = 0.87
  Clock correction = 0.13 (clock-to-Q delay = 0.09, setup = 0.04, uncertainty = 0.00)
  Retiming conv_128_32_DW_mult_pipe_J1_31 (multiplier[0].x_f_mult_inst)
  Preferred flip-flop is DFFS_X1 with setup = 0.04


  Retiming base-clock clk, rising edge.
  Beginning minimum period retiming ...
  ... minimum period retiming done.
  Beginning minimum area retiming step 1 ...
  ... minimum area retiming step 1 done.
  Beginning minimum area retiming step 2 ...
  5% 10% 15% 20% 25% 30% 35% 40% 45% 50% 55% 60% 65% 70% 75% 80% 85% 90% 95% 100% 
  ... minimum area retiming step 2 done.
  Beginning minimum area retiming step 3 ...
  10% 20% 30% 40% 50% ... 100% 
  ... minimum area retiming step 3 done.
  Beginning final register move ...
  ... final register move done.
  Lower bound estimate = 0.86
  Critical path length = 0.86
  Clock correction = 0.13 (clock-to-Q delay = 0.09, setup = 0.04, uncertainty = 0.00)
  Mapping Optimization (Phase 2)

                                  TOTAL                                                
   ELAPSED            WORST NEG   SETUP    DESIGN                              LEAKAGE 
    TIME      AREA      SLACK     COST    RULE COST         ENDPOINT            POWER  
  --------- --------- --------- --------- --------- ------------------------- ---------
    0:00:58   45398.5      0.18     293.6       0.0 adder_stage1_reg[9][15]/D 1060031.8750
    0:00:58   45398.5      0.18     293.6       0.0 adder_stage1_reg[9][15]/D 1060031.8750
    0:00:59   45098.7      0.16     238.4       0.0 multiplier[18].x_f_mult_inst/mult_x_1/clk_r_REG7_S2/SE 1050523.8750
    0:01:00   44849.2      0.14     177.4       0.0 multiplier[4].x_f_mult_inst/mult_x_1/clk_r_REG13_S2/SE 1042570.1875
    0:01:04   44511.6      0.19     173.9       0.2                           1032632.8125
    0:01:04   44511.6      0.19     173.9       0.2                           1032632.8125
    0:01:04   44511.6      0.19     173.9       0.2                           1032632.8125
    0:01:04   44511.6      0.16     173.4       0.0                           1032643.7500
  Re-synthesis Optimization (Phase 1)
  Re-synthesis Optimization (Phase 2)
  Global Optimization (Phase 1)
  Global Optimization (Phase 2)
  Global Optimization (Phase 3)
  Global Optimization (Phase 4)
  Global Optimization (Phase 5)
  Global Optimization (Phase 6)
  Global Optimization (Phase 7)
  Global Optimization (Phase 8)
  Global Optimization (Phase 9)
  Global Optimization (Phase 10)
  Global Optimization (Phase 11)
  Global Optimization (Phase 12)
  Global Optimization (Phase 13)
  Global Optimization (Phase 14)
  Global Optimization (Phase 15)
  Global Optimization (Phase 16)
  Global Optimization (Phase 17)
  Global Optimization (Phase 18)
  Global Optimization (Phase 19)
  Global Optimization (Phase 20)
  Global Optimization (Phase 21)
  Global Optimization (Phase 22)
  Global Optimization (Phase 23)
  Global Optimization (Phase 24)
  Global Optimization (Phase 25)
  Global Optimization (Phase 26)
  Global Optimization (Phase 27)
  Global Optimization (Phase 28)
  Global Optimization (Phase 29)
  Global Optimization (Phase 30)
  Global Optimization (Phase 31)
  Mapping 'conv_128_32_DW01_add_31'
    0:01:14   37178.0      0.12      89.9       0.0                           759730.6250



  Beginning Delay Optimization Phase
  ----------------------------------

                                  TOTAL                                                
   ELAPSED            WORST NEG   SETUP    DESIGN                              LEAKAGE 
    TIME      AREA      SLACK     COST    RULE COST         ENDPOINT            POWER  
  --------- --------- --------- --------- --------- ------------------------- ---------
    0:01:14   37178.0      0.12      89.9       0.0                           759730.6250
    0:01:14   37178.0      0.12      89.9       0.0                           759730.6250
    0:01:15   37215.3      0.12      95.3       0.0                           761751.7500
    0:01:15   37215.3      0.12      95.3       0.0                           761751.7500
    0:01:16   37523.3      0.09      30.4       0.0                           771846.3125
    0:01:16   37523.3      0.09      30.4       0.0                           771846.3125
    0:01:16   37523.3      0.09      30.4       0.0                           771846.3125
    0:01:16   37523.3      0.09      30.4       0.0                           771846.3125
    0:01:16   37523.3      0.09      30.4       0.0                           771846.3125
    0:01:16   37523.3      0.09      30.4       0.0                           771846.3125
    0:01:18   37904.5      0.06      20.9       0.0                           785254.0625
    0:01:18   37904.5      0.06      20.9       0.0                           785254.0625
    0:01:19   37978.7      0.06      20.1       0.0                           787601.6875

  Beginning Delay Optimization
  ----------------------------
    0:01:19   37978.7      0.06      20.1       0.0                           787601.6875
    0:01:23   38441.8      0.04      12.5       0.0                           803604.8750
    0:01:23   38441.8      0.04      12.5       0.0                           803604.8750
    0:01:23   38441.8      0.04      12.5       0.0                           803604.8750
    0:01:23   38441.8      0.04      12.5       0.0                           803604.8750
    0:01:24   38441.8      0.04      12.5       0.0                           803604.8750
    0:01:24   38441.8      0.04      12.5       0.0                           803604.8750
    0:01:24   38441.8      0.04      12.5       0.0                           803604.8750
    0:01:26   38437.3      0.03       7.5       0.0 multiplier[27].x_f_mult_inst/mult_x_1/clk_r_REG14_S2/SE 802995.3125
    0:01:26   38427.7      0.03       5.8       0.0                           802384.6250
    0:01:27   38475.8      0.03       5.5       0.0                           803836.1250

                                  TOTAL                                                
   ELAPSED            WORST NEG   SETUP    DESIGN                              LEAKAGE 
    TIME      AREA      SLACK     COST    RULE COST         ENDPOINT            POWER  
  --------- --------- --------- --------- --------- ------------------------- ---------
    0:01:27   38475.8      0.03       5.5       0.0                           803836.1250
    0:01:28   38303.7      0.03       5.6       0.0                           799162.5000


  Beginning Leakage Power Optimization  (max_leakage_power 0)
  ------------------------------------

                                  TOTAL                                                
   ELAPSED            WORST NEG   SETUP    DESIGN                              LEAKAGE 
    TIME      AREA      SLACK     COST    RULE COST         ENDPOINT            POWER  
  --------- --------- --------- --------- --------- ------------------------- ---------
    0:01:31   37976.3      0.03       5.0       0.0                           792569.5625
  Global Optimization (Phase 32)
  Global Optimization (Phase 33)
  Global Optimization (Phase 34)
  Global Optimization (Phase 35)
  Global Optimization (Phase 36)
  Global Optimization (Phase 37)
  Global Optimization (Phase 38)
  Global Optimization (Phase 39)
  Global Optimization (Phase 40)
  Global Optimization (Phase 41)
  Global Optimization (Phase 42)
  Global Optimization (Phase 43)
  Global Optimization (Phase 44)
  Global Optimization (Phase 45)
  Global Optimization (Phase 46)
  Global Optimization (Phase 47)
  Global Optimization (Phase 48)
  Global Optimization (Phase 49)
  Global Optimization (Phase 50)
    0:01:37   36983.3      0.00       0.0       0.0                           754800.5000
    0:01:37   36983.3      0.00       0.0       0.0                           754800.5000
    0:01:37   36983.3      0.00       0.0       0.0                           754800.5000
    0:01:38   36960.7      0.00       0.0       0.0                           753479.9375
    0:01:38   36960.7      0.00       0.0       0.0                           753479.9375
    0:01:38   36960.7      0.00       0.0       0.0                           753479.9375
    0:01:38   36960.7      0.00       0.0       0.0                           753479.9375
    0:01:38   36960.7      0.00       0.0       0.0                           753479.9375
    0:01:38   36960.7      0.00       0.0       0.0                           753479.9375
    0:01:38   36960.7      0.00       0.0       0.0                           753479.9375
    0:01:38   36960.7      0.00       0.0       0.0                           753479.9375
    0:01:38   36960.7      0.00       0.0       0.0                           753479.9375
    0:01:38   36960.7      0.00       0.0       0.0                           753479.9375
    0:01:38   36960.7      0.00       0.0       0.0                           753479.9375
    0:01:38   36960.7      0.00       0.0       0.0                           753479.9375
    0:01:38   36960.7      0.00       0.0       0.0                           753479.9375
    0:01:38   36960.7      0.00       0.0       0.0                           753479.9375
    0:01:38   36960.7      0.00       0.0       0.0                           753479.9375
    0:01:38   36960.7      0.00       0.0       0.0                           753479.9375
    0:01:38   36960.7      0.00       0.0       0.0                           753479.9375
    0:01:38   36960.7      0.00       0.0       0.0                           753479.9375
    0:01:38   36960.7      0.00       0.0       0.0                           753479.9375

                                  TOTAL                                                
   ELAPSED            WORST NEG   SETUP    DESIGN                              LEAKAGE 
    TIME      AREA      SLACK     COST    RULE COST         ENDPOINT            POWER  
  --------- --------- --------- --------- --------- ------------------------- ---------
    0:01:40   36960.7      0.00       0.0       0.0                           753479.9375
    0:01:41   36870.5      0.00       0.1       0.0                           750005.9375
    0:01:41   36883.0      0.00       0.0       0.0                           750677.1250
    0:01:41   36883.0      0.00       0.0       0.0                           750677.1250
    0:01:42   36881.7      0.00       0.0       0.0                           750526.8125
    0:01:44   36812.0      0.00       0.0       0.0                           747732.4375
    0:01:44   36812.0      0.00       0.0       0.0                           747732.4375
    0:01:45   36797.9      0.00       0.0       0.0                           747005.3750
Loading db file '/home/home4/pmilder/ese507/synthesis/lib/NangateOpenCellLibrary_typical.db'


Note: Symbol # after min delay cost means estimated hold TNS across all active scenarios 


  Optimization Complete
  ---------------------
Warning: Design 'conv_128_32' contains 1 high-fanout nets. A fanout number of 1000 will be used for delay calculations involving these nets. (TIM-134)
     Net 'multiplier[0].x_f_mult_inst/clk': 2998 load(s), 1 driver(s)
Information: State dependent leakage is now switched from off to on.
Information: Propagating switching activity (low effort zero delay simulation). (PWR-6)
1
report_area
 
****************************************
Report : area
Design : conv_128_32
Version: J-2014.09-SP5-2
Date   : Fri Nov  8 11:43:05 2019
****************************************

Information: Updating design information... (UID-85)
Warning: Design 'conv_128_32' contains 1 high-fanout nets. A fanout number of 1000 will be used for delay calculations involving these nets. (TIM-134)
Library(s) Used:

    NangateOpenCellLibrary (File: /home/home4/pmilder/ese507/synthesis/lib/NangateOpenCellLibrary_typical.db)

Number of ports:                           45
Number of nets:                          9166
Number of cells:                         8508
Number of combinational cells:           6863
Number of sequential cells:              1613
Number of macros/black boxes:               0
Number of buf/inv:                       2083
Number of references:                      65

Combinational area:              21024.639969
Buf/Inv area:                     1911.742012
Noncombinational area:           15773.267774
Macro/Black Box area:                0.000000
Net Interconnect area:      undefined  (Wire load has zero net area)

Total cell area:                 36797.907743
Total area:                 undefined
1
report_power
 
****************************************
Report : power
        -analysis_effort low
Design : conv_128_32
Version: J-2014.09-SP5-2
Date   : Fri Nov  8 11:43:06 2019
****************************************


Library(s) Used:

    NangateOpenCellLibrary (File: /home/home4/pmilder/ese507/synthesis/lib/NangateOpenCellLibrary_typical.db)


Operating Conditions: typical   Library: NangateOpenCellLibrary
Wire Load Model Mode: top

Design        Wire Load Model            Library
------------------------------------------------
conv_128_32            5K_hvratio_1_1    NangateOpenCellLibrary


Global Operating Voltage = 1.1  
Power-specific unit information :
    Voltage Units = 1V
    Capacitance Units = 1.000000ff
    Time Units = 1ns
    Dynamic Power Units = 1uW    (derived from V,C,T units)
    Leakage Power Units = 1nW


  Cell Internal Power  =  22.4123 mW   (99%)
  Net Switching Power  = 241.2818 uW    (1%)
                         ---------
Total Dynamic Power    =  22.6536 mW  (100%)

Cell Leakage Power     = 751.9434 uW


                 Internal         Switching           Leakage            Total
Power Group      Power            Power               Power              Power   (   %    )  Attrs
--------------------------------------------------------------------------------------------------
io_pad             0.0000            0.0000            0.0000            0.0000  (   0.00%)
memory             0.0000            0.0000            0.0000            0.0000  (   0.00%)
black_box          0.0000            0.0000            0.0000            0.0000  (   0.00%)
clock_network      0.0000            0.0000            0.0000            0.0000  (   0.00%)
register       2.2319e+04           59.2962        2.5914e+05        2.2638e+04  (  96.72%)
sequential         0.0000            0.0000            0.0000            0.0000  (   0.00%)
combinational     92.8505          181.9838        4.9281e+05          767.6422  (   3.28%)
--------------------------------------------------------------------------------------------------
Total          2.2412e+04 uW       241.2800 uW     7.5194e+05 nW     2.3406e+04 uW
1
report_timing
 
****************************************
Report : timing
        -path full
        -delay max
        -max_paths 1
Design : conv_128_32
Version: J-2014.09-SP5-2
Date   : Fri Nov  8 11:43:06 2019
****************************************

 # A fanout number of 1000 was used for high fanout net computations.

Operating Conditions: typical   Library: NangateOpenCellLibrary
Wire Load Model Mode: top

  Startpoint: multiplier[26].x_f_mult_inst/clk_r_REG21_S1
              (rising edge-triggered flip-flop clocked by clk)
  Endpoint: multiplier[26].x_f_mult_inst/mult_x_1/clk_r_REG6_S2
            (rising edge-triggered flip-flop clocked by clk)
  Path Group: clk
  Path Type: max

  Des/Clust/Port     Wire Load Model       Library
  ------------------------------------------------
  conv_128_32        5K_hvratio_1_1        NangateOpenCellLibrary

  Point                                                   Incr       Path
  --------------------------------------------------------------------------
  clock clk (rise edge)                                   0.00       0.00
  clock network delay (ideal)                             0.00       0.00
  multiplier[26].x_f_mult_inst/clk_r_REG21_S1/CK (SDFF_X1)
                                                          0.00 #     0.00 r
  multiplier[26].x_f_mult_inst/clk_r_REG21_S1/QN (SDFF_X1)
                                                          0.10       0.10 r
  multiplier[26].x_f_mult_inst/U27/Z (XOR2_X1)            0.08       0.18 r
  multiplier[26].x_f_mult_inst/U55/ZN (INV_X1)            0.02       0.20 f
  multiplier[26].x_f_mult_inst/U9/ZN (INV_X1)             0.07       0.28 r
  multiplier[26].x_f_mult_inst/U90/ZN (OAI22_X1)          0.05       0.33 f
  multiplier[26].x_f_mult_inst/U91/ZN (OAI21_X1)          0.04       0.37 r
  multiplier[26].x_f_mult_inst/U93/ZN (NAND2_X1)          0.03       0.40 f
  multiplier[26].x_f_mult_inst/U136/S (FA_X1)             0.13       0.53 r
  multiplier[26].x_f_mult_inst/U260/S (FA_X1)             0.11       0.65 f
  multiplier[26].x_f_mult_inst/U105/ZN (NAND2_X1)         0.03       0.68 r
  multiplier[26].x_f_mult_inst/U106/ZN (NAND2_X1)         0.03       0.70 f
  multiplier[26].x_f_mult_inst/U108/ZN (NAND2_X1)         0.03       0.73 r
  multiplier[26].x_f_mult_inst/mult_x_1/clk_r_REG6_S2/SE (SDFF_X1)
                                                          0.01       0.74 r
  data arrival time                                                  0.74

  clock clk (rise edge)                                   0.83       0.83
  clock network delay (ideal)                             0.00       0.83
  multiplier[26].x_f_mult_inst/mult_x_1/clk_r_REG6_S2/CK (SDFF_X1)
                                                          0.00       0.83 r
  library setup time                                     -0.09       0.74
  data required time                                                 0.74
  --------------------------------------------------------------------------
  data required time                                                 0.74
  data arrival time                                                 -0.74
  --------------------------------------------------------------------------
  slack (MET)                                                        0.00


1
write -f verilog $TOP_MOD_NAME -output gates.v -hierarchy
Writing verilog file '/home/home5/vgoyal/myese507/ese507_proj2/part3/DW_temp/synthesis/gates.v'.
Warning: Verilog 'assign' or 'tran' statements are written out. (VO-4)
1
quit

Thank you...
