
                      Design Compiler Graphical
                            DC Ultra (TM)
                             DFTMAX (TM)
                         Power Compiler (TM)
                           DesignWare (R)
                           DC Expert (TM)
                         Design Vision (TM)
                          HDL Compiler (TM)
                         VHDL Compiler (TM)
                            DFT Compiler
                        Library Compiler (TM)
                         Design Compiler(R)

         Version J-2014.09-SP5-2 for RHEL64 -- Jul 11, 2015
               Copyright (c) 1988-2015 Synopsys, Inc.

This software and the associated documentation are confidential and 
proprietary to Synopsys, Inc. Your use or disclosure of this software 
is subject to the terms and conditions of a written license agreement 
between you, or your company, and Synopsys, Inc.

Initializing...
##############################################
# Setup: fill out the following parameters: name of clock signal, clock period (ns),
# reset signal name (if used), name of top-level module, name of source file
set CLK_NAME "clk";
clk
set CLK_PERIOD 2.5
2.5
set RST_NAME "reset";
reset
set TOP_MOD_NAME "conv_128_32";
conv_128_32
set SRC_FILE [list "../rtl_files/conv_128_32.sv" "../rtl_files/ctrl_mem_write.sv" "../rtl_files/ctrl_conv_output.sv" "../rtl_files/memory.sv"];
../rtl_files/conv_128_32.sv ../rtl_files/ctrl_mem_write.sv ../rtl_files/ctrl_conv_output.sv ../rtl_files/memory.sv
# If you have multiple source files, change the line above to list them all like this:
# set SRC_FILE [list "file1.sv" "file2.sv"];
###############################################
source setupdc.tcl
NangateOpenCellLibrary_typical.db dw_foundation.sldb
file mkdir work_synth
define_design_lib WORK -path work_synth
1
analyze $SRC_FILE -format sverilog
Running PRESTO HDLC
Compiling source file ../rtl_files/conv_128_32.sv
Warning:  ../rtl_files/conv_128_32.sv:22: Parameter keyword used in local parameter declaration. (VER-329)
Compiling source file ../rtl_files/ctrl_mem_write.sv
Compiling source file ../rtl_files/ctrl_conv_output.sv
Compiling source file ../rtl_files/memory.sv
Presto compilation completed successfully.
Loading db file '/home/home4/pmilder/ese507/synthesis/lib/NangateOpenCellLibrary_typical.db'
Loading db file '/usr/local/synopsys/syn/libraries/syn/dw_foundation.sldb'
1
elaborate -work WORK $TOP_MOD_NAME
Loading db file '/usr/local/synopsys/syn/libraries/syn/gtech.db'
Loading db file '/usr/local/synopsys/syn/libraries/syn/standard.sldb'
  Loading link library 'NangateOpenCellLibrary'
  Loading link library 'gtech'
Running PRESTO HDLC

Inferred memory devices in process
	in routine conv_128_32 line 114 in file
		'../rtl_files/conv_128_32.sv'.
===============================================================================
|    Register Name    |   Type    | Width | Bus | MB | AR | AS | SR | SS | ST |
===============================================================================
| conv_pre_start_reg  | Flip-flop |   1   |  N  | N  | N  | N  | N  | N  | N  |
===============================================================================
Statistics for MUX_OPs
===========================================================
| block name/line  | Inputs | Outputs | # sel inputs | MB |
===========================================================
| conv_128_32/142  |  128   |    8    |      7       | N  |
| conv_128_32/142  |  128   |    8    |      7       | N  |
| conv_128_32/142  |  128   |    8    |      7       | N  |
| conv_128_32/142  |  128   |    8    |      7       | N  |
| conv_128_32/142  |  128   |    8    |      7       | N  |
| conv_128_32/142  |  128   |    8    |      7       | N  |
| conv_128_32/142  |  128   |    8    |      7       | N  |
| conv_128_32/142  |  128   |    8    |      7       | N  |
| conv_128_32/142  |  128   |    8    |      7       | N  |
| conv_128_32/142  |  128   |    8    |      7       | N  |
| conv_128_32/142  |  128   |    8    |      7       | N  |
| conv_128_32/142  |  128   |    8    |      7       | N  |
| conv_128_32/142  |  128   |    8    |      7       | N  |
| conv_128_32/142  |  128   |    8    |      7       | N  |
| conv_128_32/142  |  128   |    8    |      7       | N  |
| conv_128_32/142  |  128   |    8    |      7       | N  |
| conv_128_32/142  |  128   |    8    |      7       | N  |
| conv_128_32/142  |  128   |    8    |      7       | N  |
| conv_128_32/142  |  128   |    8    |      7       | N  |
| conv_128_32/142  |  128   |    8    |      7       | N  |
| conv_128_32/142  |  128   |    8    |      7       | N  |
| conv_128_32/142  |  128   |    8    |      7       | N  |
| conv_128_32/142  |  128   |    8    |      7       | N  |
| conv_128_32/142  |  128   |    8    |      7       | N  |
| conv_128_32/142  |  128   |    8    |      7       | N  |
| conv_128_32/142  |  128   |    8    |      7       | N  |
| conv_128_32/142  |  128   |    8    |      7       | N  |
| conv_128_32/142  |  128   |    8    |      7       | N  |
| conv_128_32/142  |  128   |    8    |      7       | N  |
| conv_128_32/142  |  128   |    8    |      7       | N  |
| conv_128_32/142  |  128   |    8    |      7       | N  |
| conv_128_32/142  |  128   |    8    |      7       | N  |
===========================================================
Presto compilation completed successfully.
Elaborated 1 design.
Current design is now 'conv_128_32'.
Information: Building the design 'ctrl_mem_write' instantiated from design 'conv_128_32' with
	the parameters "MEM_ADDR_WIDTH=7,MEM_SIZE=128". (HDL-193)
Warning:  ../rtl_files/ctrl_mem_write.sv:25: signed to unsigned conversion occurs. (VER-318)
Warning:  ../rtl_files/ctrl_mem_write.sv:29: signed to unsigned conversion occurs. (VER-318)

Inferred memory devices in process
	in routine ctrl_mem_write_MEM_ADDR_WIDTH7_MEM_SIZE128 line 19 in file
		'../rtl_files/ctrl_mem_write.sv'.
===============================================================================
|    Register Name    |   Type    | Width | Bus | MB | AR | AS | SR | SS | ST |
===============================================================================
|    mem_addr_reg     | Flip-flop |   7   |  Y  | N  | N  | N  | N  | N  | N  |
|     s_ready_reg     | Flip-flop |   1   |  N  | N  | N  | N  | N  | N  | N  |
===============================================================================
Presto compilation completed successfully.
Information: Building the design 'memory' instantiated from design 'conv_128_32' with
	the parameters "WIDTH=8,SIZE=128,LOGSIZE=7". (HDL-193)
Warning:  ../rtl_files/memory.sv:21: unsigned to signed assignment occurs. (VER-318)

Inferred memory devices in process
	in routine memory_WIDTH8_SIZE128_LOGSIZE7 line 18 in file
		'../rtl_files/memory.sv'.
===============================================================================
|    Register Name    |   Type    | Width | Bus | MB | AR | AS | SR | SS | ST |
===============================================================================
|    data_out_reg     | Flip-flop | 1024  |  Y  | N  | N  | N  | N  | N  | N  |
|       mem_reg       | Flip-flop |   8   |  Y  | N  | N  | N  | N  | N  | N  |
|       mem_reg       | Flip-flop |   8   |  Y  | N  | N  | N  | N  | N  | N  |
|       mem_reg       | Flip-flop |   8   |  Y  | N  | N  | N  | N  | N  | N  |
|       mem_reg       | Flip-flop |   8   |  Y  | N  | N  | N  | N  | N  | N  |
|       mem_reg       | Flip-flop |   8   |  Y  | N  | N  | N  | N  | N  | N  |
|       mem_reg       | Flip-flop |   8   |  Y  | N  | N  | N  | N  | N  | N  |
|       mem_reg       | Flip-flop |   8   |  Y  | N  | N  | N  | N  | N  | N  |
|       mem_reg       | Flip-flop |   8   |  Y  | N  | N  | N  | N  | N  | N  |
|       mem_reg       | Flip-flop |   8   |  Y  | N  | N  | N  | N  | N  | N  |
|       mem_reg       | Flip-flop |   8   |  Y  | N  | N  | N  | N  | N  | N  |
|       mem_reg       | Flip-flop |   8   |  Y  | N  | N  | N  | N  | N  | N  |
|       mem_reg       | Flip-flop |   8   |  Y  | N  | N  | N  | N  | N  | N  |
|       mem_reg       | Flip-flop |   8   |  Y  | N  | N  | N  | N  | N  | N  |
|       mem_reg       | Flip-flop |   8   |  Y  | N  | N  | N  | N  | N  | N  |
|       mem_reg       | Flip-flop |   8   |  Y  | N  | N  | N  | N  | N  | N  |
|       mem_reg       | Flip-flop |   8   |  Y  | N  | N  | N  | N  | N  | N  |
|       mem_reg       | Flip-flop |   8   |  Y  | N  | N  | N  | N  | N  | N  |
|       mem_reg       | Flip-flop |   8   |  Y  | N  | N  | N  | N  | N  | N  |
|       mem_reg       | Flip-flop |   8   |  Y  | N  | N  | N  | N  | N  | N  |
|       mem_reg       | Flip-flop |   8   |  Y  | N  | N  | N  | N  | N  | N  |
|       mem_reg       | Flip-flop |   8   |  Y  | N  | N  | N  | N  | N  | N  |
|       mem_reg       | Flip-flop |   8   |  Y  | N  | N  | N  | N  | N  | N  |
|       mem_reg       | Flip-flop |   8   |  Y  | N  | N  | N  | N  | N  | N  |
|       mem_reg       | Flip-flop |   8   |  Y  | N  | N  | N  | N  | N  | N  |
|       mem_reg       | Flip-flop |   8   |  Y  | N  | N  | N  | N  | N  | N  |
|       mem_reg       | Flip-flop |   8   |  Y  | N  | N  | N  | N  | N  | N  |
|       mem_reg       | Flip-flop |   8   |  Y  | N  | N  | N  | N  | N  | N  |
|       mem_reg       | Flip-flop |   8   |  Y  | N  | N  | N  | N  | N  | N  |
|       mem_reg       | Flip-flop |   8   |  Y  | N  | N  | N  | N  | N  | N  |
|       mem_reg       | Flip-flop |   8   |  Y  | N  | N  | N  | N  | N  | N  |
|       mem_reg       | Flip-flop |   8   |  Y  | N  | N  | N  | N  | N  | N  |
|       mem_reg       | Flip-flop |   8   |  Y  | N  | N  | N  | N  | N  | N  |
|       mem_reg       | Flip-flop |   8   |  Y  | N  | N  | N  | N  | N  | N  |
|       mem_reg       | Flip-flop |   8   |  Y  | N  | N  | N  | N  | N  | N  |
|       mem_reg       | Flip-flop |   8   |  Y  | N  | N  | N  | N  | N  | N  |
|       mem_reg       | Flip-flop |   8   |  Y  | N  | N  | N  | N  | N  | N  |
|       mem_reg       | Flip-flop |   8   |  Y  | N  | N  | N  | N  | N  | N  |
|       mem_reg       | Flip-flop |   8   |  Y  | N  | N  | N  | N  | N  | N  |
|       mem_reg       | Flip-flop |   8   |  Y  | N  | N  | N  | N  | N  | N  |
|       mem_reg       | Flip-flop |   8   |  Y  | N  | N  | N  | N  | N  | N  |
|       mem_reg       | Flip-flop |   8   |  Y  | N  | N  | N  | N  | N  | N  |
|       mem_reg       | Flip-flop |   8   |  Y  | N  | N  | N  | N  | N  | N  |
|       mem_reg       | Flip-flop |   8   |  Y  | N  | N  | N  | N  | N  | N  |
|       mem_reg       | Flip-flop |   8   |  Y  | N  | N  | N  | N  | N  | N  |
|       mem_reg       | Flip-flop |   8   |  Y  | N  | N  | N  | N  | N  | N  |
|       mem_reg       | Flip-flop |   8   |  Y  | N  | N  | N  | N  | N  | N  |
|       mem_reg       | Flip-flop |   8   |  Y  | N  | N  | N  | N  | N  | N  |
|       mem_reg       | Flip-flop |   8   |  Y  | N  | N  | N  | N  | N  | N  |
|       mem_reg       | Flip-flop |   8   |  Y  | N  | N  | N  | N  | N  | N  |
|       mem_reg       | Flip-flop |   8   |  Y  | N  | N  | N  | N  | N  | N  |
|       mem_reg       | Flip-flop |   8   |  Y  | N  | N  | N  | N  | N  | N  |
|       mem_reg       | Flip-flop |   8   |  Y  | N  | N  | N  | N  | N  | N  |
|       mem_reg       | Flip-flop |   8   |  Y  | N  | N  | N  | N  | N  | N  |
|       mem_reg       | Flip-flop |   8   |  Y  | N  | N  | N  | N  | N  | N  |
|       mem_reg       | Flip-flop |   8   |  Y  | N  | N  | N  | N  | N  | N  |
|       mem_reg       | Flip-flop |   8   |  Y  | N  | N  | N  | N  | N  | N  |
|       mem_reg       | Flip-flop |   8   |  Y  | N  | N  | N  | N  | N  | N  |
|       mem_reg       | Flip-flop |   8   |  Y  | N  | N  | N  | N  | N  | N  |
|       mem_reg       | Flip-flop |   8   |  Y  | N  | N  | N  | N  | N  | N  |
|       mem_reg       | Flip-flop |   8   |  Y  | N  | N  | N  | N  | N  | N  |
|       mem_reg       | Flip-flop |   8   |  Y  | N  | N  | N  | N  | N  | N  |
|       mem_reg       | Flip-flop |   8   |  Y  | N  | N  | N  | N  | N  | N  |
|       mem_reg       | Flip-flop |   8   |  Y  | N  | N  | N  | N  | N  | N  |
|       mem_reg       | Flip-flop |   8   |  Y  | N  | N  | N  | N  | N  | N  |
|       mem_reg       | Flip-flop |   8   |  Y  | N  | N  | N  | N  | N  | N  |
|       mem_reg       | Flip-flop |   8   |  Y  | N  | N  | N  | N  | N  | N  |
|       mem_reg       | Flip-flop |   8   |  Y  | N  | N  | N  | N  | N  | N  |
|       mem_reg       | Flip-flop |   8   |  Y  | N  | N  | N  | N  | N  | N  |
|       mem_reg       | Flip-flop |   8   |  Y  | N  | N  | N  | N  | N  | N  |
|       mem_reg       | Flip-flop |   8   |  Y  | N  | N  | N  | N  | N  | N  |
|       mem_reg       | Flip-flop |   8   |  Y  | N  | N  | N  | N  | N  | N  |
|       mem_reg       | Flip-flop |   8   |  Y  | N  | N  | N  | N  | N  | N  |
|       mem_reg       | Flip-flop |   8   |  Y  | N  | N  | N  | N  | N  | N  |
|       mem_reg       | Flip-flop |   8   |  Y  | N  | N  | N  | N  | N  | N  |
|       mem_reg       | Flip-flop |   8   |  Y  | N  | N  | N  | N  | N  | N  |
|       mem_reg       | Flip-flop |   8   |  Y  | N  | N  | N  | N  | N  | N  |
|       mem_reg       | Flip-flop |   8   |  Y  | N  | N  | N  | N  | N  | N  |
|       mem_reg       | Flip-flop |   8   |  Y  | N  | N  | N  | N  | N  | N  |
|       mem_reg       | Flip-flop |   8   |  Y  | N  | N  | N  | N  | N  | N  |
|       mem_reg       | Flip-flop |   8   |  Y  | N  | N  | N  | N  | N  | N  |
|       mem_reg       | Flip-flop |   8   |  Y  | N  | N  | N  | N  | N  | N  |
|       mem_reg       | Flip-flop |   8   |  Y  | N  | N  | N  | N  | N  | N  |
|       mem_reg       | Flip-flop |   8   |  Y  | N  | N  | N  | N  | N  | N  |
|       mem_reg       | Flip-flop |   8   |  Y  | N  | N  | N  | N  | N  | N  |
|       mem_reg       | Flip-flop |   8   |  Y  | N  | N  | N  | N  | N  | N  |
|       mem_reg       | Flip-flop |   8   |  Y  | N  | N  | N  | N  | N  | N  |
|       mem_reg       | Flip-flop |   8   |  Y  | N  | N  | N  | N  | N  | N  |
|       mem_reg       | Flip-flop |   8   |  Y  | N  | N  | N  | N  | N  | N  |
|       mem_reg       | Flip-flop |   8   |  Y  | N  | N  | N  | N  | N  | N  |
|       mem_reg       | Flip-flop |   8   |  Y  | N  | N  | N  | N  | N  | N  |
|       mem_reg       | Flip-flop |   8   |  Y  | N  | N  | N  | N  | N  | N  |
|       mem_reg       | Flip-flop |   8   |  Y  | N  | N  | N  | N  | N  | N  |
|       mem_reg       | Flip-flop |   8   |  Y  | N  | N  | N  | N  | N  | N  |
|       mem_reg       | Flip-flop |   8   |  Y  | N  | N  | N  | N  | N  | N  |
|       mem_reg       | Flip-flop |   8   |  Y  | N  | N  | N  | N  | N  | N  |
|       mem_reg       | Flip-flop |   8   |  Y  | N  | N  | N  | N  | N  | N  |
|       mem_reg       | Flip-flop |   8   |  Y  | N  | N  | N  | N  | N  | N  |
|       mem_reg       | Flip-flop |   8   |  Y  | N  | N  | N  | N  | N  | N  |
|       mem_reg       | Flip-flop |   8   |  Y  | N  | N  | N  | N  | N  | N  |
|       mem_reg       | Flip-flop |   8   |  Y  | N  | N  | N  | N  | N  | N  |
|       mem_reg       | Flip-flop |   8   |  Y  | N  | N  | N  | N  | N  | N  |
|       mem_reg       | Flip-flop |   8   |  Y  | N  | N  | N  | N  | N  | N  |
|       mem_reg       | Flip-flop |   8   |  Y  | N  | N  | N  | N  | N  | N  |
|       mem_reg       | Flip-flop |   8   |  Y  | N  | N  | N  | N  | N  | N  |
|       mem_reg       | Flip-flop |   8   |  Y  | N  | N  | N  | N  | N  | N  |
|       mem_reg       | Flip-flop |   8   |  Y  | N  | N  | N  | N  | N  | N  |
|       mem_reg       | Flip-flop |   8   |  Y  | N  | N  | N  | N  | N  | N  |
|       mem_reg       | Flip-flop |   8   |  Y  | N  | N  | N  | N  | N  | N  |
|       mem_reg       | Flip-flop |   8   |  Y  | N  | N  | N  | N  | N  | N  |
|       mem_reg       | Flip-flop |   8   |  Y  | N  | N  | N  | N  | N  | N  |
|       mem_reg       | Flip-flop |   8   |  Y  | N  | N  | N  | N  | N  | N  |
|       mem_reg       | Flip-flop |   8   |  Y  | N  | N  | N  | N  | N  | N  |
|       mem_reg       | Flip-flop |   8   |  Y  | N  | N  | N  | N  | N  | N  |
|       mem_reg       | Flip-flop |   8   |  Y  | N  | N  | N  | N  | N  | N  |
|       mem_reg       | Flip-flop |   8   |  Y  | N  | N  | N  | N  | N  | N  |
|       mem_reg       | Flip-flop |   8   |  Y  | N  | N  | N  | N  | N  | N  |
|       mem_reg       | Flip-flop |   8   |  Y  | N  | N  | N  | N  | N  | N  |
|       mem_reg       | Flip-flop |   8   |  Y  | N  | N  | N  | N  | N  | N  |
|       mem_reg       | Flip-flop |   8   |  Y  | N  | N  | N  | N  | N  | N  |
|       mem_reg       | Flip-flop |   8   |  Y  | N  | N  | N  | N  | N  | N  |
|       mem_reg       | Flip-flop |   8   |  Y  | N  | N  | N  | N  | N  | N  |
|       mem_reg       | Flip-flop |   8   |  Y  | N  | N  | N  | N  | N  | N  |
|       mem_reg       | Flip-flop |   8   |  Y  | N  | N  | N  | N  | N  | N  |
|       mem_reg       | Flip-flop |   8   |  Y  | N  | N  | N  | N  | N  | N  |
|       mem_reg       | Flip-flop |   8   |  Y  | N  | N  | N  | N  | N  | N  |
|       mem_reg       | Flip-flop |   8   |  Y  | N  | N  | N  | N  | N  | N  |
|       mem_reg       | Flip-flop |   8   |  Y  | N  | N  | N  | N  | N  | N  |
|       mem_reg       | Flip-flop |   8   |  Y  | N  | N  | N  | N  | N  | N  |
===============================================================================
Presto compilation completed successfully.
Information: Building the design 'ctrl_mem_write' instantiated from design 'conv_128_32' with
	the parameters "MEM_ADDR_WIDTH=5,MEM_SIZE=32". (HDL-193)
Warning:  ../rtl_files/ctrl_mem_write.sv:25: signed to unsigned conversion occurs. (VER-318)
Warning:  ../rtl_files/ctrl_mem_write.sv:29: signed to unsigned conversion occurs. (VER-318)

Inferred memory devices in process
	in routine ctrl_mem_write_MEM_ADDR_WIDTH5_MEM_SIZE32 line 19 in file
		'../rtl_files/ctrl_mem_write.sv'.
===============================================================================
|    Register Name    |   Type    | Width | Bus | MB | AR | AS | SR | SS | ST |
===============================================================================
|    mem_addr_reg     | Flip-flop |   5   |  Y  | N  | N  | N  | N  | N  | N  |
|     s_ready_reg     | Flip-flop |   1   |  N  | N  | N  | N  | N  | N  | N  |
===============================================================================
Presto compilation completed successfully.
Information: Building the design 'memory' instantiated from design 'conv_128_32' with
	the parameters "WIDTH=8,SIZE=32,LOGSIZE=5". (HDL-193)
Warning:  ../rtl_files/memory.sv:21: unsigned to signed assignment occurs. (VER-318)

Inferred memory devices in process
	in routine memory_WIDTH8_SIZE32_LOGSIZE5 line 18 in file
		'../rtl_files/memory.sv'.
===============================================================================
|    Register Name    |   Type    | Width | Bus | MB | AR | AS | SR | SS | ST |
===============================================================================
|    data_out_reg     | Flip-flop |  256  |  Y  | N  | N  | N  | N  | N  | N  |
|       mem_reg       | Flip-flop |   8   |  Y  | N  | N  | N  | N  | N  | N  |
|       mem_reg       | Flip-flop |   8   |  Y  | N  | N  | N  | N  | N  | N  |
|       mem_reg       | Flip-flop |   8   |  Y  | N  | N  | N  | N  | N  | N  |
|       mem_reg       | Flip-flop |   8   |  Y  | N  | N  | N  | N  | N  | N  |
|       mem_reg       | Flip-flop |   8   |  Y  | N  | N  | N  | N  | N  | N  |
|       mem_reg       | Flip-flop |   8   |  Y  | N  | N  | N  | N  | N  | N  |
|       mem_reg       | Flip-flop |   8   |  Y  | N  | N  | N  | N  | N  | N  |
|       mem_reg       | Flip-flop |   8   |  Y  | N  | N  | N  | N  | N  | N  |
|       mem_reg       | Flip-flop |   8   |  Y  | N  | N  | N  | N  | N  | N  |
|       mem_reg       | Flip-flop |   8   |  Y  | N  | N  | N  | N  | N  | N  |
|       mem_reg       | Flip-flop |   8   |  Y  | N  | N  | N  | N  | N  | N  |
|       mem_reg       | Flip-flop |   8   |  Y  | N  | N  | N  | N  | N  | N  |
|       mem_reg       | Flip-flop |   8   |  Y  | N  | N  | N  | N  | N  | N  |
|       mem_reg       | Flip-flop |   8   |  Y  | N  | N  | N  | N  | N  | N  |
|       mem_reg       | Flip-flop |   8   |  Y  | N  | N  | N  | N  | N  | N  |
|       mem_reg       | Flip-flop |   8   |  Y  | N  | N  | N  | N  | N  | N  |
|       mem_reg       | Flip-flop |   8   |  Y  | N  | N  | N  | N  | N  | N  |
|       mem_reg       | Flip-flop |   8   |  Y  | N  | N  | N  | N  | N  | N  |
|       mem_reg       | Flip-flop |   8   |  Y  | N  | N  | N  | N  | N  | N  |
|       mem_reg       | Flip-flop |   8   |  Y  | N  | N  | N  | N  | N  | N  |
|       mem_reg       | Flip-flop |   8   |  Y  | N  | N  | N  | N  | N  | N  |
|       mem_reg       | Flip-flop |   8   |  Y  | N  | N  | N  | N  | N  | N  |
|       mem_reg       | Flip-flop |   8   |  Y  | N  | N  | N  | N  | N  | N  |
|       mem_reg       | Flip-flop |   8   |  Y  | N  | N  | N  | N  | N  | N  |
|       mem_reg       | Flip-flop |   8   |  Y  | N  | N  | N  | N  | N  | N  |
|       mem_reg       | Flip-flop |   8   |  Y  | N  | N  | N  | N  | N  | N  |
|       mem_reg       | Flip-flop |   8   |  Y  | N  | N  | N  | N  | N  | N  |
|       mem_reg       | Flip-flop |   8   |  Y  | N  | N  | N  | N  | N  | N  |
|       mem_reg       | Flip-flop |   8   |  Y  | N  | N  | N  | N  | N  | N  |
|       mem_reg       | Flip-flop |   8   |  Y  | N  | N  | N  | N  | N  | N  |
|       mem_reg       | Flip-flop |   8   |  Y  | N  | N  | N  | N  | N  | N  |
|       mem_reg       | Flip-flop |   8   |  Y  | N  | N  | N  | N  | N  | N  |
===============================================================================
Presto compilation completed successfully.
Information: Building the design 'ctrl_conv_output' instantiated from design 'conv_128_32' with
	the parameters "F_MEM_SIZE=32,X_MEM_SIZE=128,X_MEM_ADDR_WIDTH=7,F_MEM_ADDR_WIDTH=5". (HDL-193)
Warning:  ../rtl_files/ctrl_conv_output.sv:77: signed to unsigned conversion occurs. (VER-318)

Inferred memory devices in process
	in routine ctrl_conv_output_F_MEM_SIZE32_X_MEM_SIZE128_X_MEM_ADDR_WIDTH7_F_MEM_ADDR_WIDTH5 line 28 in file
		'../rtl_files/ctrl_conv_output.sv'.
===============================================================================
|    Register Name    |   Type    | Width | Bus | MB | AR | AS | SR | SS | ST |
===============================================================================
| conv_start_reg_reg  | Flip-flop |   1   |  N  | N  | N  | N  | N  | N  | N  |
===============================================================================

Inferred memory devices in process
	in routine ctrl_conv_output_F_MEM_SIZE32_X_MEM_SIZE128_X_MEM_ADDR_WIDTH7_F_MEM_ADDR_WIDTH5 line 54 in file
		'../rtl_files/ctrl_conv_output.sv'.
===============================================================================
|    Register Name    |   Type    | Width | Bus | MB | AR | AS | SR | SS | ST |
===============================================================================
|    m_valid_y_reg    | Flip-flop |   1   |  N  | N  | N  | N  | N  | N  | N  |
| load_xaddr_val_reg  | Flip-flop |   7   |  Y  | N  | N  | N  | N  | N  | N  |
===============================================================================
Presto compilation completed successfully.
1
###### CLOCKS AND PORTS #######
set CLK_PORT [get_ports $CLK_NAME]
{clk}
set TMP1 [remove_from_collection [all_inputs] $CLK_PORT]
{reset s_valid_x s_valid_f m_ready_y s_data_in_x[7] s_data_in_x[6] s_data_in_x[5] s_data_in_x[4] s_data_in_x[3] s_data_in_x[2] s_data_in_x[1] s_data_in_x[0] s_data_in_f[7] s_data_in_f[6] s_data_in_f[5] s_data_in_f[4] s_data_in_f[3] s_data_in_f[2] s_data_in_f[1] s_data_in_f[0]}
set INPUTS [remove_from_collection $TMP1 $RST_NAME]
{s_valid_x s_valid_f m_ready_y s_data_in_x[7] s_data_in_x[6] s_data_in_x[5] s_data_in_x[4] s_data_in_x[3] s_data_in_x[2] s_data_in_x[1] s_data_in_x[0] s_data_in_f[7] s_data_in_f[6] s_data_in_f[5] s_data_in_f[4] s_data_in_f[3] s_data_in_f[2] s_data_in_f[1] s_data_in_f[0]}
create_clock -period $CLK_PERIOD [get_ports clk]
1
# set delay for inputs to be 0.2ns
set_input_delay 0.2 -max -clock clk $INPUTS
1
set_output_delay 0.2 -max -clock clk [all_outputs]
1
###### OPTIMIZATION #######
set_max_area 0 
1
###### RUN #####
compile_ultra
Information: Performing power optimization. (PWR-850)
Alib files are up-to-date.
Information: Evaluating DesignWare library utilization. (UISN-27)

============================================================================
| DesignWare Building Block Library  |         Version         | Available |
============================================================================
| Basic DW Building Blocks           | J-2014.09-DWBB_201409.5.2 |   *     |
| Licensed DW Building Blocks        | J-2014.09-DWBB_201409.5.2 |   *     |
============================================================================

Information: Sequential output inversion is enabled.  SVF file must be used for formal verification. (OPT-1208)

Information: There are 3 potential problems in your design. Please run 'check_design' for more information. (LINT-99)


Loaded alib file './alib-52/NangateOpenCellLibrary_typical.db.alib'
  Building model 'DW01_NAND2'
Information: Ungrouping hierarchy ctrl_xmem_write_inst before Pass 1 (OPT-776)
Information: Ungrouping hierarchy xmem_inst before Pass 1 (OPT-776)
Information: Ungrouping hierarchy ctrl_fmem_write_inst before Pass 1 (OPT-776)
Information: Ungrouping hierarchy fmem_inst before Pass 1 (OPT-776)
Information: Ungrouping hierarchy ctrl_conv_output_inst before Pass 1 (OPT-776)
Information: Ungrouping 5 of 6 hierarchies before Pass 1 (OPT-775)
Information: State dependent leakage is now switched from on to off.

  Beginning Pass 1 Mapping
  ------------------------
  Processing 'conv_128_32'
 Implement Synthetic for 'conv_128_32'.
Information: Added key list 'DesignWare' to design 'conv_128_32'. (DDB-72)

  Updating timing information
Information: Updating design information... (UID-85)

  Beginning Mapping Optimizations  (Ultra High effort)
  -------------------------------
  Mapping Optimization (Phase 1)

                                  TOTAL                                                
   ELAPSED            WORST NEG   SETUP    DESIGN                              LEAKAGE 
    TIME      AREA      SLACK     COST    RULE COST         ENDPOINT            POWER  
  --------- --------- --------- --------- --------- ------------------------- ---------
    0:02:24   75539.7      1.18      15.2    1032.8                           1872072.5000
    0:02:24   75539.7      1.18      15.2    1032.8                           1872072.5000
    0:02:24   75539.7      1.18      15.2    1032.8                           1872072.5000
    0:02:25   75539.2      1.17      15.1    1032.8                           1872032.8750
  Re-synthesis Optimization (Phase 1)
  Re-synthesis Optimization (Phase 2)
  Global Optimization (Phase 1)
  Global Optimization (Phase 2)
  Global Optimization (Phase 3)
  Global Optimization (Phase 4)
  Global Optimization (Phase 5)
  Global Optimization (Phase 6)
  Global Optimization (Phase 7)
  Global Optimization (Phase 8)
  Global Optimization (Phase 9)
  Global Optimization (Phase 10)
  Global Optimization (Phase 11)
  Global Optimization (Phase 12)
  Global Optimization (Phase 13)
  Global Optimization (Phase 14)
  Global Optimization (Phase 15)
  Global Optimization (Phase 16)
  Global Optimization (Phase 17)
  Global Optimization (Phase 18)
  Global Optimization (Phase 19)
  Global Optimization (Phase 20)
  Global Optimization (Phase 21)
  Global Optimization (Phase 22)
  Global Optimization (Phase 23)
  Global Optimization (Phase 24)
  Global Optimization (Phase 25)
  Global Optimization (Phase 26)
  Global Optimization (Phase 27)
  Global Optimization (Phase 28)
  Global Optimization (Phase 29)
  Global Optimization (Phase 30)
  Global Optimization (Phase 31)
  Global Optimization (Phase 32)
  Mapping 'conv_128_32_DP_OP_221J1_122_3486_1'
    0:03:07   57738.5      0.42       4.3    4880.1                           1238917.6250



  Beginning Delay Optimization Phase
  ----------------------------------

                                  TOTAL                                                
   ELAPSED            WORST NEG   SETUP    DESIGN                              LEAKAGE 
    TIME      AREA      SLACK     COST    RULE COST         ENDPOINT            POWER  
  --------- --------- --------- --------- --------- ------------------------- ---------
    0:03:07   57738.5      0.42       4.3    4880.1                           1238917.6250
    0:03:07   57738.5      0.42       4.3    4880.1                           1238917.6250
    0:03:10   57738.5      0.42       4.3    4880.1                           1238917.6250
    0:03:10   57738.5      0.42       4.3    4880.1                           1238917.6250
    0:03:19   58127.1      0.38       4.0    4879.8                           1250969.2500
    0:03:20   58127.1      0.38       4.0    4879.8                           1250969.2500
    0:03:20   58136.4      0.38       3.9    4882.7                           1251925.2500
    0:03:20   58136.4      0.38       3.9    4882.7                           1251925.2500
    0:03:25   58358.0      0.37       3.9    4898.8                           1258888.1250
    0:03:25   58358.0      0.37       3.9    4898.8                           1258888.1250
    0:03:52   58882.8      0.26       2.5    4899.5                           1281612.2500
    0:03:52   58882.8      0.26       2.5    4899.5                           1281612.2500
    0:03:54   58962.1      0.26       2.5    4899.6                           1283950.5000

  Beginning Delay Optimization
  ----------------------------
    0:03:54   58962.1      0.26       2.5    4899.6                           1283950.5000
    0:03:57   59004.7      0.26       2.5    4898.2                           1285724.7500
    0:03:57   59004.7      0.26       2.5    4898.2                           1285724.7500
    0:04:02   59069.8      0.26       2.4    4906.4                           1287370.7500
    0:04:02   59069.8      0.26       2.4    4906.4                           1287370.7500
    0:04:08   59155.7      0.25       2.3    4871.0                           1291189.3750
    0:04:08   59155.7      0.25       2.3    4871.0                           1291189.3750
    0:04:11   59257.6      0.25       2.3    4890.6                           1294156.0000


  Beginning Design Rule Fixing  (max_capacitance)
  ----------------------------

                                  TOTAL                                                
   ELAPSED            WORST NEG   SETUP    DESIGN                              LEAKAGE 
    TIME      AREA      SLACK     COST    RULE COST         ENDPOINT            POWER  
  --------- --------- --------- --------- --------- ------------------------- ---------
    0:04:11   59257.6      0.25       2.3    4890.6                           1294156.0000
  Global Optimization (Phase 33)
  Global Optimization (Phase 34)
  Global Optimization (Phase 35)
    0:04:17   59424.4      0.24       2.3       0.0 m_data_out_y[19]          1305470.0000
    0:04:18   59428.1      0.24       2.2       0.0                           1305683.3750
    0:04:25   59546.0      0.24       2.2       0.0                           1309362.2500

                                  TOTAL                                                
   ELAPSED            WORST NEG   SETUP    DESIGN                              LEAKAGE 
    TIME      AREA      SLACK     COST    RULE COST         ENDPOINT            POWER  
  --------- --------- --------- --------- --------- ------------------------- ---------
    0:04:25   59546.0      0.24       2.2       0.0                           1309362.2500
    0:04:27   59431.8      0.24       2.2       0.0                           1306254.8750


  Beginning Leakage Power Optimization  (max_leakage_power 0)
  ------------------------------------

                                  TOTAL                                                
   ELAPSED            WORST NEG   SETUP    DESIGN                              LEAKAGE 
    TIME      AREA      SLACK     COST    RULE COST         ENDPOINT            POWER  
  --------- --------- --------- --------- --------- ------------------------- ---------
    0:04:39   59428.9      0.24       2.2       0.0                           1306185.6250
  Global Optimization (Phase 36)
  Global Optimization (Phase 37)
  Global Optimization (Phase 38)
  Global Optimization (Phase 39)
  Global Optimization (Phase 40)
  Global Optimization (Phase 41)
  Global Optimization (Phase 42)
  Global Optimization (Phase 43)
  Global Optimization (Phase 44)
  Global Optimization (Phase 45)
  Global Optimization (Phase 46)
  Global Optimization (Phase 47)
  Global Optimization (Phase 48)
  Global Optimization (Phase 49)
  Global Optimization (Phase 50)
  Global Optimization (Phase 51)
  Global Optimization (Phase 52)
    0:04:53   58027.9      0.23       2.0       0.0 m_data_out_y[18]          1272871.8750
    0:04:55   58067.8      0.22       1.9       0.0                           1274560.1250
    0:05:25   58873.0      0.20       1.8      39.6                           1299119.0000
    0:05:25   58873.0      0.20       1.8      39.6                           1299119.0000
    0:05:28   58868.5      0.20       1.8      39.6                           1298836.3750
    0:05:28   58868.5      0.20       1.8      39.6                           1298836.3750
    0:05:29   58882.6      0.20       1.7      39.6                           1299171.3750
    0:05:29   58882.6      0.20       1.7      39.6                           1299171.3750
    0:05:29   58883.9      0.20       1.8      39.6                           1299257.3750
    0:05:29   58883.9      0.20       1.8      39.6                           1299257.3750
    0:05:31   58896.7      0.20       1.8      39.6                           1299615.5000
    0:05:31   58896.7      0.20       1.8      39.6                           1299615.5000
    0:05:57   59256.6      0.18       1.5      32.4                           1314030.2500
    0:05:57   59256.6      0.18       1.5      32.4                           1314030.2500
    0:05:58   59257.4      0.18       1.5      32.4                           1314047.6250
    0:05:58   59257.4      0.18       1.5      32.4                           1314047.6250
    0:05:59   59257.4      0.18       1.5      32.4                           1314047.6250
    0:05:59   59257.4      0.18       1.5      32.4                           1314047.6250
    0:05:59   59257.4      0.18       1.5      32.4                           1314047.6250
    0:05:59   59257.4      0.18       1.5      32.4                           1314047.6250
    0:06:00   59257.4      0.18       1.5      32.4                           1314047.6250
    0:06:00   59257.4      0.18       1.5      32.4                           1314047.6250
    0:06:00   59257.4      0.18       1.5      32.4                           1314047.6250

                                  TOTAL                                                
   ELAPSED            WORST NEG   SETUP    DESIGN                              LEAKAGE 
    TIME      AREA      SLACK     COST    RULE COST         ENDPOINT            POWER  
  --------- --------- --------- --------- --------- ------------------------- ---------
    0:06:02   59257.4      0.18       1.5      32.4                           1314047.6250
    0:06:06   58624.5      0.20       1.6      23.7                           1287956.5000
    0:06:08   58650.6      0.19       1.6      23.7                           1289295.8750
    0:06:09   58636.5      0.19       1.6      23.7                           1288971.7500
    0:06:12   58610.2      0.19       1.6      23.7                           1288377.1250
    0:06:14   58591.8      0.19       1.6      23.7                           1287850.5000
    0:06:16   58582.5      0.19       1.6      23.7                           1287650.3750
    0:06:19   58569.2      0.19       1.6      23.7                           1287340.2500
    0:06:24   58559.1      0.19       1.6      23.7                           1287160.0000
    0:06:24   58553.8      0.19       1.6      23.7                           1287038.5000
    0:06:24   58553.8      0.19       1.6      23.7                           1287038.5000
    0:06:27   58552.7      0.19       1.6      23.7                           1287020.2500
    0:06:33   58511.2      0.19       1.6      23.7                           1285840.5000
    0:06:36   58507.8      0.19       1.6       0.0 m_data_out_y[18]          1285671.8750
    0:06:39   58551.9      0.18       1.5       0.0 m_data_out_y[18]          1287415.3750
    0:06:41   58596.6      0.18       1.5       0.0 m_data_out_y[18]          1289023.5000
    0:06:43   58647.9      0.18       1.5       0.0 m_data_out_y[18]          1291040.8750
    0:06:44   58689.7      0.17       1.4       0.0 m_data_out_y[18]          1292733.8750
    0:06:46   58730.4      0.17       1.4       0.0 m_data_out_y[16]          1294262.3750
    0:06:49   58750.1      0.16       1.3       0.0 m_data_out_y[18]          1295136.3750
    0:06:51   58781.5      0.16       1.3       0.0 m_data_out_y[16]          1296331.0000
    0:06:53   58822.4      0.16       1.3       0.0 m_data_out_y[16]          1297958.8750
    0:06:55   58860.5      0.16       1.4       0.0 m_data_out_y[18]          1299599.7500
    0:06:57   58884.4      0.15       1.3       4.3 m_data_out_y[18]          1300608.8750
    0:06:59   58901.2      0.15       1.3       4.3 m_data_out_y[18]          1301346.1250
    0:07:00   58923.8      0.15       1.3       4.3 m_data_out_y[18]          1302062.8750
    0:07:02   58945.1      0.15       1.3       4.3 m_data_out_y[18]          1302906.3750
    0:07:04   58976.7      0.15       1.3       4.3 m_data_out_y[18]          1304099.7500
    0:07:06   58985.2      0.15       1.3       4.3 m_data_out_y[18]          1304297.1250
    0:07:07   59005.5      0.15       1.3       4.3 m_data_out_y[16]          1304993.6250
    0:07:09   59035.2      0.15       1.2       4.3 m_data_out_y[18]          1306231.5000
    0:07:11   59059.4      0.15       1.2       4.3 m_data_out_y[18]          1307126.3750
    0:07:13   59068.0      0.14       1.2       4.3 m_data_out_y[17]          1307420.3750
    0:07:16   59079.7      0.14       1.2       0.0 m_data_out_y[18]          1307850.5000
    0:07:18   59089.0      0.14       1.2       0.0 m_data_out_y[18]          1308248.2500
    0:07:20   59100.9      0.14       1.2       0.0 m_data_out_y[18]          1308711.7500
    0:07:22   59102.5      0.14       1.2       0.0                           1308760.1250
    0:07:42   59345.7      0.13       1.1       0.0                           1319168.0000
    0:07:49   59227.3      0.13       1.1       0.0                           1313340.3750
Loading db file '/home/home4/pmilder/ese507/synthesis/lib/NangateOpenCellLibrary_typical.db'


Note: Symbol # after min delay cost means estimated hold TNS across all active scenarios 


  Optimization Complete
  ---------------------
Warning: Design 'conv_128_32' contains 1 high-fanout nets. A fanout number of 1000 will be used for delay calculations involving these nets. (TIM-134)
     Net 'clk': 2584 load(s), 1 driver(s)
Information: State dependent leakage is now switched from off to on.
Information: Propagating switching activity (low effort zero delay simulation). (PWR-6)
1
report_area
 
****************************************
Report : area
Design : conv_128_32
Version: J-2014.09-SP5-2
Date   : Mon Oct 28 02:22:48 2019
****************************************

Information: Updating design information... (UID-85)
Warning: Design 'conv_128_32' contains 1 high-fanout nets. A fanout number of 1000 will be used for delay calculations involving these nets. (TIM-134)
Library(s) Used:

    NangateOpenCellLibrary (File: /home/home4/pmilder/ese507/synthesis/lib/NangateOpenCellLibrary_typical.db)

Number of ports:                           45
Number of nets:                         40798
Number of cells:                        39398
Number of combinational cells:          36814
Number of sequential cells:              2584
Number of macros/black boxes:               0
Number of buf/inv:                       4948
Number of references:                      55

Combinational area:              47134.402816
Buf/Inv area:                     3526.361988
Noncombinational area:           12092.891626
Macro/Black Box area:                0.000000
Net Interconnect area:      undefined  (Wire load has zero net area)

Total cell area:                 59227.294442
Total area:                 undefined
1
report_power
 
****************************************
Report : power
        -analysis_effort low
Design : conv_128_32
Version: J-2014.09-SP5-2
Date   : Mon Oct 28 02:22:50 2019
****************************************


Library(s) Used:

    NangateOpenCellLibrary (File: /home/home4/pmilder/ese507/synthesis/lib/NangateOpenCellLibrary_typical.db)


Operating Conditions: typical   Library: NangateOpenCellLibrary
Wire Load Model Mode: top

Design        Wire Load Model            Library
------------------------------------------------
conv_128_32            5K_hvratio_1_1    NangateOpenCellLibrary


Global Operating Voltage = 1.1  
Power-specific unit information :
    Voltage Units = 1V
    Capacitance Units = 1.000000ff
    Time Units = 1ns
    Dynamic Power Units = 1uW    (derived from V,C,T units)
    Leakage Power Units = 1nW


  Cell Internal Power  =   6.3638 mW   (95%)
  Net Switching Power  = 331.2143 uW    (5%)
                         ---------
Total Dynamic Power    =   6.6950 mW  (100%)

Cell Leakage Power     =   1.1759 mW


                 Internal         Switching           Leakage            Total
Power Group      Power            Power               Power              Power   (   %    )  Attrs
--------------------------------------------------------------------------------------------------
io_pad             0.0000            0.0000            0.0000            0.0000  (   0.00%)
memory             0.0000            0.0000            0.0000            0.0000  (   0.00%)
black_box          0.0000            0.0000            0.0000            0.0000  (   0.00%)
clock_network      0.0000            0.0000            0.0000            0.0000  (   0.00%)
register       6.0492e+03           33.4722        2.2583e+05        6.3085e+03  (  80.15%)
sequential         0.0000            0.0000            0.0000            0.0000  (   0.00%)
combinational    314.4831          297.7396        9.5005e+05        1.5623e+03  (  19.85%)
--------------------------------------------------------------------------------------------------
Total          6.3637e+03 uW       331.2119 uW     1.1759e+06 nW     7.8708e+03 uW
1
report_timing
 
****************************************
Report : timing
        -path full
        -delay max
        -max_paths 1
Design : conv_128_32
Version: J-2014.09-SP5-2
Date   : Mon Oct 28 02:22:50 2019
****************************************

 # A fanout number of 1000 was used for high fanout net computations.

Operating Conditions: typical   Library: NangateOpenCellLibrary
Wire Load Model Mode: top

  Startpoint: ctrl_conv_output_inst/load_xaddr_val_reg[1]
              (rising edge-triggered flip-flop clocked by clk)
  Endpoint: m_data_out_y[16]
            (output port clocked by clk)
  Path Group: clk
  Path Type: max

  Des/Clust/Port     Wire Load Model       Library
  ------------------------------------------------
  conv_128_32        5K_hvratio_1_1        NangateOpenCellLibrary

  Point                                                   Incr       Path
  --------------------------------------------------------------------------
  clock clk (rise edge)                                   0.00       0.00
  clock network delay (ideal)                             0.00       0.00
  ctrl_conv_output_inst/load_xaddr_val_reg[1]/CK (DFF_X1)
                                                          0.00 #     0.00 r
  ctrl_conv_output_inst/load_xaddr_val_reg[1]/Q (DFF_X1)
                                                          0.09       0.09 f
  U7646/ZN (NOR2_X2)                                      0.08       0.17 r
  U10480/ZN (NAND2_X1)                                    0.03       0.20 f
  U4707/ZN (AND2_X1)                                      0.04       0.25 f
  U6114/ZN (AND2_X1)                                      0.05       0.29 f
  U10484/ZN (NAND2_X2)                                    0.06       0.36 r
  U10689/ZN (NOR2_X1)                                     0.04       0.40 f
  U11811/Z (BUF_X2)                                       0.09       0.49 f
  U20820/ZN (AOI22_X1)                                    0.09       0.58 r
  U20824/ZN (NAND4_X1)                                    0.04       0.62 f
  U7142/ZN (AOI22_X1)                                     0.06       0.68 r
  U7134/ZN (NAND2_X1)                                     0.03       0.71 f
  U7132/ZN (NOR4_X1)                                      0.09       0.80 r
  U7129/ZN (NAND2_X1)                                     0.05       0.85 f
  U7143/ZN (XNOR2_X1)                                     0.07       0.92 f
  U34230/ZN (OAI22_X1)                                    0.05       0.97 r
  U34407/S (FA_X1)                                        0.13       1.10 f
  U6758/ZN (OAI21_X1)                                     0.05       1.15 r
  U6789/ZN (NAND2_X1)                                     0.04       1.19 f
  U6788/ZN (XNOR2_X1)                                     0.06       1.25 f
  U7671/ZN (XNOR2_X1)                                     0.06       1.31 f
  U35545/CO (FA_X1)                                       0.09       1.40 f
  U35507/CO (FA_X1)                                       0.10       1.50 f
  U35689/S (FA_X1)                                        0.14       1.64 r
  U36114/S (FA_X1)                                        0.12       1.76 f
  U36974/S (FA_X1)                                        0.13       1.89 f
  U36980/ZN (OR2_X1)                                      0.06       1.95 f
  U36981/ZN (NAND2_X1)                                    0.03       1.98 r
  U36983/ZN (NAND2_X1)                                    0.03       2.01 f
  U36985/ZN (XNOR2_X1)                                    0.05       2.06 f
  U36987/ZN (XNOR2_X1)                                    0.06       2.13 r
  U36988/ZN (NOR2_X1)                                     0.03       2.16 f
  U36989/ZN (NOR2_X1)                                     0.05       2.21 r
  U36994/ZN (NAND2_X1)                                    0.03       2.24 f
  U5457/ZN (OR2_X1)                                       0.06       2.30 f
  U37012/ZN (NAND2_X1)                                    0.05       2.35 r
  U37013/ZN (AOI21_X1)                                    0.04       2.38 f
  U37014/ZN (XNOR2_X1)                                    0.05       2.43 f
  m_data_out_y[16] (out)                                  0.00       2.43 f
  data arrival time                                                  2.43

  clock clk (rise edge)                                   2.50       2.50
  clock network delay (ideal)                             0.00       2.50
  output external delay                                  -0.20       2.30
  data required time                                                 2.30
  --------------------------------------------------------------------------
  data required time                                                 2.30
  data arrival time                                                 -2.43
  --------------------------------------------------------------------------
  slack (VIOLATED)                                                  -0.13


1
write -f verilog $TOP_MOD_NAME -output gates.v -hierarchy
Writing verilog file '/home/home5/vgoyal/myese507/ese507_proj2/part3/parallel/synthesis/gates.v'.
1
quit

Thank you...
