
                      Design Compiler Graphical
                            DC Ultra (TM)
                             DFTMAX (TM)
                         Power Compiler (TM)
                           DesignWare (R)
                           DC Expert (TM)
                         Design Vision (TM)
                          HDL Compiler (TM)
                         VHDL Compiler (TM)
                            DFT Compiler
                        Library Compiler (TM)
                         Design Compiler(R)

         Version J-2014.09-SP5-2 for RHEL64 -- Jul 11, 2015
               Copyright (c) 1988-2015 Synopsys, Inc.

This software and the associated documentation are confidential and 
proprietary to Synopsys, Inc. Your use or disclosure of this software 
is subject to the terms and conditions of a written license agreement 
between you, or your company, and Synopsys, Inc.

Initializing...
##############################################
# Setup: fill out the following parameters: name of clock signal, clock period (ns),
# reset signal name (if used), name of top-level module, name of source file
set CLK_NAME "clk";
clk
set CLK_PERIOD 2.65
2.65
set RST_NAME "reset";
reset
set TOP_MOD_NAME "conv_128_32";
conv_128_32
set SRC_FILE [list "../rtl_files/conv_128_32.sv" "../rtl_files/ctrl_mem_write.sv" "../rtl_files/ctrl_conv_output.sv" "../rtl_files/memory.sv"];
../rtl_files/conv_128_32.sv ../rtl_files/ctrl_mem_write.sv ../rtl_files/ctrl_conv_output.sv ../rtl_files/memory.sv
# If you have multiple source files, change the line above to list them all like this:
# set SRC_FILE [list "file1.sv" "file2.sv"];
###############################################
source setupdc.tcl
NangateOpenCellLibrary_typical.db dw_foundation.sldb
file mkdir work_synth
define_design_lib WORK -path work_synth
1
analyze $SRC_FILE -format sverilog
Running PRESTO HDLC
Compiling source file ../rtl_files/conv_128_32.sv
Warning:  ../rtl_files/conv_128_32.sv:22: Parameter keyword used in local parameter declaration. (VER-329)
Compiling source file ../rtl_files/ctrl_mem_write.sv
Compiling source file ../rtl_files/ctrl_conv_output.sv
Compiling source file ../rtl_files/memory.sv
Presto compilation completed successfully.
Loading db file '/home/home4/pmilder/ese507/synthesis/lib/NangateOpenCellLibrary_typical.db'
Loading db file '/usr/local/synopsys/syn/libraries/syn/dw_foundation.sldb'
1
elaborate -work WORK $TOP_MOD_NAME
Loading db file '/usr/local/synopsys/syn/libraries/syn/gtech.db'
Loading db file '/usr/local/synopsys/syn/libraries/syn/standard.sldb'
  Loading link library 'NangateOpenCellLibrary'
  Loading link library 'gtech'
Running PRESTO HDLC

Inferred memory devices in process
	in routine conv_128_32 line 114 in file
		'../rtl_files/conv_128_32.sv'.
===============================================================================
|    Register Name    |   Type    | Width | Bus | MB | AR | AS | SR | SS | ST |
===============================================================================
| conv_pre_start_reg  | Flip-flop |   1   |  N  | N  | N  | N  | N  | N  | N  |
===============================================================================
Statistics for MUX_OPs
===========================================================
| block name/line  | Inputs | Outputs | # sel inputs | MB |
===========================================================
| conv_128_32/142  |  128   |    8    |      7       | N  |
| conv_128_32/142  |  128   |    8    |      7       | N  |
| conv_128_32/142  |  128   |    8    |      7       | N  |
| conv_128_32/142  |  128   |    8    |      7       | N  |
| conv_128_32/142  |  128   |    8    |      7       | N  |
| conv_128_32/142  |  128   |    8    |      7       | N  |
| conv_128_32/142  |  128   |    8    |      7       | N  |
| conv_128_32/142  |  128   |    8    |      7       | N  |
| conv_128_32/142  |  128   |    8    |      7       | N  |
| conv_128_32/142  |  128   |    8    |      7       | N  |
| conv_128_32/142  |  128   |    8    |      7       | N  |
| conv_128_32/142  |  128   |    8    |      7       | N  |
| conv_128_32/142  |  128   |    8    |      7       | N  |
| conv_128_32/142  |  128   |    8    |      7       | N  |
| conv_128_32/142  |  128   |    8    |      7       | N  |
| conv_128_32/142  |  128   |    8    |      7       | N  |
| conv_128_32/142  |  128   |    8    |      7       | N  |
| conv_128_32/142  |  128   |    8    |      7       | N  |
| conv_128_32/142  |  128   |    8    |      7       | N  |
| conv_128_32/142  |  128   |    8    |      7       | N  |
| conv_128_32/142  |  128   |    8    |      7       | N  |
| conv_128_32/142  |  128   |    8    |      7       | N  |
| conv_128_32/142  |  128   |    8    |      7       | N  |
| conv_128_32/142  |  128   |    8    |      7       | N  |
| conv_128_32/142  |  128   |    8    |      7       | N  |
| conv_128_32/142  |  128   |    8    |      7       | N  |
| conv_128_32/142  |  128   |    8    |      7       | N  |
| conv_128_32/142  |  128   |    8    |      7       | N  |
| conv_128_32/142  |  128   |    8    |      7       | N  |
| conv_128_32/142  |  128   |    8    |      7       | N  |
| conv_128_32/142  |  128   |    8    |      7       | N  |
| conv_128_32/142  |  128   |    8    |      7       | N  |
===========================================================
Presto compilation completed successfully.
Elaborated 1 design.
Current design is now 'conv_128_32'.
Information: Building the design 'ctrl_mem_write' instantiated from design 'conv_128_32' with
	the parameters "MEM_ADDR_WIDTH=7,MEM_SIZE=128". (HDL-193)
Warning:  ../rtl_files/ctrl_mem_write.sv:25: signed to unsigned conversion occurs. (VER-318)
Warning:  ../rtl_files/ctrl_mem_write.sv:29: signed to unsigned conversion occurs. (VER-318)

Inferred memory devices in process
	in routine ctrl_mem_write_MEM_ADDR_WIDTH7_MEM_SIZE128 line 19 in file
		'../rtl_files/ctrl_mem_write.sv'.
===============================================================================
|    Register Name    |   Type    | Width | Bus | MB | AR | AS | SR | SS | ST |
===============================================================================
|    mem_addr_reg     | Flip-flop |   7   |  Y  | N  | N  | N  | N  | N  | N  |
|     s_ready_reg     | Flip-flop |   1   |  N  | N  | N  | N  | N  | N  | N  |
===============================================================================
Presto compilation completed successfully.
Information: Building the design 'memory' instantiated from design 'conv_128_32' with
	the parameters "WIDTH=8,SIZE=128,LOGSIZE=7". (HDL-193)
Warning:  ../rtl_files/memory.sv:21: unsigned to signed assignment occurs. (VER-318)

Inferred memory devices in process
	in routine memory_WIDTH8_SIZE128_LOGSIZE7 line 18 in file
		'../rtl_files/memory.sv'.
===============================================================================
|    Register Name    |   Type    | Width | Bus | MB | AR | AS | SR | SS | ST |
===============================================================================
|    data_out_reg     | Flip-flop | 1024  |  Y  | N  | N  | N  | N  | N  | N  |
|       mem_reg       | Flip-flop |   8   |  Y  | N  | N  | N  | N  | N  | N  |
|       mem_reg       | Flip-flop |   8   |  Y  | N  | N  | N  | N  | N  | N  |
|       mem_reg       | Flip-flop |   8   |  Y  | N  | N  | N  | N  | N  | N  |
|       mem_reg       | Flip-flop |   8   |  Y  | N  | N  | N  | N  | N  | N  |
|       mem_reg       | Flip-flop |   8   |  Y  | N  | N  | N  | N  | N  | N  |
|       mem_reg       | Flip-flop |   8   |  Y  | N  | N  | N  | N  | N  | N  |
|       mem_reg       | Flip-flop |   8   |  Y  | N  | N  | N  | N  | N  | N  |
|       mem_reg       | Flip-flop |   8   |  Y  | N  | N  | N  | N  | N  | N  |
|       mem_reg       | Flip-flop |   8   |  Y  | N  | N  | N  | N  | N  | N  |
|       mem_reg       | Flip-flop |   8   |  Y  | N  | N  | N  | N  | N  | N  |
|       mem_reg       | Flip-flop |   8   |  Y  | N  | N  | N  | N  | N  | N  |
|       mem_reg       | Flip-flop |   8   |  Y  | N  | N  | N  | N  | N  | N  |
|       mem_reg       | Flip-flop |   8   |  Y  | N  | N  | N  | N  | N  | N  |
|       mem_reg       | Flip-flop |   8   |  Y  | N  | N  | N  | N  | N  | N  |
|       mem_reg       | Flip-flop |   8   |  Y  | N  | N  | N  | N  | N  | N  |
|       mem_reg       | Flip-flop |   8   |  Y  | N  | N  | N  | N  | N  | N  |
|       mem_reg       | Flip-flop |   8   |  Y  | N  | N  | N  | N  | N  | N  |
|       mem_reg       | Flip-flop |   8   |  Y  | N  | N  | N  | N  | N  | N  |
|       mem_reg       | Flip-flop |   8   |  Y  | N  | N  | N  | N  | N  | N  |
|       mem_reg       | Flip-flop |   8   |  Y  | N  | N  | N  | N  | N  | N  |
|       mem_reg       | Flip-flop |   8   |  Y  | N  | N  | N  | N  | N  | N  |
|       mem_reg       | Flip-flop |   8   |  Y  | N  | N  | N  | N  | N  | N  |
|       mem_reg       | Flip-flop |   8   |  Y  | N  | N  | N  | N  | N  | N  |
|       mem_reg       | Flip-flop |   8   |  Y  | N  | N  | N  | N  | N  | N  |
|       mem_reg       | Flip-flop |   8   |  Y  | N  | N  | N  | N  | N  | N  |
|       mem_reg       | Flip-flop |   8   |  Y  | N  | N  | N  | N  | N  | N  |
|       mem_reg       | Flip-flop |   8   |  Y  | N  | N  | N  | N  | N  | N  |
|       mem_reg       | Flip-flop |   8   |  Y  | N  | N  | N  | N  | N  | N  |
|       mem_reg       | Flip-flop |   8   |  Y  | N  | N  | N  | N  | N  | N  |
|       mem_reg       | Flip-flop |   8   |  Y  | N  | N  | N  | N  | N  | N  |
|       mem_reg       | Flip-flop |   8   |  Y  | N  | N  | N  | N  | N  | N  |
|       mem_reg       | Flip-flop |   8   |  Y  | N  | N  | N  | N  | N  | N  |
|       mem_reg       | Flip-flop |   8   |  Y  | N  | N  | N  | N  | N  | N  |
|       mem_reg       | Flip-flop |   8   |  Y  | N  | N  | N  | N  | N  | N  |
|       mem_reg       | Flip-flop |   8   |  Y  | N  | N  | N  | N  | N  | N  |
|       mem_reg       | Flip-flop |   8   |  Y  | N  | N  | N  | N  | N  | N  |
|       mem_reg       | Flip-flop |   8   |  Y  | N  | N  | N  | N  | N  | N  |
|       mem_reg       | Flip-flop |   8   |  Y  | N  | N  | N  | N  | N  | N  |
|       mem_reg       | Flip-flop |   8   |  Y  | N  | N  | N  | N  | N  | N  |
|       mem_reg       | Flip-flop |   8   |  Y  | N  | N  | N  | N  | N  | N  |
|       mem_reg       | Flip-flop |   8   |  Y  | N  | N  | N  | N  | N  | N  |
|       mem_reg       | Flip-flop |   8   |  Y  | N  | N  | N  | N  | N  | N  |
|       mem_reg       | Flip-flop |   8   |  Y  | N  | N  | N  | N  | N  | N  |
|       mem_reg       | Flip-flop |   8   |  Y  | N  | N  | N  | N  | N  | N  |
|       mem_reg       | Flip-flop |   8   |  Y  | N  | N  | N  | N  | N  | N  |
|       mem_reg       | Flip-flop |   8   |  Y  | N  | N  | N  | N  | N  | N  |
|       mem_reg       | Flip-flop |   8   |  Y  | N  | N  | N  | N  | N  | N  |
|       mem_reg       | Flip-flop |   8   |  Y  | N  | N  | N  | N  | N  | N  |
|       mem_reg       | Flip-flop |   8   |  Y  | N  | N  | N  | N  | N  | N  |
|       mem_reg       | Flip-flop |   8   |  Y  | N  | N  | N  | N  | N  | N  |
|       mem_reg       | Flip-flop |   8   |  Y  | N  | N  | N  | N  | N  | N  |
|       mem_reg       | Flip-flop |   8   |  Y  | N  | N  | N  | N  | N  | N  |
|       mem_reg       | Flip-flop |   8   |  Y  | N  | N  | N  | N  | N  | N  |
|       mem_reg       | Flip-flop |   8   |  Y  | N  | N  | N  | N  | N  | N  |
|       mem_reg       | Flip-flop |   8   |  Y  | N  | N  | N  | N  | N  | N  |
|       mem_reg       | Flip-flop |   8   |  Y  | N  | N  | N  | N  | N  | N  |
|       mem_reg       | Flip-flop |   8   |  Y  | N  | N  | N  | N  | N  | N  |
|       mem_reg       | Flip-flop |   8   |  Y  | N  | N  | N  | N  | N  | N  |
|       mem_reg       | Flip-flop |   8   |  Y  | N  | N  | N  | N  | N  | N  |
|       mem_reg       | Flip-flop |   8   |  Y  | N  | N  | N  | N  | N  | N  |
|       mem_reg       | Flip-flop |   8   |  Y  | N  | N  | N  | N  | N  | N  |
|       mem_reg       | Flip-flop |   8   |  Y  | N  | N  | N  | N  | N  | N  |
|       mem_reg       | Flip-flop |   8   |  Y  | N  | N  | N  | N  | N  | N  |
|       mem_reg       | Flip-flop |   8   |  Y  | N  | N  | N  | N  | N  | N  |
|       mem_reg       | Flip-flop |   8   |  Y  | N  | N  | N  | N  | N  | N  |
|       mem_reg       | Flip-flop |   8   |  Y  | N  | N  | N  | N  | N  | N  |
|       mem_reg       | Flip-flop |   8   |  Y  | N  | N  | N  | N  | N  | N  |
|       mem_reg       | Flip-flop |   8   |  Y  | N  | N  | N  | N  | N  | N  |
|       mem_reg       | Flip-flop |   8   |  Y  | N  | N  | N  | N  | N  | N  |
|       mem_reg       | Flip-flop |   8   |  Y  | N  | N  | N  | N  | N  | N  |
|       mem_reg       | Flip-flop |   8   |  Y  | N  | N  | N  | N  | N  | N  |
|       mem_reg       | Flip-flop |   8   |  Y  | N  | N  | N  | N  | N  | N  |
|       mem_reg       | Flip-flop |   8   |  Y  | N  | N  | N  | N  | N  | N  |
|       mem_reg       | Flip-flop |   8   |  Y  | N  | N  | N  | N  | N  | N  |
|       mem_reg       | Flip-flop |   8   |  Y  | N  | N  | N  | N  | N  | N  |
|       mem_reg       | Flip-flop |   8   |  Y  | N  | N  | N  | N  | N  | N  |
|       mem_reg       | Flip-flop |   8   |  Y  | N  | N  | N  | N  | N  | N  |
|       mem_reg       | Flip-flop |   8   |  Y  | N  | N  | N  | N  | N  | N  |
|       mem_reg       | Flip-flop |   8   |  Y  | N  | N  | N  | N  | N  | N  |
|       mem_reg       | Flip-flop |   8   |  Y  | N  | N  | N  | N  | N  | N  |
|       mem_reg       | Flip-flop |   8   |  Y  | N  | N  | N  | N  | N  | N  |
|       mem_reg       | Flip-flop |   8   |  Y  | N  | N  | N  | N  | N  | N  |
|       mem_reg       | Flip-flop |   8   |  Y  | N  | N  | N  | N  | N  | N  |
|       mem_reg       | Flip-flop |   8   |  Y  | N  | N  | N  | N  | N  | N  |
|       mem_reg       | Flip-flop |   8   |  Y  | N  | N  | N  | N  | N  | N  |
|       mem_reg       | Flip-flop |   8   |  Y  | N  | N  | N  | N  | N  | N  |
|       mem_reg       | Flip-flop |   8   |  Y  | N  | N  | N  | N  | N  | N  |
|       mem_reg       | Flip-flop |   8   |  Y  | N  | N  | N  | N  | N  | N  |
|       mem_reg       | Flip-flop |   8   |  Y  | N  | N  | N  | N  | N  | N  |
|       mem_reg       | Flip-flop |   8   |  Y  | N  | N  | N  | N  | N  | N  |
|       mem_reg       | Flip-flop |   8   |  Y  | N  | N  | N  | N  | N  | N  |
|       mem_reg       | Flip-flop |   8   |  Y  | N  | N  | N  | N  | N  | N  |
|       mem_reg       | Flip-flop |   8   |  Y  | N  | N  | N  | N  | N  | N  |
|       mem_reg       | Flip-flop |   8   |  Y  | N  | N  | N  | N  | N  | N  |
|       mem_reg       | Flip-flop |   8   |  Y  | N  | N  | N  | N  | N  | N  |
|       mem_reg       | Flip-flop |   8   |  Y  | N  | N  | N  | N  | N  | N  |
|       mem_reg       | Flip-flop |   8   |  Y  | N  | N  | N  | N  | N  | N  |
|       mem_reg       | Flip-flop |   8   |  Y  | N  | N  | N  | N  | N  | N  |
|       mem_reg       | Flip-flop |   8   |  Y  | N  | N  | N  | N  | N  | N  |
|       mem_reg       | Flip-flop |   8   |  Y  | N  | N  | N  | N  | N  | N  |
|       mem_reg       | Flip-flop |   8   |  Y  | N  | N  | N  | N  | N  | N  |
|       mem_reg       | Flip-flop |   8   |  Y  | N  | N  | N  | N  | N  | N  |
|       mem_reg       | Flip-flop |   8   |  Y  | N  | N  | N  | N  | N  | N  |
|       mem_reg       | Flip-flop |   8   |  Y  | N  | N  | N  | N  | N  | N  |
|       mem_reg       | Flip-flop |   8   |  Y  | N  | N  | N  | N  | N  | N  |
|       mem_reg       | Flip-flop |   8   |  Y  | N  | N  | N  | N  | N  | N  |
|       mem_reg       | Flip-flop |   8   |  Y  | N  | N  | N  | N  | N  | N  |
|       mem_reg       | Flip-flop |   8   |  Y  | N  | N  | N  | N  | N  | N  |
|       mem_reg       | Flip-flop |   8   |  Y  | N  | N  | N  | N  | N  | N  |
|       mem_reg       | Flip-flop |   8   |  Y  | N  | N  | N  | N  | N  | N  |
|       mem_reg       | Flip-flop |   8   |  Y  | N  | N  | N  | N  | N  | N  |
|       mem_reg       | Flip-flop |   8   |  Y  | N  | N  | N  | N  | N  | N  |
|       mem_reg       | Flip-flop |   8   |  Y  | N  | N  | N  | N  | N  | N  |
|       mem_reg       | Flip-flop |   8   |  Y  | N  | N  | N  | N  | N  | N  |
|       mem_reg       | Flip-flop |   8   |  Y  | N  | N  | N  | N  | N  | N  |
|       mem_reg       | Flip-flop |   8   |  Y  | N  | N  | N  | N  | N  | N  |
|       mem_reg       | Flip-flop |   8   |  Y  | N  | N  | N  | N  | N  | N  |
|       mem_reg       | Flip-flop |   8   |  Y  | N  | N  | N  | N  | N  | N  |
|       mem_reg       | Flip-flop |   8   |  Y  | N  | N  | N  | N  | N  | N  |
|       mem_reg       | Flip-flop |   8   |  Y  | N  | N  | N  | N  | N  | N  |
|       mem_reg       | Flip-flop |   8   |  Y  | N  | N  | N  | N  | N  | N  |
|       mem_reg       | Flip-flop |   8   |  Y  | N  | N  | N  | N  | N  | N  |
|       mem_reg       | Flip-flop |   8   |  Y  | N  | N  | N  | N  | N  | N  |
|       mem_reg       | Flip-flop |   8   |  Y  | N  | N  | N  | N  | N  | N  |
|       mem_reg       | Flip-flop |   8   |  Y  | N  | N  | N  | N  | N  | N  |
|       mem_reg       | Flip-flop |   8   |  Y  | N  | N  | N  | N  | N  | N  |
|       mem_reg       | Flip-flop |   8   |  Y  | N  | N  | N  | N  | N  | N  |
|       mem_reg       | Flip-flop |   8   |  Y  | N  | N  | N  | N  | N  | N  |
===============================================================================
Presto compilation completed successfully.
Information: Building the design 'ctrl_mem_write' instantiated from design 'conv_128_32' with
	the parameters "MEM_ADDR_WIDTH=5,MEM_SIZE=32". (HDL-193)
Warning:  ../rtl_files/ctrl_mem_write.sv:25: signed to unsigned conversion occurs. (VER-318)
Warning:  ../rtl_files/ctrl_mem_write.sv:29: signed to unsigned conversion occurs. (VER-318)

Inferred memory devices in process
	in routine ctrl_mem_write_MEM_ADDR_WIDTH5_MEM_SIZE32 line 19 in file
		'../rtl_files/ctrl_mem_write.sv'.
===============================================================================
|    Register Name    |   Type    | Width | Bus | MB | AR | AS | SR | SS | ST |
===============================================================================
|    mem_addr_reg     | Flip-flop |   5   |  Y  | N  | N  | N  | N  | N  | N  |
|     s_ready_reg     | Flip-flop |   1   |  N  | N  | N  | N  | N  | N  | N  |
===============================================================================
Presto compilation completed successfully.
Information: Building the design 'memory' instantiated from design 'conv_128_32' with
	the parameters "WIDTH=8,SIZE=32,LOGSIZE=5". (HDL-193)
Warning:  ../rtl_files/memory.sv:21: unsigned to signed assignment occurs. (VER-318)

Inferred memory devices in process
	in routine memory_WIDTH8_SIZE32_LOGSIZE5 line 18 in file
		'../rtl_files/memory.sv'.
===============================================================================
|    Register Name    |   Type    | Width | Bus | MB | AR | AS | SR | SS | ST |
===============================================================================
|    data_out_reg     | Flip-flop |  256  |  Y  | N  | N  | N  | N  | N  | N  |
|       mem_reg       | Flip-flop |   8   |  Y  | N  | N  | N  | N  | N  | N  |
|       mem_reg       | Flip-flop |   8   |  Y  | N  | N  | N  | N  | N  | N  |
|       mem_reg       | Flip-flop |   8   |  Y  | N  | N  | N  | N  | N  | N  |
|       mem_reg       | Flip-flop |   8   |  Y  | N  | N  | N  | N  | N  | N  |
|       mem_reg       | Flip-flop |   8   |  Y  | N  | N  | N  | N  | N  | N  |
|       mem_reg       | Flip-flop |   8   |  Y  | N  | N  | N  | N  | N  | N  |
|       mem_reg       | Flip-flop |   8   |  Y  | N  | N  | N  | N  | N  | N  |
|       mem_reg       | Flip-flop |   8   |  Y  | N  | N  | N  | N  | N  | N  |
|       mem_reg       | Flip-flop |   8   |  Y  | N  | N  | N  | N  | N  | N  |
|       mem_reg       | Flip-flop |   8   |  Y  | N  | N  | N  | N  | N  | N  |
|       mem_reg       | Flip-flop |   8   |  Y  | N  | N  | N  | N  | N  | N  |
|       mem_reg       | Flip-flop |   8   |  Y  | N  | N  | N  | N  | N  | N  |
|       mem_reg       | Flip-flop |   8   |  Y  | N  | N  | N  | N  | N  | N  |
|       mem_reg       | Flip-flop |   8   |  Y  | N  | N  | N  | N  | N  | N  |
|       mem_reg       | Flip-flop |   8   |  Y  | N  | N  | N  | N  | N  | N  |
|       mem_reg       | Flip-flop |   8   |  Y  | N  | N  | N  | N  | N  | N  |
|       mem_reg       | Flip-flop |   8   |  Y  | N  | N  | N  | N  | N  | N  |
|       mem_reg       | Flip-flop |   8   |  Y  | N  | N  | N  | N  | N  | N  |
|       mem_reg       | Flip-flop |   8   |  Y  | N  | N  | N  | N  | N  | N  |
|       mem_reg       | Flip-flop |   8   |  Y  | N  | N  | N  | N  | N  | N  |
|       mem_reg       | Flip-flop |   8   |  Y  | N  | N  | N  | N  | N  | N  |
|       mem_reg       | Flip-flop |   8   |  Y  | N  | N  | N  | N  | N  | N  |
|       mem_reg       | Flip-flop |   8   |  Y  | N  | N  | N  | N  | N  | N  |
|       mem_reg       | Flip-flop |   8   |  Y  | N  | N  | N  | N  | N  | N  |
|       mem_reg       | Flip-flop |   8   |  Y  | N  | N  | N  | N  | N  | N  |
|       mem_reg       | Flip-flop |   8   |  Y  | N  | N  | N  | N  | N  | N  |
|       mem_reg       | Flip-flop |   8   |  Y  | N  | N  | N  | N  | N  | N  |
|       mem_reg       | Flip-flop |   8   |  Y  | N  | N  | N  | N  | N  | N  |
|       mem_reg       | Flip-flop |   8   |  Y  | N  | N  | N  | N  | N  | N  |
|       mem_reg       | Flip-flop |   8   |  Y  | N  | N  | N  | N  | N  | N  |
|       mem_reg       | Flip-flop |   8   |  Y  | N  | N  | N  | N  | N  | N  |
|       mem_reg       | Flip-flop |   8   |  Y  | N  | N  | N  | N  | N  | N  |
===============================================================================
Presto compilation completed successfully.
Information: Building the design 'ctrl_conv_output' instantiated from design 'conv_128_32' with
	the parameters "F_MEM_SIZE=32,X_MEM_SIZE=128,X_MEM_ADDR_WIDTH=7,F_MEM_ADDR_WIDTH=5". (HDL-193)
Warning:  ../rtl_files/ctrl_conv_output.sv:77: signed to unsigned conversion occurs. (VER-318)

Inferred memory devices in process
	in routine ctrl_conv_output_F_MEM_SIZE32_X_MEM_SIZE128_X_MEM_ADDR_WIDTH7_F_MEM_ADDR_WIDTH5 line 28 in file
		'../rtl_files/ctrl_conv_output.sv'.
===============================================================================
|    Register Name    |   Type    | Width | Bus | MB | AR | AS | SR | SS | ST |
===============================================================================
| conv_start_reg_reg  | Flip-flop |   1   |  N  | N  | N  | N  | N  | N  | N  |
===============================================================================

Inferred memory devices in process
	in routine ctrl_conv_output_F_MEM_SIZE32_X_MEM_SIZE128_X_MEM_ADDR_WIDTH7_F_MEM_ADDR_WIDTH5 line 54 in file
		'../rtl_files/ctrl_conv_output.sv'.
===============================================================================
|    Register Name    |   Type    | Width | Bus | MB | AR | AS | SR | SS | ST |
===============================================================================
|    m_valid_y_reg    | Flip-flop |   1   |  N  | N  | N  | N  | N  | N  | N  |
| load_xaddr_val_reg  | Flip-flop |   7   |  Y  | N  | N  | N  | N  | N  | N  |
===============================================================================
Presto compilation completed successfully.
1
###### CLOCKS AND PORTS #######
set CLK_PORT [get_ports $CLK_NAME]
{clk}
set TMP1 [remove_from_collection [all_inputs] $CLK_PORT]
{reset s_valid_x s_valid_f m_ready_y s_data_in_x[7] s_data_in_x[6] s_data_in_x[5] s_data_in_x[4] s_data_in_x[3] s_data_in_x[2] s_data_in_x[1] s_data_in_x[0] s_data_in_f[7] s_data_in_f[6] s_data_in_f[5] s_data_in_f[4] s_data_in_f[3] s_data_in_f[2] s_data_in_f[1] s_data_in_f[0]}
set INPUTS [remove_from_collection $TMP1 $RST_NAME]
{s_valid_x s_valid_f m_ready_y s_data_in_x[7] s_data_in_x[6] s_data_in_x[5] s_data_in_x[4] s_data_in_x[3] s_data_in_x[2] s_data_in_x[1] s_data_in_x[0] s_data_in_f[7] s_data_in_f[6] s_data_in_f[5] s_data_in_f[4] s_data_in_f[3] s_data_in_f[2] s_data_in_f[1] s_data_in_f[0]}
create_clock -period $CLK_PERIOD [get_ports clk]
1
# set delay for inputs to be 0.2ns
set_input_delay 0.2 -max -clock clk $INPUTS
1
set_output_delay 0.2 -max -clock clk [all_outputs]
1
###### OPTIMIZATION #######
set_max_area 0 
1
###### RUN #####
compile_ultra
Information: Performing power optimization. (PWR-850)
Alib files are up-to-date.
Information: Evaluating DesignWare library utilization. (UISN-27)

============================================================================
| DesignWare Building Block Library  |         Version         | Available |
============================================================================
| Basic DW Building Blocks           | J-2014.09-DWBB_201409.5.2 |   *     |
| Licensed DW Building Blocks        | J-2014.09-DWBB_201409.5.2 |   *     |
============================================================================

Information: Sequential output inversion is enabled.  SVF file must be used for formal verification. (OPT-1208)

Information: There are 3 potential problems in your design. Please run 'check_design' for more information. (LINT-99)


Loaded alib file './alib-52/NangateOpenCellLibrary_typical.db.alib'
  Building model 'DW01_NAND2'
Information: Ungrouping hierarchy ctrl_xmem_write_inst before Pass 1 (OPT-776)
Information: Ungrouping hierarchy xmem_inst before Pass 1 (OPT-776)
Information: Ungrouping hierarchy ctrl_fmem_write_inst before Pass 1 (OPT-776)
Information: Ungrouping hierarchy fmem_inst before Pass 1 (OPT-776)
Information: Ungrouping hierarchy ctrl_conv_output_inst before Pass 1 (OPT-776)
Information: Ungrouping 5 of 6 hierarchies before Pass 1 (OPT-775)
Information: State dependent leakage is now switched from on to off.

  Beginning Pass 1 Mapping
  ------------------------
  Processing 'conv_128_32'
 Implement Synthetic for 'conv_128_32'.
Information: Added key list 'DesignWare' to design 'conv_128_32'. (DDB-72)

  Updating timing information
Information: Updating design information... (UID-85)

  Beginning Mapping Optimizations  (Ultra High effort)
  -------------------------------
  Mapping Optimization (Phase 1)

                                  TOTAL                                                
   ELAPSED            WORST NEG   SETUP    DESIGN                              LEAKAGE 
    TIME      AREA      SLACK     COST    RULE COST         ENDPOINT            POWER  
  --------- --------- --------- --------- --------- ------------------------- ---------
    0:01:38   61110.3      2.65      37.5    5306.8                           1386452.0000
    0:01:38   61110.3      2.65      37.5    5306.8                           1386452.0000
    0:01:38   61110.3      2.65      37.5    5306.8                           1386452.0000
    0:01:38   61110.3      2.65      37.5    5306.8                           1386452.0000
  Re-synthesis Optimization (Phase 1)
  Re-synthesis Optimization (Phase 2)
  Global Optimization (Phase 1)
  Global Optimization (Phase 2)
  Global Optimization (Phase 3)
  Global Optimization (Phase 4)
  Global Optimization (Phase 5)
  Global Optimization (Phase 6)
  Global Optimization (Phase 7)
  Global Optimization (Phase 8)
  Global Optimization (Phase 9)
  Global Optimization (Phase 10)
  Global Optimization (Phase 11)
  Global Optimization (Phase 12)
  Global Optimization (Phase 13)
  Global Optimization (Phase 14)
  Global Optimization (Phase 15)
  Global Optimization (Phase 16)
  Global Optimization (Phase 17)
  Global Optimization (Phase 18)
  Global Optimization (Phase 19)
  Global Optimization (Phase 20)
  Global Optimization (Phase 21)
  Global Optimization (Phase 22)
  Global Optimization (Phase 23)
  Global Optimization (Phase 24)
  Global Optimization (Phase 25)
  Global Optimization (Phase 26)
  Global Optimization (Phase 27)
  Global Optimization (Phase 28)
  Global Optimization (Phase 29)
  Global Optimization (Phase 30)
  Global Optimization (Phase 31)
  Mapping 'conv_128_32_DP_OP_221J1_122_3486_0'
    0:02:42   62007.5      0.64       6.6     516.6                           1382705.1250



  Beginning Delay Optimization Phase
  ----------------------------------

                                  TOTAL                                                
   ELAPSED            WORST NEG   SETUP    DESIGN                              LEAKAGE 
    TIME      AREA      SLACK     COST    RULE COST         ENDPOINT            POWER  
  --------- --------- --------- --------- --------- ------------------------- ---------
    0:02:42   62007.5      0.64       6.6     516.6                           1382705.1250
    0:02:42   62007.5      0.64       6.6     516.6                           1382705.1250
    0:02:45   61769.5      0.63       6.2     516.6                           1372545.8750
    0:02:45   61769.5      0.63       6.2     516.6                           1372545.8750
    0:03:07   62376.2      0.33       3.3     515.8                           1390206.6250
    0:03:07   62376.2      0.33       3.3     515.8                           1390206.6250
    0:03:09   62339.8      0.30       3.1     518.2                           1389043.5000
    0:03:09   62339.8      0.30       3.1     518.2                           1389043.5000
    0:03:14   62520.1      0.28       2.9     518.2                           1394572.1250
    0:03:14   62520.1      0.28       2.9     518.2                           1394572.1250
    0:04:06   62860.1      0.12       1.1     563.8                           1406202.5000
    0:04:06   62860.1      0.12       1.1     563.8                           1406202.5000
    0:04:19   63104.0      0.11       1.0     583.6                           1412892.0000

  Beginning Delay Optimization
  ----------------------------
    0:04:19   63104.5      0.11       1.0     583.6                           1412906.3750
    0:04:26   63110.9      0.10       0.9     596.5                           1413077.6250
    0:04:26   63110.9      0.10       0.9     596.5                           1413077.6250
    0:04:42   63443.1      0.09       0.8     599.2                           1422177.5000
    0:04:42   63443.1      0.09       0.8     599.2                           1422177.5000
    0:04:59   63462.5      0.07       0.6     613.1                           1422348.3750
    0:04:59   63462.5      0.07       0.6     613.1                           1422348.3750
    0:05:06   63480.9      0.07       0.6     613.1                           1422915.2500


  Beginning Design Rule Fixing  (max_transition)  (max_capacitance)
  ----------------------------

                                  TOTAL                                                
   ELAPSED            WORST NEG   SETUP    DESIGN                              LEAKAGE 
    TIME      AREA      SLACK     COST    RULE COST         ENDPOINT            POWER  
  --------- --------- --------- --------- --------- ------------------------- ---------
    0:05:06   63480.9      0.07       0.6     613.1                           1422915.2500
  Global Optimization (Phase 32)
  Global Optimization (Phase 33)
  Global Optimization (Phase 34)
    0:05:16   63397.1      0.04       0.3       0.0 m_data_out_y[18]          1419652.2500
    0:05:16   63388.6      0.04       0.3       0.0                           1419386.8750
    0:05:19   63438.9      0.04       0.3       0.0                           1420945.6250

                                  TOTAL                                                
   ELAPSED            WORST NEG   SETUP    DESIGN                              LEAKAGE 
    TIME      AREA      SLACK     COST    RULE COST         ENDPOINT            POWER  
  --------- --------- --------- --------- --------- ------------------------- ---------
    0:05:19   63438.9      0.04       0.3       0.0                           1420945.6250
    0:05:20   63437.8      0.04       0.3       0.0                           1420916.8750


  Beginning Leakage Power Optimization  (max_leakage_power 0)
  ------------------------------------

                                  TOTAL                                                
   ELAPSED            WORST NEG   SETUP    DESIGN                              LEAKAGE 
    TIME      AREA      SLACK     COST    RULE COST         ENDPOINT            POWER  
  --------- --------- --------- --------- --------- ------------------------- ---------
    0:05:32   63234.6      0.04       0.3       0.0                           1414984.1250
  Global Optimization (Phase 35)
  Global Optimization (Phase 36)
  Global Optimization (Phase 37)
  Global Optimization (Phase 38)
  Global Optimization (Phase 39)
  Global Optimization (Phase 40)
  Global Optimization (Phase 41)
  Global Optimization (Phase 42)
  Global Optimization (Phase 43)
  Global Optimization (Phase 44)
  Global Optimization (Phase 45)
  Global Optimization (Phase 46)
  Global Optimization (Phase 47)
  Global Optimization (Phase 48)
  Global Optimization (Phase 49)
  Global Optimization (Phase 50)
  Global Optimization (Phase 51)
  Global Optimization (Phase 52)
  Global Optimization (Phase 53)
  Global Optimization (Phase 54)
  Global Optimization (Phase 55)
  Global Optimization (Phase 56)
  Global Optimization (Phase 57)
  Global Optimization (Phase 58)
  Global Optimization (Phase 59)
  Global Optimization (Phase 60)
    0:06:30   58830.7      0.00       0.0       0.0                           1298008.3750
    0:06:30   58830.7      0.00       0.0       0.0                           1298008.3750
    0:06:30   58830.7      0.00       0.0       0.0                           1298008.3750
    0:06:32   58803.3      0.00       0.0       0.0                           1297114.5000
    0:06:33   58803.3      0.00       0.0       0.0                           1297114.5000
    0:06:33   58803.3      0.00       0.0       0.0                           1297114.5000
    0:06:33   58803.3      0.00       0.0       0.0                           1297114.5000
    0:06:33   58803.3      0.00       0.0       0.0                           1297114.5000
    0:06:33   58803.3      0.00       0.0       0.0                           1297114.5000
    0:06:33   58803.3      0.00       0.0       0.0                           1297114.5000
    0:06:33   58803.3      0.00       0.0       0.0                           1297114.5000
    0:06:33   58803.3      0.00       0.0       0.0                           1297114.5000
    0:06:33   58803.3      0.00       0.0       0.0                           1297114.5000
    0:06:33   58803.3      0.00       0.0       0.0                           1297114.5000
    0:06:33   58803.3      0.00       0.0       0.0                           1297114.5000
    0:06:33   58803.3      0.00       0.0       0.0                           1297114.5000
    0:06:33   58803.3      0.00       0.0       0.0                           1297114.5000
    0:06:33   58803.3      0.00       0.0       0.0                           1297114.5000
    0:06:33   58803.3      0.00       0.0       0.0                           1297114.5000
    0:06:33   58803.3      0.00       0.0       0.0                           1297114.5000
    0:06:33   58803.3      0.00       0.0       0.0                           1297114.5000
    0:06:33   58803.3      0.00       0.0       0.0                           1297114.5000

                                  TOTAL                                                
   ELAPSED            WORST NEG   SETUP    DESIGN                              LEAKAGE 
    TIME      AREA      SLACK     COST    RULE COST         ENDPOINT            POWER  
  --------- --------- --------- --------- --------- ------------------------- ---------
    0:06:34   58803.3      0.00       0.0       0.0                           1297114.5000
    0:06:38   58554.6      0.02       0.1       0.0                           1287310.3750
    0:06:42   58626.9      0.00       0.0      48.1                           1292059.0000
    0:06:44   58598.2      0.00       0.0      48.1                           1290908.0000
    0:06:47   58579.9      0.00       0.0      48.6                           1290514.1250
    0:06:50   58572.4      0.00       0.0      48.6                           1290349.5000
    0:06:57   58550.6      0.00       0.0      48.6                           1289720.2500
    0:07:13   58535.2      0.00       0.0      44.5                           1289425.3750
    0:07:20   58503.2      0.00       0.0      44.5                           1288300.3750
    0:07:20   58503.2      0.00       0.0      44.5                           1288300.3750
    0:07:23   58503.2      0.00       0.0      44.5                           1288280.0000
    0:07:34   58406.4      0.00       0.0      44.5                           1285426.1250
    0:07:38   58421.0      0.00       0.0       0.0                           1285945.8750
    0:07:38   58421.0      0.00       0.0       0.0                           1285945.8750
    0:07:42   58411.2      0.00       0.0       0.0                           1285350.8750
Loading db file '/home/home4/pmilder/ese507/synthesis/lib/NangateOpenCellLibrary_typical.db'


Note: Symbol # after min delay cost means estimated hold TNS across all active scenarios 


  Optimization Complete
  ---------------------
Warning: Design 'conv_128_32' contains 1 high-fanout nets. A fanout number of 1000 will be used for delay calculations involving these nets. (TIM-134)
     Net 'clk': 2584 load(s), 1 driver(s)
Information: State dependent leakage is now switched from off to on.
Information: Propagating switching activity (low effort zero delay simulation). (PWR-6)
1
report_area
 
****************************************
Report : area
Design : conv_128_32
Version: J-2014.09-SP5-2
Date   : Mon Oct 28 02:34:23 2019
****************************************

Information: Updating design information... (UID-85)
Warning: Design 'conv_128_32' contains 1 high-fanout nets. A fanout number of 1000 will be used for delay calculations involving these nets. (TIM-134)
Library(s) Used:

    NangateOpenCellLibrary (File: /home/home4/pmilder/ese507/synthesis/lib/NangateOpenCellLibrary_typical.db)

Number of ports:                           45
Number of nets:                         39866
Number of cells:                        38717
Number of combinational cells:          36133
Number of sequential cells:              2584
Number of macros/black boxes:               0
Number of buf/inv:                       4145
Number of references:                      50

Combinational area:              46181.058804
Buf/Inv area:                     2733.415987
Noncombinational area:           12230.147643
Macro/Black Box area:                0.000000
Net Interconnect area:      undefined  (Wire load has zero net area)

Total cell area:                 58411.206447
Total area:                 undefined
1
report_power
 
****************************************
Report : power
        -analysis_effort low
Design : conv_128_32
Version: J-2014.09-SP5-2
Date   : Mon Oct 28 02:34:24 2019
****************************************


Library(s) Used:

    NangateOpenCellLibrary (File: /home/home4/pmilder/ese507/synthesis/lib/NangateOpenCellLibrary_typical.db)


Operating Conditions: typical   Library: NangateOpenCellLibrary
Wire Load Model Mode: top

Design        Wire Load Model            Library
------------------------------------------------
conv_128_32            5K_hvratio_1_1    NangateOpenCellLibrary


Global Operating Voltage = 1.1  
Power-specific unit information :
    Voltage Units = 1V
    Capacitance Units = 1.000000ff
    Time Units = 1ns
    Dynamic Power Units = 1uW    (derived from V,C,T units)
    Leakage Power Units = 1nW


  Cell Internal Power  =   5.9935 mW   (95%)
  Net Switching Power  = 302.7084 uW    (5%)
                         ---------
Total Dynamic Power    =   6.2962 mW  (100%)

Cell Leakage Power     =   1.1359 mW


                 Internal         Switching           Leakage            Total
Power Group      Power            Power               Power              Power   (   %    )  Attrs
--------------------------------------------------------------------------------------------------
io_pad             0.0000            0.0000            0.0000            0.0000  (   0.00%)
memory             0.0000            0.0000            0.0000            0.0000  (   0.00%)
black_box          0.0000            0.0000            0.0000            0.0000  (   0.00%)
clock_network      0.0000            0.0000            0.0000            0.0000  (   0.00%)
register       5.7094e+03           33.9922        2.3463e+05        5.9780e+03  (  80.43%)
sequential         0.0000            0.0000            0.0000            0.0000  (   0.00%)
combinational    284.1643          268.7145        9.0129e+05        1.4542e+03  (  19.57%)
--------------------------------------------------------------------------------------------------
Total          5.9936e+03 uW       302.7067 uW     1.1359e+06 nW     7.4322e+03 uW
1
report_timing
 
****************************************
Report : timing
        -path full
        -delay max
        -max_paths 1
Design : conv_128_32
Version: J-2014.09-SP5-2
Date   : Mon Oct 28 02:34:24 2019
****************************************

 # A fanout number of 1000 was used for high fanout net computations.

Operating Conditions: typical   Library: NangateOpenCellLibrary
Wire Load Model Mode: top

  Startpoint: ctrl_conv_output_inst/load_xaddr_val_reg[1]
              (rising edge-triggered flip-flop clocked by clk)
  Endpoint: m_data_out_y[18]
            (output port clocked by clk)
  Path Group: clk
  Path Type: max

  Des/Clust/Port     Wire Load Model       Library
  ------------------------------------------------
  conv_128_32        5K_hvratio_1_1        NangateOpenCellLibrary

  Point                                                   Incr       Path
  --------------------------------------------------------------------------
  clock clk (rise edge)                                   0.00       0.00
  clock network delay (ideal)                             0.00       0.00
  ctrl_conv_output_inst/load_xaddr_val_reg[1]/CK (DFF_X1)
                                                          0.00 #     0.00 r
  ctrl_conv_output_inst/load_xaddr_val_reg[1]/QN (DFF_X1)
                                                          0.07       0.07 r
  U7135/Z (BUF_X1)                                        0.04       0.11 r
  U7144/ZN (NOR2_X2)                                      0.04       0.15 f
  U9615/ZN (NOR2_X2)                                      0.08       0.23 r
  U6355/ZN (OR2_X2)                                       0.06       0.29 r
  U9638/ZN (NAND2_X1)                                     0.03       0.32 f
  U6474/ZN (NAND2_X1)                                     0.04       0.37 r
  U6473/Z (BUF_X2)                                        0.05       0.42 r
  U9641/ZN (NOR2_X2)                                      0.06       0.47 f
  U3429/Z (BUF_X1)                                        0.05       0.52 f
  U3389/Z (BUF_X2)                                        0.06       0.58 f
  U19891/ZN (AOI22_X1)                                    0.07       0.65 r
  U19893/ZN (NAND4_X1)                                    0.04       0.69 f
  U19894/ZN (OR4_X1)                                      0.13       0.81 f
  U19916/ZN (AOI22_X1)                                    0.05       0.86 r
  U19917/ZN (NAND2_X1)                                    0.05       0.91 f
  U19918/ZN (XNOR2_X1)                                    0.07       0.98 r
  U6521/ZN (OAI22_X1)                                     0.04       1.02 f
  U35117/CO (FA_X1)                                       0.11       1.13 f
  U20481/ZN (OAI21_X1)                                    0.04       1.17 r
  U20483/ZN (NAND2_X1)                                    0.03       1.20 f
  U33946/CO (FA_X1)                                       0.09       1.29 f
  U35514/S (FA_X1)                                        0.14       1.43 r
  U35593/S (FA_X1)                                        0.12       1.54 f
  U35595/CO (FA_X1)                                       0.09       1.63 f
  U35644/S (FA_X1)                                        0.14       1.77 r
  U35599/ZN (XNOR2_X1)                                    0.06       1.84 r
  U35605/ZN (XNOR2_X1)                                    0.07       1.91 r
  U35609/ZN (XNOR2_X1)                                    0.07       1.97 r
  U35623/ZN (XNOR2_X1)                                    0.06       2.04 r
  U35817/S (FA_X1)                                        0.12       2.16 f
  U36015/ZN (NOR2_X2)                                     0.06       2.22 r
  U36312/ZN (OAI21_X2)                                    0.05       2.27 f
  U36313/ZN (NAND2_X1)                                    0.04       2.31 r
  U36314/ZN (INV_X1)                                      0.02       2.33 f
  U4898/ZN (OR2_X1)                                       0.06       2.39 f
  U36339/ZN (XNOR2_X1)                                    0.05       2.45 f
  m_data_out_y[18] (out)                                  0.00       2.45 f
  data arrival time                                                  2.45

  clock clk (rise edge)                                   2.65       2.65
  clock network delay (ideal)                             0.00       2.65
  output external delay                                  -0.20       2.45
  data required time                                                 2.45
  --------------------------------------------------------------------------
  data required time                                                 2.45
  data arrival time                                                 -2.45
  --------------------------------------------------------------------------
  slack (MET)                                                        0.00


1
write -f verilog $TOP_MOD_NAME -output gates.v -hierarchy
Writing verilog file '/home/home5/vgoyal/myese507/ese507_proj2/part3/parallel/synthesis/gates.v'.
1
quit

Thank you...
