
                      Design Compiler Graphical
                            DC Ultra (TM)
                             DFTMAX (TM)
                         Power Compiler (TM)
                           DesignWare (R)
                           DC Expert (TM)
                         Design Vision (TM)
                          HDL Compiler (TM)
                         VHDL Compiler (TM)
                            DFT Compiler
                        Library Compiler (TM)
                         Design Compiler(R)

         Version J-2014.09-SP5-2 for RHEL64 -- Jul 11, 2015
               Copyright (c) 1988-2015 Synopsys, Inc.

This software and the associated documentation are confidential and 
proprietary to Synopsys, Inc. Your use or disclosure of this software 
is subject to the terms and conditions of a written license agreement 
between you, or your company, and Synopsys, Inc.

Initializing...
##############################################
# Setup: fill out the following parameters: name of clock signal, clock period (ns),
# reset signal name (if used), name of top-level module, name of source file
set CLK_NAME "clk";
clk
set CLK_PERIOD 1
1
set RST_NAME "reset";
reset
set TOP_MOD_NAME "conv_128_32";
conv_128_32
set SRC_FILE [list "../rtl_files/conv_128_32.sv" "../rtl_files/ctrl_mem_write.sv" "../rtl_files/ctrl_xmem_plus_output.sv" "../rtl_files/memory.sv" "../rtl_files/x_memory.sv"];
../rtl_files/conv_128_32.sv ../rtl_files/ctrl_mem_write.sv ../rtl_files/ctrl_xmem_plus_output.sv ../rtl_files/memory.sv ../rtl_files/x_memory.sv
# If you have multiple source files, change the line above to list them all like this:
# set SRC_FILE [list "file1.sv" "file2.sv"];
###############################################
source setupdc.tcl
NangateOpenCellLibrary_typical.db dw_foundation.sldb
file mkdir work_synth
define_design_lib WORK -path work_synth
1
analyze $SRC_FILE -format sverilog
Running PRESTO HDLC
Compiling source file ../rtl_files/conv_128_32.sv
Warning:  ../rtl_files/conv_128_32.sv:72: the undeclared symbol 'en_pline_stages' assumed to have the default net type, which is 'wire'. (VER-936)
Compiling source file ../rtl_files/ctrl_mem_write.sv
Compiling source file ../rtl_files/ctrl_xmem_plus_output.sv
Compiling source file ../rtl_files/memory.sv
Compiling source file ../rtl_files/x_memory.sv
Presto compilation completed successfully.
Loading db file '/home/home4/pmilder/ese507/synthesis/lib/NangateOpenCellLibrary_typical.db'
Loading db file '/usr/local/synopsys/syn/libraries/syn/dw_foundation.sldb'
1
elaborate -work WORK $TOP_MOD_NAME
Loading db file '/usr/local/synopsys/syn/libraries/syn/gtech.db'
Loading db file '/usr/local/synopsys/syn/libraries/syn/standard.sldb'
  Loading link library 'NangateOpenCellLibrary'
  Loading link library 'gtech'
Running PRESTO HDLC

Inferred memory devices in process
	in routine conv_128_32 line 134 in file
		'../rtl_files/conv_128_32.sv'.
===============================================================================
|    Register Name    |   Type    | Width | Bus | MB | AR | AS | SR | SS | ST |
===============================================================================
|  xmem_data_int_reg  | Flip-flop |   8   |  Y  | N  | N  | N  | N  | N  | N  |
|  xmem_data_int_reg  | Flip-flop |   8   |  Y  | N  | N  | N  | N  | N  | N  |
|  xmem_data_int_reg  | Flip-flop |   8   |  Y  | N  | N  | N  | N  | N  | N  |
|  xmem_data_int_reg  | Flip-flop |   8   |  Y  | N  | N  | N  | N  | N  | N  |
|  xmem_data_int_reg  | Flip-flop |   8   |  Y  | N  | N  | N  | N  | N  | N  |
|  xmem_data_int_reg  | Flip-flop |   8   |  Y  | N  | N  | N  | N  | N  | N  |
|  xmem_data_int_reg  | Flip-flop |   8   |  Y  | N  | N  | N  | N  | N  | N  |
|  xmem_data_int_reg  | Flip-flop |   8   |  Y  | N  | N  | N  | N  | N  | N  |
|  xmem_data_int_reg  | Flip-flop |   8   |  Y  | N  | N  | N  | N  | N  | N  |
|  xmem_data_int_reg  | Flip-flop |   8   |  Y  | N  | N  | N  | N  | N  | N  |
|  xmem_data_int_reg  | Flip-flop |   8   |  Y  | N  | N  | N  | N  | N  | N  |
|  xmem_data_int_reg  | Flip-flop |   8   |  Y  | N  | N  | N  | N  | N  | N  |
|  xmem_data_int_reg  | Flip-flop |   8   |  Y  | N  | N  | N  | N  | N  | N  |
|  xmem_data_int_reg  | Flip-flop |   8   |  Y  | N  | N  | N  | N  | N  | N  |
|  xmem_data_int_reg  | Flip-flop |   8   |  Y  | N  | N  | N  | N  | N  | N  |
|  xmem_data_int_reg  | Flip-flop |   8   |  Y  | N  | N  | N  | N  | N  | N  |
|  xmem_data_int_reg  | Flip-flop |   8   |  Y  | N  | N  | N  | N  | N  | N  |
|  xmem_data_int_reg  | Flip-flop |   8   |  Y  | N  | N  | N  | N  | N  | N  |
|  xmem_data_int_reg  | Flip-flop |   8   |  Y  | N  | N  | N  | N  | N  | N  |
|  xmem_data_int_reg  | Flip-flop |   8   |  Y  | N  | N  | N  | N  | N  | N  |
|  xmem_data_int_reg  | Flip-flop |   8   |  Y  | N  | N  | N  | N  | N  | N  |
|  xmem_data_int_reg  | Flip-flop |   8   |  Y  | N  | N  | N  | N  | N  | N  |
|  xmem_data_int_reg  | Flip-flop |   8   |  Y  | N  | N  | N  | N  | N  | N  |
|  xmem_data_int_reg  | Flip-flop |   8   |  Y  | N  | N  | N  | N  | N  | N  |
|  xmem_data_int_reg  | Flip-flop |   8   |  Y  | N  | N  | N  | N  | N  | N  |
|  xmem_data_int_reg  | Flip-flop |   8   |  Y  | N  | N  | N  | N  | N  | N  |
|  xmem_data_int_reg  | Flip-flop |   8   |  Y  | N  | N  | N  | N  | N  | N  |
|  xmem_data_int_reg  | Flip-flop |   8   |  Y  | N  | N  | N  | N  | N  | N  |
|  xmem_data_int_reg  | Flip-flop |   8   |  Y  | N  | N  | N  | N  | N  | N  |
|  xmem_data_int_reg  | Flip-flop |   8   |  Y  | N  | N  | N  | N  | N  | N  |
|  xmem_data_int_reg  | Flip-flop |   8   |  Y  | N  | N  | N  | N  | N  | N  |
|  xmem_data_int_reg  | Flip-flop |   8   |  Y  | N  | N  | N  | N  | N  | N  |
===============================================================================

Inferred memory devices in process
	in routine conv_128_32 line 144 in file
		'../rtl_files/conv_128_32.sv'.
===============================================================================
|    Register Name    |   Type    | Width | Bus | MB | AR | AS | SR | SS | ST |
===============================================================================
|    x_mult_f_reg     | Flip-flop |  16   |  Y  | N  | N  | N  | N  | N  | N  |
|    x_mult_f_reg     | Flip-flop |  16   |  Y  | N  | N  | N  | N  | N  | N  |
|    x_mult_f_reg     | Flip-flop |  16   |  Y  | N  | N  | N  | N  | N  | N  |
|    x_mult_f_reg     | Flip-flop |  16   |  Y  | N  | N  | N  | N  | N  | N  |
|    x_mult_f_reg     | Flip-flop |  16   |  Y  | N  | N  | N  | N  | N  | N  |
|    x_mult_f_reg     | Flip-flop |  16   |  Y  | N  | N  | N  | N  | N  | N  |
|    x_mult_f_reg     | Flip-flop |  16   |  Y  | N  | N  | N  | N  | N  | N  |
|    x_mult_f_reg     | Flip-flop |  16   |  Y  | N  | N  | N  | N  | N  | N  |
|    x_mult_f_reg     | Flip-flop |  16   |  Y  | N  | N  | N  | N  | N  | N  |
|    x_mult_f_reg     | Flip-flop |  16   |  Y  | N  | N  | N  | N  | N  | N  |
|    x_mult_f_reg     | Flip-flop |  16   |  Y  | N  | N  | N  | N  | N  | N  |
|    x_mult_f_reg     | Flip-flop |  16   |  Y  | N  | N  | N  | N  | N  | N  |
|    x_mult_f_reg     | Flip-flop |  16   |  Y  | N  | N  | N  | N  | N  | N  |
|    x_mult_f_reg     | Flip-flop |  16   |  Y  | N  | N  | N  | N  | N  | N  |
|    x_mult_f_reg     | Flip-flop |  16   |  Y  | N  | N  | N  | N  | N  | N  |
|    x_mult_f_reg     | Flip-flop |  16   |  Y  | N  | N  | N  | N  | N  | N  |
|    x_mult_f_reg     | Flip-flop |  16   |  Y  | N  | N  | N  | N  | N  | N  |
|    x_mult_f_reg     | Flip-flop |  16   |  Y  | N  | N  | N  | N  | N  | N  |
|    x_mult_f_reg     | Flip-flop |  16   |  Y  | N  | N  | N  | N  | N  | N  |
|    x_mult_f_reg     | Flip-flop |  16   |  Y  | N  | N  | N  | N  | N  | N  |
|    x_mult_f_reg     | Flip-flop |  16   |  Y  | N  | N  | N  | N  | N  | N  |
|    x_mult_f_reg     | Flip-flop |  16   |  Y  | N  | N  | N  | N  | N  | N  |
|    x_mult_f_reg     | Flip-flop |  16   |  Y  | N  | N  | N  | N  | N  | N  |
|    x_mult_f_reg     | Flip-flop |  16   |  Y  | N  | N  | N  | N  | N  | N  |
|    x_mult_f_reg     | Flip-flop |  16   |  Y  | N  | N  | N  | N  | N  | N  |
|    x_mult_f_reg     | Flip-flop |  16   |  Y  | N  | N  | N  | N  | N  | N  |
|    x_mult_f_reg     | Flip-flop |  16   |  Y  | N  | N  | N  | N  | N  | N  |
|    x_mult_f_reg     | Flip-flop |  16   |  Y  | N  | N  | N  | N  | N  | N  |
|    x_mult_f_reg     | Flip-flop |  16   |  Y  | N  | N  | N  | N  | N  | N  |
|    x_mult_f_reg     | Flip-flop |  16   |  Y  | N  | N  | N  | N  | N  | N  |
|    x_mult_f_reg     | Flip-flop |  16   |  Y  | N  | N  | N  | N  | N  | N  |
|    x_mult_f_reg     | Flip-flop |  16   |  Y  | N  | N  | N  | N  | N  | N  |
===============================================================================

Inferred memory devices in process
	in routine conv_128_32 line 163 in file
		'../rtl_files/conv_128_32.sv'.
===============================================================================
|    Register Name    |   Type    | Width | Bus | MB | AR | AS | SR | SS | ST |
===============================================================================
|  adder_stage1_reg   | Flip-flop |  21   |  Y  | N  | N  | N  | N  | N  | N  |
|  adder_stage1_reg   | Flip-flop |  21   |  Y  | N  | N  | N  | N  | N  | N  |
|  adder_stage1_reg   | Flip-flop |  21   |  Y  | N  | N  | N  | N  | N  | N  |
|  adder_stage1_reg   | Flip-flop |  21   |  Y  | N  | N  | N  | N  | N  | N  |
|  adder_stage1_reg   | Flip-flop |  21   |  Y  | N  | N  | N  | N  | N  | N  |
|  adder_stage1_reg   | Flip-flop |  21   |  Y  | N  | N  | N  | N  | N  | N  |
|  adder_stage1_reg   | Flip-flop |  21   |  Y  | N  | N  | N  | N  | N  | N  |
|  adder_stage1_reg   | Flip-flop |  21   |  Y  | N  | N  | N  | N  | N  | N  |
|  adder_stage1_reg   | Flip-flop |  21   |  Y  | N  | N  | N  | N  | N  | N  |
|  adder_stage1_reg   | Flip-flop |  21   |  Y  | N  | N  | N  | N  | N  | N  |
|  adder_stage1_reg   | Flip-flop |  21   |  Y  | N  | N  | N  | N  | N  | N  |
|  adder_stage1_reg   | Flip-flop |  21   |  Y  | N  | N  | N  | N  | N  | N  |
|  adder_stage1_reg   | Flip-flop |  21   |  Y  | N  | N  | N  | N  | N  | N  |
|  adder_stage1_reg   | Flip-flop |  21   |  Y  | N  | N  | N  | N  | N  | N  |
|  adder_stage1_reg   | Flip-flop |  21   |  Y  | N  | N  | N  | N  | N  | N  |
|  adder_stage1_reg   | Flip-flop |  21   |  Y  | N  | N  | N  | N  | N  | N  |
===============================================================================

Inferred memory devices in process
	in routine conv_128_32 line 176 in file
		'../rtl_files/conv_128_32.sv'.
===============================================================================
|    Register Name    |   Type    | Width | Bus | MB | AR | AS | SR | SS | ST |
===============================================================================
|  adder_stage2_reg   | Flip-flop |  21   |  Y  | N  | N  | N  | N  | N  | N  |
|  adder_stage2_reg   | Flip-flop |  21   |  Y  | N  | N  | N  | N  | N  | N  |
|  adder_stage2_reg   | Flip-flop |  21   |  Y  | N  | N  | N  | N  | N  | N  |
|  adder_stage2_reg   | Flip-flop |  21   |  Y  | N  | N  | N  | N  | N  | N  |
|  adder_stage2_reg   | Flip-flop |  21   |  Y  | N  | N  | N  | N  | N  | N  |
|  adder_stage2_reg   | Flip-flop |  21   |  Y  | N  | N  | N  | N  | N  | N  |
|  adder_stage2_reg   | Flip-flop |  21   |  Y  | N  | N  | N  | N  | N  | N  |
|  adder_stage2_reg   | Flip-flop |  21   |  Y  | N  | N  | N  | N  | N  | N  |
===============================================================================

Inferred memory devices in process
	in routine conv_128_32 line 188 in file
		'../rtl_files/conv_128_32.sv'.
===============================================================================
|    Register Name    |   Type    | Width | Bus | MB | AR | AS | SR | SS | ST |
===============================================================================
|  adder_stage3_reg   | Flip-flop |  21   |  Y  | N  | N  | N  | N  | N  | N  |
|  adder_stage3_reg   | Flip-flop |  21   |  Y  | N  | N  | N  | N  | N  | N  |
|  adder_stage3_reg   | Flip-flop |  21   |  Y  | N  | N  | N  | N  | N  | N  |
|  adder_stage3_reg   | Flip-flop |  21   |  Y  | N  | N  | N  | N  | N  | N  |
===============================================================================

Inferred memory devices in process
	in routine conv_128_32 line 200 in file
		'../rtl_files/conv_128_32.sv'.
===============================================================================
|    Register Name    |   Type    | Width | Bus | MB | AR | AS | SR | SS | ST |
===============================================================================
|  adder_stage4_reg   | Flip-flop |  21   |  Y  | N  | N  | N  | N  | N  | N  |
|  adder_stage4_reg   | Flip-flop |  21   |  Y  | N  | N  | N  | N  | N  | N  |
===============================================================================
Presto compilation completed successfully.
Elaborated 1 design.
Current design is now 'conv_128_32'.
Information: Building the design 'ctrl_xmem_plus_output' instantiated from design 'conv_128_32' with
	the parameters "X_MEM_ADDR_WIDTH=7,X_SIZE=128,F_SIZE=32,PLINE_STAGES=6". (HDL-193)

Statistics for case statements in always block at line 39 in file
	'../rtl_files/ctrl_xmem_plus_output.sv'
===============================================
|           Line           |  full/ parallel  |
===============================================
|            49            |     no/auto      |
===============================================

Inferred memory devices in process
	in routine ctrl_xmem_plus_output_X_MEM_ADDR_WIDTH7_X_SIZE128_F_SIZE32_PLINE_STAGES6 line 39 in file
		'../rtl_files/ctrl_xmem_plus_output.sv'.
===============================================================================
|    Register Name    |   Type    | Width | Bus | MB | AR | AS | SR | SS | ST |
===============================================================================
|   pline_cntr_reg    | Flip-flop |   3   |  Y  | N  | N  | N  | N  | N  | N  |
|   s_ready_fsm_reg   | Flip-flop |   1   |  N  | N  | N  | N  | N  | N  | N  |
|      state_reg      | Flip-flop |   3   |  Y  | N  | N  | N  | N  | N  | N  |
|     m_valid_reg     | Flip-flop |   1   |  N  | N  | N  | N  | N  | N  | N  |
|    conv_done_reg    | Flip-flop |   1   |  N  | N  | N  | N  | N  | N  | N  |
|    xmem_full_reg    | Flip-flop |   1   |  N  | N  | N  | N  | N  | N  | N  |
===============================================================================

Inferred memory devices in process
	in routine ctrl_xmem_plus_output_X_MEM_ADDR_WIDTH7_X_SIZE128_F_SIZE32_PLINE_STAGES6 line 131 in file
		'../rtl_files/ctrl_xmem_plus_output.sv'.
===============================================================================
|    Register Name    |   Type    | Width | Bus | MB | AR | AS | SR | SS | ST |
===============================================================================
|  xmem_tracker_reg   | Flip-flop |   7   |  Y  | N  | N  | N  | N  | N  | N  |
===============================================================================
Presto compilation completed successfully.
Information: Building the design 'x_memory' instantiated from design 'conv_128_32' with
	the parameters "WIDTH=8,SIZE=32,LOGSIZE=5". (HDL-193)
Warning:  ../rtl_files/x_memory.sv:22: unsigned to signed assignment occurs. (VER-318)

Inferred memory devices in process
	in routine x_memory_WIDTH8_SIZE32_LOGSIZE5 line 20 in file
		'../rtl_files/x_memory.sv'.
===============================================================================
|    Register Name    |   Type    | Width | Bus | MB | AR | AS | SR | SS | ST |
===============================================================================
|       mem_reg       | Flip-flop |  256  |  Y  | N  | N  | N  | N  | N  | N  |
===============================================================================
Presto compilation completed successfully.
Information: Building the design 'ctrl_mem_write' instantiated from design 'conv_128_32' with
	the parameters "MEM_ADDR_WIDTH=5,MEM_SIZE=32". (HDL-193)

Inferred memory devices in process
	in routine ctrl_mem_write_MEM_ADDR_WIDTH5_MEM_SIZE32 line 19 in file
		'../rtl_files/ctrl_mem_write.sv'.
===============================================================================
|    Register Name    |   Type    | Width | Bus | MB | AR | AS | SR | SS | ST |
===============================================================================
|    mem_addr_reg     | Flip-flop |   5   |  Y  | N  | N  | N  | N  | N  | N  |
|     s_ready_reg     | Flip-flop |   1   |  N  | N  | N  | N  | N  | N  | N  |
===============================================================================
Presto compilation completed successfully.
Information: Building the design 'memory' instantiated from design 'conv_128_32' with
	the parameters "WIDTH=8,SIZE=32,LOGSIZE=5". (HDL-193)
Warning:  ../rtl_files/memory.sv:20: unsigned to signed assignment occurs. (VER-318)

Inferred memory devices in process
	in routine memory_WIDTH8_SIZE32_LOGSIZE5 line 18 in file
		'../rtl_files/memory.sv'.
===============================================================================
|    Register Name    |   Type    | Width | Bus | MB | AR | AS | SR | SS | ST |
===============================================================================
|       mem_reg       | Flip-flop |   8   |  Y  | N  | N  | N  | N  | N  | N  |
|       mem_reg       | Flip-flop |   8   |  Y  | N  | N  | N  | N  | N  | N  |
|       mem_reg       | Flip-flop |   8   |  Y  | N  | N  | N  | N  | N  | N  |
|       mem_reg       | Flip-flop |   8   |  Y  | N  | N  | N  | N  | N  | N  |
|       mem_reg       | Flip-flop |   8   |  Y  | N  | N  | N  | N  | N  | N  |
|       mem_reg       | Flip-flop |   8   |  Y  | N  | N  | N  | N  | N  | N  |
|       mem_reg       | Flip-flop |   8   |  Y  | N  | N  | N  | N  | N  | N  |
|       mem_reg       | Flip-flop |   8   |  Y  | N  | N  | N  | N  | N  | N  |
|       mem_reg       | Flip-flop |   8   |  Y  | N  | N  | N  | N  | N  | N  |
|       mem_reg       | Flip-flop |   8   |  Y  | N  | N  | N  | N  | N  | N  |
|       mem_reg       | Flip-flop |   8   |  Y  | N  | N  | N  | N  | N  | N  |
|       mem_reg       | Flip-flop |   8   |  Y  | N  | N  | N  | N  | N  | N  |
|       mem_reg       | Flip-flop |   8   |  Y  | N  | N  | N  | N  | N  | N  |
|       mem_reg       | Flip-flop |   8   |  Y  | N  | N  | N  | N  | N  | N  |
|       mem_reg       | Flip-flop |   8   |  Y  | N  | N  | N  | N  | N  | N  |
|       mem_reg       | Flip-flop |   8   |  Y  | N  | N  | N  | N  | N  | N  |
|       mem_reg       | Flip-flop |   8   |  Y  | N  | N  | N  | N  | N  | N  |
|       mem_reg       | Flip-flop |   8   |  Y  | N  | N  | N  | N  | N  | N  |
|       mem_reg       | Flip-flop |   8   |  Y  | N  | N  | N  | N  | N  | N  |
|       mem_reg       | Flip-flop |   8   |  Y  | N  | N  | N  | N  | N  | N  |
|       mem_reg       | Flip-flop |   8   |  Y  | N  | N  | N  | N  | N  | N  |
|       mem_reg       | Flip-flop |   8   |  Y  | N  | N  | N  | N  | N  | N  |
|       mem_reg       | Flip-flop |   8   |  Y  | N  | N  | N  | N  | N  | N  |
|       mem_reg       | Flip-flop |   8   |  Y  | N  | N  | N  | N  | N  | N  |
|       mem_reg       | Flip-flop |   8   |  Y  | N  | N  | N  | N  | N  | N  |
|       mem_reg       | Flip-flop |   8   |  Y  | N  | N  | N  | N  | N  | N  |
|       mem_reg       | Flip-flop |   8   |  Y  | N  | N  | N  | N  | N  | N  |
|       mem_reg       | Flip-flop |   8   |  Y  | N  | N  | N  | N  | N  | N  |
|       mem_reg       | Flip-flop |   8   |  Y  | N  | N  | N  | N  | N  | N  |
|       mem_reg       | Flip-flop |   8   |  Y  | N  | N  | N  | N  | N  | N  |
|       mem_reg       | Flip-flop |   8   |  Y  | N  | N  | N  | N  | N  | N  |
|       mem_reg       | Flip-flop |   8   |  Y  | N  | N  | N  | N  | N  | N  |
===============================================================================
Presto compilation completed successfully.
1
###### CLOCKS AND PORTS #######
set CLK_PORT [get_ports $CLK_NAME]
{clk}
set TMP1 [remove_from_collection [all_inputs] $CLK_PORT]
{reset s_valid_x s_valid_f m_ready_y s_data_in_x[7] s_data_in_x[6] s_data_in_x[5] s_data_in_x[4] s_data_in_x[3] s_data_in_x[2] s_data_in_x[1] s_data_in_x[0] s_data_in_f[7] s_data_in_f[6] s_data_in_f[5] s_data_in_f[4] s_data_in_f[3] s_data_in_f[2] s_data_in_f[1] s_data_in_f[0]}
set INPUTS [remove_from_collection $TMP1 $RST_NAME]
{s_valid_x s_valid_f m_ready_y s_data_in_x[7] s_data_in_x[6] s_data_in_x[5] s_data_in_x[4] s_data_in_x[3] s_data_in_x[2] s_data_in_x[1] s_data_in_x[0] s_data_in_f[7] s_data_in_f[6] s_data_in_f[5] s_data_in_f[4] s_data_in_f[3] s_data_in_f[2] s_data_in_f[1] s_data_in_f[0]}
create_clock -period $CLK_PERIOD [get_ports clk]
1
# set delay for inputs to be 0.2ns
set_input_delay 0.2 -max -clock clk $INPUTS
1
set_output_delay 0.2 -max -clock clk [all_outputs]
1
###### OPTIMIZATION #######
set_max_area 0 
1
###### RUN #####
compile_ultra
Information: Performing power optimization. (PWR-850)
Analyzing: "/home/home4/pmilder/ese507/synthesis/lib/NangateOpenCellLibrary_typical.db"
Library analysis succeeded.
Information: Evaluating DesignWare library utilization. (UISN-27)

============================================================================
| DesignWare Building Block Library  |         Version         | Available |
============================================================================
| Basic DW Building Blocks           | J-2014.09-DWBB_201409.5.2 |   *     |
| Licensed DW Building Blocks        | J-2014.09-DWBB_201409.5.2 |   *     |
============================================================================

Information: Sequential output inversion is enabled.  SVF file must be used for formal verification. (OPT-1208)

Information: There are 34 potential problems in your design. Please run 'check_design' for more information. (LINT-99)


Loaded alib file './alib-52/NangateOpenCellLibrary_typical.db.alib'
  Building model 'DW01_NAND2'
Information: Ungrouping hierarchy ctrl_inst before Pass 1 (OPT-776)
Information: Ungrouping hierarchy xmem_inst before Pass 1 (OPT-776)
Information: Ungrouping hierarchy ctrl_fmem_write_inst before Pass 1 (OPT-776)
Information: Ungrouping hierarchy fmem_inst before Pass 1 (OPT-776)
Information: Ungrouping 4 of 5 hierarchies before Pass 1 (OPT-775)
Information: State dependent leakage is now switched from on to off.

  Beginning Pass 1 Mapping
  ------------------------
  Processing 'conv_128_32'
Information: Added key list 'DesignWare' to design 'conv_128_32'. (DDB-72)
Information: In design 'conv_128_32', the register 'adder_stage1_reg[15][19]' is removed because it is merged to 'adder_stage1_reg[15][20]'. (OPT-1215)
Information: In design 'conv_128_32', the register 'adder_stage1_reg[15][18]' is removed because it is merged to 'adder_stage1_reg[15][20]'. (OPT-1215)
Information: In design 'conv_128_32', the register 'adder_stage1_reg[15][17]' is removed because it is merged to 'adder_stage1_reg[15][20]'. (OPT-1215)
Information: In design 'conv_128_32', the register 'adder_stage1_reg[15][16]' is removed because it is merged to 'adder_stage1_reg[15][20]'. (OPT-1215)
Information: In design 'conv_128_32', the register 'adder_stage1_reg[14][19]' is removed because it is merged to 'adder_stage1_reg[14][20]'. (OPT-1215)
Information: In design 'conv_128_32', the register 'adder_stage1_reg[14][18]' is removed because it is merged to 'adder_stage1_reg[14][20]'. (OPT-1215)
Information: In design 'conv_128_32', the register 'adder_stage1_reg[14][17]' is removed because it is merged to 'adder_stage1_reg[14][20]'. (OPT-1215)
Information: In design 'conv_128_32', the register 'adder_stage1_reg[14][16]' is removed because it is merged to 'adder_stage1_reg[14][20]'. (OPT-1215)
Information: In design 'conv_128_32', the register 'adder_stage1_reg[13][19]' is removed because it is merged to 'adder_stage1_reg[13][20]'. (OPT-1215)
Information: In design 'conv_128_32', the register 'adder_stage1_reg[13][18]' is removed because it is merged to 'adder_stage1_reg[13][20]'. (OPT-1215)
Information: In design 'conv_128_32', the register 'adder_stage1_reg[13][17]' is removed because it is merged to 'adder_stage1_reg[13][20]'. (OPT-1215)
Information: In design 'conv_128_32', the register 'adder_stage1_reg[13][16]' is removed because it is merged to 'adder_stage1_reg[13][20]'. (OPT-1215)
Information: In design 'conv_128_32', the register 'adder_stage1_reg[12][19]' is removed because it is merged to 'adder_stage1_reg[12][20]'. (OPT-1215)
Information: In design 'conv_128_32', the register 'adder_stage1_reg[12][18]' is removed because it is merged to 'adder_stage1_reg[12][20]'. (OPT-1215)
Information: In design 'conv_128_32', the register 'adder_stage1_reg[12][17]' is removed because it is merged to 'adder_stage1_reg[12][20]'. (OPT-1215)
Information: In design 'conv_128_32', the register 'adder_stage1_reg[12][16]' is removed because it is merged to 'adder_stage1_reg[12][20]'. (OPT-1215)
Information: In design 'conv_128_32', the register 'adder_stage1_reg[11][19]' is removed because it is merged to 'adder_stage1_reg[11][20]'. (OPT-1215)
Information: In design 'conv_128_32', the register 'adder_stage1_reg[11][18]' is removed because it is merged to 'adder_stage1_reg[11][20]'. (OPT-1215)
Information: In design 'conv_128_32', the register 'adder_stage1_reg[11][17]' is removed because it is merged to 'adder_stage1_reg[11][20]'. (OPT-1215)
Information: In design 'conv_128_32', the register 'adder_stage1_reg[11][16]' is removed because it is merged to 'adder_stage1_reg[11][20]'. (OPT-1215)
Information: In design 'conv_128_32', the register 'adder_stage1_reg[10][19]' is removed because it is merged to 'adder_stage1_reg[10][20]'. (OPT-1215)
Information: In design 'conv_128_32', the register 'adder_stage1_reg[10][18]' is removed because it is merged to 'adder_stage1_reg[10][20]'. (OPT-1215)
Information: In design 'conv_128_32', the register 'adder_stage1_reg[10][17]' is removed because it is merged to 'adder_stage1_reg[10][20]'. (OPT-1215)
Information: In design 'conv_128_32', the register 'adder_stage1_reg[10][16]' is removed because it is merged to 'adder_stage1_reg[10][20]'. (OPT-1215)
Information: In design 'conv_128_32', the register 'adder_stage1_reg[9][19]' is removed because it is merged to 'adder_stage1_reg[9][20]'. (OPT-1215)
Information: In design 'conv_128_32', the register 'adder_stage1_reg[9][18]' is removed because it is merged to 'adder_stage1_reg[9][20]'. (OPT-1215)
Information: In design 'conv_128_32', the register 'adder_stage1_reg[9][17]' is removed because it is merged to 'adder_stage1_reg[9][20]'. (OPT-1215)
Information: In design 'conv_128_32', the register 'adder_stage1_reg[9][16]' is removed because it is merged to 'adder_stage1_reg[9][20]'. (OPT-1215)
Information: In design 'conv_128_32', the register 'adder_stage1_reg[8][19]' is removed because it is merged to 'adder_stage1_reg[8][20]'. (OPT-1215)
Information: In design 'conv_128_32', the register 'adder_stage1_reg[8][18]' is removed because it is merged to 'adder_stage1_reg[8][20]'. (OPT-1215)
Information: In design 'conv_128_32', the register 'adder_stage1_reg[8][17]' is removed because it is merged to 'adder_stage1_reg[8][20]'. (OPT-1215)
Information: In design 'conv_128_32', the register 'adder_stage1_reg[8][16]' is removed because it is merged to 'adder_stage1_reg[8][20]'. (OPT-1215)
Information: In design 'conv_128_32', the register 'adder_stage1_reg[7][19]' is removed because it is merged to 'adder_stage1_reg[7][20]'. (OPT-1215)
Information: In design 'conv_128_32', the register 'adder_stage1_reg[7][18]' is removed because it is merged to 'adder_stage1_reg[7][20]'. (OPT-1215)
Information: In design 'conv_128_32', the register 'adder_stage1_reg[7][17]' is removed because it is merged to 'adder_stage1_reg[7][20]'. (OPT-1215)
Information: In design 'conv_128_32', the register 'adder_stage1_reg[7][16]' is removed because it is merged to 'adder_stage1_reg[7][20]'. (OPT-1215)
Information: In design 'conv_128_32', the register 'adder_stage1_reg[6][19]' is removed because it is merged to 'adder_stage1_reg[6][20]'. (OPT-1215)
Information: In design 'conv_128_32', the register 'adder_stage1_reg[6][18]' is removed because it is merged to 'adder_stage1_reg[6][20]'. (OPT-1215)
Information: In design 'conv_128_32', the register 'adder_stage1_reg[6][17]' is removed because it is merged to 'adder_stage1_reg[6][20]'. (OPT-1215)
Information: In design 'conv_128_32', the register 'adder_stage1_reg[6][16]' is removed because it is merged to 'adder_stage1_reg[6][20]'. (OPT-1215)
Information: In design 'conv_128_32', the register 'adder_stage1_reg[5][19]' is removed because it is merged to 'adder_stage1_reg[5][20]'. (OPT-1215)
Information: In design 'conv_128_32', the register 'adder_stage1_reg[5][18]' is removed because it is merged to 'adder_stage1_reg[5][20]'. (OPT-1215)
Information: In design 'conv_128_32', the register 'adder_stage1_reg[5][17]' is removed because it is merged to 'adder_stage1_reg[5][20]'. (OPT-1215)
Information: In design 'conv_128_32', the register 'adder_stage1_reg[5][16]' is removed because it is merged to 'adder_stage1_reg[5][20]'. (OPT-1215)
Information: In design 'conv_128_32', the register 'adder_stage1_reg[4][19]' is removed because it is merged to 'adder_stage1_reg[4][20]'. (OPT-1215)
Information: In design 'conv_128_32', the register 'adder_stage1_reg[4][18]' is removed because it is merged to 'adder_stage1_reg[4][20]'. (OPT-1215)
Information: In design 'conv_128_32', the register 'adder_stage1_reg[4][17]' is removed because it is merged to 'adder_stage1_reg[4][20]'. (OPT-1215)
Information: In design 'conv_128_32', the register 'adder_stage1_reg[4][16]' is removed because it is merged to 'adder_stage1_reg[4][20]'. (OPT-1215)
Information: In design 'conv_128_32', the register 'adder_stage1_reg[3][19]' is removed because it is merged to 'adder_stage1_reg[3][20]'. (OPT-1215)
Information: In design 'conv_128_32', the register 'adder_stage1_reg[3][18]' is removed because it is merged to 'adder_stage1_reg[3][20]'. (OPT-1215)
Information: In design 'conv_128_32', the register 'adder_stage1_reg[3][17]' is removed because it is merged to 'adder_stage1_reg[3][20]'. (OPT-1215)
Information: In design 'conv_128_32', the register 'adder_stage1_reg[3][16]' is removed because it is merged to 'adder_stage1_reg[3][20]'. (OPT-1215)
Information: In design 'conv_128_32', the register 'adder_stage1_reg[2][19]' is removed because it is merged to 'adder_stage1_reg[2][20]'. (OPT-1215)
Information: In design 'conv_128_32', the register 'adder_stage1_reg[2][18]' is removed because it is merged to 'adder_stage1_reg[2][20]'. (OPT-1215)
Information: In design 'conv_128_32', the register 'adder_stage1_reg[2][17]' is removed because it is merged to 'adder_stage1_reg[2][20]'. (OPT-1215)
Information: In design 'conv_128_32', the register 'adder_stage1_reg[2][16]' is removed because it is merged to 'adder_stage1_reg[2][20]'. (OPT-1215)
Information: In design 'conv_128_32', the register 'adder_stage1_reg[1][19]' is removed because it is merged to 'adder_stage1_reg[1][20]'. (OPT-1215)
Information: In design 'conv_128_32', the register 'adder_stage1_reg[1][18]' is removed because it is merged to 'adder_stage1_reg[1][20]'. (OPT-1215)
Information: In design 'conv_128_32', the register 'adder_stage1_reg[1][17]' is removed because it is merged to 'adder_stage1_reg[1][20]'. (OPT-1215)
Information: In design 'conv_128_32', the register 'adder_stage1_reg[1][16]' is removed because it is merged to 'adder_stage1_reg[1][20]'. (OPT-1215)
Information: In design 'conv_128_32', the register 'adder_stage1_reg[0][19]' is removed because it is merged to 'adder_stage1_reg[0][20]'. (OPT-1215)
Information: In design 'conv_128_32', the register 'adder_stage1_reg[0][18]' is removed because it is merged to 'adder_stage1_reg[0][20]'. (OPT-1215)
Information: In design 'conv_128_32', the register 'adder_stage1_reg[0][17]' is removed because it is merged to 'adder_stage1_reg[0][20]'. (OPT-1215)
Information: In design 'conv_128_32', the register 'adder_stage1_reg[0][16]' is removed because it is merged to 'adder_stage1_reg[0][20]'. (OPT-1215)
 Implement Synthetic for 'conv_128_32'.

  Updating timing information
Information: Updating design information... (UID-85)

  Beginning Mapping Optimizations  (Ultra High effort)
  -------------------------------
  Mapping Optimization (Phase 1)

                                  TOTAL                                                
   ELAPSED            WORST NEG   SETUP    DESIGN                              LEAKAGE 
    TIME      AREA      SLACK     COST    RULE COST         ENDPOINT            POWER  
  --------- --------- --------- --------- --------- ------------------------- ---------
    0:00:24   31463.5      0.28     192.5       0.0                           772572.2500
    0:00:24   31463.0      0.28     192.5       0.0                           772557.8750
    0:00:24   31463.0      0.28     192.5       0.0                           772557.8750
    0:00:24   31461.9      0.28     192.5       0.0                           772523.8125
  Re-synthesis Optimization (Phase 1)
  Re-synthesis Optimization (Phase 2)
  Global Optimization (Phase 1)
  Global Optimization (Phase 2)
  Global Optimization (Phase 3)
  Global Optimization (Phase 4)
  Global Optimization (Phase 5)
  Global Optimization (Phase 6)
  Global Optimization (Phase 7)
  Global Optimization (Phase 8)
  Global Optimization (Phase 9)
  Global Optimization (Phase 10)
  Global Optimization (Phase 11)
  Global Optimization (Phase 12)
  Global Optimization (Phase 13)
  Global Optimization (Phase 14)
  Global Optimization (Phase 15)
  Global Optimization (Phase 16)
  Global Optimization (Phase 17)
  Global Optimization (Phase 18)
  Global Optimization (Phase 19)
  Global Optimization (Phase 20)
  Global Optimization (Phase 21)
  Global Optimization (Phase 22)
  Global Optimization (Phase 23)
  Global Optimization (Phase 24)
  Global Optimization (Phase 25)
  Global Optimization (Phase 26)
  Global Optimization (Phase 27)
  Global Optimization (Phase 28)
  Global Optimization (Phase 29)
  Global Optimization (Phase 30)
  Global Optimization (Phase 31)
  Global Optimization (Phase 32)
  Mapping 'conv_128_32_DW_mult_tc_32'
    0:00:36   25235.4      0.11      36.3       0.0                           541729.9375



  Beginning Delay Optimization Phase
  ----------------------------------

                                  TOTAL                                                
   ELAPSED            WORST NEG   SETUP    DESIGN                              LEAKAGE 
    TIME      AREA      SLACK     COST    RULE COST         ENDPOINT            POWER  
  --------- --------- --------- --------- --------- ------------------------- ---------
    0:00:36   25235.4      0.11      36.3       0.0                           541729.9375
    0:00:36   25235.4      0.11      36.3       0.0                           541729.9375
    0:00:37   25242.6      0.11      36.3       0.0                           541823.8125
    0:00:37   25242.6      0.11      36.3       0.0                           541823.8125
    0:00:46   26042.5      0.05       7.5       0.0                           566333.4375
    0:00:46   26042.5      0.05       7.5       0.0                           566333.4375
    0:00:46   26040.3      0.05       7.1       0.0                           566298.8750
    0:00:46   26040.3      0.05       7.1       0.0                           566298.8750
    0:00:46   26060.0      0.05       7.0       0.0                           566862.5000
    0:00:46   26060.0      0.05       7.0       0.0                           566862.5000
    0:00:49   26573.7      0.02       1.8       0.0                           584509.3125
    0:00:49   26573.7      0.02       1.8       0.0                           584509.3125
    0:00:50   26581.9      0.02       1.6       0.0                           584725.6250

  Beginning Delay Optimization
  ----------------------------
    0:00:50   26575.8      0.02       1.4       0.0                           584495.8125
    0:00:51   26623.1      0.01       1.1       0.0                           586056.3750
    0:00:51   26623.1      0.01       1.1       0.0                           586056.3750
    0:00:52   26649.2      0.01       0.9       0.0                           586674.8125
    0:00:52   26649.2      0.01       0.9       0.0                           586674.8125
    0:00:53   26729.5      0.01       0.3       0.0                           589343.4375
    0:00:53   26729.5      0.01       0.3       0.0                           589343.4375
    0:00:54   26743.4      0.01       0.3       0.0                           589684.2500
    0:00:55   26717.8      0.00       0.0       0.0                           588462.6250
    0:00:55   26717.8      0.00       0.0       0.0                           588462.6250

                                  TOTAL                                                
   ELAPSED            WORST NEG   SETUP    DESIGN                              LEAKAGE 
    TIME      AREA      SLACK     COST    RULE COST         ENDPOINT            POWER  
  --------- --------- --------- --------- --------- ------------------------- ---------
    0:00:55   26717.8      0.00       0.0       0.0                           588462.6250
    0:00:55   26717.8      0.00       0.0       0.0                           588462.6250


  Beginning Leakage Power Optimization  (max_leakage_power 0)
  ------------------------------------

                                  TOTAL                                                
   ELAPSED            WORST NEG   SETUP    DESIGN                              LEAKAGE 
    TIME      AREA      SLACK     COST    RULE COST         ENDPOINT            POWER  
  --------- --------- --------- --------- --------- ------------------------- ---------
    0:00:56   26705.6      0.00       0.0       0.0                           588190.7500
  Global Optimization (Phase 33)
  Global Optimization (Phase 34)
  Global Optimization (Phase 35)
  Global Optimization (Phase 36)
  Global Optimization (Phase 37)
  Global Optimization (Phase 38)
  Global Optimization (Phase 39)
  Global Optimization (Phase 40)
  Global Optimization (Phase 41)
  Global Optimization (Phase 42)
  Global Optimization (Phase 43)
  Global Optimization (Phase 44)
  Global Optimization (Phase 45)
  Global Optimization (Phase 46)
  Global Optimization (Phase 47)
  Global Optimization (Phase 48)
    0:01:00   25364.7      0.00       0.0       0.0                           539891.2500
    0:01:00   25364.7      0.00       0.0       0.0                           539891.2500
    0:01:00   25364.7      0.00       0.0       0.0                           539891.2500
    0:01:01   25358.3      0.00       0.0       0.0                           539402.3125
    0:01:01   25358.3      0.00       0.0       0.0                           539402.3125
    0:01:01   25358.3      0.00       0.0       0.0                           539402.3125
    0:01:01   25358.3      0.00       0.0       0.0                           539402.3125
    0:01:01   25358.3      0.00       0.0       0.0                           539402.3125
    0:01:01   25358.3      0.00       0.0       0.0                           539402.3125
    0:01:01   25358.3      0.00       0.0       0.0                           539402.3125
    0:01:01   25358.3      0.00       0.0       0.0                           539402.3125
    0:01:01   25358.3      0.00       0.0       0.0                           539402.3125
    0:01:01   25358.3      0.00       0.0       0.0                           539402.3125
    0:01:01   25358.3      0.00       0.0       0.0                           539402.3125
    0:01:01   25358.3      0.00       0.0       0.0                           539402.3125
    0:01:01   25358.3      0.00       0.0       0.0                           539402.3125
    0:01:01   25358.3      0.00       0.0       0.0                           539402.3125
    0:01:01   25358.3      0.00       0.0       0.0                           539402.3125
    0:01:01   25358.3      0.00       0.0       0.0                           539402.3125
    0:01:01   25358.3      0.00       0.0       0.0                           539402.3125
    0:01:01   25358.3      0.00       0.0       0.0                           539402.3125
    0:01:01   25358.3      0.00       0.0       0.0                           539402.3125

                                  TOTAL                                                
   ELAPSED            WORST NEG   SETUP    DESIGN                              LEAKAGE 
    TIME      AREA      SLACK     COST    RULE COST         ENDPOINT            POWER  
  --------- --------- --------- --------- --------- ------------------------- ---------
    0:01:01   25358.3      0.00       0.0       0.0                           539402.3125
    0:01:02   25326.7      0.00       0.0       0.0                           537937.9375
    0:01:02   25326.7      0.00       0.0       0.0                           537937.9375
    0:01:02   25326.7      0.00       0.0       0.0                           537937.9375
    0:01:03   25326.7      0.00       0.0       0.0                           537937.9375
    0:01:04   25286.2      0.00       0.0       0.0                           536589.5625
    0:01:04   25286.2      0.00       0.0       0.0                           536589.5625
    0:01:04   25272.1      0.00       0.0       0.0                           535812.6875
Loading db file '/home/home4/pmilder/ese507/synthesis/lib/NangateOpenCellLibrary_typical.db'


Note: Symbol # after min delay cost means estimated hold TNS across all active scenarios 


  Optimization Complete
  ---------------------
Warning: Design 'conv_128_32' contains 1 high-fanout nets. A fanout number of 1000 will be used for delay calculations involving these nets. (TIM-134)
     Net 'clk': 1869 load(s), 1 driver(s)
Information: State dependent leakage is now switched from off to on.
Information: Propagating switching activity (low effort zero delay simulation). (PWR-6)
1
report_area
 
****************************************
Report : area
Design : conv_128_32
Version: J-2014.09-SP5-2
Date   : Thu Oct 31 16:12:51 2019
****************************************

Information: Updating design information... (UID-85)
Warning: Design 'conv_128_32' contains 1 high-fanout nets. A fanout number of 1000 will be used for delay calculations involving these nets. (TIM-134)
Library(s) Used:

    NangateOpenCellLibrary (File: /home/home4/pmilder/ese507/synthesis/lib/NangateOpenCellLibrary_typical.db)

Number of ports:                           45
Number of nets:                         17435
Number of cells:                        16533
Number of combinational cells:          14664
Number of sequential cells:              1869
Number of macros/black boxes:               0
Number of buf/inv:                       2870
Number of references:                      41

Combinational area:              16806.145988
Buf/Inv area:                     1596.532012
Noncombinational area:            8465.981695
Macro/Black Box area:                0.000000
Net Interconnect area:      undefined  (Wire load has zero net area)

Total cell area:                 25272.127683
Total area:                 undefined
1
report_power
 
****************************************
Report : power
        -analysis_effort low
Design : conv_128_32
Version: J-2014.09-SP5-2
Date   : Thu Oct 31 16:12:51 2019
****************************************


Library(s) Used:

    NangateOpenCellLibrary (File: /home/home4/pmilder/ese507/synthesis/lib/NangateOpenCellLibrary_typical.db)


Operating Conditions: typical   Library: NangateOpenCellLibrary
Wire Load Model Mode: top

Design        Wire Load Model            Library
------------------------------------------------
conv_128_32            5K_hvratio_1_1    NangateOpenCellLibrary


Global Operating Voltage = 1.1  
Power-specific unit information :
    Voltage Units = 1V
    Capacitance Units = 1.000000ff
    Time Units = 1ns
    Dynamic Power Units = 1uW    (derived from V,C,T units)
    Leakage Power Units = 1nW


  Cell Internal Power  =  11.6293 mW   (98%)
  Net Switching Power  = 179.0088 uW    (2%)
                         ---------
Total Dynamic Power    =  11.8083 mW  (100%)

Cell Leakage Power     = 550.8361 uW


                 Internal         Switching           Leakage            Total
Power Group      Power            Power               Power              Power   (   %    )  Attrs
--------------------------------------------------------------------------------------------------
io_pad             0.0000            0.0000            0.0000            0.0000  (   0.00%)
memory             0.0000            0.0000            0.0000            0.0000  (   0.00%)
black_box          0.0000            0.0000            0.0000            0.0000  (   0.00%)
clock_network      0.0000            0.0000            0.0000            0.0000  (   0.00%)
register       1.1565e+04           54.1465        1.4466e+05        1.1764e+04  (  95.18%)
sequential         0.0000            0.0000            0.0000            0.0000  (   0.00%)
combinational     64.4074          124.8625        4.0618e+05          595.4469  (   4.82%)
--------------------------------------------------------------------------------------------------
Total          1.1629e+04 uW       179.0090 uW     5.5084e+05 nW     1.2359e+04 uW
1
report_timing
 
****************************************
Report : timing
        -path full
        -delay max
        -max_paths 1
Design : conv_128_32
Version: J-2014.09-SP5-2
Date   : Thu Oct 31 16:12:51 2019
****************************************

 # A fanout number of 1000 was used for high fanout net computations.

Operating Conditions: typical   Library: NangateOpenCellLibrary
Wire Load Model Mode: top

  Startpoint: xmem_data_int_reg[5][3]
              (rising edge-triggered flip-flop clocked by clk)
  Endpoint: x_mult_f_reg[5][13]
            (rising edge-triggered flip-flop clocked by clk)
  Path Group: clk
  Path Type: max

  Des/Clust/Port     Wire Load Model       Library
  ------------------------------------------------
  conv_128_32        5K_hvratio_1_1        NangateOpenCellLibrary

  Point                                    Incr       Path
  -----------------------------------------------------------
  clock clk (rise edge)                    0.00       0.00
  clock network delay (ideal)              0.00       0.00
  xmem_data_int_reg[5][3]/CK (DFF_X1)      0.00 #     0.00 r
  xmem_data_int_reg[5][3]/QN (DFF_X1)      0.09       0.09 r
  U7382/ZN (XNOR2_X1)                      0.07       0.16 r
  U3933/Z (BUF_X1)                         0.08       0.24 r
  U7455/ZN (NOR2_X1)                       0.03       0.27 f
  U7456/ZN (AOI21_X1)                      0.07       0.34 r
  U7470/ZN (XNOR2_X1)                      0.07       0.41 r
  U7472/S (FA_X1)                          0.12       0.52 f
  U7479/ZN (OR2_X1)                        0.06       0.58 f
  U7509/ZN (AOI21_X1)                      0.05       0.64 r
  U7511/ZN (OAI21_X1)                      0.04       0.68 f
  U7522/ZN (NAND2_X1)                      0.03       0.71 r
  U7527/ZN (NAND2_X1)                      0.04       0.76 f
  U7528/ZN (NAND2_X1)                      0.04       0.80 r
  U7529/ZN (INV_X1)                        0.02       0.82 f
  U7538/ZN (NOR2_X1)                       0.04       0.86 r
  U7545/ZN (XNOR2_X1)                      0.06       0.92 r
  U7547/ZN (OAI21_X1)                      0.03       0.95 f
  x_mult_f_reg[5][13]/D (DFF_X1)           0.01       0.95 f
  data arrival time                                   0.95

  clock clk (rise edge)                    1.00       1.00
  clock network delay (ideal)              0.00       1.00
  x_mult_f_reg[5][13]/CK (DFF_X1)          0.00       1.00 r
  library setup time                      -0.05       0.95
  data required time                                  0.95
  -----------------------------------------------------------
  data required time                                  0.95
  data arrival time                                  -0.95
  -----------------------------------------------------------
  slack (MET)                                         0.00


1
write -f verilog $TOP_MOD_NAME -output gates.v -hierarchy
Writing verilog file '/home/home5/pjain/ese507_workspace/ese507_proj2/part3/memory_optim_piplelining/synthesis/gates.v'.
1
quit

Thank you...
