
                      Design Compiler Graphical
                            DC Ultra (TM)
                             DFTMAX (TM)
                         Power Compiler (TM)
                           DesignWare (R)
                           DC Expert (TM)
                         Design Vision (TM)
                          HDL Compiler (TM)
                         VHDL Compiler (TM)
                            DFT Compiler
                        Library Compiler (TM)
                         Design Compiler(R)

         Version J-2014.09-SP5-2 for RHEL64 -- Jul 11, 2015
               Copyright (c) 1988-2015 Synopsys, Inc.

This software and the associated documentation are confidential and 
proprietary to Synopsys, Inc. Your use or disclosure of this software 
is subject to the terms and conditions of a written license agreement 
between you, or your company, and Synopsys, Inc.

Initializing...
##############################################
# Setup: fill out the following parameters: name of clock signal, clock period (ns),
# reset signal name (if used), name of top-level module, name of source file
set CLK_NAME "clk";
clk
set CLK_PERIOD 2.3
2.3
set RST_NAME "reset";
reset
set TOP_MOD_NAME "conv_128_32";
conv_128_32
set SRC_FILE [list "../rtl_files/conv_128_32.sv" "../rtl_files/ctrl_mem_write.sv" "../rtl_files/ctrl_xmem_plus_output.sv" "../rtl_files/memory.sv" "../rtl_files/x_memory.sv"];
../rtl_files/conv_128_32.sv ../rtl_files/ctrl_mem_write.sv ../rtl_files/ctrl_xmem_plus_output.sv ../rtl_files/memory.sv ../rtl_files/x_memory.sv
# If you have multiple source files, change the line above to list them all like this:
# set SRC_FILE [list "file1.sv" "file2.sv"];
###############################################
source setupdc.tcl
NangateOpenCellLibrary_typical.db dw_foundation.sldb
file mkdir work_synth
define_design_lib WORK -path work_synth
1
analyze $SRC_FILE -format sverilog
Running PRESTO HDLC
Compiling source file ../rtl_files/conv_128_32.sv
Compiling source file ../rtl_files/ctrl_mem_write.sv
Compiling source file ../rtl_files/ctrl_xmem_plus_output.sv
Compiling source file ../rtl_files/memory.sv
Compiling source file ../rtl_files/x_memory.sv
Presto compilation completed successfully.
Loading db file '/home/home4/pmilder/ese507/synthesis/lib/NangateOpenCellLibrary_typical.db'
Loading db file '/usr/local/synopsys/syn/libraries/syn/dw_foundation.sldb'
1
elaborate -work WORK $TOP_MOD_NAME
Loading db file '/usr/local/synopsys/syn/libraries/syn/gtech.db'
Loading db file '/usr/local/synopsys/syn/libraries/syn/standard.sldb'
  Loading link library 'NangateOpenCellLibrary'
  Loading link library 'gtech'
Running PRESTO HDLC
Presto compilation completed successfully.
Elaborated 1 design.
Current design is now 'conv_128_32'.
Information: Building the design 'ctrl_xmem_plus_output' instantiated from design 'conv_128_32' with
	the parameters "X_MEM_ADDR_WIDTH=7,X_SIZE=128,F_SIZE=32". (HDL-193)

Statistics for case statements in always block at line 36 in file
	'../rtl_files/ctrl_xmem_plus_output.sv'
===============================================
|           Line           |  full/ parallel  |
===============================================
|            45            |    auto/auto     |
===============================================

Inferred memory devices in process
	in routine ctrl_xmem_plus_output_X_MEM_ADDR_WIDTH7_X_SIZE128_F_SIZE32 line 36 in file
		'../rtl_files/ctrl_xmem_plus_output.sv'.
===============================================================================
|    Register Name    |   Type    | Width | Bus | MB | AR | AS | SR | SS | ST |
===============================================================================
|    xmem_full_reg    | Flip-flop |   1   |  N  | N  | N  | N  | N  | N  | N  |
|   s_ready_fsm_reg   | Flip-flop |   1   |  N  | N  | N  | N  | N  | N  | N  |
|      state_reg      | Flip-flop |   3   |  Y  | N  | N  | N  | N  | N  | N  |
|     m_valid_reg     | Flip-flop |   1   |  N  | N  | N  | N  | N  | N  | N  |
|    conv_done_reg    | Flip-flop |   1   |  N  | N  | N  | N  | N  | N  | N  |
===============================================================================

Inferred memory devices in process
	in routine ctrl_xmem_plus_output_X_MEM_ADDR_WIDTH7_X_SIZE128_F_SIZE32 line 103 in file
		'../rtl_files/ctrl_xmem_plus_output.sv'.
===============================================================================
|    Register Name    |   Type    | Width | Bus | MB | AR | AS | SR | SS | ST |
===============================================================================
|  xmem_tracker_reg   | Flip-flop |   7   |  Y  | N  | N  | N  | N  | N  | N  |
===============================================================================
Presto compilation completed successfully.
Information: Building the design 'x_memory' instantiated from design 'conv_128_32' with
	the parameters "WIDTH=8,SIZE=32,LOGSIZE=5". (HDL-193)

Inferred memory devices in process
	in routine x_memory_WIDTH8_SIZE32_LOGSIZE5 line 20 in file
		'../rtl_files/x_memory.sv'.
===============================================================================
|    Register Name    |   Type    | Width | Bus | MB | AR | AS | SR | SS | ST |
===============================================================================
|       mem_reg       | Flip-flop |  256  |  Y  | N  | N  | N  | N  | N  | N  |
===============================================================================
Presto compilation completed successfully.
Information: Building the design 'ctrl_mem_write' instantiated from design 'conv_128_32' with
	the parameters "MEM_ADDR_WIDTH=5,MEM_SIZE=32". (HDL-193)

Inferred memory devices in process
	in routine ctrl_mem_write_MEM_ADDR_WIDTH5_MEM_SIZE32 line 19 in file
		'../rtl_files/ctrl_mem_write.sv'.
===============================================================================
|    Register Name    |   Type    | Width | Bus | MB | AR | AS | SR | SS | ST |
===============================================================================
|    mem_addr_reg     | Flip-flop |   5   |  Y  | N  | N  | N  | N  | N  | N  |
|     s_ready_reg     | Flip-flop |   1   |  N  | N  | N  | N  | N  | N  | N  |
===============================================================================
Presto compilation completed successfully.
Information: Building the design 'memory' instantiated from design 'conv_128_32' with
	the parameters "WIDTH=8,SIZE=32,LOGSIZE=5". (HDL-193)
Warning:  ../rtl_files/memory.sv:20: unsigned to signed assignment occurs. (VER-318)

Inferred memory devices in process
	in routine memory_WIDTH8_SIZE32_LOGSIZE5 line 18 in file
		'../rtl_files/memory.sv'.
===============================================================================
|    Register Name    |   Type    | Width | Bus | MB | AR | AS | SR | SS | ST |
===============================================================================
|       mem_reg       | Flip-flop |   8   |  Y  | N  | N  | N  | N  | N  | N  |
|       mem_reg       | Flip-flop |   8   |  Y  | N  | N  | N  | N  | N  | N  |
|       mem_reg       | Flip-flop |   8   |  Y  | N  | N  | N  | N  | N  | N  |
|       mem_reg       | Flip-flop |   8   |  Y  | N  | N  | N  | N  | N  | N  |
|       mem_reg       | Flip-flop |   8   |  Y  | N  | N  | N  | N  | N  | N  |
|       mem_reg       | Flip-flop |   8   |  Y  | N  | N  | N  | N  | N  | N  |
|       mem_reg       | Flip-flop |   8   |  Y  | N  | N  | N  | N  | N  | N  |
|       mem_reg       | Flip-flop |   8   |  Y  | N  | N  | N  | N  | N  | N  |
|       mem_reg       | Flip-flop |   8   |  Y  | N  | N  | N  | N  | N  | N  |
|       mem_reg       | Flip-flop |   8   |  Y  | N  | N  | N  | N  | N  | N  |
|       mem_reg       | Flip-flop |   8   |  Y  | N  | N  | N  | N  | N  | N  |
|       mem_reg       | Flip-flop |   8   |  Y  | N  | N  | N  | N  | N  | N  |
|       mem_reg       | Flip-flop |   8   |  Y  | N  | N  | N  | N  | N  | N  |
|       mem_reg       | Flip-flop |   8   |  Y  | N  | N  | N  | N  | N  | N  |
|       mem_reg       | Flip-flop |   8   |  Y  | N  | N  | N  | N  | N  | N  |
|       mem_reg       | Flip-flop |   8   |  Y  | N  | N  | N  | N  | N  | N  |
|       mem_reg       | Flip-flop |   8   |  Y  | N  | N  | N  | N  | N  | N  |
|       mem_reg       | Flip-flop |   8   |  Y  | N  | N  | N  | N  | N  | N  |
|       mem_reg       | Flip-flop |   8   |  Y  | N  | N  | N  | N  | N  | N  |
|       mem_reg       | Flip-flop |   8   |  Y  | N  | N  | N  | N  | N  | N  |
|       mem_reg       | Flip-flop |   8   |  Y  | N  | N  | N  | N  | N  | N  |
|       mem_reg       | Flip-flop |   8   |  Y  | N  | N  | N  | N  | N  | N  |
|       mem_reg       | Flip-flop |   8   |  Y  | N  | N  | N  | N  | N  | N  |
|       mem_reg       | Flip-flop |   8   |  Y  | N  | N  | N  | N  | N  | N  |
|       mem_reg       | Flip-flop |   8   |  Y  | N  | N  | N  | N  | N  | N  |
|       mem_reg       | Flip-flop |   8   |  Y  | N  | N  | N  | N  | N  | N  |
|       mem_reg       | Flip-flop |   8   |  Y  | N  | N  | N  | N  | N  | N  |
|       mem_reg       | Flip-flop |   8   |  Y  | N  | N  | N  | N  | N  | N  |
|       mem_reg       | Flip-flop |   8   |  Y  | N  | N  | N  | N  | N  | N  |
|       mem_reg       | Flip-flop |   8   |  Y  | N  | N  | N  | N  | N  | N  |
|       mem_reg       | Flip-flop |   8   |  Y  | N  | N  | N  | N  | N  | N  |
|       mem_reg       | Flip-flop |   8   |  Y  | N  | N  | N  | N  | N  | N  |
===============================================================================
Presto compilation completed successfully.
1
###### CLOCKS AND PORTS #######
set CLK_PORT [get_ports $CLK_NAME]
{clk}
set TMP1 [remove_from_collection [all_inputs] $CLK_PORT]
{reset s_valid_x s_valid_f m_ready_y s_data_in_x[7] s_data_in_x[6] s_data_in_x[5] s_data_in_x[4] s_data_in_x[3] s_data_in_x[2] s_data_in_x[1] s_data_in_x[0] s_data_in_f[7] s_data_in_f[6] s_data_in_f[5] s_data_in_f[4] s_data_in_f[3] s_data_in_f[2] s_data_in_f[1] s_data_in_f[0]}
set INPUTS [remove_from_collection $TMP1 $RST_NAME]
{s_valid_x s_valid_f m_ready_y s_data_in_x[7] s_data_in_x[6] s_data_in_x[5] s_data_in_x[4] s_data_in_x[3] s_data_in_x[2] s_data_in_x[1] s_data_in_x[0] s_data_in_f[7] s_data_in_f[6] s_data_in_f[5] s_data_in_f[4] s_data_in_f[3] s_data_in_f[2] s_data_in_f[1] s_data_in_f[0]}
create_clock -period $CLK_PERIOD [get_ports clk]
1
# set delay for inputs to be 0.2ns
set_input_delay 0.2 -max -clock clk $INPUTS
1
set_output_delay 0.2 -max -clock clk [all_outputs]
1
###### OPTIMIZATION #######
set_max_area 0 
1
###### RUN #####
compile_ultra
Information: Performing power optimization. (PWR-850)
Alib files are up-to-date.
Information: Evaluating DesignWare library utilization. (UISN-27)

============================================================================
| DesignWare Building Block Library  |         Version         | Available |
============================================================================
| Basic DW Building Blocks           | J-2014.09-DWBB_201409.5.2 |   *     |
| Licensed DW Building Blocks        | J-2014.09-DWBB_201409.5.2 |   *     |
============================================================================

Information: Sequential output inversion is enabled.  SVF file must be used for formal verification. (OPT-1208)

Information: There are 2 potential problems in your design. Please run 'check_design' for more information. (LINT-99)


Loaded alib file './alib-52/NangateOpenCellLibrary_typical.db.alib'
  Building model 'DW01_NAND2'
Information: Ungrouping hierarchy ctrl_inst before Pass 1 (OPT-776)
Information: Ungrouping hierarchy xmem_inst before Pass 1 (OPT-776)
Information: Ungrouping hierarchy ctrl_fmem_write_inst before Pass 1 (OPT-776)
Information: Ungrouping hierarchy fmem_inst before Pass 1 (OPT-776)
Information: Ungrouping 4 of 5 hierarchies before Pass 1 (OPT-775)
Information: State dependent leakage is now switched from on to off.

  Beginning Pass 1 Mapping
  ------------------------
  Processing 'conv_128_32'
Information: The register 'ctrl_inst/state_reg[2]' is a constant and will be removed. (OPT-1206)
 Implement Synthetic for 'conv_128_32'.

  Updating timing information
Information: Updating design information... (UID-85)

  Beginning Mapping Optimizations  (Ultra High effort)
  -------------------------------
Information: Added key list 'DesignWare' to design 'conv_128_32'. (DDB-72)

                                  TOTAL                                                
   ELAPSED            WORST NEG   SETUP    DESIGN                              LEAKAGE 
    TIME      AREA      SLACK     COST    RULE COST         ENDPOINT            POWER  
  --------- --------- --------- --------- --------- ------------------------- ---------
    0:00:09   13929.6      0.72       4.1       0.0                           302720.6875
    0:00:09   13929.6      0.72       4.1       0.0                           302720.6875
    0:00:09   13929.6      0.72       4.1       0.0                           302720.6875
    0:00:09   13930.7      0.67       3.7       0.0                           302754.7188
  Re-synthesis Optimization (Phase 1)
  Re-synthesis Optimization (Phase 2)
  Global Optimization (Phase 1)
  Global Optimization (Phase 2)
  Global Optimization (Phase 3)
  Global Optimization (Phase 4)
  Global Optimization (Phase 5)
  Global Optimization (Phase 6)
  Global Optimization (Phase 7)
  Global Optimization (Phase 8)
  Global Optimization (Phase 9)
  Global Optimization (Phase 10)
  Global Optimization (Phase 11)
  Global Optimization (Phase 12)
  Global Optimization (Phase 13)
  Global Optimization (Phase 14)
  Global Optimization (Phase 15)
  Global Optimization (Phase 16)
  Global Optimization (Phase 17)
  Global Optimization (Phase 18)
  Global Optimization (Phase 19)
  Global Optimization (Phase 20)
  Global Optimization (Phase 21)
  Global Optimization (Phase 22)
  Global Optimization (Phase 23)
  Global Optimization (Phase 24)
  Global Optimization (Phase 25)
  Global Optimization (Phase 26)
  Global Optimization (Phase 27)
  Global Optimization (Phase 28)
  Global Optimization (Phase 29)
  Global Optimization (Phase 30)
  Global Optimization (Phase 31)
  Mapping 'conv_128_32_DP_OP_211J1_122_3486_0'
    0:00:18   13692.9      0.18       0.8       0.0                           285991.9062



  Beginning Delay Optimization Phase
  ----------------------------------

                                  TOTAL                                                
   ELAPSED            WORST NEG   SETUP    DESIGN                              LEAKAGE 
    TIME      AREA      SLACK     COST    RULE COST         ENDPOINT            POWER  
  --------- --------- --------- --------- --------- ------------------------- ---------
    0:00:18   13692.9      0.18       0.8       0.0                           285991.9062
    0:00:18   13692.9      0.18       0.8       0.0                           285991.9062
    0:00:18   13689.7      0.18       0.8       0.0                           285819.6562
    0:00:18   13689.7      0.18       0.8       0.0                           285819.6562
    0:00:21   14099.3      0.15       0.6       0.0                           299182.6562
    0:00:21   14099.3      0.15       0.6       0.0                           299182.6562
    0:00:21   14098.0      0.15       0.6       0.0                           299192.7500
    0:00:21   14098.0      0.15       0.6       0.0                           299192.7500
    0:00:22   14196.7      0.12       0.5       0.0                           302415.9375
    0:00:22   14196.7      0.12       0.5       0.0                           302415.9375
    0:00:28   14644.4      0.00       0.0       0.0                           318632.5625
    0:00:28   14644.4      0.00       0.0       0.0                           318632.5625
    0:00:28   14644.4      0.00       0.0       0.0                           318632.5625

  Beginning Delay Optimization
  ----------------------------
    0:00:28   14644.4      0.00       0.0       0.0                           318632.5625
    0:00:28   14644.4      0.00       0.0       0.0                           318632.5625
    0:00:28   14644.4      0.00       0.0       0.0                           318632.5625
    0:00:28   14644.4      0.00       0.0       0.0                           318632.5625
    0:00:28   14644.4      0.00       0.0       0.0                           318632.5625
    0:00:28   14644.4      0.00       0.0       0.0                           318632.5625
    0:00:28   14644.4      0.00       0.0       0.0                           318632.5625
    0:00:28   14644.4      0.00       0.0       0.0                           318632.5625
    0:00:28   14624.1      0.00       0.0       0.0                           318055.3750
    0:00:28   14624.1      0.00       0.0       0.0                           318055.3750

                                  TOTAL                                                
   ELAPSED            WORST NEG   SETUP    DESIGN                              LEAKAGE 
    TIME      AREA      SLACK     COST    RULE COST         ENDPOINT            POWER  
  --------- --------- --------- --------- --------- ------------------------- ---------
    0:00:29   14624.1      0.00       0.0       0.0                           318055.3750
    0:00:29   14482.9      0.00       0.0       0.0                           314093.9062


  Beginning Leakage Power Optimization  (max_leakage_power 0)
  ------------------------------------

                                  TOTAL                                                
   ELAPSED            WORST NEG   SETUP    DESIGN                              LEAKAGE 
    TIME      AREA      SLACK     COST    RULE COST         ENDPOINT            POWER  
  --------- --------- --------- --------- --------- ------------------------- ---------
    0:00:30   14478.9      0.00       0.0       0.0                           314001.3125
  Global Optimization (Phase 32)
  Global Optimization (Phase 33)
  Global Optimization (Phase 34)
  Global Optimization (Phase 35)
  Global Optimization (Phase 36)
  Global Optimization (Phase 37)
  Global Optimization (Phase 38)
  Global Optimization (Phase 39)
  Global Optimization (Phase 40)
  Global Optimization (Phase 41)
  Global Optimization (Phase 42)
  Global Optimization (Phase 43)
  Global Optimization (Phase 44)
  Global Optimization (Phase 45)
  Global Optimization (Phase 46)
  Global Optimization (Phase 47)
    0:00:32   13823.5      0.00       0.0       0.0                           289967.3750
    0:00:32   13823.5      0.00       0.0       0.0                           289967.3750
    0:00:32   13823.5      0.00       0.0       0.0                           289967.3750
    0:00:32   13823.5      0.00       0.0       0.0                           289946.9375
    0:00:32   13823.5      0.00       0.0       0.0                           289946.9375
    0:00:32   13823.5      0.00       0.0       0.0                           289946.9375
    0:00:32   13823.5      0.00       0.0       0.0                           289946.9375
    0:00:32   13823.5      0.00       0.0       0.0                           289946.9375
    0:00:32   13823.5      0.00       0.0       0.0                           289946.9375
    0:00:32   13823.5      0.00       0.0       0.0                           289946.9375
    0:00:32   13823.5      0.00       0.0       0.0                           289946.9375
    0:00:32   13823.5      0.00       0.0       0.0                           289946.9375
    0:00:32   13823.5      0.00       0.0       0.0                           289946.9375
    0:00:32   13823.5      0.00       0.0       0.0                           289946.9375
    0:00:32   13823.5      0.00       0.0       0.0                           289946.9375
    0:00:32   13823.5      0.00       0.0       0.0                           289946.9375
    0:00:32   13823.5      0.00       0.0       0.0                           289946.9375
    0:00:32   13823.5      0.00       0.0       0.0                           289946.9375
    0:00:32   13823.5      0.00       0.0       0.0                           289946.9375
    0:00:32   13823.5      0.00       0.0       0.0                           289946.9375
    0:00:32   13823.5      0.00       0.0       0.0                           289946.9375
    0:00:32   13823.5      0.00       0.0       0.0                           289946.9375

                                  TOTAL                                                
   ELAPSED            WORST NEG   SETUP    DESIGN                              LEAKAGE 
    TIME      AREA      SLACK     COST    RULE COST         ENDPOINT            POWER  
  --------- --------- --------- --------- --------- ------------------------- ---------
    0:00:32   13823.5      0.00       0.0       0.0                           289946.9375
    0:00:32   13782.5      0.00       0.0       0.0                           287338.8125
    0:00:32   13782.5      0.00       0.0       0.0                           287338.8125
    0:00:32   13782.5      0.00       0.0       0.0                           287338.8125
    0:00:33   13782.5      0.00       0.0       0.0                           287338.8125
    0:00:33   13730.9      0.00       0.0       0.0                           285922.9375
    0:00:33   13730.9      0.00       0.0       0.0                           285922.9375
    0:00:33   13703.3      0.00       0.0       0.0                           284910.1562
Loading db file '/home/home4/pmilder/ese507/synthesis/lib/NangateOpenCellLibrary_typical.db'


Note: Symbol # after min delay cost means estimated hold TNS across all active scenarios 


  Optimization Complete
  ---------------------
Information: State dependent leakage is now switched from off to on.
Information: Propagating switching activity (low effort zero delay simulation). (PWR-6)
1
report_area
 
****************************************
Report : area
Design : conv_128_32
Version: J-2014.09-SP5-2
Date   : Thu Oct 31 15:57:24 2019
****************************************

Information: Updating design information... (UID-85)
Library(s) Used:

    NangateOpenCellLibrary (File: /home/home4/pmilder/ese507/synthesis/lib/NangateOpenCellLibrary_typical.db)

Number of ports:                           45
Number of nets:                          9518
Number of cells:                         7909
Number of combinational cells:           7378
Number of sequential cells:               531
Number of macros/black boxes:               0
Number of buf/inv:                       1222
Number of references:                      39

Combinational area:              11289.838093
Buf/Inv area:                      668.458005
Noncombinational area:            2413.417914
Macro/Black Box area:                0.000000
Net Interconnect area:      undefined  (Wire load has zero net area)

Total cell area:                 13703.256008
Total area:                 undefined
1
report_power
 
****************************************
Report : power
        -analysis_effort low
Design : conv_128_32
Version: J-2014.09-SP5-2
Date   : Thu Oct 31 15:57:24 2019
****************************************


Library(s) Used:

    NangateOpenCellLibrary (File: /home/home4/pmilder/ese507/synthesis/lib/NangateOpenCellLibrary_typical.db)


Operating Conditions: typical   Library: NangateOpenCellLibrary
Wire Load Model Mode: top

Design        Wire Load Model            Library
------------------------------------------------
conv_128_32            5K_hvratio_1_1    NangateOpenCellLibrary


Global Operating Voltage = 1.1  
Power-specific unit information :
    Voltage Units = 1V
    Capacitance Units = 1.000000ff
    Time Units = 1ns
    Dynamic Power Units = 1uW    (derived from V,C,T units)
    Leakage Power Units = 1nW


  Cell Internal Power  =   1.6250 mW   (70%)
  Net Switching Power  = 681.6629 uW   (30%)
                         ---------
Total Dynamic Power    =   2.3067 mW  (100%)

Cell Leakage Power     = 283.4761 uW


                 Internal         Switching           Leakage            Total
Power Group      Power            Power               Power              Power   (   %    )  Attrs
--------------------------------------------------------------------------------------------------
io_pad             0.0000            0.0000            0.0000            0.0000  (   0.00%)
memory             0.0000            0.0000            0.0000            0.0000  (   0.00%)
black_box          0.0000            0.0000            0.0000            0.0000  (   0.00%)
clock_network      0.0000            0.0000            0.0000            0.0000  (   0.00%)
register         975.2128           92.2142        4.2729e+04        1.1102e+03  (  42.86%)
sequential         0.0000            0.0000            0.0000            0.0000  (   0.00%)
combinational    649.8138          589.4487        2.4075e+05        1.4800e+03  (  57.14%)
--------------------------------------------------------------------------------------------------
Total          1.6250e+03 uW       681.6629 uW     2.8348e+05 nW     2.5902e+03 uW
1
report_timing
 
****************************************
Report : timing
        -path full
        -delay max
        -max_paths 1
Design : conv_128_32
Version: J-2014.09-SP5-2
Date   : Thu Oct 31 15:57:24 2019
****************************************

Operating Conditions: typical   Library: NangateOpenCellLibrary
Wire Load Model Mode: top

  Startpoint: xmem_inst/mem_reg[5][5]
              (rising edge-triggered flip-flop clocked by clk)
  Endpoint: m_data_out_y[16]
            (output port clocked by clk)
  Path Group: clk
  Path Type: max

  Des/Clust/Port     Wire Load Model       Library
  ------------------------------------------------
  conv_128_32        5K_hvratio_1_1        NangateOpenCellLibrary

  Point                                    Incr       Path
  -----------------------------------------------------------
  clock clk (rise edge)                    0.00       0.00
  clock network delay (ideal)              0.00       0.00
  xmem_inst/mem_reg[5][5]/CK (DFF_X1)      0.00       0.00 r
  xmem_inst/mem_reg[5][5]/Q (DFF_X1)       0.12       0.12 r
  U3023/ZN (OR2_X1)                        0.04       0.17 r
  U1187/ZN (AND2_X1)                       0.09       0.26 r
  U1745/ZN (OAI221_X2)                     0.10       0.36 f
  U5394/ZN (OAI22_X1)                      0.07       0.44 r
  U5883/S (FA_X1)                          0.12       0.56 f
  U5867/CO (FA_X1)                         0.09       0.65 f
  U6204/S (FA_X1)                          0.13       0.78 f
  U6438/S (FA_X1)                          0.14       0.93 r
  U6673/S (FA_X1)                          0.12       1.05 f
  U6196/CO (FA_X1)                         0.11       1.15 f
  U6607/CO (FA_X1)                         0.11       1.26 f
  U6949/S (FA_X1)                          0.15       1.41 r
  U6960/S (FA_X1)                          0.11       1.52 f
  U6975/S (FA_X1)                          0.11       1.63 f
  U6976/ZN (INV_X1)                        0.04       1.67 r
  U6979/ZN (AOI21_X1)                      0.03       1.70 f
  U6980/ZN (AOI21_X1)                      0.05       1.75 r
  U6981/ZN (NAND2_X1)                      0.03       1.78 f
  U7346/CO (FA_X1)                         0.11       1.89 f
  U7354/ZN (OAI21_X1)                      0.05       1.94 r
  U7355/ZN (INV_X1)                        0.03       1.96 f
  U7356/ZN (AOI21_X1)                      0.04       2.00 r
  U7357/ZN (INV_X1)                        0.02       2.03 f
  U7358/Z (XOR2_X1)                        0.07       2.10 f
  m_data_out_y[16] (out)                   0.00       2.10 f
  data arrival time                                   2.10

  clock clk (rise edge)                    2.30       2.30
  clock network delay (ideal)              0.00       2.30
  output external delay                   -0.20       2.10
  data required time                                  2.10
  -----------------------------------------------------------
  data required time                                  2.10
  data arrival time                                  -2.10
  -----------------------------------------------------------
  slack (MET)                                         0.00


1
write -f verilog $TOP_MOD_NAME -output gates.v -hierarchy
Writing verilog file '/home/home5/pjain/ese507_workspace/ese507_proj2/part3/memory_optim_prateek/synthesis/gates.v'.
1
quit

Thank you...
