
                      Design Compiler Graphical
                            DC Ultra (TM)
                             DFTMAX (TM)
                         Power Compiler (TM)
                           DesignWare (R)
                           DC Expert (TM)
                         Design Vision (TM)
                          HDL Compiler (TM)
                         VHDL Compiler (TM)
                            DFT Compiler
                        Library Compiler (TM)
                         Design Compiler(R)

         Version J-2014.09-SP5-2 for RHEL64 -- Jul 11, 2015
               Copyright (c) 1988-2015 Synopsys, Inc.

This software and the associated documentation are confidential and 
proprietary to Synopsys, Inc. Your use or disclosure of this software 
is subject to the terms and conditions of a written license agreement 
between you, or your company, and Synopsys, Inc.

Initializing...
##############################################
# Setup: fill out the following parameters: name of clock signal, clock period (ns),
# reset signal name (if used), name of top-level module, name of source file
set CLK_NAME "clk";
clk
set CLK_PERIOD 2
2
set RST_NAME "reset";
reset
set TOP_MOD_NAME "conv_128_32";
conv_128_32
set SRC_FILE [list "../rtl_files/conv_128_32.sv" "../rtl_files/ctrl_mem_write.sv" "../rtl_files/ctrl_xmem_plus_output.sv" "../rtl_files/memory.sv" "../rtl_files/x_memory.sv"];
../rtl_files/conv_128_32.sv ../rtl_files/ctrl_mem_write.sv ../rtl_files/ctrl_xmem_plus_output.sv ../rtl_files/memory.sv ../rtl_files/x_memory.sv
# If you have multiple source files, change the line above to list them all like this:
# set SRC_FILE [list "file1.sv" "file2.sv"];
###############################################
source setupdc.tcl
NangateOpenCellLibrary_typical.db dw_foundation.sldb
file mkdir work_synth
define_design_lib WORK -path work_synth
1
analyze $SRC_FILE -format sverilog
Running PRESTO HDLC
Compiling source file ../rtl_files/conv_128_32.sv
Compiling source file ../rtl_files/ctrl_mem_write.sv
Compiling source file ../rtl_files/ctrl_xmem_plus_output.sv
Compiling source file ../rtl_files/memory.sv
Compiling source file ../rtl_files/x_memory.sv
Presto compilation completed successfully.
Loading db file '/home/home4/pmilder/ese507/synthesis/lib/NangateOpenCellLibrary_typical.db'
Loading db file '/usr/local/synopsys/syn/libraries/syn/dw_foundation.sldb'
1
elaborate -work WORK $TOP_MOD_NAME
Loading db file '/usr/local/synopsys/syn/libraries/syn/gtech.db'
Loading db file '/usr/local/synopsys/syn/libraries/syn/standard.sldb'
  Loading link library 'NangateOpenCellLibrary'
  Loading link library 'gtech'
Running PRESTO HDLC
Presto compilation completed successfully.
Elaborated 1 design.
Current design is now 'conv_128_32'.
Information: Building the design 'ctrl_xmem_plus_output' instantiated from design 'conv_128_32' with
	the parameters "X_MEM_ADDR_WIDTH=7,X_SIZE=128,F_SIZE=32". (HDL-193)

Statistics for case statements in always block at line 36 in file
	'../rtl_files/ctrl_xmem_plus_output.sv'
===============================================
|           Line           |  full/ parallel  |
===============================================
|            45            |    auto/auto     |
===============================================

Inferred memory devices in process
	in routine ctrl_xmem_plus_output_X_MEM_ADDR_WIDTH7_X_SIZE128_F_SIZE32 line 36 in file
		'../rtl_files/ctrl_xmem_plus_output.sv'.
===============================================================================
|    Register Name    |   Type    | Width | Bus | MB | AR | AS | SR | SS | ST |
===============================================================================
|    xmem_full_reg    | Flip-flop |   1   |  N  | N  | N  | N  | N  | N  | N  |
|   s_ready_fsm_reg   | Flip-flop |   1   |  N  | N  | N  | N  | N  | N  | N  |
|      state_reg      | Flip-flop |   3   |  Y  | N  | N  | N  | N  | N  | N  |
|     m_valid_reg     | Flip-flop |   1   |  N  | N  | N  | N  | N  | N  | N  |
|    conv_done_reg    | Flip-flop |   1   |  N  | N  | N  | N  | N  | N  | N  |
===============================================================================

Inferred memory devices in process
	in routine ctrl_xmem_plus_output_X_MEM_ADDR_WIDTH7_X_SIZE128_F_SIZE32 line 103 in file
		'../rtl_files/ctrl_xmem_plus_output.sv'.
===============================================================================
|    Register Name    |   Type    | Width | Bus | MB | AR | AS | SR | SS | ST |
===============================================================================
|  xmem_tracker_reg   | Flip-flop |   7   |  Y  | N  | N  | N  | N  | N  | N  |
===============================================================================
Presto compilation completed successfully.
Information: Building the design 'x_memory' instantiated from design 'conv_128_32' with
	the parameters "WIDTH=8,SIZE=32,LOGSIZE=5". (HDL-193)

Inferred memory devices in process
	in routine x_memory_WIDTH8_SIZE32_LOGSIZE5 line 20 in file
		'../rtl_files/x_memory.sv'.
===============================================================================
|    Register Name    |   Type    | Width | Bus | MB | AR | AS | SR | SS | ST |
===============================================================================
|       mem_reg       | Flip-flop |  256  |  Y  | N  | N  | N  | N  | N  | N  |
===============================================================================
Presto compilation completed successfully.
Information: Building the design 'ctrl_mem_write' instantiated from design 'conv_128_32' with
	the parameters "MEM_ADDR_WIDTH=5,MEM_SIZE=32". (HDL-193)

Inferred memory devices in process
	in routine ctrl_mem_write_MEM_ADDR_WIDTH5_MEM_SIZE32 line 19 in file
		'../rtl_files/ctrl_mem_write.sv'.
===============================================================================
|    Register Name    |   Type    | Width | Bus | MB | AR | AS | SR | SS | ST |
===============================================================================
|    mem_addr_reg     | Flip-flop |   5   |  Y  | N  | N  | N  | N  | N  | N  |
|     s_ready_reg     | Flip-flop |   1   |  N  | N  | N  | N  | N  | N  | N  |
===============================================================================
Presto compilation completed successfully.
Information: Building the design 'memory' instantiated from design 'conv_128_32' with
	the parameters "WIDTH=8,SIZE=32,LOGSIZE=5". (HDL-193)
Warning:  ../rtl_files/memory.sv:20: unsigned to signed assignment occurs. (VER-318)

Inferred memory devices in process
	in routine memory_WIDTH8_SIZE32_LOGSIZE5 line 18 in file
		'../rtl_files/memory.sv'.
===============================================================================
|    Register Name    |   Type    | Width | Bus | MB | AR | AS | SR | SS | ST |
===============================================================================
|       mem_reg       | Flip-flop |   8   |  Y  | N  | N  | N  | N  | N  | N  |
|       mem_reg       | Flip-flop |   8   |  Y  | N  | N  | N  | N  | N  | N  |
|       mem_reg       | Flip-flop |   8   |  Y  | N  | N  | N  | N  | N  | N  |
|       mem_reg       | Flip-flop |   8   |  Y  | N  | N  | N  | N  | N  | N  |
|       mem_reg       | Flip-flop |   8   |  Y  | N  | N  | N  | N  | N  | N  |
|       mem_reg       | Flip-flop |   8   |  Y  | N  | N  | N  | N  | N  | N  |
|       mem_reg       | Flip-flop |   8   |  Y  | N  | N  | N  | N  | N  | N  |
|       mem_reg       | Flip-flop |   8   |  Y  | N  | N  | N  | N  | N  | N  |
|       mem_reg       | Flip-flop |   8   |  Y  | N  | N  | N  | N  | N  | N  |
|       mem_reg       | Flip-flop |   8   |  Y  | N  | N  | N  | N  | N  | N  |
|       mem_reg       | Flip-flop |   8   |  Y  | N  | N  | N  | N  | N  | N  |
|       mem_reg       | Flip-flop |   8   |  Y  | N  | N  | N  | N  | N  | N  |
|       mem_reg       | Flip-flop |   8   |  Y  | N  | N  | N  | N  | N  | N  |
|       mem_reg       | Flip-flop |   8   |  Y  | N  | N  | N  | N  | N  | N  |
|       mem_reg       | Flip-flop |   8   |  Y  | N  | N  | N  | N  | N  | N  |
|       mem_reg       | Flip-flop |   8   |  Y  | N  | N  | N  | N  | N  | N  |
|       mem_reg       | Flip-flop |   8   |  Y  | N  | N  | N  | N  | N  | N  |
|       mem_reg       | Flip-flop |   8   |  Y  | N  | N  | N  | N  | N  | N  |
|       mem_reg       | Flip-flop |   8   |  Y  | N  | N  | N  | N  | N  | N  |
|       mem_reg       | Flip-flop |   8   |  Y  | N  | N  | N  | N  | N  | N  |
|       mem_reg       | Flip-flop |   8   |  Y  | N  | N  | N  | N  | N  | N  |
|       mem_reg       | Flip-flop |   8   |  Y  | N  | N  | N  | N  | N  | N  |
|       mem_reg       | Flip-flop |   8   |  Y  | N  | N  | N  | N  | N  | N  |
|       mem_reg       | Flip-flop |   8   |  Y  | N  | N  | N  | N  | N  | N  |
|       mem_reg       | Flip-flop |   8   |  Y  | N  | N  | N  | N  | N  | N  |
|       mem_reg       | Flip-flop |   8   |  Y  | N  | N  | N  | N  | N  | N  |
|       mem_reg       | Flip-flop |   8   |  Y  | N  | N  | N  | N  | N  | N  |
|       mem_reg       | Flip-flop |   8   |  Y  | N  | N  | N  | N  | N  | N  |
|       mem_reg       | Flip-flop |   8   |  Y  | N  | N  | N  | N  | N  | N  |
|       mem_reg       | Flip-flop |   8   |  Y  | N  | N  | N  | N  | N  | N  |
|       mem_reg       | Flip-flop |   8   |  Y  | N  | N  | N  | N  | N  | N  |
|       mem_reg       | Flip-flop |   8   |  Y  | N  | N  | N  | N  | N  | N  |
===============================================================================
Presto compilation completed successfully.
1
###### CLOCKS AND PORTS #######
set CLK_PORT [get_ports $CLK_NAME]
{clk}
set TMP1 [remove_from_collection [all_inputs] $CLK_PORT]
{reset s_valid_x s_valid_f m_ready_y s_data_in_x[7] s_data_in_x[6] s_data_in_x[5] s_data_in_x[4] s_data_in_x[3] s_data_in_x[2] s_data_in_x[1] s_data_in_x[0] s_data_in_f[7] s_data_in_f[6] s_data_in_f[5] s_data_in_f[4] s_data_in_f[3] s_data_in_f[2] s_data_in_f[1] s_data_in_f[0]}
set INPUTS [remove_from_collection $TMP1 $RST_NAME]
{s_valid_x s_valid_f m_ready_y s_data_in_x[7] s_data_in_x[6] s_data_in_x[5] s_data_in_x[4] s_data_in_x[3] s_data_in_x[2] s_data_in_x[1] s_data_in_x[0] s_data_in_f[7] s_data_in_f[6] s_data_in_f[5] s_data_in_f[4] s_data_in_f[3] s_data_in_f[2] s_data_in_f[1] s_data_in_f[0]}
create_clock -period $CLK_PERIOD [get_ports clk]
1
# set delay for inputs to be 0.2ns
set_input_delay 0.2 -max -clock clk $INPUTS
1
set_output_delay 0.2 -max -clock clk [all_outputs]
1
###### OPTIMIZATION #######
set_max_area 0 
1
###### RUN #####
compile_ultra
Information: Performing power optimization. (PWR-850)
Alib files are up-to-date.
Information: Evaluating DesignWare library utilization. (UISN-27)

============================================================================
| DesignWare Building Block Library  |         Version         | Available |
============================================================================
| Basic DW Building Blocks           | J-2014.09-DWBB_201409.5.2 |   *     |
| Licensed DW Building Blocks        | J-2014.09-DWBB_201409.5.2 |   *     |
============================================================================

Information: Sequential output inversion is enabled.  SVF file must be used for formal verification. (OPT-1208)

Information: There are 2 potential problems in your design. Please run 'check_design' for more information. (LINT-99)


Loaded alib file './alib-52/NangateOpenCellLibrary_typical.db.alib'
  Building model 'DW01_NAND2'
Information: Ungrouping hierarchy ctrl_inst before Pass 1 (OPT-776)
Information: Ungrouping hierarchy xmem_inst before Pass 1 (OPT-776)
Information: Ungrouping hierarchy ctrl_fmem_write_inst before Pass 1 (OPT-776)
Information: Ungrouping hierarchy fmem_inst before Pass 1 (OPT-776)
Information: Ungrouping 4 of 5 hierarchies before Pass 1 (OPT-775)
Information: State dependent leakage is now switched from on to off.

  Beginning Pass 1 Mapping
  ------------------------
  Processing 'conv_128_32'
Information: The register 'ctrl_inst/state_reg[2]' is a constant and will be removed. (OPT-1206)
 Implement Synthetic for 'conv_128_32'.

  Updating timing information
Information: Updating design information... (UID-85)

  Beginning Mapping Optimizations  (Ultra High effort)
  -------------------------------
Information: Added key list 'DesignWare' to design 'conv_128_32'. (DDB-72)
  Mapping Optimization (Phase 1)

                                  TOTAL                                                
   ELAPSED            WORST NEG   SETUP    DESIGN                              LEAKAGE 
    TIME      AREA      SLACK     COST    RULE COST         ENDPOINT            POWER  
  --------- --------- --------- --------- --------- ------------------------- ---------
    0:00:11   14084.4      0.34       2.6       0.0                           303397.1875
    0:00:11   14083.9      0.34       2.6       0.0                           303382.8125
    0:00:11   14083.9      0.34       2.6       0.0                           303382.8125
    0:00:11   14083.9      0.34       2.6       0.0                           303382.8125
  Re-synthesis Optimization (Phase 1)
  Re-synthesis Optimization (Phase 2)
  Global Optimization (Phase 1)
  Global Optimization (Phase 2)
  Global Optimization (Phase 3)
  Global Optimization (Phase 4)
  Global Optimization (Phase 5)
  Global Optimization (Phase 6)
  Global Optimization (Phase 7)
  Global Optimization (Phase 8)
  Global Optimization (Phase 9)
  Global Optimization (Phase 10)
  Global Optimization (Phase 11)
  Global Optimization (Phase 12)
  Global Optimization (Phase 13)
  Global Optimization (Phase 14)
  Global Optimization (Phase 15)
  Global Optimization (Phase 16)
  Global Optimization (Phase 17)
  Global Optimization (Phase 18)
  Global Optimization (Phase 19)
  Global Optimization (Phase 20)
  Global Optimization (Phase 21)
  Global Optimization (Phase 22)
  Global Optimization (Phase 23)
  Global Optimization (Phase 24)
  Global Optimization (Phase 25)
  Global Optimization (Phase 26)
  Global Optimization (Phase 27)
  Global Optimization (Phase 28)
  Global Optimization (Phase 29)
  Global Optimization (Phase 30)
  Global Optimization (Phase 31)
  Mapping 'conv_128_32_DP_OP_211J1_122_3486_1'
    0:00:21   13523.4      0.13       1.0       1.4                           277133.3750



  Beginning Delay Optimization Phase
  ----------------------------------

                                  TOTAL                                                
   ELAPSED            WORST NEG   SETUP    DESIGN                              LEAKAGE 
    TIME      AREA      SLACK     COST    RULE COST         ENDPOINT            POWER  
  --------- --------- --------- --------- --------- ------------------------- ---------
    0:00:21   13523.4      0.13       1.0       1.4                           277133.3750
    0:00:21   13523.4      0.13       1.0       1.4                           277133.3750
    0:00:21   13524.0      0.13       1.0       1.4                           277176.6250
    0:00:21   13524.0      0.13       1.0       1.4                           277176.6250
    0:00:31   14042.7      0.08       0.6       1.4                           294334.6250
    0:00:31   14042.7      0.08       0.6       1.4                           294334.6250
    0:00:31   14042.7      0.08       0.6       1.4                           294334.6250
    0:00:31   14042.7      0.08       0.6       1.4                           294334.6250
    0:00:31   14042.7      0.08       0.6       1.4                           294334.6250
    0:00:31   14042.7      0.08       0.6       1.4                           294334.6250
    0:00:33   14105.7      0.07       0.5       1.4                           296216.7812
    0:00:33   14105.7      0.07       0.5       1.4                           296216.7812
    0:00:33   14107.3      0.07       0.5       1.4                           296258.3750

  Beginning Delay Optimization
  ----------------------------
    0:00:33   14106.2      0.07       0.5       1.4                           296186.3750
    0:00:34   14110.2      0.07       0.5       1.4                           296326.1562
    0:00:34   14110.2      0.07       0.5       1.4                           296326.1562
    0:00:34   14110.2      0.07       0.5       1.4                           296326.1562
    0:00:34   14107.6      0.07       0.5       1.4                           296146.1875
    0:00:34   14108.9      0.07       0.5       1.4                           296164.1875
    0:00:34   14108.9      0.07       0.5       1.4                           296164.1875
    0:00:35   14120.9      0.07       0.5       1.4                           296529.3438
    0:00:35   14110.2      0.07       0.5       1.4                           295795.1562


  Beginning Design Rule Fixing  (max_capacitance)
  ----------------------------

                                  TOTAL                                                
   ELAPSED            WORST NEG   SETUP    DESIGN                              LEAKAGE 
    TIME      AREA      SLACK     COST    RULE COST         ENDPOINT            POWER  
  --------- --------- --------- --------- --------- ------------------------- ---------
    0:00:35   14110.2      0.07       0.5       1.4                           295795.1562
  Global Optimization (Phase 32)
  Global Optimization (Phase 33)
  Global Optimization (Phase 34)
    0:00:36   14097.2      0.06       0.4       0.0 m_data_out_y[19]          294908.5000
    0:00:36   14085.2      0.05       0.3       0.0                           294488.5000
    0:00:37   14103.6      0.05       0.3       0.0                           295110.7812

                                  TOTAL                                                
   ELAPSED            WORST NEG   SETUP    DESIGN                              LEAKAGE 
    TIME      AREA      SLACK     COST    RULE COST         ENDPOINT            POWER  
  --------- --------- --------- --------- --------- ------------------------- ---------
    0:00:37   14103.6      0.05       0.3       0.0                           295110.7812
    0:00:37   14098.5      0.05       0.3       0.0                           294822.2500


  Beginning Leakage Power Optimization  (max_leakage_power 0)
  ------------------------------------

                                  TOTAL                                                
   ELAPSED            WORST NEG   SETUP    DESIGN                              LEAKAGE 
    TIME      AREA      SLACK     COST    RULE COST         ENDPOINT            POWER  
  --------- --------- --------- --------- --------- ------------------------- ---------
    0:00:39   14099.3      0.06       0.4       0.0                           294849.2500
  Global Optimization (Phase 35)
  Global Optimization (Phase 36)
  Global Optimization (Phase 37)
  Global Optimization (Phase 38)
  Global Optimization (Phase 39)
  Global Optimization (Phase 40)
  Global Optimization (Phase 41)
  Global Optimization (Phase 42)
  Global Optimization (Phase 43)
  Global Optimization (Phase 44)
  Global Optimization (Phase 45)
  Global Optimization (Phase 46)
  Global Optimization (Phase 47)
  Global Optimization (Phase 48)
  Global Optimization (Phase 49)
    0:00:40   13864.5      0.03       0.2       0.0 m_data_out_y[16]          286528.5938
    0:00:40   13888.9      0.02       0.1       0.0 m_data_out_y[19]          287313.2188
    0:00:40   13892.4      0.02       0.1       0.0                           287380.0312
    0:00:41   13899.3      0.02       0.1       0.0                           287617.5938
    0:00:41   13899.3      0.02       0.1       0.0                           287617.5938
    0:00:41   13898.0      0.02       0.1       0.0                           287616.3750
    0:00:41   13898.0      0.02       0.1       0.0                           287616.3750
    0:00:41   13898.0      0.02       0.1       0.0                           287616.3750
    0:00:41   13898.0      0.02       0.1       0.0                           287616.3750
    0:00:41   13898.0      0.02       0.1       0.0                           287616.3750
    0:00:41   13898.0      0.02       0.1       0.0                           287616.3750
    0:00:42   13898.0      0.02       0.1       0.0                           287616.3750
    0:00:42   13898.0      0.02       0.1       0.0                           287616.3750
    0:00:42   13911.0      0.02       0.1       0.0                           288059.9062
    0:00:42   13911.0      0.02       0.1       0.0                           288059.9062
    0:00:42   13911.0      0.02       0.1       0.0                           288059.9062
    0:00:42   13911.0      0.02       0.1       0.0                           288059.9062
    0:00:42   13911.0      0.02       0.1       0.0                           288059.9062
    0:00:42   13911.0      0.02       0.1       0.0                           288059.9062
    0:00:42   13911.0      0.02       0.1       0.0                           288059.9062
    0:00:42   13911.0      0.02       0.1       0.0                           288059.9062
    0:00:42   13911.0      0.02       0.1       0.0                           288059.9062
    0:00:42   13911.0      0.02       0.1       0.0                           288059.9062
    0:00:43   13911.0      0.02       0.1       0.0                           288059.9062

                                  TOTAL                                                
   ELAPSED            WORST NEG   SETUP    DESIGN                              LEAKAGE 
    TIME      AREA      SLACK     COST    RULE COST         ENDPOINT            POWER  
  --------- --------- --------- --------- --------- ------------------------- ---------
    0:00:43   13911.0      0.02       0.1       0.0                           288059.9062
    0:00:43   13848.0      0.02       0.1       0.0                           284600.3125
    0:00:44   13888.4      0.02       0.1       0.0                           285946.5000
    0:00:44   13888.4      0.02       0.1       0.0                           285946.5000
    0:00:44   13891.3      0.02       0.1       0.0                           286368.0625
    0:00:44   13821.6      0.02       0.1       0.0                           284265.9375
    0:00:45   13904.4      0.01       0.0       0.0                           287303.2812
    0:00:45   13858.1      0.01       0.0       0.0                           285431.3750
Loading db file '/home/home4/pmilder/ese507/synthesis/lib/NangateOpenCellLibrary_typical.db'


Note: Symbol # after min delay cost means estimated hold TNS across all active scenarios 


  Optimization Complete
  ---------------------
Information: State dependent leakage is now switched from off to on.
Information: Propagating switching activity (low effort zero delay simulation). (PWR-6)
1
report_area
 
****************************************
Report : area
Design : conv_128_32
Version: J-2014.09-SP5-2
Date   : Thu Oct 31 15:54:53 2019
****************************************

Information: Updating design information... (UID-85)
Library(s) Used:

    NangateOpenCellLibrary (File: /home/home4/pmilder/ese507/synthesis/lib/NangateOpenCellLibrary_typical.db)

Number of ports:                           45
Number of nets:                          8609
Number of cells:                         7412
Number of combinational cells:           6881
Number of sequential cells:               531
Number of macros/black boxes:               0
Number of buf/inv:                        627
Number of references:                      37

Combinational area:              11434.275987
Buf/Inv area:                      389.690001
Noncombinational area:            2423.791915
Macro/Black Box area:                0.000000
Net Interconnect area:      undefined  (Wire load has zero net area)

Total cell area:                 13858.067902
Total area:                 undefined
1
report_power
 
****************************************
Report : power
        -analysis_effort low
Design : conv_128_32
Version: J-2014.09-SP5-2
Date   : Thu Oct 31 15:54:54 2019
****************************************


Library(s) Used:

    NangateOpenCellLibrary (File: /home/home4/pmilder/ese507/synthesis/lib/NangateOpenCellLibrary_typical.db)


Operating Conditions: typical   Library: NangateOpenCellLibrary
Wire Load Model Mode: top

Design        Wire Load Model            Library
------------------------------------------------
conv_128_32            5K_hvratio_1_1    NangateOpenCellLibrary


Global Operating Voltage = 1.1  
Power-specific unit information :
    Voltage Units = 1V
    Capacitance Units = 1.000000ff
    Time Units = 1ns
    Dynamic Power Units = 1uW    (derived from V,C,T units)
    Leakage Power Units = 1nW


  Cell Internal Power  =   1.7155 mW   (74%)
  Net Switching Power  = 594.5028 uW   (26%)
                         ---------
Total Dynamic Power    =   2.3100 mW  (100%)

Cell Leakage Power     = 288.0065 uW


                 Internal         Switching           Leakage            Total
Power Group      Power            Power               Power              Power   (   %    )  Attrs
--------------------------------------------------------------------------------------------------
io_pad             0.0000            0.0000            0.0000            0.0000  (   0.00%)
memory             0.0000            0.0000            0.0000            0.0000  (   0.00%)
black_box          0.0000            0.0000            0.0000            0.0000  (   0.00%)
clock_network      0.0000            0.0000            0.0000            0.0000  (   0.00%)
register       1.1095e+03           56.1267        4.3080e+04        1.2087e+03  (  46.52%)
sequential         0.0000            0.0000            0.0000            0.0000  (   0.00%)
combinational    606.0275          538.3759        2.4493e+05        1.3893e+03  (  53.48%)
--------------------------------------------------------------------------------------------------
Total          1.7155e+03 uW       594.5026 uW     2.8801e+05 nW     2.5980e+03 uW
1
report_timing
 
****************************************
Report : timing
        -path full
        -delay max
        -max_paths 1
Design : conv_128_32
Version: J-2014.09-SP5-2
Date   : Thu Oct 31 15:54:54 2019
****************************************

Operating Conditions: typical   Library: NangateOpenCellLibrary
Wire Load Model Mode: top

  Startpoint: fmem_inst/mem_reg[19][6]
              (rising edge-triggered flip-flop clocked by clk)
  Endpoint: m_data_out_y[18]
            (output port clocked by clk)
  Path Group: clk
  Path Type: max

  Des/Clust/Port     Wire Load Model       Library
  ------------------------------------------------
  conv_128_32        5K_hvratio_1_1        NangateOpenCellLibrary

  Point                                                   Incr       Path
  --------------------------------------------------------------------------
  clock clk (rise edge)                                   0.00       0.00
  clock network delay (ideal)                             0.00       0.00
  fmem_inst/mem_reg[19][6]/CK (DFF_X1)                    0.00       0.00 r
  fmem_inst/mem_reg[19][6]/Q (DFF_X1)                     0.09       0.09 f
  U1678/Z (XOR2_X1)                                       0.08       0.17 f
  U1442/Z (BUF_X1)                                        0.04       0.21 f
  U3282/ZN (NAND2_X2)                                     0.06       0.27 r
  U3987/ZN (OAI21_X1)                                     0.05       0.31 f
  U4052/CO (FA_X1)                                        0.11       0.42 f
  U4158/CO (FA_X1)                                        0.11       0.53 f
  U4242/S (FA_X1)                                         0.14       0.67 r
  U4756/S (FA_X1)                                         0.11       0.78 f
  U5168/CO (FA_X1)                                        0.11       0.89 f
  U5595/S (FA_X1)                                         0.15       1.04 r
  U6115/S (FA_X1)                                         0.11       1.15 f
  U6451/S (FA_X1)                                         0.15       1.30 r
  U6452/ZN (OAI21_X1)                                     0.03       1.33 f
  U6454/ZN (NAND2_X1)                                     0.04       1.37 r
  U1560/ZN (XNOR2_X1)                                     0.06       1.44 r
  U1559/ZN (XNOR2_X1)                                     0.07       1.51 r
  U1665/ZN (NOR2_X1)                                      0.03       1.54 f
  U6540/ZN (NOR2_X1)                                      0.04       1.58 r
  U6543/ZN (NOR2_X1)                                      0.03       1.60 f
  U1656/ZN (AND2_X1)                                      0.04       1.65 f
  U7412/ZN (OR2_X2)                                       0.06       1.71 f
  U7427/ZN (OAI21_X1)                                     0.05       1.75 r
  U7436/ZN (XNOR2_X1)                                     0.05       1.80 r
  m_data_out_y[18] (out)                                  0.00       1.81 r
  data arrival time                                                  1.81

  clock clk (rise edge)                                   2.00       2.00
  clock network delay (ideal)                             0.00       2.00
  output external delay                                  -0.20       1.80
  data required time                                                 1.80
  --------------------------------------------------------------------------
  data required time                                                 1.80
  data arrival time                                                 -1.81
  --------------------------------------------------------------------------
  slack (VIOLATED)                                                  -0.01


1
write -f verilog $TOP_MOD_NAME -output gates.v -hierarchy
Writing verilog file '/home/home5/pjain/ese507_workspace/ese507_proj2/part3/memory_optim_prateek/synthesis/gates.v'.
1
quit

Thank you...
