
                      Design Compiler Graphical
                            DC Ultra (TM)
                             DFTMAX (TM)
                         Power Compiler (TM)
                           DesignWare (R)
                           DC Expert (TM)
                         Design Vision (TM)
                          HDL Compiler (TM)
                         VHDL Compiler (TM)
                            DFT Compiler
                        Library Compiler (TM)
                         Design Compiler(R)

         Version J-2014.09-SP5-2 for RHEL64 -- Jul 11, 2015
               Copyright (c) 1988-2015 Synopsys, Inc.

This software and the associated documentation are confidential and 
proprietary to Synopsys, Inc. Your use or disclosure of this software 
is subject to the terms and conditions of a written license agreement 
between you, or your company, and Synopsys, Inc.

Initializing...
##############################################
# Setup: fill out the following parameters: name of clock signal, clock period (ns),
# reset signal name (if used), name of top-level module, name of source file
set CLK_NAME "clk";
clk
set CLK_PERIOD 1
1
set RST_NAME "reset";
reset
set TOP_MOD_NAME "conv_128_32";
conv_128_32
set SRC_FILE [list "../rtl_files/conv_128_32.sv" "../rtl_files/ctrl_mem_write.sv" "../rtl_files/ctrl_conv_output.sv" "/home/home4/pmilder/ese507/proj2/memory.sv"];
../rtl_files/conv_128_32.sv ../rtl_files/ctrl_mem_write.sv ../rtl_files/ctrl_conv_output.sv /home/home4/pmilder/ese507/proj2/memory.sv
# If you have multiple source files, change the line above to list them all like this:
# set SRC_FILE [list "file1.sv" "file2.sv"];
###############################################
source setupdc.tcl
NangateOpenCellLibrary_typical.db dw_foundation.sldb
file mkdir work_synth
define_design_lib WORK -path work_synth
1
analyze $SRC_FILE -format sverilog
Running PRESTO HDLC
Compiling source file ../rtl_files/conv_128_32.sv
Compiling source file ../rtl_files/ctrl_mem_write.sv
Compiling source file ../rtl_files/ctrl_conv_output.sv
Compiling source file /home/home4/pmilder/ese507/proj2/memory.sv
Presto compilation completed successfully.
Loading db file '/home/home4/pmilder/ese507/synthesis/lib/NangateOpenCellLibrary_typical.db'
Loading db file '/usr/local/synopsys/syn/libraries/syn/dw_foundation.sldb'
1
elaborate -work WORK $TOP_MOD_NAME
Loading db file '/usr/local/synopsys/syn/libraries/syn/gtech.db'
Loading db file '/usr/local/synopsys/syn/libraries/syn/standard.sldb'
  Loading link library 'NangateOpenCellLibrary'
  Loading link library 'gtech'
Running PRESTO HDLC

Inferred memory devices in process
	in routine conv_128_32 line 138 in file
		'../rtl_files/conv_128_32.sv'.
===============================================================================
|    Register Name    |   Type    | Width | Bus | MB | AR | AS | SR | SS | ST |
===============================================================================
| conv_pre_start_reg  | Flip-flop |   1   |  N  | N  | N  | N  | N  | N  | N  |
===============================================================================

Inferred memory devices in process
	in routine conv_128_32 line 174 in file
		'../rtl_files/conv_128_32.sv'.
===============================================================================
|    Register Name    |   Type    | Width | Bus | MB | AR | AS | SR | SS | ST |
===============================================================================
|    accum_out_reg    | Flip-flop |  21   |  Y  | N  | N  | N  | N  | N  | N  |
===============================================================================
Presto compilation completed successfully.
Elaborated 1 design.
Current design is now 'conv_128_32'.
Information: Building the design 'ctrl_mem_write' instantiated from design 'conv_128_32' with
	the parameters "MEM_ADDR_WIDTH=7,MEM_SIZE=128". (HDL-193)

Inferred memory devices in process
	in routine ctrl_mem_write_MEM_ADDR_WIDTH7_MEM_SIZE128 line 22 in file
		'../rtl_files/ctrl_mem_write.sv'.
===============================================================================
|    Register Name    |   Type    | Width | Bus | MB | AR | AS | SR | SS | ST |
===============================================================================
|    mem_addr_reg     | Flip-flop |   7   |  Y  | N  | N  | N  | N  | N  | N  |
|     s_ready_reg     | Flip-flop |   1   |  N  | N  | N  | N  | N  | N  | N  |
===============================================================================
Presto compilation completed successfully.
Information: Building the design 'memory' instantiated from design 'conv_128_32' with
	the parameters "WIDTH=8,SIZE=128,LOGSIZE=7". (HDL-193)

Inferred memory devices in process
	in routine memory_WIDTH8_SIZE128_LOGSIZE7 line 11 in file
		'/home/home4/pmilder/ese507/proj2/memory.sv'.
===============================================================================
|    Register Name    |   Type    | Width | Bus | MB | AR | AS | SR | SS | ST |
===============================================================================
|    data_out_reg     | Flip-flop |   8   |  Y  | N  | N  | N  | N  | N  | N  |
|       mem_reg       | Flip-flop |   8   |  Y  | N  | N  | N  | N  | N  | N  |
|       mem_reg       | Flip-flop |   8   |  Y  | N  | N  | N  | N  | N  | N  |
|       mem_reg       | Flip-flop |   8   |  Y  | N  | N  | N  | N  | N  | N  |
|       mem_reg       | Flip-flop |   8   |  Y  | N  | N  | N  | N  | N  | N  |
|       mem_reg       | Flip-flop |   8   |  Y  | N  | N  | N  | N  | N  | N  |
|       mem_reg       | Flip-flop |   8   |  Y  | N  | N  | N  | N  | N  | N  |
|       mem_reg       | Flip-flop |   8   |  Y  | N  | N  | N  | N  | N  | N  |
|       mem_reg       | Flip-flop |   8   |  Y  | N  | N  | N  | N  | N  | N  |
|       mem_reg       | Flip-flop |   8   |  Y  | N  | N  | N  | N  | N  | N  |
|       mem_reg       | Flip-flop |   8   |  Y  | N  | N  | N  | N  | N  | N  |
|       mem_reg       | Flip-flop |   8   |  Y  | N  | N  | N  | N  | N  | N  |
|       mem_reg       | Flip-flop |   8   |  Y  | N  | N  | N  | N  | N  | N  |
|       mem_reg       | Flip-flop |   8   |  Y  | N  | N  | N  | N  | N  | N  |
|       mem_reg       | Flip-flop |   8   |  Y  | N  | N  | N  | N  | N  | N  |
|       mem_reg       | Flip-flop |   8   |  Y  | N  | N  | N  | N  | N  | N  |
|       mem_reg       | Flip-flop |   8   |  Y  | N  | N  | N  | N  | N  | N  |
|       mem_reg       | Flip-flop |   8   |  Y  | N  | N  | N  | N  | N  | N  |
|       mem_reg       | Flip-flop |   8   |  Y  | N  | N  | N  | N  | N  | N  |
|       mem_reg       | Flip-flop |   8   |  Y  | N  | N  | N  | N  | N  | N  |
|       mem_reg       | Flip-flop |   8   |  Y  | N  | N  | N  | N  | N  | N  |
|       mem_reg       | Flip-flop |   8   |  Y  | N  | N  | N  | N  | N  | N  |
|       mem_reg       | Flip-flop |   8   |  Y  | N  | N  | N  | N  | N  | N  |
|       mem_reg       | Flip-flop |   8   |  Y  | N  | N  | N  | N  | N  | N  |
|       mem_reg       | Flip-flop |   8   |  Y  | N  | N  | N  | N  | N  | N  |
|       mem_reg       | Flip-flop |   8   |  Y  | N  | N  | N  | N  | N  | N  |
|       mem_reg       | Flip-flop |   8   |  Y  | N  | N  | N  | N  | N  | N  |
|       mem_reg       | Flip-flop |   8   |  Y  | N  | N  | N  | N  | N  | N  |
|       mem_reg       | Flip-flop |   8   |  Y  | N  | N  | N  | N  | N  | N  |
|       mem_reg       | Flip-flop |   8   |  Y  | N  | N  | N  | N  | N  | N  |
|       mem_reg       | Flip-flop |   8   |  Y  | N  | N  | N  | N  | N  | N  |
|       mem_reg       | Flip-flop |   8   |  Y  | N  | N  | N  | N  | N  | N  |
|       mem_reg       | Flip-flop |   8   |  Y  | N  | N  | N  | N  | N  | N  |
|       mem_reg       | Flip-flop |   8   |  Y  | N  | N  | N  | N  | N  | N  |
|       mem_reg       | Flip-flop |   8   |  Y  | N  | N  | N  | N  | N  | N  |
|       mem_reg       | Flip-flop |   8   |  Y  | N  | N  | N  | N  | N  | N  |
|       mem_reg       | Flip-flop |   8   |  Y  | N  | N  | N  | N  | N  | N  |
|       mem_reg       | Flip-flop |   8   |  Y  | N  | N  | N  | N  | N  | N  |
|       mem_reg       | Flip-flop |   8   |  Y  | N  | N  | N  | N  | N  | N  |
|       mem_reg       | Flip-flop |   8   |  Y  | N  | N  | N  | N  | N  | N  |
|       mem_reg       | Flip-flop |   8   |  Y  | N  | N  | N  | N  | N  | N  |
|       mem_reg       | Flip-flop |   8   |  Y  | N  | N  | N  | N  | N  | N  |
|       mem_reg       | Flip-flop |   8   |  Y  | N  | N  | N  | N  | N  | N  |
|       mem_reg       | Flip-flop |   8   |  Y  | N  | N  | N  | N  | N  | N  |
|       mem_reg       | Flip-flop |   8   |  Y  | N  | N  | N  | N  | N  | N  |
|       mem_reg       | Flip-flop |   8   |  Y  | N  | N  | N  | N  | N  | N  |
|       mem_reg       | Flip-flop |   8   |  Y  | N  | N  | N  | N  | N  | N  |
|       mem_reg       | Flip-flop |   8   |  Y  | N  | N  | N  | N  | N  | N  |
|       mem_reg       | Flip-flop |   8   |  Y  | N  | N  | N  | N  | N  | N  |
|       mem_reg       | Flip-flop |   8   |  Y  | N  | N  | N  | N  | N  | N  |
|       mem_reg       | Flip-flop |   8   |  Y  | N  | N  | N  | N  | N  | N  |
|       mem_reg       | Flip-flop |   8   |  Y  | N  | N  | N  | N  | N  | N  |
|       mem_reg       | Flip-flop |   8   |  Y  | N  | N  | N  | N  | N  | N  |
|       mem_reg       | Flip-flop |   8   |  Y  | N  | N  | N  | N  | N  | N  |
|       mem_reg       | Flip-flop |   8   |  Y  | N  | N  | N  | N  | N  | N  |
|       mem_reg       | Flip-flop |   8   |  Y  | N  | N  | N  | N  | N  | N  |
|       mem_reg       | Flip-flop |   8   |  Y  | N  | N  | N  | N  | N  | N  |
|       mem_reg       | Flip-flop |   8   |  Y  | N  | N  | N  | N  | N  | N  |
|       mem_reg       | Flip-flop |   8   |  Y  | N  | N  | N  | N  | N  | N  |
|       mem_reg       | Flip-flop |   8   |  Y  | N  | N  | N  | N  | N  | N  |
|       mem_reg       | Flip-flop |   8   |  Y  | N  | N  | N  | N  | N  | N  |
|       mem_reg       | Flip-flop |   8   |  Y  | N  | N  | N  | N  | N  | N  |
|       mem_reg       | Flip-flop |   8   |  Y  | N  | N  | N  | N  | N  | N  |
|       mem_reg       | Flip-flop |   8   |  Y  | N  | N  | N  | N  | N  | N  |
|       mem_reg       | Flip-flop |   8   |  Y  | N  | N  | N  | N  | N  | N  |
|       mem_reg       | Flip-flop |   8   |  Y  | N  | N  | N  | N  | N  | N  |
|       mem_reg       | Flip-flop |   8   |  Y  | N  | N  | N  | N  | N  | N  |
|       mem_reg       | Flip-flop |   8   |  Y  | N  | N  | N  | N  | N  | N  |
|       mem_reg       | Flip-flop |   8   |  Y  | N  | N  | N  | N  | N  | N  |
|       mem_reg       | Flip-flop |   8   |  Y  | N  | N  | N  | N  | N  | N  |
|       mem_reg       | Flip-flop |   8   |  Y  | N  | N  | N  | N  | N  | N  |
|       mem_reg       | Flip-flop |   8   |  Y  | N  | N  | N  | N  | N  | N  |
|       mem_reg       | Flip-flop |   8   |  Y  | N  | N  | N  | N  | N  | N  |
|       mem_reg       | Flip-flop |   8   |  Y  | N  | N  | N  | N  | N  | N  |
|       mem_reg       | Flip-flop |   8   |  Y  | N  | N  | N  | N  | N  | N  |
|       mem_reg       | Flip-flop |   8   |  Y  | N  | N  | N  | N  | N  | N  |
|       mem_reg       | Flip-flop |   8   |  Y  | N  | N  | N  | N  | N  | N  |
|       mem_reg       | Flip-flop |   8   |  Y  | N  | N  | N  | N  | N  | N  |
|       mem_reg       | Flip-flop |   8   |  Y  | N  | N  | N  | N  | N  | N  |
|       mem_reg       | Flip-flop |   8   |  Y  | N  | N  | N  | N  | N  | N  |
|       mem_reg       | Flip-flop |   8   |  Y  | N  | N  | N  | N  | N  | N  |
|       mem_reg       | Flip-flop |   8   |  Y  | N  | N  | N  | N  | N  | N  |
|       mem_reg       | Flip-flop |   8   |  Y  | N  | N  | N  | N  | N  | N  |
|       mem_reg       | Flip-flop |   8   |  Y  | N  | N  | N  | N  | N  | N  |
|       mem_reg       | Flip-flop |   8   |  Y  | N  | N  | N  | N  | N  | N  |
|       mem_reg       | Flip-flop |   8   |  Y  | N  | N  | N  | N  | N  | N  |
|       mem_reg       | Flip-flop |   8   |  Y  | N  | N  | N  | N  | N  | N  |
|       mem_reg       | Flip-flop |   8   |  Y  | N  | N  | N  | N  | N  | N  |
|       mem_reg       | Flip-flop |   8   |  Y  | N  | N  | N  | N  | N  | N  |
|       mem_reg       | Flip-flop |   8   |  Y  | N  | N  | N  | N  | N  | N  |
|       mem_reg       | Flip-flop |   8   |  Y  | N  | N  | N  | N  | N  | N  |
|       mem_reg       | Flip-flop |   8   |  Y  | N  | N  | N  | N  | N  | N  |
|       mem_reg       | Flip-flop |   8   |  Y  | N  | N  | N  | N  | N  | N  |
|       mem_reg       | Flip-flop |   8   |  Y  | N  | N  | N  | N  | N  | N  |
|       mem_reg       | Flip-flop |   8   |  Y  | N  | N  | N  | N  | N  | N  |
|       mem_reg       | Flip-flop |   8   |  Y  | N  | N  | N  | N  | N  | N  |
|       mem_reg       | Flip-flop |   8   |  Y  | N  | N  | N  | N  | N  | N  |
|       mem_reg       | Flip-flop |   8   |  Y  | N  | N  | N  | N  | N  | N  |
|       mem_reg       | Flip-flop |   8   |  Y  | N  | N  | N  | N  | N  | N  |
|       mem_reg       | Flip-flop |   8   |  Y  | N  | N  | N  | N  | N  | N  |
|       mem_reg       | Flip-flop |   8   |  Y  | N  | N  | N  | N  | N  | N  |
|       mem_reg       | Flip-flop |   8   |  Y  | N  | N  | N  | N  | N  | N  |
|       mem_reg       | Flip-flop |   8   |  Y  | N  | N  | N  | N  | N  | N  |
|       mem_reg       | Flip-flop |   8   |  Y  | N  | N  | N  | N  | N  | N  |
|       mem_reg       | Flip-flop |   8   |  Y  | N  | N  | N  | N  | N  | N  |
|       mem_reg       | Flip-flop |   8   |  Y  | N  | N  | N  | N  | N  | N  |
|       mem_reg       | Flip-flop |   8   |  Y  | N  | N  | N  | N  | N  | N  |
|       mem_reg       | Flip-flop |   8   |  Y  | N  | N  | N  | N  | N  | N  |
|       mem_reg       | Flip-flop |   8   |  Y  | N  | N  | N  | N  | N  | N  |
|       mem_reg       | Flip-flop |   8   |  Y  | N  | N  | N  | N  | N  | N  |
|       mem_reg       | Flip-flop |   8   |  Y  | N  | N  | N  | N  | N  | N  |
|       mem_reg       | Flip-flop |   8   |  Y  | N  | N  | N  | N  | N  | N  |
|       mem_reg       | Flip-flop |   8   |  Y  | N  | N  | N  | N  | N  | N  |
|       mem_reg       | Flip-flop |   8   |  Y  | N  | N  | N  | N  | N  | N  |
|       mem_reg       | Flip-flop |   8   |  Y  | N  | N  | N  | N  | N  | N  |
|       mem_reg       | Flip-flop |   8   |  Y  | N  | N  | N  | N  | N  | N  |
|       mem_reg       | Flip-flop |   8   |  Y  | N  | N  | N  | N  | N  | N  |
|       mem_reg       | Flip-flop |   8   |  Y  | N  | N  | N  | N  | N  | N  |
|       mem_reg       | Flip-flop |   8   |  Y  | N  | N  | N  | N  | N  | N  |
|       mem_reg       | Flip-flop |   8   |  Y  | N  | N  | N  | N  | N  | N  |
|       mem_reg       | Flip-flop |   8   |  Y  | N  | N  | N  | N  | N  | N  |
|       mem_reg       | Flip-flop |   8   |  Y  | N  | N  | N  | N  | N  | N  |
|       mem_reg       | Flip-flop |   8   |  Y  | N  | N  | N  | N  | N  | N  |
|       mem_reg       | Flip-flop |   8   |  Y  | N  | N  | N  | N  | N  | N  |
|       mem_reg       | Flip-flop |   8   |  Y  | N  | N  | N  | N  | N  | N  |
|       mem_reg       | Flip-flop |   8   |  Y  | N  | N  | N  | N  | N  | N  |
|       mem_reg       | Flip-flop |   8   |  Y  | N  | N  | N  | N  | N  | N  |
|       mem_reg       | Flip-flop |   8   |  Y  | N  | N  | N  | N  | N  | N  |
|       mem_reg       | Flip-flop |   8   |  Y  | N  | N  | N  | N  | N  | N  |
===============================================================================
Statistics for MUX_OPs
============================================================================
|         block name/line           | Inputs | Outputs | # sel inputs | MB |
============================================================================
| memory_WIDTH8_SIZE128_LOGSIZE7/12 |  128   |    8    |      7       | N  |
============================================================================
Presto compilation completed successfully.
Information: Building the design 'ctrl_mem_write' instantiated from design 'conv_128_32' with
	the parameters "MEM_ADDR_WIDTH=5,MEM_SIZE=32". (HDL-193)

Inferred memory devices in process
	in routine ctrl_mem_write_MEM_ADDR_WIDTH5_MEM_SIZE32 line 22 in file
		'../rtl_files/ctrl_mem_write.sv'.
===============================================================================
|    Register Name    |   Type    | Width | Bus | MB | AR | AS | SR | SS | ST |
===============================================================================
|    mem_addr_reg     | Flip-flop |   5   |  Y  | N  | N  | N  | N  | N  | N  |
|     s_ready_reg     | Flip-flop |   1   |  N  | N  | N  | N  | N  | N  | N  |
===============================================================================
Presto compilation completed successfully.
Information: Building the design 'memory' instantiated from design 'conv_128_32' with
	the parameters "WIDTH=8,SIZE=32,LOGSIZE=5". (HDL-193)

Inferred memory devices in process
	in routine memory_WIDTH8_SIZE32_LOGSIZE5 line 11 in file
		'/home/home4/pmilder/ese507/proj2/memory.sv'.
===============================================================================
|    Register Name    |   Type    | Width | Bus | MB | AR | AS | SR | SS | ST |
===============================================================================
|    data_out_reg     | Flip-flop |   8   |  Y  | N  | N  | N  | N  | N  | N  |
|       mem_reg       | Flip-flop |   8   |  Y  | N  | N  | N  | N  | N  | N  |
|       mem_reg       | Flip-flop |   8   |  Y  | N  | N  | N  | N  | N  | N  |
|       mem_reg       | Flip-flop |   8   |  Y  | N  | N  | N  | N  | N  | N  |
|       mem_reg       | Flip-flop |   8   |  Y  | N  | N  | N  | N  | N  | N  |
|       mem_reg       | Flip-flop |   8   |  Y  | N  | N  | N  | N  | N  | N  |
|       mem_reg       | Flip-flop |   8   |  Y  | N  | N  | N  | N  | N  | N  |
|       mem_reg       | Flip-flop |   8   |  Y  | N  | N  | N  | N  | N  | N  |
|       mem_reg       | Flip-flop |   8   |  Y  | N  | N  | N  | N  | N  | N  |
|       mem_reg       | Flip-flop |   8   |  Y  | N  | N  | N  | N  | N  | N  |
|       mem_reg       | Flip-flop |   8   |  Y  | N  | N  | N  | N  | N  | N  |
|       mem_reg       | Flip-flop |   8   |  Y  | N  | N  | N  | N  | N  | N  |
|       mem_reg       | Flip-flop |   8   |  Y  | N  | N  | N  | N  | N  | N  |
|       mem_reg       | Flip-flop |   8   |  Y  | N  | N  | N  | N  | N  | N  |
|       mem_reg       | Flip-flop |   8   |  Y  | N  | N  | N  | N  | N  | N  |
|       mem_reg       | Flip-flop |   8   |  Y  | N  | N  | N  | N  | N  | N  |
|       mem_reg       | Flip-flop |   8   |  Y  | N  | N  | N  | N  | N  | N  |
|       mem_reg       | Flip-flop |   8   |  Y  | N  | N  | N  | N  | N  | N  |
|       mem_reg       | Flip-flop |   8   |  Y  | N  | N  | N  | N  | N  | N  |
|       mem_reg       | Flip-flop |   8   |  Y  | N  | N  | N  | N  | N  | N  |
|       mem_reg       | Flip-flop |   8   |  Y  | N  | N  | N  | N  | N  | N  |
|       mem_reg       | Flip-flop |   8   |  Y  | N  | N  | N  | N  | N  | N  |
|       mem_reg       | Flip-flop |   8   |  Y  | N  | N  | N  | N  | N  | N  |
|       mem_reg       | Flip-flop |   8   |  Y  | N  | N  | N  | N  | N  | N  |
|       mem_reg       | Flip-flop |   8   |  Y  | N  | N  | N  | N  | N  | N  |
|       mem_reg       | Flip-flop |   8   |  Y  | N  | N  | N  | N  | N  | N  |
|       mem_reg       | Flip-flop |   8   |  Y  | N  | N  | N  | N  | N  | N  |
|       mem_reg       | Flip-flop |   8   |  Y  | N  | N  | N  | N  | N  | N  |
|       mem_reg       | Flip-flop |   8   |  Y  | N  | N  | N  | N  | N  | N  |
|       mem_reg       | Flip-flop |   8   |  Y  | N  | N  | N  | N  | N  | N  |
|       mem_reg       | Flip-flop |   8   |  Y  | N  | N  | N  | N  | N  | N  |
|       mem_reg       | Flip-flop |   8   |  Y  | N  | N  | N  | N  | N  | N  |
|       mem_reg       | Flip-flop |   8   |  Y  | N  | N  | N  | N  | N  | N  |
===============================================================================
Statistics for MUX_OPs
===========================================================================
|         block name/line          | Inputs | Outputs | # sel inputs | MB |
===========================================================================
| memory_WIDTH8_SIZE32_LOGSIZE5/12 |   32   |    8    |      5       | N  |
===========================================================================
Presto compilation completed successfully.
Information: Building the design 'ctrl_conv_output' instantiated from design 'conv_128_32' with
	the parameters "F_MEM_SIZE=32,X_MEM_SIZE=128,X_MEM_ADDR_WIDTH=7,F_MEM_ADDR_WIDTH=5". (HDL-193)

Inferred memory devices in process
	in routine ctrl_conv_output_F_MEM_SIZE32_X_MEM_SIZE128_X_MEM_ADDR_WIDTH7_F_MEM_ADDR_WIDTH5 line 85 in file
		'../rtl_files/ctrl_conv_output.sv'.
================================================================================
|    Register Name     |   Type    | Width | Bus | MB | AR | AS | SR | SS | ST |
================================================================================
|    conv_done_reg     | Flip-flop |   1   |  N  | N  | N  | N  | N  | N  | N  |
|    m_valid_y_reg     | Flip-flop |   1   |  N  | N  | N  | N  | N  | N  | N  |
|   m_pre_valid_reg    | Flip-flop |   1   |  N  | N  | N  | N  | N  | N  | N  |
|     cnt_conv_reg     | Flip-flop |   7   |  Y  | N  | N  | N  | N  | N  | N  |
| conv_start_accum_reg | Flip-flop |   1   |  N  | N  | N  | N  | N  | N  | N  |
| m_pre_valid_int_reg  | Flip-flop |   1   |  N  | N  | N  | N  | N  | N  | N  |
================================================================================
Presto compilation completed successfully.
1
###### CLOCKS AND PORTS #######
set CLK_PORT [get_ports $CLK_NAME]
{clk}
set TMP1 [remove_from_collection [all_inputs] $CLK_PORT]
{reset s_valid_x s_valid_f m_ready_y s_data_in_x[7] s_data_in_x[6] s_data_in_x[5] s_data_in_x[4] s_data_in_x[3] s_data_in_x[2] s_data_in_x[1] s_data_in_x[0] s_data_in_f[7] s_data_in_f[6] s_data_in_f[5] s_data_in_f[4] s_data_in_f[3] s_data_in_f[2] s_data_in_f[1] s_data_in_f[0]}
set INPUTS [remove_from_collection $TMP1 $RST_NAME]
{s_valid_x s_valid_f m_ready_y s_data_in_x[7] s_data_in_x[6] s_data_in_x[5] s_data_in_x[4] s_data_in_x[3] s_data_in_x[2] s_data_in_x[1] s_data_in_x[0] s_data_in_f[7] s_data_in_f[6] s_data_in_f[5] s_data_in_f[4] s_data_in_f[3] s_data_in_f[2] s_data_in_f[1] s_data_in_f[0]}
create_clock -period $CLK_PERIOD [get_ports clk]
1
# set delay for inputs to be 0.2ns
set_input_delay 0.2 -max -clock clk $INPUTS
1
set_output_delay 0.2 -max -clock clk [all_outputs]
1
###### OPTIMIZATION #######
set_max_area 0 
1
###### RUN #####
compile_ultra
Information: Performing power optimization. (PWR-850)
Alib files are up-to-date.
Information: Evaluating DesignWare library utilization. (UISN-27)

============================================================================
| DesignWare Building Block Library  |         Version         | Available |
============================================================================
| Basic DW Building Blocks           | J-2014.09-DWBB_201409.5.2 |   *     |
| Licensed DW Building Blocks        | J-2014.09-DWBB_201409.5.2 |   *     |
============================================================================

Information: Sequential output inversion is enabled.  SVF file must be used for formal verification. (OPT-1208)

Information: There are 11 potential problems in your design. Please run 'check_design' for more information. (LINT-99)


Loaded alib file './alib-52/NangateOpenCellLibrary_typical.db.alib'
  Building model 'DW01_NAND2'
Information: Ungrouping hierarchy ctrl_xmem_write_inst before Pass 1 (OPT-776)
Information: Ungrouping hierarchy ctrl_fmem_write_inst before Pass 1 (OPT-776)
Information: Ungrouping hierarchy fmem_inst before Pass 1 (OPT-776)
Information: Ungrouping hierarchy ctrl_conv_output_inst before Pass 1 (OPT-776)
Information: Ungrouping 4 of 6 hierarchies before Pass 1 (OPT-775)
Information: State dependent leakage is now switched from on to off.

  Beginning Pass 1 Mapping
  ------------------------
  Processing 'memory_WIDTH8_SIZE128_LOGSIZE7'
 Implement Synthetic for 'memory_WIDTH8_SIZE128_LOGSIZE7'.
  Processing 'conv_128_32'
 Implement Synthetic for 'conv_128_32'.

  Updating timing information
Information: Updating design information... (UID-85)

  Beginning Mapping Optimizations  (Ultra High effort)
  -------------------------------
Information: Added key list 'DesignWare' to design 'conv_128_32'. (DDB-72)
  Mapping Optimization (Phase 1)

                                  TOTAL                                                
   ELAPSED            WORST NEG   SETUP    DESIGN                              LEAKAGE 
    TIME      AREA      SLACK     COST    RULE COST         ENDPOINT            POWER  
  --------- --------- --------- --------- --------- ------------------------- ---------
    0:00:06   11119.9      0.21       2.8       0.0                           241654.9062
    0:00:06   11119.9      0.21       2.8       0.0                           241654.9062
    0:00:06   11119.9      0.21       2.8       0.0                           241654.9062
    0:00:06   11116.9      0.21       2.8       0.0                           241560.7656
  Re-synthesis Optimization (Phase 1)
  Re-synthesis Optimization (Phase 2)
  Global Optimization (Phase 1)
  Global Optimization (Phase 2)
  Global Optimization (Phase 3)
  Global Optimization (Phase 4)
  Global Optimization (Phase 5)
  Global Optimization (Phase 6)
  Global Optimization (Phase 7)
  Global Optimization (Phase 8)
  Global Optimization (Phase 9)
  Global Optimization (Phase 10)
  Global Optimization (Phase 11)
  Global Optimization (Phase 12)
  Global Optimization (Phase 13)
  Global Optimization (Phase 14)
  Global Optimization (Phase 15)
  Global Optimization (Phase 16)
  Global Optimization (Phase 17)
  Global Optimization (Phase 18)
  Global Optimization (Phase 19)
  Global Optimization (Phase 20)
  Global Optimization (Phase 21)
  Global Optimization (Phase 22)
  Global Optimization (Phase 23)
  Global Optimization (Phase 24)
  Global Optimization (Phase 25)
  Global Optimization (Phase 26)
  Global Optimization (Phase 27)
  Global Optimization (Phase 28)
  Global Optimization (Phase 29)
  Global Optimization (Phase 30)
  Global Optimization (Phase 31)
  Mapping 'conv_128_32_DP_OP_59J2_122_7607_1'
    0:00:08   10609.9      0.11       1.2       2.0                           219347.2344



  Beginning Delay Optimization Phase
  ----------------------------------

                                  TOTAL                                                
   ELAPSED            WORST NEG   SETUP    DESIGN                              LEAKAGE 
    TIME      AREA      SLACK     COST    RULE COST         ENDPOINT            POWER  
  --------- --------- --------- --------- --------- ------------------------- ---------
    0:00:08   10609.9      0.11       1.2       2.0                           219347.2344
    0:00:08   10609.9      0.11       1.2       2.0                           219347.2344
    0:00:09   10609.9      0.11       1.2       2.0                           219211.3750
    0:00:09   10609.9      0.11       1.2       2.0                           219211.3750
    0:00:09   10633.1      0.09       1.0       2.0                           219924.8750
    0:00:09   10633.1      0.09       1.0       2.0                           219924.8750
    0:00:09   10634.1      0.09       1.0       2.0                           219989.5625
    0:00:09   10634.1      0.09       1.0       2.0                           219989.5625
    0:00:09   10637.9      0.09       1.0       2.0                           220117.4219
    0:00:09   10637.9      0.09       1.0       2.0                           220117.4219
    0:00:09   10687.6      0.05       0.4       2.0                           221805.6562
    0:00:09   10687.6      0.05       0.4       2.0                           221805.6562
    0:00:10   10687.1      0.05       0.4       2.0                           221788.2500

  Beginning Delay Optimization
  ----------------------------
    0:00:10   10685.8      0.04       0.3       2.0                           221701.9219
    0:00:10   10691.1      0.04       0.3       2.0                           221906.2500
    0:00:10   10691.1      0.04       0.3       2.0                           221906.2500
    0:00:10   10691.1      0.04       0.3       2.0                           221906.2500
    0:00:10   10690.5      0.04       0.3       2.0                           221870.2500
    0:00:10   10691.1      0.04       0.3       2.0                           221906.2500
    0:00:10   10691.1      0.04       0.3       2.0                           221906.2500
    0:00:10   10691.1      0.04       0.3       2.0                           221906.2500
    0:00:10   10690.5      0.04       0.3       2.0                           221870.2500


  Beginning Design Rule Fixing  (max_capacitance)
  ----------------------------

                                  TOTAL                                                
   ELAPSED            WORST NEG   SETUP    DESIGN                              LEAKAGE 
    TIME      AREA      SLACK     COST    RULE COST         ENDPOINT            POWER  
  --------- --------- --------- --------- --------- ------------------------- ---------
    0:00:10   10690.5      0.04       0.3       2.0                           221870.2500
  Global Optimization (Phase 32)
  Global Optimization (Phase 33)
  Global Optimization (Phase 34)
    0:00:11   10690.8      0.00       0.0       0.0                           221706.9062
    0:00:11   10690.8      0.00       0.0       0.0                           221706.9062

                                  TOTAL                                                
   ELAPSED            WORST NEG   SETUP    DESIGN                              LEAKAGE 
    TIME      AREA      SLACK     COST    RULE COST         ENDPOINT            POWER  
  --------- --------- --------- --------- --------- ------------------------- ---------
    0:00:11   10690.8      0.00       0.0       0.0                           221706.9062
    0:00:11   10690.8      0.00       0.0       0.0                           221706.9062


  Beginning Leakage Power Optimization  (max_leakage_power 0)
  ------------------------------------

                                  TOTAL                                                
   ELAPSED            WORST NEG   SETUP    DESIGN                              LEAKAGE 
    TIME      AREA      SLACK     COST    RULE COST         ENDPOINT            POWER  
  --------- --------- --------- --------- --------- ------------------------- ---------
    0:00:11   10690.0      0.00       0.0       0.0                           221686.4688
  Global Optimization (Phase 35)
  Global Optimization (Phase 36)
  Global Optimization (Phase 37)
  Global Optimization (Phase 38)
  Global Optimization (Phase 39)
  Global Optimization (Phase 40)
  Global Optimization (Phase 41)
  Global Optimization (Phase 42)
  Global Optimization (Phase 43)
  Global Optimization (Phase 44)
  Global Optimization (Phase 45)
  Global Optimization (Phase 46)
  Global Optimization (Phase 47)
  Global Optimization (Phase 48)
  Global Optimization (Phase 49)
    0:00:12   10598.2      0.00       0.0       0.0                           218125.4844
    0:00:12   10598.2      0.00       0.0       0.0                           218125.4844
    0:00:12   10598.2      0.00       0.0       0.0                           218125.4844
    0:00:12   10598.2      0.00       0.0       0.0                           218125.4844
    0:00:12   10598.2      0.00       0.0       0.0                           218125.4844
    0:00:12   10598.2      0.00       0.0       0.0                           218125.4844
    0:00:12   10598.2      0.00       0.0       0.0                           218125.4844
    0:00:12   10598.2      0.00       0.0       0.0                           218125.4844
    0:00:12   10598.2      0.00       0.0       0.0                           218125.4844
    0:00:12   10598.2      0.00       0.0       0.0                           218125.4844
    0:00:12   10598.2      0.00       0.0       0.0                           218125.4844
    0:00:12   10598.2      0.00       0.0       0.0                           218125.4844
    0:00:12   10598.2      0.00       0.0       0.0                           218125.4844
    0:00:12   10598.2      0.00       0.0       0.0                           218125.4844
    0:00:12   10598.2      0.00       0.0       0.0                           218125.4844
    0:00:12   10598.2      0.00       0.0       0.0                           218125.4844
    0:00:12   10598.2      0.00       0.0       0.0                           218125.4844
    0:00:12   10598.2      0.00       0.0       0.0                           218125.4844
    0:00:12   10598.2      0.00       0.0       0.0                           218125.4844
    0:00:12   10598.2      0.00       0.0       0.0                           218125.4844
    0:00:12   10598.2      0.00       0.0       0.0                           218125.4844
    0:00:12   10598.2      0.00       0.0       0.0                           218125.4844

                                  TOTAL                                                
   ELAPSED            WORST NEG   SETUP    DESIGN                              LEAKAGE 
    TIME      AREA      SLACK     COST    RULE COST         ENDPOINT            POWER  
  --------- --------- --------- --------- --------- ------------------------- ---------
    0:00:12   10598.2      0.00       0.0       0.0                           218125.4844
    0:00:13   10580.4      0.00       0.0       0.0                           217126.9375
    0:00:13   10580.4      0.00       0.0       0.0                           217126.9375
    0:00:13   10580.4      0.00       0.0       0.0                           217126.9375
    0:00:13   10580.4      0.00       0.0       0.0                           217126.9375
    0:00:13   10579.4      0.00       0.0       0.0                           217081.2969
    0:00:13   10579.4      0.00       0.0       0.0                           217081.2969
    0:00:13   10571.9      0.00       0.0       0.0                           216881.0000
Loading db file '/home/home4/pmilder/ese507/synthesis/lib/NangateOpenCellLibrary_typical.db'


Note: Symbol # after min delay cost means estimated hold TNS across all active scenarios 


  Optimization Complete
  ---------------------
Warning: Design 'conv_128_32' contains 1 high-fanout nets. A fanout number of 1000 will be used for delay calculations involving these nets. (TIM-134)
     Net 'clk': 1344 load(s), 1 driver(s)
Information: State dependent leakage is now switched from off to on.
Information: Propagating switching activity (low effort zero delay simulation). (PWR-6)
1
report_area
 
****************************************
Report : area
Design : conv_128_32
Version: J-2014.09-SP5-2
Date   : Sat Oct 26 20:37:22 2019
****************************************

Information: Updating design information... (UID-85)
Warning: Design 'conv_128_32' contains 1 high-fanout nets. A fanout number of 1000 will be used for delay calculations involving these nets. (TIM-134)
Library(s) Used:

    NangateOpenCellLibrary (File: /home/home4/pmilder/ese507/synthesis/lib/NangateOpenCellLibrary_typical.db)

Number of ports:                           45
Number of nets:                          1723
Number of cells:                         1644
Number of combinational cells:           1331
Number of sequential cells:               312
Number of macros/black boxes:               0
Number of buf/inv:                        379
Number of references:                      30

Combinational area:               4494.336090
Buf/Inv area:                      851.200007
Noncombinational area:            6077.567780
Macro/Black Box area:                0.000000
Net Interconnect area:      undefined  (Wire load has zero net area)

Total cell area:                 10571.903870
Total area:                 undefined
1
report_power
 
****************************************
Report : power
        -analysis_effort low
Design : conv_128_32
Version: J-2014.09-SP5-2
Date   : Sat Oct 26 20:37:22 2019
****************************************


Library(s) Used:

    NangateOpenCellLibrary (File: /home/home4/pmilder/ese507/synthesis/lib/NangateOpenCellLibrary_typical.db)


Operating Conditions: typical   Library: NangateOpenCellLibrary
Wire Load Model Mode: top

Design        Wire Load Model            Library
------------------------------------------------
conv_128_32            5K_hvratio_1_1    NangateOpenCellLibrary


Global Operating Voltage = 1.1  
Power-specific unit information :
    Voltage Units = 1V
    Capacitance Units = 1.000000ff
    Time Units = 1ns
    Dynamic Power Units = 1uW    (derived from V,C,T units)
    Leakage Power Units = 1nW


  Cell Internal Power  =   8.0298 mW   (96%)
  Net Switching Power  = 293.5016 uW    (4%)
                         ---------
Total Dynamic Power    =   8.3233 mW  (100%)

Cell Leakage Power     = 190.1767 uW


                 Internal         Switching           Leakage            Total
Power Group      Power            Power               Power              Power   (   %    )  Attrs
--------------------------------------------------------------------------------------------------
io_pad             0.0000            0.0000            0.0000            0.0000  (   0.00%)
memory             0.0000            0.0000            0.0000            0.0000  (   0.00%)
black_box          0.0000            0.0000            0.0000            0.0000  (   0.00%)
clock_network      0.0000            0.0000            0.0000            0.0000  (   0.00%)
register       7.8501e+03           30.5089        1.0383e+05        7.9845e+03  (  93.79%)
sequential         0.0000            0.0000            0.0000            0.0000  (   0.00%)
combinational    179.6828          262.9927        8.6343e+04          529.0205  (   6.21%)
--------------------------------------------------------------------------------------------------
Total          8.0298e+03 uW       293.5017 uW     1.9018e+05 nW     8.5135e+03 uW
1
report_timing
 
****************************************
Report : timing
        -path full
        -delay max
        -max_paths 1
Design : conv_128_32
Version: J-2014.09-SP5-2
Date   : Sat Oct 26 20:37:22 2019
****************************************

 # A fanout number of 1000 was used for high fanout net computations.

Operating Conditions: typical   Library: NangateOpenCellLibrary
Wire Load Model Mode: top

  Startpoint: fmem_inst/data_out_reg[1]
              (rising edge-triggered flip-flop clocked by clk)
  Endpoint: accum_out_reg[15]
            (rising edge-triggered flip-flop clocked by clk)
  Path Group: clk
  Path Type: max

  Des/Clust/Port     Wire Load Model       Library
  ------------------------------------------------
  conv_128_32        5K_hvratio_1_1        NangateOpenCellLibrary

  Point                                                   Incr       Path
  --------------------------------------------------------------------------
  clock clk (rise edge)                                   0.00       0.00
  clock network delay (ideal)                             0.00       0.00
  fmem_inst/data_out_reg[1]/CK (DFF_X1)                   0.00 #     0.00 r
  fmem_inst/data_out_reg[1]/Q (DFF_X1)                    0.09       0.09 r
  U1238/Z (XOR2_X1)                                       0.09       0.18 r
  U947/ZN (NAND2_X1)                                      0.07       0.26 f
  U1380/ZN (OAI22_X1)                                     0.07       0.33 r
  U1385/S (FA_X1)                                         0.13       0.46 f
  U1390/ZN (NOR2_X1)                                      0.05       0.51 r
  U1406/ZN (OAI21_X1)                                     0.04       0.54 f
  U1409/ZN (AOI21_X1)                                     0.06       0.60 r
  U1415/ZN (OAI21_X1)                                     0.04       0.64 f
  U1416/ZN (AND2_X1)                                      0.05       0.69 f
  U1424/ZN (OAI211_X1)                                    0.05       0.74 r
  U1474/ZN (NAND2_X1)                                     0.04       0.78 f
  U1610/ZN (NAND2_X1)                                     0.03       0.81 r
  U1612/ZN (NAND2_X1)                                     0.03       0.84 f
  U1614/ZN (XNOR2_X1)                                     0.05       0.89 f
  U1615/ZN (NAND2_X1)                                     0.03       0.92 r
  U1617/ZN (NAND2_X1)                                     0.02       0.94 f
  accum_out_reg[15]/D (DFF_X1)                            0.01       0.95 f
  data arrival time                                                  0.95

  clock clk (rise edge)                                   1.00       1.00
  clock network delay (ideal)                             0.00       1.00
  accum_out_reg[15]/CK (DFF_X1)                           0.00       1.00 r
  library setup time                                     -0.04       0.96
  data required time                                                 0.96
  --------------------------------------------------------------------------
  data required time                                                 0.96
  data arrival time                                                 -0.95
  --------------------------------------------------------------------------
  slack (MET)                                                        0.01


1
write -f verilog $TOP_MOD_NAME -output gates.v -hierarchy
Writing verilog file '/home/home5/pjain/ese507_workspace/ese507_proj2/part2/synthesis/gates.v'.
1
quit

Thank you...
